unset key
set xlabel "Energy (eV)"
set ylabel "Eedf (eV^{-3/2})"
set title "Eedf"
set xrange [0.00333333:19.9967]
set logscale y
plot '-' w l
0.00333333	0.601137
0.01	0.601137
0.0166667	0.601136
0.0233333	0.601134
0.03	0.60113
0.0366667	0.601126
0.0433333	0.601122
0.05	0.601118
0.0566667	0.601113
0.0633333	0.601109
0.07	0.601104
0.0766667	0.601099
0.0833333	0.601094
0.09	0.601089
0.0966667	0.601084
0.103333	0.601079
0.11	0.601073
0.116667	0.601068
0.123333	0.601062
0.13	0.601055
0.136667	0.601048
0.143333	0.601039
0.15	0.601027
0.156667	0.601011
0.163333	0.600995
0.17	0.600978
0.176667	0.600961
0.183333	0.600944
0.19	0.600926
0.196667	0.600906
0.203333	0.600885
0.21	0.600864
0.216667	0.600842
0.223333	0.60082
0.23	0.600798
0.236667	0.600776
0.243333	0.600754
0.25	0.600732
0.256667	0.600709
0.263333	0.600682
0.27	0.600647
0.276667	0.600604
0.283333	0.600558
0.29	0.60051
0.296667	0.600463
0.303333	0.600415
0.31	0.600366
0.316667	0.600314
0.323333	0.600258
0.33	0.600201
0.336667	0.600145
0.343333	0.60009
0.35	0.600036
0.356667	0.599981
0.363333	0.599926
0.37	0.59987
0.376667	0.599814
0.383333	0.599751
0.39	0.599677
0.396667	0.599592
0.403333	0.599501
0.41	0.599409
0.416667	0.599315
0.423333	0.599217
0.43	0.599113
0.436667	0.599006
0.443333	0.598897
0.45	0.598788
0.456667	0.598683
0.463333	0.598583
0.47	0.598485
0.476667	0.598387
0.483333	0.598288
0.49	0.598187
0.496667	0.598084
0.503333	0.597976
0.51	0.597856
0.516667	0.597726
0.523333	0.597592
0.53	0.597453
0.536667	0.59731
0.543333	0.597162
0.55	0.597012
0.556667	0.596861
0.563333	0.596708
0.57	0.596554
0.576667	0.596407
0.583333	0.596268
0.59	0.596134
0.596667	0.596
0.603333	0.595865
0.61	0.595727
0.616667	0.595583
0.623333	0.595431
0.63	0.595274
0.636667	0.595113
0.643333	0.594949
0.65	0.594781
0.656667	0.594608
0.663333	0.594429
0.67	0.594246
0.676667	0.594059
0.683333	0.593867
0.69	0.59367
0.696667	0.593476
0.703333	0.593288
0.71	0.593102
0.716667	0.592914
0.723333	0.592718
0.73	0.592513
0.736667	0.592298
0.743333	0.592075
0.75	0.591844
0.756667	0.591605
0.763333	0.591357
0.77	0.591098
0.776667	0.590831
0.783333	0.590554
0.79	0.590268
0.796667	0.589972
0.803333	0.589665
0.81	0.589358
0.816667	0.589049
0.823333	0.588735
0.83	0.588412
0.836667	0.588078
0.843333	0.587735
0.85	0.587381
0.856667	0.587017
0.863333	0.586644
0.87	0.586261
0.876667	0.58587
0.883333	0.58547
0.89	0.585064
0.896667	0.58465
0.903333	0.584229
0.91	0.583797
0.916667	0.583362
0.923333	0.582928
0.93	0.582493
0.936667	0.582054
0.943333	0.581609
0.95	0.581157
0.956667	0.580698
0.963333	0.580233
0.97	0.579762
0.976667	0.579285
0.983333	0.578801
0.99	0.578311
0.996667	0.577816
1.00333	0.577315
1.01	0.576807
1.01667	0.57629
1.02333	0.575763
1.03	0.575221
1.03667	0.574666
1.04333	0.574101
1.05	0.573523
1.05667	0.572928
1.06333	0.572315
1.07	0.571682
1.07667	0.571029
1.08333	0.570353
1.09	0.569656
1.09667	0.568936
1.10333	0.568192
1.11	0.567422
1.11667	0.566627
1.12333	0.565806
1.13	0.564958
1.13667	0.564081
1.14333	0.563173
1.15	0.56224
1.15667	0.561282
1.16333	0.560297
1.17	0.559283
1.17667	0.558239
1.18333	0.557165
1.19	0.556062
1.19667	0.554928
1.20333	0.553765
1.21	0.55257
1.21667	0.551345
1.22333	0.550089
1.23	0.548802
1.23667	0.547484
1.24333	0.546134
1.25	0.544755
1.25667	0.543347
1.26333	0.541911
1.27	0.540444
1.27667	0.538948
1.28333	0.537422
1.29	0.535866
1.29667	0.53428
1.30333	0.532665
1.31	0.531022
1.31667	0.529352
1.32333	0.527654
1.33	0.525928
1.33667	0.524174
1.34333	0.52239
1.35	0.520577
1.35667	0.518735
1.36333	0.516864
1.37	0.514965
1.37667	0.513036
1.38333	0.511077
1.39	0.509089
1.39667	0.50707
1.40333	0.505022
1.41	0.502943
1.41667	0.500834
1.42333	0.498695
1.43	0.496526
1.43667	0.494326
1.44333	0.492096
1.45	0.489835
1.45667	0.487543
1.46333	0.485222
1.47	0.48287
1.47667	0.480489
1.48333	0.478077
1.49	0.475635
1.49667	0.473164
1.50333	0.470662
1.51	0.468129
1.51667	0.465563
1.52333	0.462965
1.53	0.460336
1.53667	0.457677
1.54333	0.454987
1.55	0.452268
1.55667	0.449519
1.56333	0.446741
1.57	0.443934
1.57667	0.4411
1.58333	0.438237
1.59	0.435347
1.59667	0.43243
1.60333	0.429487
1.61	0.426512
1.61667	0.423504
1.62333	0.420461
1.63	0.417382
1.63667	0.414264
1.64333	0.411106
1.65	0.407906
1.65667	0.404662
1.66333	0.401373
1.67	0.398037
1.67667	0.394653
1.68333	0.391219
1.69	0.387735
1.69667	0.384199
1.70333	0.380611
1.71	0.376964
1.71667	0.373259
1.72333	0.369498
1.73	0.365684
1.73667	0.361821
1.74333	0.357909
1.75	0.353953
1.75667	0.349954
1.76333	0.345916
1.77	0.341839
1.77667	0.337727
1.78333	0.33358
1.79	0.329405
1.79667	0.325201
1.80333	0.320972
1.81	0.316672
1.81667	0.312307
1.82333	0.307878
1.83	0.303388
1.83667	0.298842
1.84333	0.294242
1.85	0.289591
1.85667	0.284893
1.86333	0.280151
1.87	0.275367
1.87667	0.270546
1.88333	0.26569
1.89	0.260803
1.89667	0.255888
1.90333	0.250949
1.91	0.245995
1.91667	0.241035
1.92333	0.236074
1.93	0.231119
1.93667	0.226174
1.94333	0.221247
1.95	0.216342
1.95667	0.211466
1.96333	0.206623
1.97	0.20182
1.97667	0.197061
1.98333	0.192352
1.99	0.187697
1.99667	0.183103
2.00333	0.178572
2.01	0.174112
2.01667	0.169724
2.02333	0.165406
2.03	0.16116
2.03667	0.156986
2.04333	0.152885
2.05	0.148856
2.05667	0.1449
2.06333	0.141016
2.07	0.137206
2.07667	0.133468
2.08333	0.129803
2.09	0.126211
2.09667	0.122691
2.10333	0.119243
2.11	0.115882
2.11667	0.112606
2.12333	0.109411
2.13	0.106297
2.13667	0.10326
2.14333	0.100299
2.15	0.0974113
2.15667	0.0945947
2.16333	0.0918473
2.17	0.0891671
2.17667	0.0865521
2.18333	0.0840005
2.19	0.0815103
2.19667	0.0790797
2.20333	0.076707
2.21	0.0743949
2.21667	0.0721429
2.22333	0.0699503
2.23	0.0678169
2.23667	0.0657418
2.24333	0.0637244
2.25	0.061764
2.25667	0.0598597
2.26333	0.0580109
2.27	0.0562168
2.27667	0.0544767
2.28333	0.0527898
2.29	0.0511553
2.29667	0.0495725
2.30333	0.0480405
2.31	0.046559
2.31667	0.045126
2.32333	0.0437399
2.33	0.042399
2.33667	0.0411015
2.34333	0.039846
2.35	0.0386309
2.35667	0.0374547
2.36333	0.0363161
2.37	0.0352137
2.37667	0.0341463
2.38333	0.0331124
2.39	0.032111
2.39667	0.031141
2.40333	0.0302013
2.41	0.0292916
2.41667	0.0284111
2.42333	0.0275591
2.43	0.0267348
2.43667	0.0259374
2.44333	0.0251664
2.45	0.0244209
2.45667	0.0237003
2.46333	0.023004
2.47	0.0223314
2.47667	0.0216818
2.48333	0.0210547
2.49	0.0204496
2.49667	0.0198658
2.50333	0.0193028
2.51	0.0187601
2.51667	0.0182369
2.52333	0.0177323
2.53	0.0172456
2.53667	0.0167761
2.54333	0.0163231
2.55	0.0158858
2.55667	0.0154637
2.56333	0.0150562
2.57	0.0146627
2.57667	0.0142826
2.58333	0.0139153
2.59	0.0135604
2.59667	0.0132174
2.60333	0.0128857
2.61	0.0125652
2.61667	0.0122556
2.62333	0.0119562
2.63	0.0116669
2.63667	0.0113871
2.64333	0.0111166
2.65	0.0108549
2.65667	0.0106017
2.66333	0.0103568
2.67	0.0101197
2.67667	0.00989017
2.68333	0.00966795
2.69	0.00945274
2.69667	0.00924426
2.70333	0.00904225
2.71	0.00884707
2.71667	0.00865846
2.72333	0.0084762
2.73	0.00830006
2.73667	0.00812982
2.74333	0.00796527
2.75	0.00780621
2.75667	0.00765245
2.76333	0.00750381
2.77	0.00736009
2.77667	0.00722113
2.78333	0.00708675
2.79	0.0069568
2.79667	0.00683112
2.80333	0.00670957
2.81	0.00659229
2.81667	0.00647907
2.82333	0.00636971
2.83	0.00626402
2.83667	0.00616181
2.84333	0.00606291
2.85	0.00596713
2.85667	0.00587433
2.86333	0.00578434
2.87	0.00569701
2.87667	0.0056122
2.88333	0.00552978
2.89	0.00544962
2.89667	0.0053716
2.90333	0.00529559
2.91	0.00522159
2.91667	0.00514955
2.92333	0.00507947
2.93	0.0050113
2.93667	0.00494502
2.94333	0.0048806
2.95	0.00481803
2.95667	0.00475726
2.96333	0.00469829
2.97	0.00464108
2.97667	0.00458561
2.98333	0.00453185
2.99	0.00447977
2.99667	0.00442936
3.00333	0.00438059
3.01	0.00433314
3.01667	0.004287
3.02333	0.00424211
3.03	0.00419846
3.03667	0.00415599
3.04333	0.00411468
3.05	0.0040745
3.05667	0.00403541
3.06333	0.00399738
3.07	0.00396039
3.07667	0.0039244
3.08333	0.00388939
3.09	0.00385533
3.09667	0.0038222
3.10333	0.00378996
3.11	0.00375866
3.11667	0.00372824
3.12333	0.0036987
3.13	0.00366999
3.13667	0.00364209
3.14333	0.00361498
3.15	0.00358862
3.15667	0.00356298
3.16333	0.00353805
3.17	0.00351379
3.17667	0.00349019
3.18333	0.00346722
3.19	0.00344485
3.19667	0.00342307
3.20333	0.00340185
3.21	0.00338113
3.21667	0.0033609
3.22333	0.00334113
3.23	0.00332182
3.23667	0.00330294
3.24333	0.00328449
3.25	0.00326644
3.25667	0.00324878
3.26333	0.0032315
3.27	0.00321458
3.27667	0.00319801
3.28333	0.00318177
3.29	0.00316586
3.29667	0.00315026
3.30333	0.00313496
3.31	0.00311992
3.31667	0.00310514
3.32333	0.0030906
3.33	0.00307629
3.33667	0.00306221
3.34333	0.00304835
3.35	0.00303469
3.35667	0.00302124
3.36333	0.00300797
3.37	0.00299489
3.37667	0.00298197
3.38333	0.00296923
3.39	0.00295663
3.39667	0.00294419
3.40333	0.00293189
3.41	0.00291972
3.41667	0.00290769
3.42333	0.00289579
3.43	0.00288401
3.43667	0.00287237
3.44333	0.00286085
3.45	0.00284946
3.45667	0.0028382
3.46333	0.00282706
3.47	0.00281605
3.47667	0.00280515
3.48333	0.00279438
3.49	0.00278373
3.49667	0.0027732
3.50333	0.00276279
3.51	0.00275249
3.51667	0.00274229
3.52333	0.0027322
3.53	0.00272221
3.53667	0.00271233
3.54333	0.00270255
3.55	0.00269286
3.55667	0.00268328
3.56333	0.00267379
3.57	0.00266439
3.57667	0.00265509
3.58333	0.00264589
3.59	0.00263677
3.59667	0.00262774
3.60333	0.0026188
3.61	0.00260995
3.61667	0.00260119
3.62333	0.00259252
3.63	0.00258394
3.63667	0.00257546
3.64333	0.00256708
3.65	0.00255879
3.65667	0.00255061
3.66333	0.00254253
3.67	0.00253454
3.67667	0.00252667
3.68333	0.0025189
3.69	0.00251123
3.69667	0.00250368
3.70333	0.00249623
3.71	0.00248888
3.71667	0.00248164
3.72333	0.0024745
3.73	0.00246745
3.73667	0.0024605
3.74333	0.00245363
3.75	0.00244686
3.75667	0.00244017
3.76333	0.00243357
3.77	0.00242704
3.77667	0.0024206
3.78333	0.00241424
3.79	0.00240795
3.79667	0.00240173
3.80333	0.00239558
3.81	0.0023895
3.81667	0.00238349
3.82333	0.00237754
3.83	0.00237166
3.83667	0.00236583
3.84333	0.00236007
3.85	0.00235436
3.85667	0.0023487
3.86333	0.00234309
3.87	0.00233754
3.87667	0.00233203
3.88333	0.00232657
3.89	0.00232116
3.89667	0.00231578
3.90333	0.00231045
3.91	0.00230516
3.91667	0.0022999
3.92333	0.00229467
3.93	0.00228947
3.93667	0.00228431
3.94333	0.00227917
3.95	0.00227406
3.95667	0.00226898
3.96333	0.00226393
3.97	0.00225889
3.97667	0.00225388
3.98333	0.00224889
3.99	0.00224392
3.99667	0.00223897
4.00333	0.00223403
4.01	0.00222911
4.01667	0.0022242
4.02333	0.00221931
4.03	0.00221443
4.03667	0.00220956
4.04333	0.00220471
4.05	0.00219987
4.05667	0.00219504
4.06333	0.00219023
4.07	0.00218543
4.07667	0.00218064
4.08333	0.00217587
4.09	0.00217111
4.09667	0.00216637
4.10333	0.00216164
4.11	0.00215692
4.11667	0.00215221
4.12333	0.00214752
4.13	0.00214283
4.13667	0.00213817
4.14333	0.00213351
4.15	0.00212887
4.15667	0.00212423
4.16333	0.00211962
4.17	0.00211501
4.17667	0.00211041
4.18333	0.00210583
4.19	0.00210126
4.19667	0.00209671
4.20333	0.00209216
4.21	0.00208763
4.21667	0.0020831
4.22333	0.00207859
4.23	0.00207409
4.23667	0.0020696
4.24333	0.00206512
4.25	0.00206065
4.25667	0.0020562
4.26333	0.00205175
4.27	0.00204732
4.27667	0.00204289
4.28333	0.00203848
4.29	0.00203408
4.29667	0.00202968
4.30333	0.0020253
4.31	0.00202093
4.31667	0.00201657
4.32333	0.00201222
4.33	0.00200789
4.33667	0.00200356
4.34333	0.00199924
4.35	0.00199493
4.35667	0.00199064
4.36333	0.00198635
4.37	0.00198208
4.37667	0.00197781
4.38333	0.00197356
4.39	0.00196931
4.39667	0.00196508
4.40333	0.00196086
4.41	0.00195664
4.41667	0.00195244
4.42333	0.00194824
4.43	0.00194406
4.43667	0.00193988
4.44333	0.00193571
4.45	0.00193155
4.45667	0.0019274
4.46333	0.00192326
4.47	0.00191913
4.47667	0.001915
4.48333	0.00191089
4.49	0.00190679
4.49667	0.00190269
4.50333	0.0018986
4.51	0.00189452
4.51667	0.00189045
4.52333	0.00188638
4.53	0.00188232
4.53667	0.00187827
4.54333	0.00187422
4.55	0.00187018
4.55667	0.00186614
4.56333	0.00186211
4.57	0.00185809
4.57667	0.00185408
4.58333	0.00185007
4.59	0.00184607
4.59667	0.00184207
4.60333	0.00183808
4.61	0.0018341
4.61667	0.00183012
4.62333	0.00182615
4.63	0.00182219
4.63667	0.00181823
4.64333	0.00181428
4.65	0.00181034
4.65667	0.0018064
4.66333	0.00180247
4.67	0.00179855
4.67667	0.00179463
4.68333	0.00179072
4.69	0.00178682
4.69667	0.00178292
4.70333	0.00177903
4.71	0.00177515
4.71667	0.00177127
4.72333	0.0017674
4.73	0.00176354
4.73667	0.00175968
4.74333	0.00175583
4.75	0.00175198
4.75667	0.00174814
4.76333	0.00174431
4.77	0.00174048
4.77667	0.00173666
4.78333	0.00173285
4.79	0.00172904
4.79667	0.00172524
4.80333	0.00172145
4.81	0.00171766
4.81667	0.00171387
4.82333	0.00171009
4.83	0.00170632
4.83667	0.00170255
4.84333	0.00169879
4.85	0.00169503
4.85667	0.00169128
4.86333	0.00168753
4.87	0.00168379
4.87667	0.00168005
4.88333	0.00167632
4.89	0.00167259
4.89667	0.00166887
4.90333	0.00166515
4.91	0.00166144
4.91667	0.00165773
4.92333	0.00165402
4.93	0.00165031
4.93667	0.00164661
4.94333	0.0016429
4.95	0.0016392
4.95667	0.0016355
4.96333	0.00163181
4.97	0.00162812
4.97667	0.00162443
4.98333	0.00162074
4.99	0.00161706
4.99667	0.0016134
5.00333	0.00160975
5.01	0.00160616
5.01667	0.00160257
5.02333	0.00159898
5.03	0.00159539
5.03667	0.0015918
5.04333	0.00158822
5.05	0.00158464
5.05667	0.00158106
5.06333	0.00157748
5.07	0.0015739
5.07667	0.00157033
5.08333	0.00156675
5.09	0.00156318
5.09667	0.00155961
5.10333	0.00155604
5.11	0.00155248
5.11667	0.00154892
5.12333	0.00154537
5.13	0.00154182
5.13667	0.00153827
5.14333	0.00153473
5.15	0.0015312
5.15667	0.00152767
5.16333	0.00152414
5.17	0.00152062
5.17667	0.0015171
5.18333	0.00151359
5.19	0.00151009
5.19667	0.00150658
5.20333	0.00150308
5.21	0.00149959
5.21667	0.0014961
5.22333	0.00149262
5.23	0.00148914
5.23667	0.00148566
5.24333	0.00148219
5.25	0.00147872
5.25667	0.00147526
5.26333	0.0014718
5.27	0.00146834
5.27667	0.00146489
5.28333	0.00146145
5.29	0.001458
5.29667	0.00145457
5.30333	0.00145113
5.31	0.0014477
5.31667	0.00144428
5.32333	0.00144086
5.33	0.00143745
5.33667	0.00143404
5.34333	0.00143064
5.35	0.00142724
5.35667	0.00142384
5.36333	0.00142045
5.37	0.00141707
5.37667	0.00141369
5.38333	0.00141031
5.39	0.00140694
5.39667	0.00140358
5.40333	0.00140022
5.41	0.00139686
5.41667	0.00139351
5.42333	0.00139016
5.43	0.00138682
5.43667	0.00138348
5.44333	0.00138014
5.45	0.00137681
5.45667	0.00137349
5.46333	0.00137016
5.47	0.00136685
5.47667	0.00136353
5.48333	0.00136023
5.49	0.00135692
5.49667	0.00135362
5.50333	0.00135033
5.51	0.00134703
5.51667	0.00134375
5.52333	0.00134046
5.53	0.00133718
5.53667	0.00133391
5.54333	0.00133064
5.55	0.00132737
5.55667	0.00132411
5.56333	0.00132085
5.57	0.00131759
5.57667	0.00131434
5.58333	0.00131109
5.59	0.00130785
5.59667	0.00130461
5.60333	0.00130138
5.61	0.00129815
5.61667	0.00129492
5.62333	0.0012917
5.63	0.00128849
5.63667	0.00128528
5.64333	0.00128207
5.65	0.00127887
5.65667	0.00127568
5.66333	0.00127249
5.67	0.0012693
5.67667	0.00126612
5.68333	0.00126294
5.69	0.00125977
5.69667	0.00125661
5.70333	0.00125345
5.71	0.00125029
5.71667	0.00124714
5.72333	0.001244
5.73	0.00124085
5.73667	0.00123772
5.74333	0.00123459
5.75	0.00123146
5.75667	0.00122834
5.76333	0.00122522
5.77	0.00122211
5.77667	0.001219
5.78333	0.0012159
5.79	0.0012128
5.79667	0.00120971
5.80333	0.00120662
5.81	0.00120354
5.81667	0.00120046
5.82333	0.00119738
5.83	0.00119431
5.83667	0.00119124
5.84333	0.00118817
5.85	0.00118511
5.85667	0.00118206
5.86333	0.001179
5.87	0.00117596
5.87667	0.00117291
5.88333	0.00116987
5.89	0.00116683
5.89667	0.0011638
5.90333	0.00116077
5.91	0.00115774
5.91667	0.00115472
5.92333	0.0011517
5.93	0.00114869
5.93667	0.00114568
5.94333	0.00114268
5.95	0.00113967
5.95667	0.00113668
5.96333	0.00113368
5.97	0.0011307
5.97667	0.00112771
5.98333	0.00112473
5.99	0.00112175
5.99667	0.00111878
6.00333	0.00111581
6.01	0.00111285
6.01667	0.00110989
6.02333	0.00110693
6.03	0.00110398
6.03667	0.00110103
6.04333	0.00109809
6.05	0.00109515
6.05667	0.00109221
6.06333	0.00108928
6.07	0.00108636
6.07667	0.00108344
6.08333	0.00108052
6.09	0.00107761
6.09667	0.0010747
6.10333	0.00107179
6.11	0.00106889
6.11667	0.00106599
6.12333	0.0010631
6.13	0.00106021
6.13667	0.00105733
6.14333	0.00105444
6.15	0.00105157
6.15667	0.00104869
6.16333	0.00104582
6.17	0.00104295
6.17667	0.00104009
6.18333	0.00103723
6.19	0.00103437
6.19667	0.00103152
6.20333	0.00102867
6.21	0.00102583
6.21667	0.00102298
6.22333	0.00102015
6.23	0.00101731
6.23667	0.00101448
6.24333	0.00101166
6.25	0.00100883
6.25667	0.00100601
6.26333	0.0010032
6.27	0.00100039
6.27667	0.000997579
6.28333	0.000994775
6.29	0.000991975
6.29667	0.000989179
6.30333	0.000986386
6.31	0.000983597
6.31667	0.000980811
6.32333	0.000978028
6.33	0.000975248
6.33667	0.000972472
6.34333	0.000969699
6.35	0.00096693
6.35667	0.000964163
6.36333	0.0009614
6.37	0.000958641
6.37667	0.000955885
6.38333	0.000953132
6.39	0.000950382
6.39667	0.000947636
6.40333	0.000944893
6.41	0.000942154
6.41667	0.000939418
6.42333	0.000936686
6.43	0.000933958
6.43667	0.000931233
6.44333	0.000928511
6.45	0.000925794
6.45667	0.00092308
6.46333	0.000920369
6.47	0.000917662
6.47667	0.000914959
6.48333	0.00091226
6.49	0.000909564
6.49667	0.000906872
6.50333	0.000904183
6.51	0.000901499
6.51667	0.000898818
6.52333	0.000896141
6.53	0.000893467
6.53667	0.000890798
6.54333	0.000888132
6.55	0.00088547
6.55667	0.000882811
6.56333	0.000880157
6.57	0.000877506
6.57667	0.000874859
6.58333	0.000872216
6.59	0.000869577
6.59667	0.000866941
6.60333	0.00086431
6.61	0.000861682
6.61667	0.000859057
6.62333	0.000856435
6.63	0.000853818
6.63667	0.000851203
6.64333	0.000848592
6.65	0.000845985
6.65667	0.000843381
6.66333	0.00084078
6.67	0.000838183
6.67667	0.00083559
6.68333	0.000833
6.69	0.000830414
6.69667	0.000827831
6.70333	0.000825252
6.71	0.000822676
6.71667	0.000820104
6.72333	0.000817536
6.73	0.000814971
6.73667	0.000812409
6.74333	0.000809852
6.75	0.000807298
6.75667	0.000804747
6.76333	0.000802201
6.77	0.000799658
6.77667	0.000797118
6.78333	0.000794583
6.79	0.00079205
6.79667	0.000789522
6.80333	0.000786997
6.81	0.000784476
6.81667	0.00078196
6.82333	0.000779447
6.83	0.000776938
6.83667	0.000774433
6.84333	0.000771932
6.85	0.000769436
6.85667	0.000766943
6.86333	0.000764454
6.87	0.000761969
6.87667	0.000759489
6.88333	0.000757012
6.89	0.000754539
6.89667	0.000752071
6.90333	0.000749606
6.91	0.000747145
6.91667	0.000744688
6.92333	0.000742234
6.93	0.000739784
6.93667	0.000737337
6.94333	0.000734894
6.95	0.000732455
6.95667	0.000730019
6.96333	0.000727588
6.97	0.000725159
6.97667	0.000722735
6.98333	0.000720314
6.99	0.000717897
6.99667	0.000715483
7.00333	0.000713074
7.01	0.000710668
7.01667	0.000708266
7.02333	0.000705869
7.03	0.000703476
7.03667	0.000701086
7.04333	0.000698701
7.05	0.00069632
7.05667	0.000693943
7.06333	0.000691571
7.07	0.000689202
7.07667	0.000686838
7.08333	0.000684477
7.09	0.000682121
7.09667	0.000679769
7.10333	0.000677422
7.11	0.000675078
7.11667	0.000672738
7.12333	0.000670403
7.13	0.000668072
7.13667	0.000665745
7.14333	0.000663423
7.15	0.000661104
7.15667	0.00065879
7.16333	0.000656479
7.17	0.000654173
7.17667	0.000651872
7.18333	0.000649574
7.19	0.00064728
7.19667	0.000644991
7.20333	0.000642706
7.21	0.000640425
7.21667	0.000638148
7.22333	0.000635875
7.23	0.000633607
7.23667	0.000631343
7.24333	0.000629082
7.25	0.000626826
7.25667	0.000624574
7.26333	0.000622327
7.27	0.000620083
7.27667	0.000617844
7.28333	0.000615609
7.29	0.000613378
7.29667	0.000611151
7.30333	0.000608928
7.31	0.000606709
7.31667	0.000604495
7.32333	0.000602285
7.33	0.000600079
7.33667	0.000597877
7.34333	0.000595679
7.35	0.000593485
7.35667	0.000591296
7.36333	0.000589111
7.37	0.00058693
7.37667	0.000584753
7.38333	0.000582581
7.39	0.000580412
7.39667	0.000578248
7.40333	0.000576088
7.41	0.000573932
7.41667	0.00057178
7.42333	0.000569633
7.43	0.000567489
7.43667	0.00056535
7.44333	0.000563214
7.45	0.000561083
7.45667	0.000558956
7.46333	0.000556833
7.47	0.000554714
7.47667	0.0005526
7.48333	0.00055049
7.49	0.000548383
7.49667	0.000546282
7.50333	0.000544184
7.51	0.00054209
7.51667	0.000540001
7.52333	0.000537916
7.53	0.000535836
7.53667	0.00053376
7.54333	0.000531688
7.55	0.00052962
7.55667	0.000527556
7.56333	0.000525497
7.57	0.000523443
7.57667	0.000521392
7.58333	0.000519346
7.59	0.000517305
7.59667	0.000515267
7.60333	0.000513234
7.61	0.000511206
7.61667	0.000509182
7.62333	0.000507162
7.63	0.000505147
7.63667	0.000503136
7.64333	0.00050113
7.65	0.000499129
7.65667	0.000497131
7.66333	0.000495138
7.67	0.00049315
7.67667	0.000491166
7.68333	0.000489187
7.69	0.000487212
7.69667	0.000485241
7.70333	0.000483275
7.71	0.000481314
7.71667	0.000479357
7.72333	0.000477404
7.73	0.000475457
7.73667	0.000473513
7.74333	0.000471575
7.75	0.00046964
7.75667	0.000467711
7.76333	0.000465786
7.77	0.000463865
7.77667	0.00046195
7.78333	0.000460038
7.79	0.000458132
7.79667	0.00045623
7.80333	0.000454332
7.81	0.000452439
7.81667	0.000450551
7.82333	0.000448667
7.83	0.000446788
7.83667	0.000444913
7.84333	0.000443043
7.85	0.000441178
7.85667	0.000439317
7.86333	0.000437461
7.87	0.000435609
7.87667	0.000433762
7.88333	0.000431919
7.89	0.000430081
7.89667	0.000428248
7.90333	0.000426419
7.91	0.000424594
7.91667	0.000422774
7.92333	0.000420958
7.93	0.000419146
7.93667	0.000417339
7.94333	0.000415536
7.95	0.000413737
7.95667	0.000411943
7.96333	0.000410153
7.97	0.000408368
7.97667	0.000406587
7.98333	0.00040481
7.99	0.000403037
7.99667	0.000401269
8.00333	0.000399506
8.01	0.000397747
8.01667	0.000395992
8.02333	0.000394242
8.03	0.000392496
8.03667	0.000390754
8.04333	0.000389017
8.05	0.000387284
8.05667	0.000385556
8.06333	0.000383832
8.07	0.000382113
8.07667	0.000380398
8.08333	0.000378687
8.09	0.000376981
8.09667	0.000375279
8.10333	0.000373581
8.11	0.000371888
8.11667	0.0003702
8.12333	0.000368516
8.13	0.000366836
8.13667	0.000365161
8.14333	0.00036349
8.15	0.000361824
8.15667	0.000360162
8.16333	0.000358505
8.17	0.000356852
8.17667	0.000355204
8.18333	0.00035356
8.19	0.00035192
8.19667	0.000350285
8.20333	0.000348654
8.21	0.000347028
8.21667	0.000345406
8.22333	0.000343788
8.23	0.000342175
8.23667	0.000340566
8.24333	0.000338962
8.25	0.000337361
8.25667	0.000335765
8.26333	0.000334174
8.27	0.000332587
8.27667	0.000331004
8.28333	0.000329425
8.29	0.000327851
8.29667	0.000326281
8.30333	0.000324716
8.31	0.000323155
8.31667	0.000321598
8.32333	0.000320045
8.33	0.000318496
8.33667	0.000316952
8.34333	0.000315411
8.35	0.000313875
8.35667	0.000312343
8.36333	0.000310816
8.37	0.000309292
8.37667	0.000307773
8.38333	0.000306257
8.39	0.000304746
8.39667	0.000303239
8.40333	0.000301737
8.41	0.000300238
8.41667	0.000298744
8.42333	0.000297253
8.43	0.000295767
8.43667	0.000294285
8.44333	0.000292807
8.45	0.000291333
8.45667	0.000289864
8.46333	0.000288399
8.47	0.000286938
8.47667	0.000285481
8.48333	0.000284028
8.49	0.00028258
8.49667	0.000281136
8.50333	0.000279696
8.51	0.000278261
8.51667	0.000276829
8.52333	0.000275402
8.53	0.00027398
8.53667	0.000272561
8.54333	0.000271147
8.55	0.000269738
8.55667	0.000268332
8.56333	0.000266931
8.57	0.000265534
8.57667	0.000264142
8.58333	0.000262754
8.59	0.00026137
8.59667	0.000259991
8.60333	0.000258616
8.61	0.000257245
8.61667	0.000255879
8.62333	0.000254518
8.63	0.000253161
8.63667	0.000251808
8.64333	0.00025046
8.65	0.000249117
8.65667	0.000247778
8.66333	0.000246443
8.67	0.000245113
8.67667	0.000243788
8.68333	0.000242468
8.69	0.000241151
8.69667	0.00023984
8.70333	0.000238533
8.71	0.000237231
8.71667	0.000235933
8.72333	0.00023464
8.73	0.000233351
8.73667	0.000232067
8.74333	0.000230788
8.75	0.000229513
8.75667	0.000228243
8.76333	0.000226978
8.77	0.000225717
8.77667	0.000224461
8.78333	0.000223209
8.79	0.000221962
8.79667	0.00022072
8.80333	0.000219483
8.81	0.00021825
8.81667	0.000217022
8.82333	0.000215799
8.83	0.00021458
8.83667	0.000213367
8.84333	0.000212158
8.85	0.000210953
8.85667	0.000209754
8.86333	0.000208559
8.87	0.000207369
8.87667	0.000206184
8.88333	0.000205004
8.89	0.000203828
8.89667	0.000202657
8.90333	0.000201491
8.91	0.000200329
8.91667	0.000199173
8.92333	0.000198021
8.93	0.000196873
8.93667	0.000195731
8.94333	0.000194593
8.95	0.00019346
8.95667	0.000192331
8.96333	0.000191208
8.97	0.000190089
8.97667	0.000188975
8.98333	0.000187865
8.99	0.000186761
8.99667	0.000185661
9.00333	0.000184566
9.01	0.000183476
9.01667	0.00018239
9.02333	0.00018131
9.03	0.000180234
9.03667	0.000179164
9.04333	0.000178098
9.05	0.000177037
9.05667	0.000175981
9.06333	0.00017493
9.07	0.000173884
9.07667	0.000172843
9.08333	0.000171807
9.09	0.000170776
9.09667	0.000169749
9.10333	0.000168728
9.11	0.000167711
9.11667	0.000166699
9.12333	0.000165692
9.13	0.00016469
9.13667	0.000163693
9.14333	0.0001627
9.15	0.000161713
9.15667	0.00016073
9.16333	0.000159753
9.17	0.00015878
9.17667	0.000157812
9.18333	0.000156849
9.19	0.00015589
9.19667	0.000154937
9.20333	0.000153988
9.21	0.000153044
9.21667	0.000152105
9.22333	0.000151171
9.23	0.000150242
9.23667	0.000149317
9.24333	0.000148397
9.25	0.000147482
9.25667	0.000146572
9.26333	0.000145666
9.27	0.000144765
9.27667	0.000143869
9.28333	0.000142978
9.29	0.000142091
9.29667	0.000141209
9.30333	0.000140331
9.31	0.000139459
9.31667	0.00013859
9.32333	0.000137727
9.33	0.000136868
9.33667	0.000136013
9.34333	0.000135164
9.35	0.000134318
9.35667	0.000133478
9.36333	0.000132642
9.37	0.00013181
9.37667	0.000130983
9.38333	0.00013016
9.39	0.000129342
9.39667	0.000128529
9.40333	0.00012772
9.41	0.000126915
9.41667	0.000126115
9.42333	0.000125319
9.43	0.000124528
9.43667	0.000123741
9.44333	0.000122959
9.45	0.00012218
9.45667	0.000121406
9.46333	0.000120637
9.47	0.000119872
9.47667	0.000119111
9.48333	0.000118354
9.49	0.000117602
9.49667	0.000116853
9.50333	0.000116109
9.51	0.000115369
9.51667	0.000114634
9.52333	0.000113902
9.53	0.000113175
9.53667	0.000112452
9.54333	0.000111732
9.55	0.000111017
9.55667	0.000110306
9.56333	0.000109599
9.57	0.000108896
9.57667	0.000108197
9.58333	0.000107502
9.59	0.000106811
9.59667	0.000106124
9.60333	0.000105441
9.61	0.000104762
9.61667	0.000104087
9.62333	0.000103415
9.63	0.000102748
9.63667	0.000102084
9.64333	0.000101425
9.65	0.000100769
9.65667	0.000100117
9.66333	9.94687e-05
9.67	9.88243e-05
9.67667	9.81837e-05
9.68333	9.75468e-05
9.69	9.69137e-05
9.69667	9.62843e-05
9.70333	9.56585e-05
9.71	9.50365e-05
9.71667	9.44181e-05
9.72333	9.38033e-05
9.73	9.31922e-05
9.73667	9.25847e-05
9.74333	9.19807e-05
9.75	9.13803e-05
9.75667	9.07835e-05
9.76333	9.01901e-05
9.77	8.96003e-05
9.77667	8.9014e-05
9.78333	8.84312e-05
9.79	8.78519e-05
9.79667	8.7276e-05
9.80333	8.67035e-05
9.81	8.61345e-05
9.81667	8.55689e-05
9.82333	8.50067e-05
9.83	8.44479e-05
9.83667	8.38924e-05
9.84333	8.33403e-05
9.85	8.27915e-05
9.85667	8.22461e-05
9.86333	8.17039e-05
9.87	8.1165e-05
9.87667	8.06294e-05
9.88333	8.0097e-05
9.89	7.95679e-05
9.89667	7.9042e-05
9.90333	7.85193e-05
9.91	7.79996e-05
9.91667	7.7483e-05
9.92333	7.69693e-05
9.93	7.64587e-05
9.93667	7.5951e-05
9.94333	7.54463e-05
9.95	7.49446e-05
9.95667	7.44458e-05
9.96333	7.39499e-05
9.97	7.3457e-05
9.97667	7.2967e-05
9.98333	7.24798e-05
9.99	7.19957e-05
9.99667	7.15153e-05
10.0033	7.10387e-05
10.01	7.05673e-05
10.0167	7.00987e-05
10.0233	6.96328e-05
10.03	6.91696e-05
10.0367	6.87092e-05
10.0433	6.82514e-05
10.05	6.77963e-05
10.0567	6.73439e-05
10.0633	6.68941e-05
10.07	6.6447e-05
10.0767	6.60024e-05
10.0833	6.55605e-05
10.09	6.51212e-05
10.0967	6.46845e-05
10.1033	6.42503e-05
10.11	6.38188e-05
10.1167	6.33901e-05
10.1233	6.2964e-05
10.13	6.25405e-05
10.1367	6.21197e-05
10.1433	6.17015e-05
10.15	6.1286e-05
10.1567	6.0873e-05
10.1633	6.04626e-05
10.17	6.00548e-05
10.1767	5.96496e-05
10.1833	5.92468e-05
10.19	5.88466e-05
10.1967	5.8449e-05
10.2033	5.80538e-05
10.21	5.7661e-05
10.2167	5.72708e-05
10.2233	5.6883e-05
10.23	5.64976e-05
10.2367	5.61147e-05
10.2433	5.57341e-05
10.25	5.5356e-05
10.2567	5.49802e-05
10.2633	5.46068e-05
10.27	5.42358e-05
10.2767	5.38671e-05
10.2833	5.35007e-05
10.29	5.31367e-05
10.2967	5.27749e-05
10.3033	5.24154e-05
10.31	5.20582e-05
10.3167	5.17033e-05
10.3233	5.13506e-05
10.33	5.10001e-05
10.3367	5.06518e-05
10.3433	5.03058e-05
10.35	4.9962e-05
10.3567	4.96203e-05
10.3633	4.92808e-05
10.37	4.89434e-05
10.3767	4.86082e-05
10.3833	4.82752e-05
10.39	4.79442e-05
10.3967	4.76154e-05
10.4033	4.72886e-05
10.41	4.6964e-05
10.4167	4.66413e-05
10.4233	4.63208e-05
10.43	4.60023e-05
10.4367	4.56858e-05
10.4433	4.53714e-05
10.45	4.50589e-05
10.4567	4.47485e-05
10.4633	4.444e-05
10.47	4.41335e-05
10.4767	4.3829e-05
10.4833	4.35264e-05
10.49	4.32257e-05
10.4967	4.2927e-05
10.5033	4.26302e-05
10.51	4.23353e-05
10.5167	4.20423e-05
10.5233	4.17512e-05
10.53	4.1462e-05
10.5367	4.11747e-05
10.5433	4.08893e-05
10.55	4.06056e-05
10.5567	4.03239e-05
10.5633	4.00439e-05
10.57	3.97658e-05
10.5767	3.94895e-05
10.5833	3.9215e-05
10.59	3.89422e-05
10.5967	3.86713e-05
10.6033	3.84021e-05
10.61	3.81346e-05
10.6167	3.7869e-05
10.6233	3.7605e-05
10.63	3.73427e-05
10.6367	3.70822e-05
10.6433	3.68234e-05
10.65	3.65662e-05
10.6567	3.63108e-05
10.6633	3.6057e-05
10.67	3.58048e-05
10.6767	3.55544e-05
10.6833	3.53055e-05
10.69	3.50583e-05
10.6967	3.48127e-05
10.7033	3.45687e-05
10.71	3.43263e-05
10.7167	3.40856e-05
10.7233	3.38463e-05
10.73	3.36087e-05
10.7367	3.33726e-05
10.7433	3.31381e-05
10.75	3.29051e-05
10.7567	3.26737e-05
10.7633	3.24438e-05
10.77	3.22154e-05
10.7767	3.19885e-05
10.7833	3.1763e-05
10.79	3.15391e-05
10.7967	3.13167e-05
10.8033	3.10957e-05
10.81	3.08762e-05
10.8167	3.06581e-05
10.8233	3.04415e-05
10.83	3.02263e-05
10.8367	3.00126e-05
10.8433	2.98002e-05
10.85	2.95893e-05
10.8567	2.93797e-05
10.8633	2.91715e-05
10.87	2.89648e-05
10.8767	2.87593e-05
10.8833	2.85553e-05
10.89	2.83526e-05
10.8967	2.81513e-05
10.9033	2.79512e-05
10.91	2.77525e-05
10.9167	2.75552e-05
10.9233	2.73591e-05
10.93	2.71644e-05
10.9367	2.69709e-05
10.9433	2.67787e-05
10.95	2.65879e-05
10.9567	2.63982e-05
10.9633	2.62099e-05
10.97	2.60228e-05
10.9767	2.58369e-05
10.9833	2.56523e-05
10.99	2.54689e-05
10.9967	2.52867e-05
11.0033	2.51058e-05
11.01	2.4926e-05
11.0167	2.47475e-05
11.0233	2.45701e-05
11.03	2.43939e-05
11.0367	2.42189e-05
11.0433	2.40451e-05
11.05	2.38724e-05
11.0567	2.37008e-05
11.0633	2.35304e-05
11.07	2.33612e-05
11.0767	2.3193e-05
11.0833	2.3026e-05
11.09	2.28601e-05
11.0967	2.26954e-05
11.1033	2.25317e-05
11.11	2.23691e-05
11.1167	2.22076e-05
11.1233	2.20472e-05
11.13	2.18878e-05
11.1367	2.17295e-05
11.1433	2.15723e-05
11.15	2.14161e-05
11.1567	2.1261e-05
11.1633	2.11069e-05
11.17	2.09539e-05
11.1767	2.08019e-05
11.1833	2.06509e-05
11.19	2.05009e-05
11.1967	2.03519e-05
11.2033	2.02039e-05
11.21	2.00569e-05
11.2167	1.99109e-05
11.2233	1.97659e-05
11.23	1.96219e-05
11.2367	1.94788e-05
11.2433	1.93367e-05
11.25	1.91956e-05
11.2567	1.90554e-05
11.2633	1.89161e-05
11.27	1.87778e-05
11.2767	1.86405e-05
11.2833	1.8504e-05
11.29	1.83685e-05
11.2967	1.82339e-05
11.3033	1.81002e-05
11.31	1.79674e-05
11.3167	1.78355e-05
11.3233	1.77045e-05
11.33	1.75743e-05
11.3367	1.74451e-05
11.3433	1.73167e-05
11.35	1.71892e-05
11.3567	1.70626e-05
11.3633	1.69368e-05
11.37	1.68119e-05
11.3767	1.66878e-05
11.3833	1.65646e-05
11.39	1.64422e-05
11.3967	1.63207e-05
11.4033	1.61999e-05
11.41	1.608e-05
11.4167	1.59609e-05
11.4233	1.58426e-05
11.43	1.57251e-05
11.4367	1.56085e-05
11.4433	1.54926e-05
11.45	1.53775e-05
11.4567	1.52632e-05
11.4633	1.51496e-05
11.47	1.50369e-05
11.4767	1.49249e-05
11.4833	1.48136e-05
11.49	1.47031e-05
11.4967	1.45934e-05
11.5033	1.44844e-05
11.51	1.43762e-05
11.5167	1.42687e-05
11.5233	1.4162e-05
11.53	1.4056e-05
11.5367	1.39507e-05
11.5433	1.38461e-05
11.55	1.37422e-05
11.5567	1.36391e-05
11.5633	1.35367e-05
11.57	1.34349e-05
11.5767	1.33339e-05
11.5833	1.32336e-05
11.59	1.31339e-05
11.5967	1.3035e-05
11.6033	1.29367e-05
11.61	1.28391e-05
11.6167	1.27421e-05
11.6233	1.26458e-05
11.63	1.25502e-05
11.6367	1.24553e-05
11.6433	1.23609e-05
11.65	1.22673e-05
11.6567	1.21743e-05
11.6633	1.20819e-05
11.67	1.19901e-05
11.6767	1.1899e-05
11.6833	1.18086e-05
11.69	1.17187e-05
11.6967	1.16295e-05
11.7033	1.15408e-05
11.71	1.14528e-05
11.7167	1.13654e-05
11.7233	1.12786e-05
11.73	1.11924e-05
11.7367	1.11068e-05
11.7433	1.10218e-05
11.75	1.09373e-05
11.7567	1.08535e-05
11.7633	1.07702e-05
11.77	1.06875e-05
11.7767	1.06054e-05
11.7833	1.05239e-05
11.79	1.04429e-05
11.7967	1.03624e-05
11.8033	1.02826e-05
11.81	1.02033e-05
11.8167	1.01245e-05
11.8233	1.00462e-05
11.83	9.96853e-06
11.8367	9.89137e-06
11.8433	9.81473e-06
11.85	9.73863e-06
11.8567	9.66305e-06
11.8633	9.58799e-06
11.87	9.51345e-06
11.8767	9.43943e-06
11.8833	9.36592e-06
11.89	9.29292e-06
11.8967	9.22043e-06
11.9033	9.14844e-06
11.91	9.07695e-06
11.9167	9.00596e-06
11.9233	8.93547e-06
11.93	8.86547e-06
11.9367	8.79596e-06
11.9433	8.72693e-06
11.95	8.65839e-06
11.9567	8.59033e-06
11.9633	8.52275e-06
11.97	8.45564e-06
11.9767	8.38901e-06
11.9833	8.32284e-06
11.99	8.25714e-06
11.9967	8.19191e-06
12.0033	8.12713e-06
12.01	8.06282e-06
12.0167	7.99898e-06
12.0233	7.93559e-06
12.03	7.87267e-06
12.0367	7.81019e-06
12.0433	7.74817e-06
12.05	7.6866e-06
12.0567	7.62547e-06
12.0633	7.56479e-06
12.07	7.50455e-06
12.0767	7.44475e-06
12.0833	7.38539e-06
12.09	7.32645e-06
12.0967	7.26795e-06
12.1033	7.20988e-06
12.11	7.15223e-06
12.1167	7.095e-06
12.1233	7.0382e-06
12.13	6.98181e-06
12.1367	6.92584e-06
12.1433	6.87028e-06
12.15	6.81513e-06
12.1567	6.76039e-06
12.1633	6.70605e-06
12.17	6.65212e-06
12.1767	6.59859e-06
12.1833	6.54545e-06
12.19	6.49271e-06
12.1967	6.44037e-06
12.2033	6.38841e-06
12.21	6.33685e-06
12.2167	6.28568e-06
12.2233	6.23489e-06
12.23	6.18449e-06
12.2367	6.13446e-06
12.2433	6.08482e-06
12.25	6.03555e-06
12.2567	5.98665e-06
12.2633	5.93813e-06
12.27	5.88997e-06
12.2767	5.84218e-06
12.2833	5.79475e-06
12.29	5.74768e-06
12.2967	5.70097e-06
12.3033	5.65462e-06
12.31	5.60862e-06
12.3167	5.56296e-06
12.3233	5.51766e-06
12.33	5.4727e-06
12.3367	5.42809e-06
12.3433	5.38381e-06
12.35	5.33987e-06
12.3567	5.29627e-06
12.3633	5.25301e-06
12.37	5.21007e-06
12.3767	5.16746e-06
12.3833	5.12518e-06
12.39	5.08322e-06
12.3967	5.04159e-06
12.4033	5.00027e-06
12.41	4.95928e-06
12.4167	4.91861e-06
12.4233	4.87826e-06
12.43	4.83822e-06
12.4367	4.7985e-06
12.4433	4.75908e-06
12.45	4.71998e-06
12.4567	4.68117e-06
12.4633	4.64267e-06
12.47	4.60447e-06
12.4767	4.56657e-06
12.4833	4.52896e-06
12.49	4.49164e-06
12.4967	4.45461e-06
12.5033	4.41787e-06
12.51	4.38141e-06
12.5167	4.34524e-06
12.5233	4.30935e-06
12.53	4.27374e-06
12.5367	4.2384e-06
12.5433	4.20333e-06
12.55	4.16854e-06
12.5567	4.13402e-06
12.5633	4.09976e-06
12.57	4.06577e-06
12.5767	4.03204e-06
12.5833	3.99857e-06
12.59	3.96535e-06
12.5967	3.9324e-06
12.6033	3.89969e-06
12.61	3.86723e-06
12.6167	3.83501e-06
12.6233	3.80304e-06
12.63	3.77131e-06
12.6367	3.73981e-06
12.6433	3.70855e-06
12.65	3.67753e-06
12.6567	3.64674e-06
12.6633	3.61619e-06
12.67	3.58586e-06
12.6767	3.55576e-06
12.6833	3.52589e-06
12.69	3.49625e-06
12.6967	3.46682e-06
12.7033	3.43762e-06
12.71	3.40864e-06
12.7167	3.37988e-06
12.7233	3.35134e-06
12.73	3.32302e-06
12.7367	3.2949e-06
12.7433	3.267e-06
12.75	3.23931e-06
12.7567	3.21183e-06
12.7633	3.18456e-06
12.77	3.1575e-06
12.7767	3.13064e-06
12.7833	3.10398e-06
12.79	3.07753e-06
12.7967	3.05128e-06
12.8033	3.02522e-06
12.81	2.99936e-06
12.8167	2.9737e-06
12.8233	2.94822e-06
12.83	2.92294e-06
12.8367	2.89784e-06
12.8433	2.87293e-06
12.85	2.84821e-06
12.8567	2.82368e-06
12.8633	2.79933e-06
12.87	2.77516e-06
12.8767	2.75118e-06
12.8833	2.72738e-06
12.89	2.70376e-06
12.8967	2.68032e-06
12.9033	2.65706e-06
12.91	2.63398e-06
12.9167	2.61107e-06
12.9233	2.58834e-06
12.93	2.56578e-06
12.9367	2.54339e-06
12.9433	2.52118e-06
12.95	2.49914e-06
12.9567	2.47727e-06
12.9633	2.45556e-06
12.97	2.43403e-06
12.9767	2.41266e-06
12.9833	2.39146e-06
12.99	2.37043e-06
12.9967	2.34955e-06
13.0033	2.32884e-06
13.01	2.3083e-06
13.0167	2.28792e-06
13.0233	2.2677e-06
13.03	2.24763e-06
13.0367	2.22773e-06
13.0433	2.20799e-06
13.05	2.18841e-06
13.0567	2.16898e-06
13.0633	2.1497e-06
13.07	2.13058e-06
13.0767	2.11161e-06
13.0833	2.0928e-06
13.09	2.07413e-06
13.0967	2.05562e-06
13.1033	2.03725e-06
13.11	2.01903e-06
13.1167	2.00095e-06
13.1233	1.98302e-06
13.13	1.96524e-06
13.1367	1.9476e-06
13.1433	1.9301e-06
13.15	1.91274e-06
13.1567	1.89552e-06
13.1633	1.87844e-06
13.17	1.8615e-06
13.1767	1.8447e-06
13.1833	1.82803e-06
13.19	1.8115e-06
13.1967	1.7951e-06
13.2033	1.77883e-06
13.21	1.7627e-06
13.2167	1.74669e-06
13.2233	1.73082e-06
13.23	1.71507e-06
13.2367	1.69945e-06
13.2433	1.68395e-06
13.25	1.66859e-06
13.2567	1.65334e-06
13.2633	1.63822e-06
13.27	1.62322e-06
13.2767	1.60835e-06
13.2833	1.5936e-06
13.29	1.57896e-06
13.2967	1.56445e-06
13.3033	1.55005e-06
13.31	1.53578e-06
13.3167	1.52162e-06
13.3233	1.50758e-06
13.33	1.49365e-06
13.3367	1.47984e-06
13.3433	1.46614e-06
13.35	1.45256e-06
13.3567	1.43909e-06
13.3633	1.42573e-06
13.37	1.41248e-06
13.3767	1.39935e-06
13.3833	1.38632e-06
13.39	1.3734e-06
13.3967	1.36059e-06
13.4033	1.34789e-06
13.41	1.33529e-06
13.4167	1.32279e-06
13.4233	1.3104e-06
13.43	1.29811e-06
13.4367	1.28593e-06
13.4433	1.27384e-06
13.45	1.26186e-06
13.4567	1.24998e-06
13.4633	1.2382e-06
13.47	1.22651e-06
13.4767	1.21493e-06
13.4833	1.20344e-06
13.49	1.19205e-06
13.4967	1.18076e-06
13.5033	1.16957e-06
13.51	1.15847e-06
13.5167	1.14747e-06
13.5233	1.13656e-06
13.53	1.12574e-06
13.5367	1.11502e-06
13.5433	1.10439e-06
13.55	1.09385e-06
13.5567	1.08341e-06
13.5633	1.07306e-06
13.57	1.06279e-06
13.5767	1.05262e-06
13.5833	1.04254e-06
13.59	1.03254e-06
13.5967	1.02264e-06
13.6033	1.01282e-06
13.61	1.00309e-06
13.6167	9.9345e-07
13.6233	9.83898e-07
13.63	9.74432e-07
13.6367	9.65054e-07
13.6433	9.55761e-07
13.65	9.46553e-07
13.6567	9.3743e-07
13.6633	9.2839e-07
13.67	9.19433e-07
13.6767	9.10559e-07
13.6833	9.01766e-07
13.69	8.93054e-07
13.6967	8.84423e-07
13.7033	8.75871e-07
13.71	8.67398e-07
13.7167	8.59003e-07
13.7233	8.50686e-07
13.73	8.42446e-07
13.7367	8.34283e-07
13.7433	8.26195e-07
13.75	8.18182e-07
13.7567	8.10244e-07
13.7633	8.02379e-07
13.77	7.94588e-07
13.7767	7.86869e-07
13.7833	7.79222e-07
13.79	7.71647e-07
13.7967	7.64143e-07
13.8033	7.56709e-07
13.81	7.49345e-07
13.8167	7.42051e-07
13.8233	7.34825e-07
13.83	7.27668e-07
13.8367	7.20579e-07
13.8433	7.13557e-07
13.85	7.06602e-07
13.8567	6.99713e-07
13.8633	6.92889e-07
13.87	6.86129e-07
13.8767	6.79434e-07
13.8833	6.72803e-07
13.89	6.66235e-07
13.8967	6.5973e-07
13.9033	6.53286e-07
13.91	6.46904e-07
13.9167	6.40583e-07
13.9233	6.34322e-07
13.93	6.28121e-07
13.9367	6.21979e-07
13.9433	6.15896e-07
13.95	6.09871e-07
13.9567	6.03904e-07
13.9633	5.97994e-07
13.97	5.92141e-07
13.9767	5.86344e-07
13.9833	5.80603e-07
13.99	5.74917e-07
13.9967	5.69286e-07
14.0033	5.63709e-07
14.01	5.58186e-07
14.0167	5.52717e-07
14.0233	5.47301e-07
14.03	5.41937e-07
14.0367	5.36626e-07
14.0433	5.31367e-07
14.05	5.26159e-07
14.0567	5.21001e-07
14.0633	5.15894e-07
14.07	5.10836e-07
14.0767	5.05828e-07
14.0833	5.00868e-07
14.09	4.95957e-07
14.0967	4.91093e-07
14.1033	4.86277e-07
14.11	4.81508e-07
14.1167	4.76785e-07
14.1233	4.72108e-07
14.13	4.67477e-07
14.1367	4.62891e-07
14.1433	4.5835e-07
14.15	4.53853e-07
14.1567	4.494e-07
14.1633	4.4499e-07
14.17	4.40623e-07
14.1767	4.36299e-07
14.1833	4.32017e-07
14.19	4.27777e-07
14.1967	4.23578e-07
14.2033	4.1942e-07
14.21	4.15302e-07
14.2167	4.11225e-07
14.2233	4.07187e-07
14.23	4.03189e-07
14.2367	3.9923e-07
14.2433	3.95309e-07
14.25	3.91426e-07
14.2567	3.87581e-07
14.2633	3.83774e-07
14.27	3.80004e-07
14.2767	3.7627e-07
14.2833	3.72573e-07
14.29	3.68912e-07
14.2967	3.65287e-07
14.3033	3.61697e-07
14.31	3.58142e-07
14.3167	3.54623e-07
14.3233	3.51137e-07
14.33	3.47686e-07
14.3367	3.44268e-07
14.3433	3.40884e-07
14.35	3.37533e-07
14.3567	3.34215e-07
14.3633	3.30929e-07
14.37	3.27675e-07
14.3767	3.24454e-07
14.3833	3.21264e-07
14.39	3.18105e-07
14.3967	3.14977e-07
14.4033	3.1188e-07
14.41	3.08814e-07
14.4167	3.05777e-07
14.4233	3.02771e-07
14.43	2.99794e-07
14.4367	2.96847e-07
14.4433	2.93928e-07
14.45	2.91039e-07
14.4567	2.88178e-07
14.4633	2.85345e-07
14.47	2.8254e-07
14.4767	2.79763e-07
14.4833	2.77013e-07
14.49	2.7429e-07
14.4967	2.71594e-07
14.5033	2.68924e-07
14.51	2.66281e-07
14.5167	2.63664e-07
14.5233	2.61073e-07
14.53	2.58508e-07
14.5367	2.55967e-07
14.5433	2.53452e-07
14.55	2.50961e-07
14.5567	2.48496e-07
14.5633	2.46054e-07
14.57	2.43637e-07
14.5767	2.41243e-07
14.5833	2.38873e-07
14.59	2.36526e-07
14.5967	2.34203e-07
14.6033	2.31902e-07
14.61	2.29625e-07
14.6167	2.27369e-07
14.6233	2.25136e-07
14.63	2.22926e-07
14.6367	2.20737e-07
14.6433	2.18569e-07
14.65	2.16423e-07
14.6567	2.14298e-07
14.6633	2.12195e-07
14.67	2.10112e-07
14.6767	2.08049e-07
14.6833	2.06007e-07
14.69	2.03985e-07
14.6967	2.01983e-07
14.7033	2.00001e-07
14.71	1.98038e-07
14.7167	1.96095e-07
14.7233	1.94171e-07
14.73	1.92266e-07
14.7367	1.9038e-07
14.7433	1.88513e-07
14.75	1.86664e-07
14.7567	1.84833e-07
14.7633	1.8302e-07
14.77	1.81225e-07
14.7767	1.79448e-07
14.7833	1.77689e-07
14.79	1.75946e-07
14.7967	1.74222e-07
14.8033	1.72514e-07
14.81	1.70823e-07
14.8167	1.69148e-07
14.8233	1.6749e-07
14.83	1.65848e-07
14.8367	1.64223e-07
14.8433	1.62613e-07
14.85	1.61019e-07
14.8567	1.59441e-07
14.8633	1.57879e-07
14.87	1.56331e-07
14.8767	1.548e-07
14.8833	1.53283e-07
14.89	1.51781e-07
14.8967	1.50294e-07
14.9033	1.48821e-07
14.91	1.47363e-07
14.9167	1.4592e-07
14.9233	1.4449e-07
14.93	1.43075e-07
14.9367	1.41674e-07
14.9433	1.40287e-07
14.95	1.38913e-07
14.9567	1.37553e-07
14.9633	1.36206e-07
14.97	1.34873e-07
14.9767	1.33553e-07
14.9833	1.32246e-07
14.99	1.30952e-07
14.9967	1.29671e-07
15.0033	1.28402e-07
15.01	1.27146e-07
15.0167	1.25903e-07
15.0233	1.24671e-07
15.03	1.23452e-07
15.0367	1.22246e-07
15.0433	1.21051e-07
15.05	1.19868e-07
15.0567	1.18697e-07
15.0633	1.17537e-07
15.07	1.16389e-07
15.0767	1.15252e-07
15.0833	1.14127e-07
15.09	1.13013e-07
15.0967	1.11909e-07
15.1033	1.10817e-07
15.11	1.09736e-07
15.1167	1.08665e-07
15.1233	1.07605e-07
15.13	1.06555e-07
15.1367	1.05516e-07
15.1433	1.04487e-07
15.15	1.03468e-07
15.1567	1.02459e-07
15.1633	1.0146e-07
15.17	1.00471e-07
15.1767	9.94924e-08
15.1833	9.85229e-08
15.19	9.7563e-08
15.1967	9.66127e-08
15.2033	9.56716e-08
15.21	9.47399e-08
15.2167	9.38174e-08
15.2233	9.29039e-08
15.23	9.19995e-08
15.2367	9.1104e-08
15.2433	9.02173e-08
15.25	8.93393e-08
15.2567	8.847e-08
15.2633	8.76093e-08
15.27	8.6757e-08
15.2767	8.59131e-08
15.2833	8.50775e-08
15.29	8.42502e-08
15.2967	8.3431e-08
15.3033	8.26198e-08
15.31	8.18166e-08
15.3167	8.10213e-08
15.3233	8.02338e-08
15.33	7.94541e-08
15.3367	7.8682e-08
15.3433	7.79175e-08
15.35	7.71605e-08
15.3567	7.6411e-08
15.3633	7.56688e-08
15.37	7.49339e-08
15.3767	7.42061e-08
15.3833	7.34856e-08
15.39	7.2772e-08
15.3967	7.20655e-08
15.4033	7.13659e-08
15.41	7.06732e-08
15.4167	6.99872e-08
15.4233	6.9308e-08
15.43	6.86355e-08
15.4367	6.79695e-08
15.4433	6.731e-08
15.45	6.6657e-08
15.4567	6.60104e-08
15.4633	6.53701e-08
15.47	6.47361e-08
15.4767	6.41083e-08
15.4833	6.34866e-08
15.49	6.28709e-08
15.4967	6.22613e-08
15.5033	6.16577e-08
15.51	6.10599e-08
15.5167	6.0468e-08
15.5233	5.98819e-08
15.53	5.93014e-08
15.5367	5.87266e-08
15.5433	5.81575e-08
15.55	5.75938e-08
15.5567	5.70357e-08
15.5633	5.6483e-08
15.57	5.59356e-08
15.5767	5.53936e-08
15.5833	5.48569e-08
15.59	5.43254e-08
15.5967	5.37991e-08
15.6033	5.32778e-08
15.61	5.27616e-08
15.6167	5.22504e-08
15.6233	5.17442e-08
15.63	5.12428e-08
15.6367	5.07463e-08
15.6433	5.02545e-08
15.65	4.97676e-08
15.6567	4.92853e-08
15.6633	4.88077e-08
15.67	4.83347e-08
15.6767	4.78663e-08
15.6833	4.74024e-08
15.69	4.6943e-08
15.6967	4.64881e-08
15.7033	4.60375e-08
15.71	4.55913e-08
15.7167	4.51494e-08
15.7233	4.47118e-08
15.73	4.42784e-08
15.7367	4.38492e-08
15.7433	4.34241e-08
15.75	4.30032e-08
15.7567	4.25862e-08
15.7633	4.21734e-08
15.77	4.17645e-08
15.7767	4.13596e-08
15.7833	4.09585e-08
15.79	4.05614e-08
15.7967	4.01681e-08
15.8033	3.97785e-08
15.81	3.93928e-08
15.8167	3.90108e-08
15.8233	3.86325e-08
15.83	3.82578e-08
15.8367	3.78868e-08
15.8433	3.75194e-08
15.85	3.71555e-08
15.8567	3.67952e-08
15.8633	3.64384e-08
15.87	3.6085e-08
15.8767	3.5735e-08
15.8833	3.53884e-08
15.89	3.50452e-08
15.8967	3.47053e-08
15.9033	3.43686e-08
15.91	3.40353e-08
15.9167	3.37051e-08
15.9233	3.33781e-08
15.93	3.30543e-08
15.9367	3.27337e-08
15.9433	3.24161e-08
15.95	3.21016e-08
15.9567	3.17901e-08
15.9633	3.14816e-08
15.97	3.11761e-08
15.9767	3.08736e-08
15.9833	3.05739e-08
15.99	3.02772e-08
15.9967	2.99833e-08
16.0033	2.96923e-08
16.01	2.94041e-08
16.0167	2.91186e-08
16.0233	2.88359e-08
16.03	2.8556e-08
16.0367	2.82787e-08
16.0433	2.80041e-08
16.05	2.77322e-08
16.0567	2.74629e-08
16.0633	2.71962e-08
16.07	2.69321e-08
16.0767	2.66705e-08
16.0833	2.64114e-08
16.09	2.61548e-08
16.0967	2.59007e-08
16.1033	2.56491e-08
16.11	2.53999e-08
16.1167	2.51531e-08
16.1233	2.49086e-08
16.13	2.46666e-08
16.1367	2.44268e-08
16.1433	2.41894e-08
16.15	2.39542e-08
16.1567	2.37213e-08
16.1633	2.34907e-08
16.17	2.32622e-08
16.1767	2.3036e-08
16.1833	2.28119e-08
16.19	2.259e-08
16.1967	2.23703e-08
16.2033	2.21526e-08
16.21	2.1937e-08
16.2167	2.17235e-08
16.2233	2.15121e-08
16.23	2.13027e-08
16.2367	2.10953e-08
16.2433	2.08899e-08
16.25	2.06864e-08
16.2567	2.0485e-08
16.2633	2.02854e-08
16.27	2.00878e-08
16.2767	1.9892e-08
16.2833	1.96982e-08
16.29	1.95062e-08
16.2967	1.93161e-08
16.3033	1.91277e-08
16.31	1.89412e-08
16.3167	1.87565e-08
16.3233	1.85736e-08
16.33	1.83924e-08
16.3367	1.82129e-08
16.3433	1.80352e-08
16.35	1.78592e-08
16.3567	1.76849e-08
16.3633	1.75122e-08
16.37	1.73412e-08
16.3767	1.71719e-08
16.3833	1.70042e-08
16.39	1.6838e-08
16.3967	1.66735e-08
16.4033	1.65106e-08
16.41	1.63492e-08
16.4167	1.61894e-08
16.4233	1.60311e-08
16.43	1.58744e-08
16.4367	1.57191e-08
16.4433	1.55653e-08
16.45	1.5413e-08
16.4567	1.52622e-08
16.4633	1.51128e-08
16.47	1.49649e-08
16.4767	1.48184e-08
16.4833	1.46733e-08
16.49	1.45295e-08
16.4967	1.43872e-08
16.5033	1.42462e-08
16.51	1.41066e-08
16.5167	1.39684e-08
16.5233	1.38315e-08
16.53	1.36959e-08
16.5367	1.35616e-08
16.5433	1.34286e-08
16.55	1.32968e-08
16.5567	1.31664e-08
16.5633	1.30372e-08
16.57	1.29092e-08
16.5767	1.27825e-08
16.5833	1.2657e-08
16.59	1.25328e-08
16.5967	1.24097e-08
16.6033	1.22878e-08
16.61	1.21671e-08
16.6167	1.20475e-08
16.6233	1.19292e-08
16.63	1.18119e-08
16.6367	1.16958e-08
16.6433	1.15808e-08
16.65	1.1467e-08
16.6567	1.13542e-08
16.6633	1.12425e-08
16.67	1.11319e-08
16.6767	1.10224e-08
16.6833	1.09139e-08
16.69	1.08065e-08
16.6967	1.07002e-08
16.7033	1.05948e-08
16.71	1.04905e-08
16.7167	1.03872e-08
16.7233	1.02849e-08
16.73	1.01836e-08
16.7367	1.00833e-08
16.7433	9.98394e-09
16.75	9.88556e-09
16.7567	9.78813e-09
16.7633	9.69165e-09
16.77	9.59611e-09
16.7767	9.5015e-09
16.7833	9.40781e-09
16.79	9.31503e-09
16.7967	9.22315e-09
16.8033	9.13217e-09
16.81	9.04207e-09
16.8167	8.95285e-09
16.8233	8.8645e-09
16.83	8.777e-09
16.8367	8.69036e-09
16.8433	8.60456e-09
16.85	8.5196e-09
16.8567	8.43546e-09
16.8633	8.35215e-09
16.87	8.26964e-09
16.8767	8.18794e-09
16.8833	8.10704e-09
16.89	8.02693e-09
16.8967	7.94759e-09
16.9033	7.86904e-09
16.91	7.79125e-09
16.9167	7.71421e-09
16.9233	7.63794e-09
16.93	7.5624e-09
16.9367	7.48761e-09
16.9433	7.41354e-09
16.95	7.3402e-09
16.9567	7.26758e-09
16.9633	7.19566e-09
16.97	7.12445e-09
16.9767	7.05394e-09
16.9833	6.98412e-09
16.99	6.91498e-09
16.9967	6.84652e-09
17.0033	6.77873e-09
17.01	6.71161e-09
17.0167	6.64516e-09
17.0233	6.57936e-09
17.03	6.51421e-09
17.0367	6.44971e-09
17.0433	6.38584e-09
17.05	6.32261e-09
17.0567	6.26e-09
17.0633	6.19801e-09
17.07	6.13663e-09
17.0767	6.07586e-09
17.0833	6.01569e-09
17.09	5.95612e-09
17.0967	5.89714e-09
17.1033	5.83873e-09
17.11	5.78091e-09
17.1167	5.72366e-09
17.1233	5.66697e-09
17.13	5.61085e-09
17.1367	5.55528e-09
17.1433	5.50026e-09
17.15	5.44578e-09
17.1567	5.39184e-09
17.1633	5.33844e-09
17.17	5.28556e-09
17.1767	5.23321e-09
17.1833	5.18138e-09
17.19	5.13005e-09
17.1967	5.07924e-09
17.2033	5.02892e-09
17.21	4.97911e-09
17.2167	4.92979e-09
17.2233	4.88095e-09
17.23	4.8326e-09
17.2367	4.78472e-09
17.2433	4.73732e-09
17.25	4.69039e-09
17.2567	4.64392e-09
17.2633	4.59791e-09
17.27	4.55235e-09
17.2767	4.50725e-09
17.2833	4.46259e-09
17.29	4.41837e-09
17.2967	4.37459e-09
17.3033	4.33124e-09
17.31	4.28832e-09
17.3167	4.24583e-09
17.3233	4.20376e-09
17.33	4.1621e-09
17.3367	4.12085e-09
17.3433	4.08001e-09
17.35	4.03958e-09
17.3567	3.99954e-09
17.3633	3.9599e-09
17.37	3.92066e-09
17.3767	3.8818e-09
17.3833	3.84332e-09
17.39	3.80523e-09
17.3967	3.76751e-09
17.4033	3.73017e-09
17.41	3.69319e-09
17.4167	3.65658e-09
17.4233	3.62033e-09
17.43	3.58444e-09
17.4367	3.54891e-09
17.4433	3.51372e-09
17.45	3.47888e-09
17.4567	3.44439e-09
17.4633	3.41024e-09
17.47	3.37642e-09
17.4767	3.34294e-09
17.4833	3.30979e-09
17.49	3.27697e-09
17.4967	3.24448e-09
17.5033	3.2123e-09
17.51	3.18044e-09
17.5167	3.1489e-09
17.5233	3.11767e-09
17.53	3.08675e-09
17.5367	3.05614e-09
17.5433	3.02583e-09
17.55	2.99582e-09
17.5567	2.9661e-09
17.5633	2.93668e-09
17.57	2.90755e-09
17.5767	2.87871e-09
17.5833	2.85016e-09
17.59	2.82189e-09
17.5967	2.7939e-09
17.6033	2.76618e-09
17.61	2.73874e-09
17.6167	2.71158e-09
17.6233	2.68468e-09
17.63	2.65805e-09
17.6367	2.63168e-09
17.6433	2.60558e-09
17.65	2.57973e-09
17.6567	2.55415e-09
17.6633	2.52881e-09
17.67	2.50373e-09
17.6767	2.4789e-09
17.6833	2.45431e-09
17.69	2.42997e-09
17.6967	2.40586e-09
17.7033	2.382e-09
17.71	2.35838e-09
17.7167	2.33499e-09
17.7233	2.31183e-09
17.73	2.2889e-09
17.7367	2.2662e-09
17.7433	2.24373e-09
17.75	2.22147e-09
17.7567	2.19944e-09
17.7633	2.17763e-09
17.77	2.15604e-09
17.7767	2.13466e-09
17.7833	2.11349e-09
17.79	2.09253e-09
17.7967	2.07178e-09
17.8033	2.05124e-09
17.81	2.0309e-09
17.8167	2.01076e-09
17.8233	1.99083e-09
17.83	1.97109e-09
17.8367	1.95155e-09
17.8433	1.93221e-09
17.85	1.91305e-09
17.8567	1.89409e-09
17.8633	1.87532e-09
17.87	1.85673e-09
17.8767	1.83833e-09
17.8833	1.82011e-09
17.89	1.80207e-09
17.8967	1.78422e-09
17.9033	1.76653e-09
17.91	1.74903e-09
17.9167	1.7317e-09
17.9233	1.71454e-09
17.93	1.69755e-09
17.9367	1.68074e-09
17.9433	1.66409e-09
17.95	1.6476e-09
17.9567	1.63128e-09
17.9633	1.61512e-09
17.97	1.59912e-09
17.9767	1.58328e-09
17.9833	1.5676e-09
17.99	1.55207e-09
17.9967	1.5367e-09
18.0033	1.52148e-09
18.01	1.50641e-09
18.0167	1.49149e-09
18.0233	1.47671e-09
18.03	1.46209e-09
18.0367	1.4476e-09
18.0433	1.43327e-09
18.05	1.41907e-09
18.0567	1.40501e-09
18.0633	1.39109e-09
18.07	1.37731e-09
18.0767	1.36367e-09
18.0833	1.35016e-09
18.09	1.33679e-09
18.0967	1.32354e-09
18.1033	1.31043e-09
18.11	1.29745e-09
18.1167	1.2846e-09
18.1233	1.27187e-09
18.13	1.25927e-09
18.1367	1.2468e-09
18.1433	1.23445e-09
18.15	1.22222e-09
18.1567	1.21011e-09
18.1633	1.19812e-09
18.17	1.18625e-09
18.1767	1.1745e-09
18.1833	1.16287e-09
18.19	1.15135e-09
18.1967	1.13994e-09
18.2033	1.12865e-09
18.21	1.11747e-09
18.2167	1.10639e-09
18.2233	1.09543e-09
18.23	1.08458e-09
18.2367	1.07383e-09
18.2433	1.06318e-09
18.25	1.05265e-09
18.2567	1.04221e-09
18.2633	1.03188e-09
18.27	1.02165e-09
18.2767	1.01152e-09
18.2833	1.00149e-09
18.29	9.91566e-10
18.2967	9.81736e-10
18.3033	9.72002e-10
18.31	9.62366e-10
18.3167	9.52825e-10
18.3233	9.43379e-10
18.33	9.34026e-10
18.3367	9.24767e-10
18.3433	9.156e-10
18.35	9.06524e-10
18.3567	8.97539e-10
18.3633	8.88643e-10
18.37	8.79836e-10
18.3767	8.71118e-10
18.3833	8.62486e-10
18.39	8.53941e-10
18.3967	8.45481e-10
18.4033	8.37107e-10
18.41	8.28817e-10
18.4167	8.2061e-10
18.4233	8.12487e-10
18.43	8.04446e-10
18.4367	7.96487e-10
18.4433	7.88608e-10
18.45	7.80808e-10
18.4567	7.73088e-10
18.4633	7.65447e-10
18.47	7.57883e-10
18.4767	7.50395e-10
18.4833	7.42984e-10
18.49	7.35648e-10
18.4967	7.28387e-10
18.5033	7.212e-10
18.51	7.14086e-10
18.5167	7.07044e-10
18.5233	7.00075e-10
18.53	6.93177e-10
18.5367	6.86349e-10
18.5433	6.79591e-10
18.55	6.72903e-10
18.5567	6.66283e-10
18.5633	6.59731e-10
18.57	6.53246e-10
18.5767	6.46827e-10
18.5833	6.40475e-10
18.59	6.34188e-10
18.5967	6.27965e-10
18.6033	6.21807e-10
18.61	6.15712e-10
18.6167	6.0968e-10
18.6233	6.0371e-10
18.63	5.97802e-10
18.6367	5.91955e-10
18.6433	5.86169e-10
18.65	5.80442e-10
18.6567	5.74775e-10
18.6633	5.69167e-10
18.67	5.63617e-10
18.6767	5.58124e-10
18.6833	5.52689e-10
18.69	5.4731e-10
18.6967	5.41987e-10
18.7033	5.3672e-10
18.71	5.31508e-10
18.7167	5.2635e-10
18.7233	5.21246e-10
18.73	5.16195e-10
18.7367	5.11197e-10
18.7433	5.06252e-10
18.75	5.01358e-10
18.7567	4.96516e-10
18.7633	4.91725e-10
18.77	4.86984e-10
18.7767	4.82293e-10
18.7833	4.77652e-10
18.79	4.73059e-10
18.7967	4.68515e-10
18.8033	4.64019e-10
18.81	4.59571e-10
18.8167	4.5517e-10
18.8233	4.50815e-10
18.83	4.46507e-10
18.8367	4.42245e-10
18.8433	4.38027e-10
18.85	4.33855e-10
18.8567	4.29728e-10
18.8633	4.25644e-10
18.87	4.21605e-10
18.8767	4.17608e-10
18.8833	4.13655e-10
18.89	4.09744e-10
18.8967	4.05875e-10
18.9033	4.02048e-10
18.91	3.98262e-10
18.9167	3.94517e-10
18.9233	3.90813e-10
18.93	3.87148e-10
18.9367	3.83524e-10
18.9433	3.79939e-10
18.95	3.76393e-10
18.9567	3.72886e-10
18.9633	3.69418e-10
18.97	3.65987e-10
18.9767	3.62594e-10
18.9833	3.59239e-10
18.99	3.5592e-10
18.9967	3.52638e-10
19.0033	3.49392e-10
19.01	3.46183e-10
19.0167	3.43009e-10
19.0233	3.3987e-10
19.03	3.36766e-10
19.0367	3.33697e-10
19.0433	3.30663e-10
19.05	3.27662e-10
19.0567	3.24695e-10
19.0633	3.21762e-10
19.07	3.18862e-10
19.0767	3.15995e-10
19.0833	3.1316e-10
19.09	3.10358e-10
19.0967	3.07588e-10
19.1033	3.04849e-10
19.11	3.02142e-10
19.1167	2.99466e-10
19.1233	2.9682e-10
19.13	2.94206e-10
19.1367	2.91622e-10
19.1433	2.89067e-10
19.15	2.86543e-10
19.1567	2.84048e-10
19.1633	2.81582e-10
19.17	2.79146e-10
19.1767	2.76738e-10
19.1833	2.74359e-10
19.19	2.72008e-10
19.1967	2.69685e-10
19.2033	2.67389e-10
19.21	2.65122e-10
19.2167	2.62881e-10
19.2233	2.60668e-10
19.23	2.58481e-10
19.2367	2.56321e-10
19.2433	2.54188e-10
19.25	2.5208e-10
19.2567	2.49999e-10
19.2633	2.47943e-10
19.27	2.45913e-10
19.2767	2.43908e-10
19.2833	2.41929e-10
19.29	2.39974e-10
19.2967	2.38044e-10
19.3033	2.36138e-10
19.31	2.34257e-10
19.3167	2.324e-10
19.3233	2.30566e-10
19.33	2.28757e-10
19.3367	2.26971e-10
19.3433	2.25208e-10
19.35	2.23469e-10
19.3567	2.21753e-10
19.3633	2.20059e-10
19.37	2.18388e-10
19.3767	2.1674e-10
19.3833	2.15114e-10
19.39	2.1351e-10
19.3967	2.11928e-10
19.4033	2.10368e-10
19.41	2.08829e-10
19.4167	2.07312e-10
19.4233	2.05816e-10
19.43	2.04342e-10
19.4367	2.02889e-10
19.4433	2.01456e-10
19.45	2.00044e-10
19.4567	1.98653e-10
19.4633	1.97282e-10
19.47	1.95932e-10
19.4767	1.94601e-10
19.4833	1.93291e-10
19.49	1.92e-10
19.4967	1.9073e-10
19.5033	1.89479e-10
19.51	1.88247e-10
19.5167	1.87035e-10
19.5233	1.85842e-10
19.53	1.84668e-10
19.5367	1.83513e-10
19.5433	1.82377e-10
19.55	1.8126e-10
19.5567	1.80162e-10
19.5633	1.79082e-10
19.57	1.7802e-10
19.5767	1.76977e-10
19.5833	1.75952e-10
19.59	1.74945e-10
19.5967	1.73956e-10
19.6033	1.72985e-10
19.61	1.72031e-10
19.6167	1.71096e-10
19.6233	1.70177e-10
19.63	1.69277e-10
19.6367	1.68393e-10
19.6433	1.67528e-10
19.65	1.66679e-10
19.6567	1.65847e-10
19.6633	1.65033e-10
19.67	1.64235e-10
19.6767	1.63454e-10
19.6833	1.6269e-10
19.69	1.61942e-10
19.6967	1.61212e-10
19.7033	1.60497e-10
19.71	1.598e-10
19.7167	1.59118e-10
19.7233	1.58454e-10
19.73	1.57806e-10
19.7367	1.57175e-10
19.7433	1.5656e-10
19.75	1.55962e-10
19.7567	1.5538e-10
19.7633	1.54814e-10
19.77	1.54265e-10
19.7767	1.53732e-10
19.7833	1.53214e-10
19.79	1.52713e-10
19.7967	1.52228e-10
19.8033	1.51759e-10
19.81	1.51306e-10
19.8167	1.50868e-10
19.8233	1.50446e-10
19.83	1.5004e-10
19.8367	1.4965e-10
19.8433	1.49276e-10
19.85	1.48917e-10
19.8567	1.48573e-10
19.8633	1.48245e-10
19.87	1.47933e-10
19.8767	1.47636e-10
19.8833	1.47355e-10
19.89	1.47089e-10
19.8967	1.46839e-10
19.9033	1.46603e-10
19.91	1.46384e-10
19.9167	1.46179e-10
19.9233	1.4599e-10
19.93	1.45816e-10
19.9367	1.45657e-10
19.9433	1.45514e-10
19.95	1.45386e-10
19.9567	1.45273e-10
19.9633	1.45175e-10
19.97	1.45092e-10
19.9767	1.45025e-10
19.9833	1.44972e-10
19.99	1.44935e-10
19.9967	1.44913e-10
e
