5.1484506120676515e-03	6.8901573912278122e-02
1.5445351836202954e-02	6.8900477601377380e-02
2.5742253060338258e-02	6.8899143397678317e-02
3.6039154284473560e-02	6.8897571291720472e-02
4.6336055508608864e-02	6.8895821843396349e-02
5.6632956732744169e-02	6.8893966856610367e-02
6.6929857956879474e-02	6.8892133448611600e-02
7.7226759181014779e-02	6.8890425224553326e-02
8.7523660405150069e-02	6.8888798463015058e-02
9.7820561629285374e-02	6.8887337373313443e-02
1.0811746285342068e-01	6.8886069643481596e-02
1.1841436407755598e-01	6.8884916063944118e-02
1.2871126530169127e-01	6.8883883979996646e-02
1.3900816652582659e-01	6.8882936910101597e-02
1.4930506774996188e-01	6.8882100185619466e-02
1.5960196897409720e-01	6.8881367342796970e-02
1.6989887019823249e-01	6.8880715172142545e-02
1.8019577142236781e-01	6.8880129216241148e-02
1.9049267264650310e-01	6.8879588667020084e-02
2.0078957387063842e-01	6.8879101615013802e-02
2.1108647509477371e-01	6.8878634090089208e-02
2.2138337631890900e-01	6.8878157927793462e-02
2.3168027754304432e-01	6.8877674304116940e-02
2.4197717876717961e-01	6.8877184376633455e-02
2.5227407999131490e-01	6.8876689284703835e-02
2.6257098121545025e-01	6.8876133066039236e-02
2.7286788243958554e-01	6.8875489946184629e-02
2.8316478366372083e-01	6.8874755555702397e-02
2.9346168488785612e-01	6.8873925607489797e-02
3.0375858611199141e-01	6.8872995896411549e-02
3.1405548733612676e-01	6.8871940619893809e-02
3.2435238856026205e-01	6.8870751036722869e-02
3.3464928978439734e-01	6.8869421797522784e-02
3.4494619100853263e-01	6.8867947657774348e-02
3.5524309223266798e-01	6.8866323311225539e-02
3.6553999345680327e-01	6.8864525358323020e-02
3.7583689468093856e-01	6.8862548004509999e-02
3.8613379590507385e-01	6.8860385573339067e-02
3.9643069712920914e-01	6.8858032505412045e-02
4.0672759835334449e-01	6.8855484549632612e-02
4.1702449957747978e-01	6.8852743140872502e-02
4.2732140080161507e-01	6.8849803374241916e-02
4.3761830202575036e-01	6.8846660451457237e-02
4.4791520324988571e-01	6.8843309679791784e-02
4.5821210447402100e-01	6.8839746470983967e-02
4.6850900569815629e-01	6.8835966340225652e-02
4.7880590692229158e-01	6.8831964904927059e-02
4.8910280814642687e-01	6.8827737882787954e-02
4.9939970937056222e-01	6.8823281090679533e-02
5.0969661059469751e-01	6.8818592487539493e-02
5.1999351181883280e-01	6.8813670766016813e-02
5.3029041304296809e-01	6.8808512163171520e-02
5.4058731426710338e-01	6.8803113000379737e-02
5.5088421549123867e-01	6.8797469685462173e-02
5.6118111671537396e-01	6.8791578716720245e-02
5.7147801793950936e-01	6.8785436682310061e-02
5.8177491916364465e-01	6.8779040260128793e-02
5.9207182038777995e-01	6.8772386216893425e-02
6.0236872161191524e-01	6.8765471407213521e-02
6.1266562283605053e-01	6.8758292772658908e-02
6.2296252406018582e-01	6.8750847340823928e-02
6.3325942528432111e-01	6.8743132224387105e-02
6.4355632650845640e-01	6.8735144620168137e-02
6.5385322773259169e-01	6.8726881808192183e-02
6.6415012895672709e-01	6.8718341150747098e-02
6.7444703018086238e-01	6.8709520091440907e-02
6.8474393140499767e-01	6.8700416152583529e-02
6.9504083262913297e-01	6.8691026931425050e-02
7.0533773385326826e-01	6.8681350136345451e-02
7.1563463507740355e-01	6.8671385423077116e-02
7.2593153630153884e-01	6.8661130646295629e-02
7.3622843752567413e-01	6.8650583728068607e-02
7.4652533874980942e-01	6.8639742652104471e-02
7.5682223997394482e-01	6.8628605467821222e-02
7.6711914119808011e-01	6.8617170297549115e-02
7.7741604242221540e-01	6.8605435335659437e-02
7.8771294364635069e-01	6.8593398847610537e-02
7.9800984487048598e-01	6.8581059168713918e-02
8.0830674609462128e-01	6.8568414702912958e-02
8.1860364731875657e-01	6.8555463922272922e-02
8.2890054854289186e-01	6.8542205366527775e-02
8.3919744976702715e-01	6.8528637637078615e-02
8.4949435099116255e-01	6.8514759387568860e-02
8.5979125221529784e-01	6.8500569323450208e-02
8.7008815343943313e-01	6.8486066201481802e-02
8.8038505466356842e-01	6.8471248834217582e-02
8.9068195588770371e-01	6.8456116097827230e-02
9.0097885711183900e-01	6.8440666931256042e-02
9.1127575833597430e-01	6.8424900335386812e-02
9.2157265956010959e-01	6.8408815365122388e-02
9.3186956078424488e-01	6.8392411116680846e-02
9.4216646200838028e-01	6.8375686732305152e-02
9.5246336323251557e-01	6.8358641408228601e-02
9.6276026445665086e-01	6.8341274395846988e-02
9.7305716568078615e-01	6.8323585004439732e-02
9.8335406690492144e-01	6.8305572600539738e-02
9.9365096812905673e-01	6.8287236607121354e-02
1.0039478693531920e+00	6.8268576503245804e-02
1.0142447705773274e+00	6.8249633051126010e-02
1.0245416718014626e+00	6.8230411663677257e-02
1.0348385730255980e+00	6.8210912377164437e-02
1.0451354742497332e+00	6.8191135267602759e-02
1.0554323754738686e+00	6.8171080450116772e-02
1.0657292766980038e+00	6.8150748078452464e-02
1.0760261779221392e+00	6.8130138344335997e-02
1.0863230791462746e+00	6.8109251476825741e-02
1.0966199803704098e+00	6.8088087741670647e-02
1.1069168815945452e+00	6.8066647432790728e-02
1.1172137828186803e+00	6.8044930858761107e-02
1.1275106840428157e+00	6.8022938351076701e-02
1.1378075852669509e+00	6.8000670276925523e-02
1.1481044864910863e+00	6.7978127038272509e-02
1.1584013877152215e+00	6.7955309071234385e-02
1.1686982889393569e+00	6.7932216845461538e-02
1.1789951901634923e+00	6.7908850863509354e-02
1.1892920913876275e+00	6.7885211565903644e-02
1.1995889926117629e+00	6.7861299234302550e-02
1.2098858938358981e+00	6.7837100332644021e-02
1.2201827950600335e+00	6.7812598861215864e-02
1.2304796962841686e+00	6.7787794963683645e-02
1.2407765975083040e+00	6.7762688826198958e-02
1.2510734987324392e+00	6.7737280676747058e-02
1.2613703999565746e+00	6.7711570784514605e-02
1.2716673011807100e+00	6.7685559459237918e-02
1.2819642024048452e+00	6.7659247050544505e-02
1.2922611036289806e+00	6.7632633924301688e-02
1.3025580048531158e+00	6.7605720438377773e-02
1.3128549060772512e+00	6.7578529880329030e-02
1.3231518073013864e+00	6.7551070474199157e-02
1.3334487085255218e+00	6.7523342791315444e-02
1.3437456097496570e+00	6.7495347436040076e-02
1.3540425109737924e+00	6.7467085045216216e-02
1.3643394121979275e+00	6.7438556287481771e-02
1.3746363134220629e+00	6.7409761862645065e-02
1.3849332146461983e+00	6.7380702501068368e-02
1.3952301158703335e+00	6.7351378927204400e-02
1.4055270170944689e+00	6.7321791822415683e-02
1.4158239183186041e+00	6.7291941861851029e-02
1.4261208195427395e+00	6.7261829751976920e-02
1.4364177207668747e+00	6.7231456229931777e-02
1.4467146219910101e+00	6.7200822062884996e-02
1.4570115232151453e+00	6.7169928047387764e-02
1.4673084244392807e+00	6.7138774905798407e-02
1.4776053256634161e+00	6.7107363180649332e-02
1.4879022268875512e+00	6.7075693341662274e-02
1.4981991281116867e+00	6.7043765894632040e-02
1.5084960293358218e+00	6.7011601894987449e-02
1.5187929305599572e+00	6.6979244601001145e-02
1.5290898317840924e+00	6.6946694762593850e-02
1.5393867330082278e+00	6.6913953155072217e-02
1.5496836342323630e+00	6.6881020578763231e-02
1.5599805354564984e+00	6.6847897859360295e-02
1.5702774366806338e+00	6.6814585847133373e-02
1.5805743379047690e+00	6.6781085416080618e-02
1.5908712391289044e+00	6.6747397463180244e-02
1.6011681403530396e+00	6.6713522907655823e-02
1.6114650415771750e+00	6.6679462690257166e-02
1.6217619428013101e+00	6.6645217772554430e-02
1.6320588440254455e+00	6.6610789136247045e-02
1.6423557452495807e+00	6.6576177782484022e-02
1.6526526464737161e+00	6.6541384731198208e-02
1.6629495476978515e+00	6.6506411020451545e-02
1.6732464489219867e+00	6.6471257705793901e-02
1.6835433501461221e+00	6.6435925859493719e-02
1.6938402513702573e+00	6.6400416569516507e-02
1.7041371525943927e+00	6.6364730939084848e-02
1.7144340538185279e+00	6.6328870086246661e-02
1.7247309550426633e+00	6.6292835142576764e-02
1.7350278562667985e+00	6.6256627253011693e-02
1.7453247574909339e+00	6.6220247576318586e-02
1.7556216587150693e+00	6.6183697284393439e-02
1.7659185599392044e+00	6.6146977561402392e-02
1.7762154611633398e+00	6.6110089603245617e-02
1.7865123623874750e+00	6.6073034617040144e-02
1.7968092636116104e+00	6.6035813820674194e-02
1.8071061648357456e+00	6.5998428442379881e-02
1.8174030660598810e+00	6.5960879720155394e-02
1.8276999672840162e+00	6.5923168901182341e-02
1.8379968685081516e+00	6.5885297240739354e-02
1.8482937697322870e+00	6.5847265999997739e-02
1.8585906709564222e+00	6.5809076445825773e-02
1.8688875721805576e+00	6.5770729850822093e-02
1.8791844734046927e+00	6.5732227493442902e-02
1.8894813746288281e+00	6.5693570658960032e-02
1.8997782758529633e+00	6.5654760639027851e-02
1.9100751770770987e+00	6.5615760285907890e-02
1.9203720783012339e+00	6.5576529020906979e-02
1.9306689795253693e+00	6.5537068193915610e-02
1.9409658807495047e+00	6.5497379168807116e-02
1.9512627819736399e+00	6.5457463319371856e-02
1.9615596831977753e+00	6.5417322029635863e-02
1.9718565844219105e+00	6.5376956694489230e-02
1.9821534856460459e+00	6.5336368718905705e-02
1.9924503868701811e+00	6.5295559517499477e-02
2.0027472880943162e+00	6.5254530514118669e-02
2.0130441893184519e+00	6.5213283141600492e-02
2.0233410905425870e+00	6.5171818841304380e-02
2.0336379917667222e+00	6.5130139062542586e-02
2.0439348929908578e+00	6.5088245262406988e-02
2.0542317942149930e+00	6.5046138905304529e-02
2.0645286954391282e+00	6.5003821462315536e-02
2.0748255966632634e+00	6.4961294410798995e-02
2.0851224978873990e+00	6.4918559234004261e-02
2.0954193991115342e+00	6.4875617420689813e-02
2.1057163003356694e+00	6.4832474857769634e-02
2.1160132015598045e+00	6.4789208251838371e-02
2.1263101027839402e+00	6.4745818981348582e-02
2.1366070040080754e+00	6.4702308423105162e-02
2.1469039052322105e+00	6.4658677951677956e-02
2.1572008064563462e+00	6.4614928939156949e-02
2.1674977076804813e+00	6.4571062754978814e-02
2.1777946089046165e+00	6.4527080766097103e-02
2.1880915101287517e+00	6.4482984341308322e-02
2.1983884113528873e+00	6.4438774858221803e-02
2.2086853125770225e+00	6.4394435612510043e-02
2.2189822138011577e+00	6.4349933484258659e-02
2.2292791150252933e+00	6.4305269952864910e-02
2.2395760162494285e+00	6.4260446496220869e-02
2.2498729174735637e+00	6.4215464590473045e-02
2.2601698186976988e+00	6.4170325709778875e-02
2.2704667199218345e+00	6.4125031326065868e-02
2.2807636211459696e+00	6.4079582908799809e-02
2.2910605223701048e+00	6.4033981923325628e-02
2.3013574235942400e+00	6.3988229828282825e-02
2.3116543248183756e+00	6.3942328076948607e-02
2.3219512260425108e+00	6.3896278119475486e-02
2.3322481272666460e+00	6.3850081402655273e-02
2.3425450284907816e+00	6.3803739369690179e-02
2.3528419297149168e+00	6.3757253459976501e-02
2.3631388309390520e+00	6.3710625108890445e-02
2.3734357321631872e+00	6.3663855747577533e-02
2.3837326333873228e+00	6.3616946802754121e-02
2.3940295346114580e+00	6.3569899718361730e-02
2.4043264358355931e+00	6.3522715991328513e-02
2.4146233370597288e+00	6.3475397147420246e-02
2.4249202382838639e+00	6.3427944703508446e-02
2.4352171395079991e+00	6.3380360167445624e-02
2.4455140407321343e+00	6.3332645037943544e-02
2.4558109419562699e+00	6.3284800804459973e-02
2.4661078431804051e+00	6.3236828976152973e-02
2.4764047444045403e+00	6.3188731129573517e-02
2.4867016456286755e+00	6.3140508876720597e-02
2.4969985468528111e+00	6.3092163815042721e-02
2.5072954480769463e+00	6.3043686953983782e-02
2.5175923493010814e+00	6.2995039823857957e-02
2.5278892505252171e+00	6.2946224143214533e-02
2.5381861517493522e+00	6.2897241618417518e-02
2.5484830529734874e+00	6.2848093943584038e-02
2.5587799541976226e+00	6.2798782800671318e-02
2.5690768554217582e+00	6.2749309859378127e-02
2.5793737566458934e+00	6.2699676777044397e-02
2.5896706578700286e+00	6.2649885198562710e-02
2.5999675590941642e+00	6.2599936756294647e-02
2.6102644603182994e+00	6.2549833069993954e-02
2.6205613615424346e+00	6.2499575746734592e-02
2.6308582627665698e+00	6.2449166380844433e-02
2.6411551639907054e+00	6.2398606553840191e-02
2.6514520652148406e+00	6.2347897834366124e-02
2.6617489664389757e+00	6.2297041778136573e-02
2.6720458676631109e+00	6.2246039927885181e-02
2.6823427688872465e+00	6.2194893813314479e-02
2.6926396701113817e+00	6.2143604951041820e-02
2.7029365713355169e+00	6.2092174844561927e-02
2.7132334725596525e+00	6.2040604984191262e-02
2.7235303737837877e+00	6.1988896846790646e-02
2.7338272750079229e+00	6.1937051895762568e-02
2.7441241762320581e+00	6.1885071581090287e-02
2.7544210774561937e+00	6.1832957339356842e-02
2.7647179786803289e+00	6.1780710593907093e-02
2.7750148799044640e+00	6.1728332754833110e-02
2.7853117811285997e+00	6.1675825218960943e-02
2.7956086823527349e+00	6.1623189369842075e-02
2.8059055835768700e+00	6.1570428345701672e-02
2.8162024848010052e+00	6.1517565726994156e-02
2.8264993860251408e+00	6.1464602759088549e-02
2.8367962872492760e+00	6.1411540673656992e-02
2.8470931884734112e+00	6.1358380688691219e-02
2.8573900896975464e+00	6.1305124008547478e-02
2.8676869909216820e+00	6.1251771823985612e-02
2.8779838921458172e+00	6.1198325312226694e-02
2.8882807933699524e+00	6.1144785637032489e-02
2.8985776945940880e+00	6.1091153948759386e-02
2.9088745958182232e+00	6.1037431384412047e-02
2.9191714970423583e+00	6.0983619067715510e-02
2.9294683982664935e+00	6.0929718109251872e-02
2.9397652994906291e+00	6.0875729606393793e-02
2.9500622007147643e+00	6.0821654642603272e-02
2.9603591019388995e+00	6.0767494287676173e-02
2.9706560031630351e+00	6.0713249598509454e-02
2.9809529043871703e+00	6.0658921619153643e-02
2.9912498056113055e+00	6.0604511380880320e-02
3.0015467068354407e+00	6.0550019902249938e-02
3.0118436080595763e+00	6.0495463172765600e-02
3.0221405092837115e+00	6.0440850162544316e-02
3.0324374105078467e+00	6.0386181750726256e-02
3.0427343117319818e+00	6.0331458803996971e-02
3.0530312129561175e+00	6.0276682176683208e-02
3.0633281141802526e+00	6.0221852710851481e-02
3.0736250154043878e+00	6.0166971236405652e-02
3.0839219166285234e+00	6.0112038571187847e-02
3.0942188178526586e+00	6.0057055521078304e-02
3.1045157190767938e+00	6.0002022880104221e-02
3.1148126203009290e+00	5.9946941430581713e-02
3.1251095215250646e+00	5.9891811943209645e-02
3.1354064227491998e+00	5.9836635177130823e-02
3.1457033239733350e+00	5.9781411880037799e-02
3.1560002251974706e+00	5.9726142788277307e-02
3.1662971264216058e+00	5.9670828626957835e-02
3.1765940276457409e+00	5.9615470110054324e-02
3.1868909288698761e+00	5.9560067941523256e-02
3.1971878300940118e+00	5.9504622818244063e-02
3.2074847313181469e+00	5.9449135428796172e-02
3.2177816325422821e+00	5.9393606450575245e-02
3.2280785337664173e+00	5.9338036549915971e-02
3.2383754349905529e+00	5.9282426382213017e-02
3.2486723362146881e+00	5.9226776592043569e-02
3.2589692374388233e+00	5.9171087813288642e-02
3.2692661386629589e+00	5.9115360669255247e-02
3.2795630398870941e+00	5.9059595772796701e-02
3.2898599411112293e+00	5.9003793726947473e-02
3.3001568423353644e+00	5.8947955126499543e-02
3.3104537435595001e+00	5.8892080557479937e-02
3.3207506447836352e+00	5.8836170595745238e-02
3.3310475460077704e+00	5.8780225807109163e-02
3.3413444472319056e+00	5.8724246747467360e-02
3.3516413484560412e+00	5.8668233962921770e-02
3.3619382496801764e+00	5.8612187989904037e-02
3.3722351509043116e+00	5.8556109355299930e-02
3.3825320521284472e+00	5.8499998576572079e-02
3.3928289533525824e+00	5.8443856162660748e-02
3.4031258545767176e+00	5.8387682616297551e-02
3.4134227558008527e+00	5.8331478433108284e-02
3.4237196570249884e+00	5.8275244099424958e-02
3.4340165582491236e+00	5.8218980092417834e-02
3.4443134594732587e+00	5.8162686880225661e-02
3.4546103606973944e+00	5.8106364922085596e-02
3.4649072619215295e+00	5.8050014671467566e-02
3.4752041631456647e+00	5.7993636584730307e-02
3.4855010643697999e+00	5.7937231117456835e-02
3.4957979655939355e+00	5.7880798715647878e-02
3.5060948668180707e+00	5.7824339815881642e-02
3.5163917680422059e+00	5.7767854845473435e-02
3.5266886692663411e+00	5.7711344222631543e-02
3.5369855704904767e+00	5.7654808356595519e-02
3.5472824717146119e+00	5.7598247647790528e-02
3.5575793729387470e+00	5.7541662487995235e-02
3.5678762741628827e+00	5.7485053260490214e-02
3.5781731753870178e+00	5.7428420340204948e-02
3.5884700766111530e+00	5.7371764093862312e-02
3.5987669778352882e+00	5.7315084880122068e-02
3.6090638790594238e+00	5.7258386889142615e-02
3.6193607802835590e+00	5.7201676689712364e-02
3.6296576815076942e+00	5.7144954571209147e-02
3.6399545827318298e+00	5.7088220815723921e-02
3.6502514839559650e+00	5.7031475698196568e-02
3.6605483851801002e+00	5.6974719486550522e-02
3.6708452864042354e+00	5.6917952441824751e-02
3.6811421876283710e+00	5.6861174818304418e-02
3.6914390888525062e+00	5.6804386863648346e-02
3.7017359900766413e+00	5.6747588819016204e-02
3.7120328913007765e+00	5.6690780919192989e-02
3.7223297925249121e+00	5.6633963392697724e-02
3.7326266937490473e+00	5.6577136461905722e-02
3.7429235949731825e+00	5.6520300343172111e-02
3.7532204961973181e+00	5.6463455246950352e-02
3.7635173974214533e+00	5.6406601377918461e-02
3.7738142986455885e+00	5.6349738935092167e-02
3.7841111998697237e+00	5.6292868111936810e-02
3.7944081010938593e+00	5.6235989096477243e-02
3.8047050023179945e+00	5.6179102071406820e-02
3.8150019035421296e+00	5.6122207214193406e-02
3.8252988047662653e+00	5.6065304697183814e-02
3.8355957059904005e+00	5.6008394687706915e-02
3.8458926072145356e+00	5.5951477348183162e-02
3.8561895084386708e+00	5.5894552836223896e-02
3.8664864096628064e+00	5.5837621304728233e-02
3.8767833108869416e+00	5.5780682901979239e-02
3.8870802121110768e+00	5.5723737771732236e-02
3.8973771133352120e+00	5.5666786053308062e-02
3.9076740145593476e+00	5.5609827881685239e-02
3.9179709157834828e+00	5.5552863387590204e-02
3.9282678170076180e+00	5.5495892697585134e-02
3.9385647182317536e+00	5.5438915934155564e-02
3.9488616194558888e+00	5.5381933215775621e-02
3.9591585206800239e+00	5.5324944656996798e-02
3.9694554219041591e+00	5.5267950368552504e-02
3.9797523231282947e+00	5.5210950457438866e-02
3.9900492243524299e+00	5.5153945026991814e-02
4.0003461255765655e+00	5.5096934176965609e-02
4.0106430268007003e+00	5.5039909109475350e-02
4.0209399280248359e+00	5.4982862198480462e-02
4.0312368292489715e+00	5.4925793604550625e-02
4.0415337304731063e+00	5.4868703484524731e-02
4.0518306316972419e+00	5.4811591991581379e-02
4.0621275329213766e+00	5.4754459275309530e-02
4.0724244341455123e+00	5.4697305481776148e-02
4.0827213353696479e+00	5.4640130753595847e-02
4.0930182365937826e+00	5.4582935229996375e-02
4.1033151378179182e+00	5.4525719046886023e-02
4.1136120390420539e+00	5.4468482336925812e-02
4.1239089402661886e+00	5.4411225229595371e-02
4.1342058414903242e+00	5.4353947851245456e-02
4.1445027427144598e+00	5.4296650325160019e-02
4.1547996439385946e+00	5.4239332771615613e-02
4.1650965451627302e+00	5.4181995307943209e-02
4.1753934463868649e+00	5.4124638048586041e-02
4.1856903476110006e+00	5.4067261105207348e-02
4.1959872488351362e+00	5.4009864587044321e-02
4.2062841500592709e+00	5.3952448600891975e-02
4.2165810512834065e+00	5.3895013250843761e-02
4.2268779525075422e+00	5.3837558638348326e-02
4.2371748537316769e+00	5.3780084862263086e-02
4.2474717549558125e+00	5.3722592018907014e-02
4.2577686561799482e+00	5.3665080202110846e-02
4.2680655574040829e+00	5.3607549503266350e-02
4.2783624586282185e+00	5.3550000011374894e-02
4.2886593598523541e+00	5.3492431813121515e-02
4.2989562610764889e+00	5.3434844993085158e-02
4.3092531623006245e+00	5.3377239633745285e-02
4.3195500635247592e+00	5.3319615815358899e-02
4.3298469647488949e+00	5.3261973616005952e-02
4.3401438659730305e+00	5.3204313111634184e-02
4.3504407671971652e+00	5.3146634376103147e-02
4.3607376684213008e+00	5.3088937481227477e-02
4.3710345696454365e+00	5.3031222496819443e-02
4.3813314708695712e+00	5.2973489490730913e-02
4.3916283720937068e+00	5.2915738528901787e-02
4.4019252733178424e+00	5.2857969675445766e-02
4.4122221745419772e+00	5.2800182992678989e-02
4.4225190757661128e+00	5.2742378541112349e-02
4.4328159769902475e+00	5.2684556379490224e-02
4.4431128782143832e+00	5.2626716564828466e-02
4.4534097794385188e+00	5.2568859152451783e-02
4.4637066806626535e+00	5.2510984196094242e-02
4.4740035818867891e+00	5.2453091748330925e-02
4.4843004831109248e+00	5.2395181860517344e-02
4.4945973843350595e+00	5.2337254582415088e-02
4.5048942855591951e+00	5.2279309962227911e-02
4.5151911867833308e+00	5.2221367688776797e-02
4.5254880880074655e+00	5.2163428228383685e-02
4.5357849892316011e+00	5.2105491548352312e-02
4.5460818904557359e+00	5.2047557615071335e-02
4.5563787916798715e+00	5.1989626394043427e-02
4.5666756929040071e+00	5.1931697849914256e-02
4.5769725941281418e+00	5.1873771946500717e-02
4.5872694953522775e+00	5.1815848646818638e-02
4.5975663965764131e+00	5.1757927913109840e-02
4.6078632978005478e+00	5.1700009706868603e-02
4.6181601990246834e+00	5.1642093988867495e-02
4.6284571002488191e+00	5.1584180719182811e-02
4.6387540014729538e+00	5.1526269857219177e-02
4.6490509026970894e+00	5.1468361361733835e-02
4.6593478039212242e+00	5.1410455190860210e-02
4.6696447051453598e+00	5.1352551302131080e-02
4.6799416063694954e+00	5.1294649652501093e-02
4.6902385075936301e+00	5.1236750198368826e-02
4.7005354088177658e+00	5.1178852895598440e-02
4.7108323100419014e+00	5.1120957699540823e-02
4.7211292112660361e+00	5.1063064565054848e-02
4.7314261124901718e+00	5.1005173446527330e-02
4.7417230137143074e+00	5.0947284297892526e-02
4.7520199149384421e+00	5.0889397072651145e-02
4.7623168161625777e+00	5.0831511723888181e-02
4.7726137173867134e+00	5.0773628204291064e-02
4.7829106186108481e+00	5.0715746466167423e-02
4.7932075198349837e+00	5.0657866461462420e-02
4.8035044210591185e+00	5.0599988141775742e-02
4.8138013222832541e+00	5.0542111458378169e-02
4.8240982235073897e+00	5.0484236362227694e-02
4.8343951247315244e+00	5.0426362803985242e-02
4.8446920259556601e+00	5.0368490734030408e-02
4.8549889271797957e+00	5.0310620102476354e-02
4.8652858284039304e+00	5.0252750859184778e-02
4.8755827296280660e+00	5.0194882953780100e-02
4.8858796308522017e+00	5.0137016335662789e-02
4.8961765320763364e+00	5.0079150954023023e-02
4.9064734333004720e+00	5.0021286757854021e-02
4.9167703345246068e+00	4.9963423695964862e-02
4.9270672357487424e+00	4.9905561716993348e-02
4.9373641369728780e+00	4.9847700769418100e-02
4.9476610381970128e+00	4.9789840801573858e-02
4.9579579394211484e+00	4.9731981761663061e-02
4.9682548406452840e+00	4.9674123597763804e-02
4.9785517418694187e+00	4.9616266257840609e-02
4.9888486430935544e+00	4.9558409689755327e-02
4.9991455443176900e+00	4.9500553841277481e-02
5.0094424455418247e+00	4.9442690952834663e-02
5.0197393467659603e+00	4.9384810241302500e-02
5.0300362479900951e+00	4.9326911716148704e-02
5.0403331492142307e+00	4.9268995386396723e-02
5.0506300504383663e+00	4.9211061260638088e-02
5.0609269516625011e+00	4.9153109347044303e-02
5.0712238528866367e+00	4.9095139653378805e-02
5.0815207541107723e+00	4.9037152187008361e-02
5.0918176553349070e+00	4.8979146954914538e-02
5.1021145565590427e+00	4.8921123963704731e-02
5.1124114577831783e+00	4.8863083219623404e-02
5.1227083590073130e+00	4.8805024728562720e-02
5.1330052602314487e+00	4.8746948496072681e-02
5.1433021614555843e+00	4.8688854527371289e-02
5.1535990626797190e+00	4.8630742827354606e-02
5.1638959639038546e+00	4.8572613400606528e-02
5.1741928651279894e+00	4.8514466251408497e-02
5.1844897663521250e+00	4.8456301383749290e-02
5.1947866675762606e+00	4.8398118801353966e-02
5.2050835688003954e+00	4.8339918507692495e-02
5.2153804700245310e+00	4.8281700505968271e-02
5.2256773712486666e+00	4.8223464799126731e-02
5.2359742724728013e+00	4.8165211389863939e-02
5.2462711736969370e+00	4.8106940280634947e-02
5.2565680749210726e+00	4.8048651473661948e-02
5.2668649761452073e+00	4.7990344970942338e-02
5.2771618773693429e+00	4.7932020774256526e-02
5.2874587785934777e+00	4.7873678885175810e-02
5.2977556798176133e+00	4.7815319305076397e-02
5.3080525810417489e+00	4.7756942035146403e-02
5.3183494822658837e+00	4.7698547076386412e-02
5.3286463834900193e+00	4.7640134429616648e-02
5.3389432847141549e+00	4.7581704095483887e-02
5.3492401859382896e+00	4.7523256074468355e-02
5.3595370871624253e+00	4.7464790366890386e-02
5.3698339883865609e+00	4.7406306972917027e-02
5.3801308896106956e+00	4.7347805892568498e-02
5.3904277908348313e+00	4.7289287125724500e-02
5.4007246920589660e+00	4.7230750672132733e-02
5.4110215932831016e+00	4.7172196531415543e-02
5.4213184945072372e+00	4.7113624703073419e-02
5.4316153957313720e+00	4.7055035186490894e-02
5.4419122969555076e+00	4.6996427980942168e-02
5.4522091981796432e+00	4.6937803085596655e-02
5.4625060994037780e+00	4.6879160499524619e-02
5.4728030006279136e+00	4.6820500221709242e-02
5.4830999018520492e+00	4.6761822251052666e-02
5.4933968030761839e+00	4.6703126586374155e-02
5.5036937043003196e+00	4.6644413226415139e-02
5.5139906055244552e+00	4.6585682169844100e-02
5.5242875067485899e+00	4.6526933415261436e-02
5.5345844079727256e+00	4.6468166961204205e-02
5.5448813091968603e+00	4.6409382806150902e-02
5.5551782104209959e+00	4.6350580948525823e-02
5.5654751116451315e+00	4.6291761386703538e-02
5.5757720128692663e+00	4.6232924119013342e-02
5.5860689140934019e+00	4.6174069143743529e-02
5.5963658153175375e+00	4.6115196459145642e-02
5.6066627165416723e+00	4.6056306063438635e-02
5.6169596177658079e+00	4.5997397954812974e-02
5.6272565189899435e+00	4.5938472131434656e-02
5.6375534202140782e+00	4.5879528591449156e-02
5.6478503214382139e+00	4.5820567332985347e-02
5.6581472226623486e+00	4.5761588354159215e-02
5.6684441238864842e+00	4.5702591653077669e-02
5.6787410251106198e+00	4.5643577227842166e-02
5.6890379263347546e+00	4.5584545076552428e-02
5.6993348275588902e+00	4.5525495197309869e-02
5.7096317287830258e+00	4.5466427588221198e-02
5.7199286300071606e+00	4.5407342247401776e-02
5.7302255312312962e+00	4.5348239172979102e-02
5.7405224324554318e+00	4.5289118363096056e-02
5.7508193336795665e+00	4.5229979815914152e-02
5.7611162349037022e+00	4.5170823529616731e-02
5.7714131361278369e+00	4.5111649502412143e-02
5.7817100373519725e+00	4.5052457732536785e-02
5.7920069385761082e+00	4.4993248218258203e-02
5.8023038398002429e+00	4.4934020957878053e-02
5.8126007410243785e+00	4.4874775949735067e-02
5.8228976422485141e+00	4.4815513192207987e-02
5.8331945434726489e+00	4.4756232683718533e-02
5.8434914446967845e+00	4.4696934422734008e-02
5.8537883459209201e+00	4.4637618407770065e-02
5.8640852471450549e+00	4.4578284637393550e-02
5.8743821483691905e+00	4.4518933110225291e-02
5.8846790495933261e+00	4.4459563824942483e-02
5.8949759508174608e+00	4.4400176780281450e-02
5.9052728520415965e+00	4.4340771975040091e-02
5.9155697532657312e+00	4.4281349408080525e-02
5.9258666544898668e+00	4.4221909078331630e-02
5.9361635557140024e+00	4.4162450984791358e-02
5.9464604569381372e+00	4.4102975126529158e-02
5.9567573581622728e+00	4.4043481502688414e-02
5.9670542593864084e+00	4.3983970112488772e-02
5.9773511606105432e+00	4.3924440955228385e-02
5.9876480618346788e+00	4.3864894030286261e-02
5.9979449630588144e+00	4.3805329337124485e-02
6.0082418642829492e+00	4.3745744463242781e-02
6.0185387655070848e+00	4.3686133804848731e-02
6.0288356667312195e+00	4.3626497382551074e-02
6.0391325679553551e+00	4.3566835216946868e-02
6.0494294691794908e+00	4.3507147328624630e-02
6.0597263704036255e+00	4.3447433738167361e-02
6.0700232716277611e+00	4.3387694466155494e-02
6.0803201728518967e+00	4.3327929533170086e-02
6.0906170740760315e+00	4.3268138959795609e-02
6.1009139753001671e+00	4.3208322766622807e-02
6.1112108765243027e+00	4.3148480974252161e-02
6.1215077777484375e+00	4.3088613603295918e-02
6.1318046789725731e+00	4.3028720674381252e-02
6.1421015801967078e+00	4.2968802208153127e-02
6.1523984814208434e+00	4.2908858225277187e-02
6.1626953826449791e+00	4.2848888746442278e-02
6.1729922838691138e+00	4.2788893792363315e-02
6.1832891850932494e+00	4.2728873383783922e-02
6.1935860863173851e+00	4.2668827541479749e-02
6.2038829875415198e+00	4.2608756286261144e-02
6.2141798887656554e+00	4.2548659638975077e-02
6.2244767899897910e+00	4.2488537620507721e-02
6.2347736912139258e+00	4.2428390251787032e-02
6.2450705924380614e+00	4.2368217553785267e-02
6.2553674936621961e+00	4.2308019547521565e-02
6.2656643948863318e+00	4.2247796254064413e-02
6.2759612961104674e+00	4.2187547694534165e-02
6.2862581973346021e+00	4.2127273890105503e-02
6.2965550985587377e+00	4.2066974862009957e-02
6.3068519997828734e+00	4.2006650631538342e-02
6.3171489010070081e+00	4.1946301220043267e-02
6.3274458022311437e+00	4.1885926648941058e-02
6.3377427034552793e+00	4.1825526939714419e-02
6.3480396046794141e+00	4.1765102113914661e-02
6.3583365059035497e+00	4.1704652193164153e-02
6.3686334071276853e+00	4.1644177199158486e-02
6.3789303083518201e+00	4.1583677153668799e-02
6.3892272095759557e+00	4.1523152078544331e-02
6.3995241108000904e+00	4.1462601995714478e-02
6.4098210120242261e+00	4.1402026927190784e-02
6.4201179132483617e+00	4.1341426895069353e-02
6.4304148144724964e+00	4.1280801921532988e-02
6.4407117156966320e+00	4.1220152028853409e-02
6.4510086169207677e+00	4.1159477239393435e-02
6.4613055181449024e+00	4.1098777575609341e-02
6.4716024193690380e+00	4.1038053060052364e-02
6.4818993205931736e+00	4.0977303715371061e-02
6.4921962218173084e+00	4.0916529564313638e-02
6.5024931230414440e+00	4.0855730629729969e-02
6.5127900242655787e+00	4.0794906934573709e-02
6.5230869254897144e+00	4.0734058501904542e-02
6.5333838267138500e+00	4.0673185354889944e-02
6.5436807279379847e+00	4.0612287516807351e-02
6.5539776291621203e+00	4.0551365011046447e-02
6.5642745303862560e+00	4.0490417861110614e-02
6.5745714316103907e+00	4.0429446090619270e-02
6.5848683328345263e+00	4.0368449723309725e-02
6.5951652340586620e+00	4.0307428783039313e-02
6.6054621352827967e+00	4.0246383293787422e-02
6.6157590365069323e+00	4.0185313279657089e-02
6.6260559377310670e+00	4.0124218764877172e-02
6.6363528389552027e+00	4.0063099773804622e-02
6.6466497401793383e+00	4.0001956330925612e-02
6.6569466414034730e+00	3.9940788460857836e-02
6.6672435426276087e+00	3.9879596188352399e-02
6.6775404438517443e+00	3.9818379538295715e-02
6.6878373450758790e+00	3.9757138535711348e-02
6.6981342463000146e+00	3.9695873205761921e-02
6.7084311475241503e+00	3.9634583573750909e-02
6.7187280487482850e+00	3.9573269665124915e-02
6.7290249499724206e+00	3.9511931505474662e-02
6.7393218511965562e+00	3.9450569120537224e-02
6.7496187524206910e+00	3.9389182536197845e-02
6.7599156536448266e+00	3.9327771778491741e-02
6.7702125548689613e+00	3.9266336873606429e-02
6.7805094560930970e+00	3.9204877847882409e-02
6.7908063573172326e+00	3.9143394727815507e-02
6.8011032585413673e+00	3.9081887540058598e-02
6.8114001597655029e+00	3.9020356311423345e-02
6.8216970609896386e+00	3.8958801068882047e-02
6.8319939622137733e+00	3.8897221839569257e-02
6.8422908634379089e+00	3.8835618650783596e-02
6.8525877646620446e+00	3.8773991529989414e-02
6.8628846658861793e+00	3.8712340504818560e-02
6.8731815671103149e+00	3.8650665603072031e-02
6.8834784683344497e+00	3.8588966852721687e-02
6.8937753695585853e+00	3.8527244281911927e-02
6.9040722707827209e+00	3.8465497918961387e-02
6.9143691720068556e+00	3.8403727792364603e-02
6.9246660732309913e+00	3.8341933930793694e-02
6.9349629744551269e+00	3.8280116363099997e-02
6.9452598756792616e+00	3.8218275118315721e-02
6.9555567769033972e+00	3.8156410225655600e-02
6.9658536781275329e+00	3.8094521714518513e-02
6.9761505793516676e+00	3.8032609614489128e-02
6.9864474805758032e+00	3.7970673955339512e-02
6.9967443817999380e+00	3.7908714767030713e-02
7.0070412830240736e+00	3.7846724143754340e-02
7.0173381842482092e+00	3.7784666931595080e-02
7.0276350854723439e+00	3.7722543251079807e-02
7.0379319866964796e+00	3.7660353222679507e-02
7.0482288879206152e+00	3.7598096966815098e-02
7.0585257891447499e+00	3.7535774603863176e-02
7.0688226903688856e+00	3.7473386254161772e-02
7.0791195915930212e+00	3.7410932038016022e-02
7.0894164928171559e+00	3.7348412075703913e-02
7.0997133940412915e+00	3.7285826487481841e-02
7.1100102952654272e+00	3.7223175393590352e-02
7.1203071964895619e+00	3.7160458914259703e-02
7.1306040977136975e+00	3.7097677169715841e-02
7.1409009989378323e+00	3.7034830280185178e-02
7.1511979001619679e+00	3.6971918365900532e-02
7.1614948013861035e+00	3.6908941547106576e-02
7.1717917026102382e+00	3.6845899944065404e-02
7.1820886038343739e+00	3.6782793677061970e-02
7.1923855050585095e+00	3.6719622866409500e-02
7.2026824062826442e+00	3.6656387632454955e-02
7.2129793075067798e+00	3.6593088095584411e-02
7.2232762087309155e+00	3.6529724376228395e-02
7.2335731099550502e+00	3.6466296594867255e-02
7.2438700111791858e+00	3.6402804872036516e-02
7.2541669124033206e+00	3.6339249328332095e-02
7.2644638136274562e+00	3.6275630084415693e-02
7.2747607148515918e+00	3.6211947261019950e-02
7.2850576160757265e+00	3.6148200978953861e-02
7.2953545172998622e+00	3.6084391359107688e-02
7.3056514185239978e+00	3.6020518522458390e-02
7.3159483197481325e+00	3.5956582590074941e-02
7.3262452209722682e+00	3.5892583683122981e-02
7.3365421221964038e+00	3.5828521922870608e-02
7.3468390234205385e+00	3.5764397430692714e-02
7.3571359246446741e+00	3.5700210328076409e-02
7.3674328258688089e+00	3.5635960736626157e-02
7.3777297270929445e+00	3.5571648778068801e-02
7.3880266283170801e+00	3.5507274574258528e-02
7.3983235295412149e+00	3.5442838247181925e-02
7.4086204307653505e+00	3.5378339918962921e-02
7.4189173319894861e+00	3.5313779711867804e-02
7.4292142332136208e+00	3.5249157748310077e-02
7.4395111344377565e+00	3.5184474150855773e-02
7.4498080356618921e+00	3.5119729042227668e-02
7.4601049368860268e+00	3.5054922545310736e-02
7.4704018381101625e+00	3.4990054783156567e-02
7.4806987393342972e+00	3.4925125878988349e-02
7.4909956405584328e+00	3.4860135956205802e-02
7.5012925417825684e+00	3.4795085138389907e-02
7.5115894430067032e+00	3.4729973549307729e-02
7.5218863442308388e+00	3.4664801312917555e-02
7.5321832454549744e+00	3.4599568553372824e-02
7.5424801466791092e+00	3.4534275395027653e-02
7.5527770479032448e+00	3.4468921962440752e-02
7.5630739491273804e+00	3.4403508380380511e-02
7.5733708503515151e+00	3.4338034773829684e-02
7.5836677515756508e+00	3.4272501267989988e-02
7.5939646527997864e+00	3.4206907988286780e-02
7.6042615540239211e+00	3.4141255060373632e-02
7.6145584552480567e+00	3.4075542610136990e-02
7.6248553564721915e+00	3.4009770763700632e-02
7.6351522576963271e+00	3.3943939647430310e-02
7.6454491589204627e+00	3.3878049387938272e-02
7.6557460601445975e+00	3.3812100112087747e-02
7.6660429613687331e+00	3.3746091946997507e-02
7.6763398625928687e+00	3.3680025020046286e-02
7.6866367638170034e+00	3.3613899458877286e-02
7.6969336650411391e+00	3.3547715391402597e-02
7.7072305662652747e+00	3.3481472945808062e-02
7.7175274674894094e+00	3.3415172250556832e-02
7.7278243687135451e+00	3.3348813434394185e-02
7.7381212699376798e+00	3.3282396626351914e-02
7.7484181711618154e+00	3.3215921955752646e-02
7.7587150723859510e+00	3.3149389552214241e-02
7.7690119736100858e+00	3.3082799545654046e-02
7.7793088748342214e+00	3.3016152066293269e-02
7.7896057760583570e+00	3.2949447244661229e-02
7.7999026772824918e+00	3.2882685211599622e-02
7.8101995785066274e+00	3.2815866098266762e-02
7.8204964797307630e+00	3.2748990036141845e-02
7.8307933809548977e+00	3.2682057157029154e-02
7.8410902821790334e+00	3.2615067593062277e-02
7.8513871834031681e+00	3.2548021476708260e-02
7.8616840846273037e+00	3.2480918940771777e-02
7.8719809858514393e+00	3.2413760118399311e-02
7.8822778870755741e+00	3.2346545143083251e-02
7.8925747882997097e+00	3.2279274148666041e-02
7.9028716895238453e+00	3.2211947269344246e-02
7.9131685907479801e+00	3.2144564639672676e-02
7.9234654919721157e+00	3.2077126394568410e-02
7.9337623931962513e+00	3.2009632669314850e-02
7.9440592944203861e+00	3.1942083599565782e-02
7.9543561956445217e+00	3.1874479321349368e-02
7.9646530968686573e+00	3.1806819971072132e-02
7.9749499980927920e+00	3.1739105685522975e-02
7.9852468993169277e+00	3.1671336601877105e-02
7.9955438005410624e+00	3.1603512857700036e-02
8.0058407017651980e+00	3.1535636590375157e-02
8.0161376029893336e+00	3.1467735650564488e-02
8.0264345042134693e+00	3.1399810117121507e-02
8.0367314054376031e+00	3.1331860069290521e-02
8.0470283066617387e+00	3.1263885586708229e-02
8.0573252078858744e+00	3.1195886749405283e-02
8.0676221091100100e+00	3.1127863637807739e-02
8.0779190103341456e+00	3.1059816332738598e-02
8.0882159115582812e+00	3.0991744915419273e-02
8.0985128127824151e+00	3.0923649467471115e-02
8.1088097140065507e+00	3.0855530070916862e-02
8.1191066152306863e+00	3.0787386808182157e-02
8.1294035164548220e+00	3.0719219762097006e-02
8.1397004176789576e+00	3.0651029015897186e-02
8.1499973189030932e+00	3.0582814653225827e-02
8.1602942201272270e+00	3.0514576758134727e-02
8.1705911213513627e+00	3.0446315415085877e-02
8.1808880225754983e+00	3.0378030708952893e-02
8.1911849237996339e+00	3.0309722725022373e-02
8.2014818250237695e+00	3.0241391548995408e-02
8.2117787262479034e+00	3.0173037266988969e-02
8.2220756274720390e+00	3.0104659965537284e-02
8.2323725286961746e+00	3.0036259731593285e-02
8.2426694299203103e+00	2.9967836652530007e-02
8.2529663311444459e+00	2.9899390816141899e-02
8.2632632323685815e+00	2.9830922310646289e-02
8.2735601335927154e+00	2.9762431224684738e-02
8.2838570348168510e+00	2.9693917647324361e-02
8.2941539360409866e+00	2.9625381668059232e-02
8.3044508372651222e+00	2.9556823376811727e-02
8.3147477384892579e+00	2.9488242863933881e-02
8.3250446397133917e+00	2.9419640220208682e-02
8.3353415409375273e+00	2.9351015536851457e-02
8.3456384421616630e+00	2.9282368905511169e-02
8.3559353433857986e+00	2.9213700418271749e-02
8.3662322446099342e+00	2.9145010167653390e-02
8.3765291458340698e+00	2.9076298246613865e-02
8.3868260470582037e+00	2.9007564748549822e-02
8.3971229482823393e+00	2.8938809767298044e-02
8.4074198495064749e+00	2.8870033397136764e-02
8.4177167507306105e+00	2.8801235732786930e-02
8.4280136519547462e+00	2.8732416869413462e-02
8.4383105531788800e+00	2.8663576902626546e-02
8.4486074544030156e+00	2.8594715928482867e-02
8.4589043556271513e+00	2.8525834043486829e-02
8.4692012568512869e+00	2.8456931344591787e-02
8.4794981580754225e+00	2.8388007929201382e-02
8.4897950592995581e+00	2.8319063895170631e-02
8.5000919605236920e+00	2.8250099340807227e-02
8.5103888617478276e+00	2.8181114364872733e-02
8.5206857629719632e+00	2.8112109066583790e-02
8.5309826641960989e+00	2.8043083545613256e-02
8.5412795654202345e+00	2.7974037902091447e-02
8.5515764666443683e+00	2.7904972236607335e-02
8.5618733678685039e+00	2.7835886650209682e-02
8.5721702690926396e+00	2.7766781244408231e-02
8.5824671703167752e+00	2.7697656121174825e-02
8.5927640715409108e+00	2.7628511382944601e-02
8.6030609727650464e+00	2.7559347132617103e-02
8.6133578739891803e+00	2.7490163473557459e-02
8.6236547752133159e+00	2.7420960509597445e-02
8.6339516764374515e+00	2.7351738345036670e-02
8.6442485776615872e+00	2.7282497084643659e-02
8.6545454788857228e+00	2.7213236833656965e-02
8.6648423801098566e+00	2.7143957697786245e-02
8.6751392813339923e+00	2.7074659783213384e-02
8.6854361825581279e+00	2.7005343196593586e-02
8.6957330837822635e+00	2.6936008045056411e-02
8.7060299850063991e+00	2.6866654436206852e-02
8.7163268862305348e+00	2.6797282478126447e-02
8.7266237874546686e+00	2.6727892279374256e-02
8.7369206886788042e+00	2.6658483948987937e-02
8.7472175899029398e+00	2.6589057596484767e-02
8.7575144911270755e+00	2.6519613331862757e-02
8.7678113923512111e+00	2.6450151265601549e-02
8.7781082935753449e+00	2.6380671508663505e-02
8.7884051947994806e+00	2.6311174172495580e-02
8.7987020960236162e+00	2.6241659369028555e-02
8.8089989972477518e+00	2.6172127210678919e-02
8.8192958984718874e+00	2.6102577810349841e-02
8.8295927996960231e+00	2.6033011281432154e-02
8.8398897009201569e+00	2.5963427737805304e-02
8.8501866021442925e+00	2.5893827293838330e-02
8.8604835033684282e+00	2.5824210064390802e-02
8.8707804045925638e+00	2.5754576164813782e-02
8.8810773058166994e+00	2.5684925710950733e-02
8.8913742070408333e+00	2.5615258819138564e-02
8.9016711082649689e+00	2.5545575606208359e-02
8.9119680094891045e+00	2.5475876189486352e-02
8.9222649107132401e+00	2.5406160686794861e-02
8.9325618119373758e+00	2.5336429216453172e-02
8.9428587131615114e+00	2.5266681897278428e-02
8.9531556143856452e+00	2.5196918848586516e-02
8.9634525156097808e+00	2.5127140190192937e-02
8.9737494168339165e+00	2.5057346042413661e-02
8.9840463180580521e+00	2.4987536526065966e-02
8.9943432192821877e+00	2.4917711762469669e-02
9.0046401205063233e+00	2.4847871873447225e-02
9.0149370217304572e+00	2.4778016981324945e-02
9.0252339229545928e+00	2.4708147208933783e-02
9.0355308241787284e+00	2.4638262679610185e-02
9.0458277254028641e+00	2.4568363517196844e-02
9.0561246266269997e+00	2.4498449846043529e-02
9.0664215278511335e+00	2.4428521791008403e-02
9.0767184290752692e+00	2.4358579477457745e-02
9.0870153302994048e+00	2.4288623031267227e-02
9.0973122315235404e+00	2.4218652578822712e-02
9.1076091327476760e+00	2.4148668247020961e-02
9.1179060339718117e+00	2.4078670163270456e-02
9.1282029351959455e+00	2.4008658455492032e-02
9.1384998364200811e+00	2.3938633252119701e-02
9.1487967376442167e+00	2.3868594682101306e-02
9.1590936388683524e+00	2.3798542874899260e-02
9.1693905400924880e+00	2.3728477960491233e-02
9.1796874413166218e+00	2.3658400069370863e-02
9.1899843425407575e+00	2.3588309332548432e-02
9.2002812437648931e+00	2.3518205881551540e-02
9.2105781449890287e+00	2.3448089848425776e-02
9.2208750462131643e+00	2.3377961365735389e-02
9.2311719474373000e+00	2.3307820566563910e-02
9.2414688486614338e+00	2.3237667584514805e-02
9.2517657498855694e+00	2.3167502553712090e-02
9.2620626511097051e+00	2.3097325608800994e-02
9.2723595523338407e+00	2.3027136884948552e-02
9.2826564535579763e+00	2.2956936517844188e-02
9.2929533547821102e+00	2.2886724643700344e-02
9.3032502560062458e+00	2.2816501399253043e-02
9.3135471572303814e+00	2.2746266921762487e-02
9.3238440584545170e+00	2.2676021349013611e-02
9.3341409596786526e+00	2.2605764819316636e-02
9.3444378609027883e+00	2.2535497471507650e-02
9.3547347621269221e+00	2.2465219444949117e-02
9.3650316633510577e+00	2.2394930879530428e-02
9.3753285645751934e+00	2.2324631915668417e-02
9.3856254657993290e+00	2.2254322694307882e-02
9.3959223670234646e+00	2.2184003356922079e-02
9.4062192682475985e+00	2.2113674045513218e-02
9.4165161694717341e+00	2.2043334902612944e-02
9.4268130706958697e+00	2.1972986071282827e-02
9.4371099719200053e+00	2.1902627695114810e-02
9.4474068731441410e+00	2.1832259918231709e-02
9.4577037743682766e+00	2.1761882885287607e-02
9.4680006755924104e+00	2.1691496741468325e-02
9.4782975768165461e+00	2.1621101632491833e-02
9.4885944780406817e+00	2.1550697704608702e-02
9.4988913792648173e+00	2.1480285104602457e-02
9.5091882804889529e+00	2.1409863979790056e-02
9.5194851817130868e+00	2.1339434478022220e-02
9.5297820829372224e+00	2.1268996747683816e-02
9.5400789841613580e+00	2.1198550937694252e-02
9.5503758853854936e+00	2.1128097197507838e-02
9.5606727866096293e+00	2.1057635677114134e-02
9.5709696878337649e+00	2.0987166527038290e-02
9.5812665890578987e+00	2.0916689898341362e-02
9.5915634902820344e+00	2.0846205942620655e-02
9.6018603915061700e+00	2.0775714812010029e-02
9.6121572927303056e+00	2.0705216659180212e-02
9.6224541939544412e+00	2.0634711637339077e-02
9.6327510951785751e+00	2.0564199900231943e-02
9.6430479964027107e+00	2.0493681602141822e-02
9.6533448976268463e+00	2.0423156897889729e-02
9.6636417988509820e+00	2.0352625942834882e-02
9.6739387000751176e+00	2.0282088892874972e-02
9.6842356012992532e+00	2.0211545904446387e-02
9.6945325025233871e+00	2.0140997134524434e-02
9.7048294037475227e+00	2.0070442740623574e-02
9.7151263049716583e+00	1.9999882880797602e-02
9.7254232061957939e+00	1.9929317713639844e-02
9.7357201074199295e+00	1.9858747398283357e-02
9.7460170086440652e+00	1.9788172094401070e-02
9.7563139098681990e+00	1.9717591962205953e-02
9.7666108110923346e+00	1.9647007162451182e-02
9.7769077123164703e+00	1.9576417856430276e-02
9.7872046135406059e+00	1.9505824205977216e-02
9.7975015147647415e+00	1.9435226373466591e-02
9.8077984159888754e+00	1.9364624521813683e-02
9.8180953172130110e+00	1.9294018814474574e-02
9.8283922184371466e+00	1.9223409415446233e-02
9.8386891196612822e+00	1.9152796489266592e-02
9.8489860208854179e+00	1.9082180201014619e-02
9.8592829221095535e+00	1.9011560716310362e-02
9.8695798233336873e+00	1.8940938201315035e-02
9.8798767245578230e+00	1.8870312822731002e-02
9.8901736257819586e+00	1.8799684747801852e-02
9.9004705270060942e+00	1.8729054144312359e-02
9.9107674282302298e+00	1.8658421180588528e-02
9.9210643294543637e+00	1.8587786025497578e-02
9.9313612306784993e+00	1.8517148848447917e-02
9.9416581319026349e+00	1.8446509819389115e-02
9.9519550331267705e+00	1.8375869108811862e-02
9.9622519343509062e+00	1.8305226887747925e-02
9.9725488355750418e+00	1.8234583327770088e-02
9.9828457367991756e+00	1.8163938600992056e-02
9.9931426380233113e+00	1.8093292880068418e-02
1.0003439539247447e+01	1.8022646338194503e-02
1.0013736440471583e+01	1.7952085046195904e-02
1.0024033341695718e+01	1.7881625977091739e-02
1.0034330242919852e+01	1.7811268980714490e-02
1.0044627144143988e+01	1.7741013907272046e-02
1.0054924045368123e+01	1.7670860607346017e-02
1.0065220946592259e+01	1.7600808931890047e-02
1.0075517847816394e+01	1.7530858732228087e-02
1.0085814749040530e+01	1.7461009860052772e-02
1.0096111650264664e+01	1.7391262167423760e-02
1.0106408551488800e+01	1.7321615506766062e-02
1.0116705452712935e+01	1.7252069730868406e-02
1.0127002353937071e+01	1.7182624692881610e-02
1.0137299255161206e+01	1.7113280246316968e-02
1.0147596156385340e+01	1.7044036245044605e-02
1.0157893057609476e+01	1.6974892543291906e-02
1.0168189958833612e+01	1.6905848995641896e-02
1.0178486860057747e+01	1.6836905457031676e-02
1.0188783761281883e+01	1.6768061782750802e-02
1.0199080662506018e+01	1.6699317828439759e-02
1.0209377563730152e+01	1.6630673450088389e-02
1.0219674464954288e+01	1.6562128504034320e-02
1.0229971366178424e+01	1.6493682846961458e-02
1.0240268267402559e+01	1.6425336335898391e-02
1.0250565168626695e+01	1.6357088828216942e-02
1.0260862069850829e+01	1.6288940181630573e-02
1.0271158971074964e+01	1.6220890254192932e-02
1.0281455872299100e+01	1.6152938904296310e-02
1.0291752773523235e+01	1.6085085990670191e-02
1.0302049674747371e+01	1.6017331372379734e-02
1.0312346575971507e+01	1.5949674908824308e-02
1.0322643477195641e+01	1.5882116459736018e-02
1.0332940378419776e+01	1.5814655885178247e-02
1.0343237279643912e+01	1.5747293045544217e-02
1.0353534180868047e+01	1.5680027801555519e-02
1.0363831082092183e+01	1.5612860014260689e-02
1.0374127983316317e+01	1.5545789545033781e-02
1.0384424884540453e+01	1.5478816255572942e-02
1.0394721785764588e+01	1.5411940007899000e-02
1.0405018686988724e+01	1.5345160664354065e-02
1.0415315588212859e+01	1.5278478087600120e-02
1.0425612489436995e+01	1.5211892140617630e-02
1.0435909390661129e+01	1.5145402686704184e-02
1.0446206291885265e+01	1.5079009589473096e-02
1.0456503193109400e+01	1.5012712712852037e-02
1.0466800094333536e+01	1.4946511921081691e-02
1.0477096995557671e+01	1.4880407078714393e-02
1.0487393896781805e+01	1.4814398050612774e-02
1.0497690798005941e+01	1.4748484701948450e-02
1.0507987699230076e+01	1.4682666898200655e-02
1.0518284600454212e+01	1.4616944505154965e-02
1.0528581501678348e+01	1.4551317388901929e-02
1.0538878402902483e+01	1.4485785415835799e-02
1.0549175304126617e+01	1.4420348452653211e-02
1.0559472205350753e+01	1.4355006366351909e-02
1.0569769106574888e+01	1.4289759024229425e-02
1.0580066007799024e+01	1.4224606293881828e-02
1.0590362909023160e+01	1.4159548043202434e-02
1.0600659810247295e+01	1.4094584140380551e-02
1.0610956711471429e+01	1.4029714453900203e-02
1.0621253612695565e+01	1.3964938852538890e-02
1.0631550513919700e+01	1.3900257205366357e-02
1.0641847415143836e+01	1.3835669381743307e-02
1.0652144316367972e+01	1.3771175251320211e-02
1.0662441217592106e+01	1.3706774684036064e-02
1.0672738118816241e+01	1.3642467550117159e-02
1.0683035020040377e+01	1.3578253720075898e-02
1.0693331921264512e+01	1.3514133064709562e-02
1.0703628822488648e+01	1.3450105455099132e-02
1.0713925723712784e+01	1.3386170762608078e-02
1.0724222624936917e+01	1.3322328858881181e-02
1.0734519526161053e+01	1.3258579615843350e-02
1.0744816427385189e+01	1.3194922905698434e-02
1.0755113328609324e+01	1.3131358600928077e-02
1.0765410229833460e+01	1.3067886574290550e-02
1.0775707131057594e+01	1.3004506698819583e-02
1.0786004032281729e+01	1.2941218847823224e-02
1.0796300933505865e+01	1.2878022894882699e-02
1.0806597834730001e+01	1.2814918713851271e-02
1.0816894735954136e+01	1.2751906178853122e-02
1.0827191637178272e+01	1.2688985164282187e-02
1.0837488538402406e+01	1.2626155544801084e-02
1.0847785439626541e+01	1.2563417195339988e-02
1.0858082340850677e+01	1.2500769991095499e-02
1.0868379242074813e+01	1.2438213807529571e-02
1.0878676143298948e+01	1.2375748520368404e-02
1.0888973044523082e+01	1.2313374005601348e-02
1.0899269945747218e+01	1.2251090139479838e-02
1.0909566846971353e+01	1.2188896798516305e-02
1.0919863748195489e+01	1.2126793859483091e-02
1.0930160649419625e+01	1.2064781199411397e-02
1.0940457550643760e+01	1.2002858695590242e-02
1.0950754451867894e+01	1.1941026225565364e-02
1.0961051353092030e+01	1.1879283667138208e-02
1.0971348254316165e+01	1.1817630898364859e-02
1.0981645155540301e+01	1.1756067797555015e-02
1.0991942056764437e+01	1.1694594243270951e-02
1.1002238957988570e+01	1.1633210114326506e-02
1.1012535859212706e+01	1.1571915289786032e-02
1.1022832760436842e+01	1.1510709648963400e-02
1.1033129661660977e+01	1.1449593071420973e-02
1.1043426562885113e+01	1.1388565436968626e-02
1.1053723464109249e+01	1.1327626625662715e-02
1.1064020365333382e+01	1.1266776517805100e-02
1.1074317266557518e+01	1.1206014993942160e-02
1.1084614167781654e+01	1.1145341934863785e-02
1.1094911069005789e+01	1.1084757221602419e-02
1.1105207970229925e+01	1.1024260735432079e-02
1.1115504871454059e+01	1.0963852357867378e-02
1.1125801772678194e+01	1.0903531970662562e-02
1.1136098673902330e+01	1.0843299455810576e-02
1.1146395575126466e+01	1.0783154695542077e-02
1.1156692476350601e+01	1.0723097572324492e-02
1.1166989377574737e+01	1.0663127968861102e-02
1.1177286278798871e+01	1.0603245768090059e-02
1.1187583180023006e+01	1.0543450853183490e-02
1.1197880081247142e+01	1.0483743107546541e-02
1.1208176982471278e+01	1.0424122414816474e-02
1.1218473883695413e+01	1.0364588658861737e-02
1.1228770784919547e+01	1.0305141723781054e-02
1.1239067686143683e+01	1.0245781493902499e-02
1.1249364587367818e+01	1.0186507853782610e-02
1.1259661488591954e+01	1.0127320688205477e-02
1.1269958389816090e+01	1.0068219882181860e-02
1.1280255291040225e+01	1.0009205320948282e-02
1.1290552192264359e+01	9.9502768899661555e-03
1.1300849093488495e+01	9.8914344749208849e-03
1.1311145994712630e+01	9.8326779617210133e-03
1.1321442895936766e+01	9.7740072364973316e-03
1.1331739797160902e+01	9.7154221856020195e-03
1.1342036698385035e+01	9.6569226956077746e-03
1.1352333599609171e+01	9.5985086533069541e-03
1.1362630500833307e+01	9.5401799457107347e-03
1.1372927402057442e+01	9.4819364600482407e-03
1.1383224303281578e+01	9.4237780837657069e-03
1.1393521204505713e+01	9.3657047045256469e-03
1.1403818105729847e+01	9.3077162102060077e-03
1.1414115006953983e+01	9.2498124888993373e-03
1.1424411908178119e+01	9.1919934289119588e-03
1.1434708809402254e+01	9.1342589187631447e-03
1.1445005710626390e+01	9.0766088471842983e-03
1.1455302611850525e+01	9.0190431031181417e-03
1.1465599513074659e+01	8.9615615757178899e-03
1.1475896414298795e+01	8.9041641543464688e-03
1.1486193315522931e+01	8.8468507285756892e-03
1.1496490216747066e+01	8.7896211881854699e-03
1.1506787117971202e+01	8.7324754231630115e-03
1.1517084019195336e+01	8.6754133237020477e-03
1.1527380920419471e+01	8.6184347802020257e-03
1.1537677821643607e+01	8.5615396832673246e-03
1.1547974722867743e+01	8.5047279237065090e-03
1.1558271624091878e+01	8.4479995130473905e-03
1.1568568525316014e+01	8.3913555764321707e-03
1.1578865426540148e+01	8.3347982224900915e-03
1.1589162327764283e+01	8.2783295257685043e-03
1.1599459228988419e+01	8.2219515268732273e-03
1.1609756130212554e+01	8.1656662326107451e-03
1.1620053031436690e+01	8.1094756161322178e-03
1.1630349932660824e+01	8.0533816433559433e-03
1.1640646833884960e+01	7.9973865984410333e-03
1.1650943735109095e+01	7.9414936722956991e-03
1.1661240636333231e+01	7.8857060018799642e-03
1.1671537537557366e+01	7.8300266704562811e-03
1.1681834438781502e+01	7.7744587078448068e-03
1.1692131340005636e+01	7.7190050906831903e-03
1.1702428241229772e+01	7.6636687426907754e-03
1.1712725142453907e+01	7.6084525349370685e-03
1.1723022043678043e+01	7.5533592861143795e-03
1.1733318944902178e+01	7.4983917686272583e-03
1.1743615846126312e+01	7.4435527862568131e-03
1.1753912747350448e+01	7.3888451664967320e-03
1.1764209648574584e+01	7.3342716828732812e-03
1.1774506549798719e+01	7.2798350552526880e-03
1.1784803451022855e+01	7.2255379501524435e-03
1.1795100352246990e+01	7.1713829810563659e-03
1.1805397253471124e+01	7.1173727087333397e-03
1.1815694154695260e+01	7.0635096415595849e-03
1.1825991055919395e+01	7.0097962358443280e-03
1.1836287957143531e+01	6.9562349107646715e-03
1.1846584858367667e+01	6.9028283649581884e-03
1.1856881759591801e+01	6.8495799197210118e-03
1.1867178660815936e+01	6.7964928280587885e-03
1.1877475562040072e+01	6.7435702751467014e-03
1.1887772463264207e+01	6.6908153787953858e-03
1.1898069364488343e+01	6.6382311899225565e-03
1.1908366265712479e+01	6.5858206930301567e-03
1.1918663166936613e+01	6.5335868066867817e-03
1.1928960068160748e+01	6.4815323840151954e-03
1.1939256969384884e+01	6.4296602131847565e-03
1.1949553870609019e+01	6.3779730179085265e-03
1.1959850771833155e+01	6.3264734579448765e-03
1.1970147673057289e+01	6.2751641296034033e-03
1.1980444574281425e+01	6.2240475662549413e-03
1.1990741475505560e+01	6.1731262388455320e-03
1.2001038376729696e+01	6.1224025564141056e-03
1.2011335277953831e+01	6.0718792476085947e-03
1.2021632179177967e+01	6.0215588479781718e-03
1.2031929080402101e+01	5.9714435784111678e-03
1.2042225981626236e+01	5.9215355999353847e-03
1.2052522882850372e+01	5.8718370142555772e-03
1.2062819784074508e+01	5.8223498642935604e-03
1.2073116685298643e+01	5.7730761347307598e-03
1.2083413586522777e+01	5.7240177525530352e-03
1.2093710487746913e+01	5.6751765875976351e-03
1.2104007388971048e+01	5.6265544531020877e-03
1.2114304290195184e+01	5.5781531062548901e-03
1.2124601191419320e+01	5.5299742487478357e-03
1.2134898092643455e+01	5.4820195273298077e-03
1.2145194993867589e+01	5.4342905343619094e-03
1.2155491895091725e+01	5.3867888083737577e-03
1.2165788796315860e+01	5.3395158346208112e-03
1.2176085697539996e+01	5.2924730456425668e-03
1.2186382598764132e+01	5.2456618218214950e-03
1.2196679499988267e+01	5.1990834919425754e-03
1.2206976401212401e+01	5.1527393337532793e-03
1.2217273302436537e+01	5.1066305745238669e-03
1.2227570203660672e+01	5.0607583916078783e-03
1.2237867104884808e+01	5.0151239130026672e-03
1.2248164006108944e+01	4.9697282179098591e-03
1.2258460907333077e+01	4.9245723372956050e-03
1.2268757808557213e+01	4.8796572544505023e-03
1.2279054709781349e+01	4.8349839055490630e-03
1.2289351611005484e+01	4.7905531802086045e-03
1.2299648512229620e+01	4.7463659220474547e-03
1.2309945413453756e+01	4.7024229292423397e-03
1.2320242314677889e+01	4.6587249550848666e-03
1.2330539215902025e+01	4.6152727085369463e-03
1.2340836117126161e+01	4.5720668547850948e-03
1.2351133018350296e+01	4.5291080157934781e-03
1.2361429919574432e+01	4.4863967708556017e-03
1.2371726820798566e+01	4.4439336571445390e-03
1.2382023722022701e+01	4.4017191702616122e-03
1.2392320623246837e+01	4.3597537647834025e-03
1.2402617524470973e+01	4.3180378548070188e-03
1.2412914425695108e+01	4.2765718144935115e-03
1.2423211326919244e+01	4.2353559786093512e-03
1.2433508228143378e+01	4.1943906430658802e-03
1.2443805129367513e+01	4.1536760654566447e-03
1.2454102030591649e+01	4.1132124655925192e-03
1.2464398931815785e+01	4.0730000260345497e-03
1.2474695833039920e+01	4.0330388926244302e-03
1.2484992734264054e+01	3.9933291750125196e-03
1.2495289635488190e+01	3.9538709471833465e-03
1.2505586536712325e+01	3.9146642479784936e-03
1.2515883437936461e+01	3.8757090816168259e-03
1.2526180339160597e+01	3.8370054182119465e-03
1.2536477240384732e+01	3.7985531942868571e-03
1.2546774141608866e+01	3.7603523132857144e-03
1.2557071042833002e+01	3.7224026460826328e-03
1.2567367944057137e+01	3.6847040314874780e-03
1.2577664845281273e+01	3.6472562767485691e-03
1.2587961746505409e+01	3.6100591580522385e-03
1.2598258647729542e+01	3.5731124210191955e-03
1.2608555548953678e+01	3.5364157811976233e-03
1.2618852450177814e+01	3.4999689245529598e-03
1.2629149351401949e+01	3.4637715079543158e-03
1.2639446252626085e+01	3.4278231596574595e-03
1.2649743153850221e+01	3.3921234797843363e-03
1.2660040055074354e+01	3.3566720407990553e-03
1.2670336956298490e+01	3.3214683879803182e-03
1.2680633857522626e+01	3.2865120398902210e-03
1.2690930758746761e+01	3.2518024888394019e-03
1.2701227659970897e+01	3.2173392013484748e-03
1.2711524561195031e+01	3.1831216186057301e-03
1.2721821462419166e+01	3.1491491569210425e-03
1.2732118363643302e+01	3.1154212081759588e-03
1.2742415264867438e+01	3.0819371402699210e-03
1.2752712166091573e+01	3.0486962975625935e-03
1.2763009067315709e+01	3.0156980013122730e-03
1.2773305968539843e+01	2.9829415501103173e-03
1.2783602869763978e+01	2.9504262203115914e-03
1.2793899770988114e+01	2.9181512664608854e-03
1.2804196672212250e+01	2.8861159217152834e-03
1.2814493573436385e+01	2.8543193982624548e-03
1.2824790474660519e+01	2.8227608877348306e-03
1.2835087375884655e+01	2.7914395616196602e-03
1.2845384277108790e+01	2.7603545716649060e-03
1.2855681178332926e+01	2.7295050502809714e-03
1.2865978079557062e+01	2.6988901109382245e-03
1.2876274980781197e+01	2.6685088485603075e-03
1.2886571882005331e+01	2.6383603399132110e-03
1.2896868783229467e+01	2.6084436439900954e-03
1.2907165684453602e+01	2.5787578023918432e-03
1.2917462585677738e+01	2.5493018290239323e-03
1.2927759486901873e+01	2.5200747746364992e-03
1.2938056388126007e+01	2.4910757314172754e-03
1.2948353289350143e+01	2.4623037731536239e-03
1.2958650190574279e+01	2.4337579556309758e-03
1.2968947091798414e+01	2.4054373170267385e-03
1.2979243993022550e+01	2.3773408782996530e-03
1.2989540894246685e+01	2.3494676435745899e-03
1.2999837795470819e+01	2.3218166005227791e-03
1.3010134696694955e+01	2.2943866292790679e-03
1.3020431597919091e+01	2.2671769889631450e-03
1.3030728499143226e+01	2.2401874324659283e-03
1.3041025400367362e+01	2.2134176770202715e-03
1.3051322301591497e+01	2.1868674048973451e-03
1.3061619202815631e+01	2.1605362640976216e-03
1.3071916104039767e+01	2.1344238690363532e-03
1.3082213005263903e+01	2.1085297998425586e-03
1.3092509906488038e+01	2.0828535993648776e-03
1.3102806807712174e+01	2.0573948247298583e-03
1.3113103708936308e+01	2.0321530283691209e-03
1.3123400610160443e+01	2.0071279182513552e-03
1.3133697511384579e+01	1.9823191661665451e-03
1.3143994412608714e+01	1.9577264084851610e-03
1.3154291313832850e+01	1.9333492469111456e-03
1.3164588215056986e+01	1.9091872460576017e-03
1.3174885116281120e+01	1.8852399502392290e-03
1.3185182017505255e+01	1.8615068756820414e-03
1.3195478918729391e+01	1.8379875240191127e-03
1.3205775819953526e+01	1.8146813702484973e-03
1.3216072721177662e+01	1.7915878581217203e-03
1.3226369622401796e+01	1.7687064008682415e-03
1.3236666523625932e+01	1.7460363819129055e-03
1.3246963424850067e+01	1.7235771555862936e-03
1.3257260326074203e+01	1.7013280478279020e-03
1.3267557227298338e+01	1.6792883568820605e-03
1.3277854128522474e+01	1.6574573539865287e-03
1.3288151029746608e+01	1.6358342681109886e-03
1.3298447930970744e+01	1.6144183640156001e-03
1.3308744832194879e+01	1.5932089045054599e-03
1.3319041733419015e+01	1.5722051249857491e-03
1.3329338634643150e+01	1.5514062556331602e-03
1.3339635535867284e+01	1.5308114990519063e-03
1.3349932437091420e+01	1.5104200407424348e-03
1.3360229338315555e+01	1.4902310471376625e-03
1.3370526239539691e+01	1.4702436610056773e-03
1.3380823140763827e+01	1.4504570021147509e-03
1.3391120041987962e+01	1.4308701678902695e-03
1.3401416943212096e+01	1.4114822340635423e-03
1.3411713844436232e+01	1.3922922553124427e-03
1.3422010745660367e+01	1.3732992658938539e-03
1.3432307646884503e+01	1.3545022802678910e-03
1.3442604548108639e+01	1.3359002937138643e-03
1.3452901449332773e+01	1.3174922829379684e-03
1.3463198350556908e+01	1.2992772066726707e-03
1.3473495251781044e+01	1.2812540062677904e-03
1.3483792153005179e+01	1.2634216062732463e-03
1.3494089054229315e+01	1.2457789005111671e-03
1.3504385955453451e+01	1.2283248186564821e-03
1.3514682856677585e+01	1.2110582821811722e-03
1.3524979757901720e+01	1.1939781967052357e-03
1.3535276659125856e+01	1.1770834525658680e-03
1.3545573560349991e+01	1.1603729253781194e-03
1.3555870461574127e+01	1.1438454765870306e-03
1.3566167362798261e+01	1.1274999540112471e-03
1.3576464264022396e+01	1.1113351923781247e-03
1.3586761165246532e+01	1.0953500138503318e-03
1.3597058066470668e+01	1.0795432285439568e-03
1.3607354967694803e+01	1.0639136350381463e-03
1.3617651868918939e+01	1.0484600208762809e-03
1.3627948770143073e+01	1.0331811630587132e-03
1.3638245671367208e+01	1.0180758285270913e-03
1.3648542572591344e+01	1.0031427746402879e-03
1.3658839473815480e+01	9.8838074964196685e-04
1.3669136375039615e+01	9.7378849311981067e-04
1.3679433276263749e+01	9.5936473645644594e-04
1.3689730177487885e+01	9.4510820327209464e-04
1.3700027078712020e+01	9.3101760985898755e-04
1.3710323979936156e+01	9.1709166560758042e-04
1.3720620881160292e+01	9.0332907342460464e-04
1.3730917782384427e+01	8.8972853014300166e-04
1.3741214683608561e+01	8.7628872692377218e-04
1.3751511584832697e+01	8.6300834964979410e-04
1.3761808486056832e+01	8.4988607931165002e-04
1.3772105387280968e+01	8.3692059238551066e-04
1.3782402288505104e+01	8.2411056120312300e-04
1.3792699189729239e+01	8.1145465431395347e-04
1.3802996090953373e+01	7.9895153683953485e-04
1.3813292992177509e+01	7.8659987082007265e-04
1.3823589893401644e+01	7.7439831555335984e-04
1.3833886794625780e+01	7.6234552792605844e-04
1.3844183695849916e+01	7.5044016273739973e-04
1.3854480597074049e+01	7.3868080174843936e-04
1.3864777498298185e+01	7.2706623678463124e-04
1.3875074399522321e+01	7.1559527600551431e-04
1.3885371300746456e+01	7.0426672150335765e-04
1.3895668201970592e+01	6.9307936971885892e-04
1.3905965103194728e+01	6.8203200707164335e-04
1.3916262004418861e+01	6.7112337449756288e-04
1.3926558905642997e+01	6.6035237211908349e-04
1.3936855806867133e+01	6.4971789204871600e-04
1.3947152708091268e+01	6.3921881886076022e-04
1.3957449609315404e+01	6.2885403005366993e-04
1.3967746510539538e+01	6.1862239650308448e-04
1.3978043411763673e+01	6.0852278290557274e-04
1.3988340312987809e+01	5.9855400198088513e-04
1.3998637214211945e+01	5.8871489278482453e-04
1.4008934115436080e+01	5.7900463003277241e-04
1.4019231016660216e+01	5.6942230405578032e-04
1.4029527917884350e+01	5.5996676682648844e-04
1.4039824819108485e+01	5.5063691699371671e-04
1.4050121720332621e+01	5.4143164764927621e-04
1.4060418621556757e+01	5.3234984676404993e-04
1.4070715522780892e+01	5.2339037683116576e-04
1.4081012424005026e+01	5.1455213661300752e-04
1.4091309325229162e+01	5.0583406828819111e-04
1.4101606226453297e+01	4.9723510316096215e-04
1.4111903127677433e+01	4.8875417813757066e-04
1.4122200028901569e+01	4.8039023305639756e-04
1.4132496930125704e+01	4.7214220278035186e-04
1.4142793831349838e+01	4.6400901763399109e-04
1.4153090732573974e+01	4.5598960383085398e-04
1.4163387633798109e+01	4.4808287213369641e-04
1.4173684535022245e+01	4.4028775877648450e-04
1.4183981436246381e+01	4.3260320418264930e-04
1.4194278337470514e+01	4.2502814541027381e-04
1.4204575238694650e+01	4.1756151655620422e-04
1.4214872139918786e+01	4.1020224915054137e-04
1.4225169041142921e+01	4.0294925638738891e-04
1.4235465942367057e+01	3.9580149128027871e-04
1.4245762843591192e+01	3.8875789247946630e-04
1.4256059744815326e+01	3.8181743401016419e-04
1.4266356646039462e+01	3.7497908735803330e-04
1.4276653547263598e+01	3.6824182186072666e-04
1.4286950448487733e+01	3.6160460508976184e-04
1.4297247349711869e+01	3.5506640322281155e-04
1.4307544250936003e+01	3.4862617859432172e-04
1.4317841152160138e+01	3.4228289089933262e-04
1.4328138053384274e+01	3.3603552269276623e-04
1.4338434954608410e+01	3.2988305584171352e-04
1.4348731855832545e+01	3.2382447187192240e-04
1.4359028757056681e+01	3.1785875230501149e-04
1.4369325658280815e+01	3.1198487898650951e-04
1.4379622559504950e+01	3.0620183440482451e-04
1.4389919460729086e+01	3.0050860200124476e-04
1.4400216361953222e+01	2.9490416647107956e-04
1.4410513263177357e+01	2.8938751405604534e-04
1.4420810164401491e+01	2.8395763282800511e-04
1.4431107065625627e+01	2.7861351296417167e-04
1.4441403966849762e+01	2.7335414701388345e-04
1.4451700868073898e+01	2.6817853015706554e-04
1.4461997769298033e+01	2.6308566045448774e-04
1.4472294670522169e+01	2.5807453720920026e-04
1.4482591571746303e+01	2.5314416343884418e-04
1.4492888472970439e+01	2.4829355585665987e-04
1.4503185374194574e+01	2.4352173464137986e-04
1.4513482275418710e+01	2.3882771793641902e-04
1.4523779176642845e+01	2.3421052777846925e-04
1.4534076077866979e+01	2.2966922265742939e-04
1.4544372979091115e+01	2.2520286263530905e-04
1.4554669880315251e+01	2.2081051684998411e-04
1.4564966781539386e+01	2.1649125801131788e-04
1.4575263682763522e+01	2.1224416253478161e-04
1.4585560583987657e+01	2.0806831088387466e-04
1.4595857485211791e+01	2.0396278776301164e-04
1.4606154386435927e+01	1.9992668222982302e-04
1.4616451287660063e+01	1.9595908788133854e-04
1.4626748188884198e+01	1.9205910303302958e-04
1.4637045090108334e+01	1.8822583089083143e-04
1.4647341991332469e+01	1.8445837971626538e-04
1.4657638892556603e+01	1.8075586298478102e-04
1.4667935793780739e+01	1.7711739953743964e-04
1.4678232695004874e+01	1.7354211372605852e-04
1.4688529596229010e+01	1.7002913424643144e-04
1.4698826497453146e+01	1.6657759338437766e-04
1.4709123398677280e+01	1.6318664044144191e-04
1.4719420299901415e+01	1.5985543197050443e-04
1.4729717201125551e+01	1.5658313029852163e-04
1.4740014102349686e+01	1.5336890364792743e-04
1.4750311003573822e+01	1.5021192562781179e-04
1.4760607904797958e+01	1.4711137710937192e-04
1.4770904806022092e+01	1.4406644576101392e-04
1.4781201707246227e+01	1.4107632552788987e-04
1.4791498608470363e+01	1.3814021477673904e-04
1.4801795509694498e+01	1.3525732150460160e-04
1.4812092410918634e+01	1.3242686281046464e-04
1.4822389312142768e+01	1.2964806225492618e-04
1.4832686213366904e+01	1.2692014993956512e-04
1.4842983114591039e+01	1.2424236258125072e-04
1.4853280015815175e+01	1.2161394330802813e-04
1.4863576917039310e+01	1.1903414241771376e-04
1.4873873818263446e+01	1.1650221740487770e-04
1.4884170719487580e+01	1.1401743260510650e-04
1.4894467620711715e+01	1.1157905924653659e-04
1.4904764521935851e+01	1.0918637549697039e-04
1.4915061423159987e+01	1.0683866650668185e-04
1.4925358324384122e+01	1.0453522444701677e-04
1.4935655225608256e+01	1.0227534854489247e-04
1.4945952126832392e+01	1.0005834511329883e-04
1.4956249028056527e+01	9.7883527577903129e-05
1.4966545929280663e+01	9.5750216499858944e-05
1.4976842830504799e+01	9.3657738992712457e-05
1.4987139731728934e+01	9.1605429926796869e-05
1.4997436632953068e+01	8.9592632836155731e-05
1.5007733534177204e+01	8.7619102606868723e-05
1.5018030435401339e+01	8.5685362244052399e-05
1.5028327336625475e+01	8.3790709319011699e-05
1.5038624237849611e+01	8.1934451031624218e-05
1.5048921139073745e+01	8.0115904155615518e-05
1.5059218040297880e+01	7.8334394981605744e-05
1.5069514941522016e+01	7.6589259258029007e-05
1.5079811842746151e+01	7.4879842130024202e-05
1.5090108743970287e+01	7.3205498076393756e-05
1.5100405645194423e+01	7.1565590844724461e-05
1.5110702546418556e+01	6.9959493384762772e-05
1.5120999447642692e+01	6.8386587780133910e-05
1.5131296348866828e+01	6.6846265178492395e-05
1.5141593250090963e+01	6.5337925720189511e-05
1.5151890151315099e+01	6.3860978465540581e-05
1.5162187052539233e+01	6.2414841320773413e-05
1.5172483953763368e+01	6.0998940962736583e-05
1.5182780854987504e+01	5.9612712762444624e-05
1.5193077756211640e+01	5.8255600707534703e-05
1.5203374657435775e+01	5.6927057323707683e-05
1.5213671558659911e+01	5.5626543595224524e-05
1.5223968459884045e+01	5.4353528884526404e-05
1.5234265361108180e+01	5.3107490851045890e-05
1.5244562262332316e+01	5.1887915369273909e-05
1.5254859163556452e+01	5.0694296446145354e-05
1.5265156064780587e+01	4.9526136137805246e-05
1.5275452966004721e+01	4.8382944465814244e-05
1.5285749867228857e+01	4.7264239332851287e-05
1.5296046768452992e+01	4.6169546437969524e-05
1.5306343669677128e+01	4.5098399191459247e-05
1.5316640570901264e+01	4.4050338629370658e-05
1.5326937472125399e+01	4.3024913327746887e-05
1.5337234373349533e+01	4.2021679316616701e-05
1.5347531274573669e+01	4.1040199993794271e-05
1.5357828175797804e+01	4.0080046038531862e-05
1.5368125077021940e+01	3.9140795325070072e-05
1.5378421978246076e+01	3.8222032836128193e-05
1.5388718879470209e+01	3.7323350576376341e-05
1.5399015780694345e+01	3.6444347485929095e-05
1.5409312681918481e+01	3.5584629353899145e-05
1.5419609583142616e+01	3.4743808732048143e-05
1.5429906484366752e+01	3.3921504848570185e-05
1.5440203385590888e+01	3.3117343522042668e-05
1.5450500286815021e+01	3.2330957075577214e-05
1.5460797188039157e+01	3.1561984251202518e-05
1.5471094089263293e+01	3.0810070124509638e-05
1.5481390990487428e+01	3.0074866019588937e-05
1.5491687891711564e+01	2.9356029424286641e-05
1.5501984792935700e+01	2.8653223905808074e-05
1.5512281694159833e+01	2.7966119026692941e-05
1.5522578595383969e+01	2.7294390261187556e-05
1.5532875496608105e+01	2.6637718912037278e-05
1.5543172397832240e+01	2.5995792027721665e-05
1.5553469299056376e+01	2.5368302320153559e-05
1.5563766200280510e+01	2.4754948082862588e-05
1.5574063101504645e+01	2.4155433109682259e-05
1.5584360002728781e+01	2.3569466613959091e-05
1.5594656903952917e+01	2.2996763148301122e-05
1.5604953805177052e+01	2.2437042524882286e-05
1.5615250706401188e+01	2.1890029736318190e-05
1.5625547607625322e+01	2.1355454877128052e-05
1.5635844508849457e+01	2.0833053065796540e-05
1.5646141410073593e+01	2.0322564367448604e-05
1.5656438311297729e+01	1.9823733717149347e-05
1.5666735212521864e+01	1.9336310843840474e-05
1.5677032113745998e+01	1.8860050194923880e-05
1.5687329014970134e+01	1.8394710861502228e-05
1.5697625916194269e+01	1.7940056504285718e-05
1.5707922817418405e+01	1.7495855280173471e-05
1.5718219718642541e+01	1.7061879769517248e-05
1.5728516619866676e+01	1.6637906904074702e-05
1.5738813521090810e+01	1.6223717895658485e-05
1.5749110422314946e+01	1.5819098165487084e-05
1.5759407323539081e+01	1.5423837274242628e-05
1.5769704224763217e+01	1.5037717620598048e-05
1.5780001125987352e+01	1.4660550804056384e-05
1.5790298027211486e+01	1.4292138740495898e-05
1.5800594928435622e+01	1.3932313104717121e-05
1.5810891829659758e+01	1.3580882737144795e-05
1.5821188730883893e+01	1.3237684807847411e-05
1.5831485632108029e+01	1.2902534918949973e-05
1.5841782533332164e+01	1.2575275636780088e-05
1.5852079434556298e+01	1.2255729161127811e-05
1.5862376335780434e+01	1.1943743351816031e-05
1.5872673237004570e+01	1.1639146841507630e-05
1.5882970138228705e+01	1.1341792677521438e-05
1.5893267039452841e+01	1.1051515760246553e-05
1.5903563940676975e+01	1.0768174215751015e-05
1.5913860841901110e+01	1.0491609047023557e-05
1.5924157743125246e+01	1.0221683347845040e-05
1.5934454644349382e+01	9.9582440590446078e-06
1.5944751545573517e+01	9.7011591292184615e-06
1.5955048446797653e+01	9.4502812729655403e-06
1.5965345348021787e+01	9.2054831793393386e-06
1.5975642249245922e+01	8.9666231736229529e-06
1.5985939150470058e+01	8.7335785698819953e-06
1.5996236051694193e+01	8.5062131422556028e-06
1.6006532952918327e+01	8.2844089942896370e-06
1.6016829854142465e+01	8.0680367374019911e-06
1.6027126755366599e+01	7.8569811942779510e-06
1.6037423656590736e+01	7.6511151442257429e-06
1.6047720557814870e+01	7.4503278862461116e-06
1.6058017459039004e+01	7.2544972718311821e-06
1.6068314360263141e+01	7.0635169332797620e-06
1.6078611261487275e+01	6.8772696372951927e-06
1.6088908162711412e+01	6.6956532104634630e-06
1.6099205063935546e+01	6.5185551783032526e-06
1.6109501965159680e+01	6.3458774262026329e-06
1.6119798866383817e+01	6.1775120834442659e-06
1.6130095767607951e+01	6.0133649619496579e-06
1.6140392668832089e+01	5.8533326416175028e-06
1.6150689570056223e+01	5.6973247316522201e-06
1.6160986471280356e+01	5.5452421117381560e-06
1.6171283372504494e+01	5.3969980620045953e-06
1.6181580273728628e+01	5.2524976137195992e-06
1.6191877174952765e+01	5.1116575943938346e-06
1.6202174076176899e+01	4.9743870415405164e-06
1.6212470977401036e+01	4.8406062092759623e-06
1.6222767878625170e+01	4.7102279990612166e-06
1.6233064779849304e+01	4.5831759735834570e-06
1.6243361681073441e+01	4.4593667591292617e-06
1.6253658582297575e+01	4.3387271116482795e-06
1.6263955483521713e+01	4.2211772464045821e-06
1.6274252384745846e+01	4.1066470000208379e-06
1.6284549285969980e+01	3.9950600442362582e-06
1.6294846187194118e+01	3.8863491864720141e-06
1.6305143088418252e+01	3.7804414258346697e-06
1.6315439989642389e+01	3.6772724333812154e-06
1.6325736890866523e+01	3.5767724099025386e-06
1.6336033792090657e+01	3.4788797856367436e-06
1.6346330693314794e+01	3.3835278408153862e-06
1.6356627594538928e+01	3.2906576631051468e-06
1.6366924495763065e+01	3.2002054933754133e-06
1.6377221396987199e+01	3.1121149776625926e-06
1.6387518298211333e+01	3.0263252021021110e-06
1.6397815199435470e+01	2.9427822747232987e-06
1.6408112100659604e+01	2.8614280149675175e-06
1.6418409001883742e+01	2.7822108991472038e-06
1.6428705903107875e+01	2.7050753714336041e-06
1.6439002804332013e+01	2.6299721853608619e-06
1.6449299705556147e+01	2.5568483046033447e-06
1.6459596606780281e+01	2.4856566714818392e-06
1.6469893508004418e+01	2.4163466672554122e-06
1.6480190409228552e+01	2.3488733371972251e-06
1.6490487310452689e+01	2.2831883814947067e-06
1.6500784211676823e+01	2.2192488651110824e-06
1.6511081112900957e+01	2.1570077692029508e-06
1.6521378014125094e+01	2.0964239978887685e-06
1.6531674915349228e+01	2.0374545257779880e-06
1.6541971816573366e+01	1.9800611301188240e-06
1.6552268717797499e+01	1.9242026998748955e-06
1.6562565619021633e+01	1.8698427143054431e-06
1.6572862520245771e+01	1.8169419052546395e-06
1.6583159421469905e+01	1.7654653882985237e-06
1.6593456322694042e+01	1.7153756683612019e-06
1.6603753223918176e+01	1.6666394336394968e-06
1.6614050125142310e+01	1.6192208940616808e-06
1.6624347026366447e+01	1.5730882487074065e-06
1.6634643927590581e+01	1.5282073461974184e-06
1.6644940828814718e+01	1.4845478366761786e-06
1.6655237730038852e+01	1.4420771429374372e-06
1.6665534631262990e+01	1.4007663082556498e-06
1.6675831532487123e+01	1.3605842668888485e-06
1.6686128433711257e+01	1.3215033991540741e-06
1.6696425334935395e+01	1.2834940898857397e-06
1.6706722236159528e+01	1.2465300021682254e-06
1.6717019137383666e+01	1.2105829123479331e-06
1.6727316038607800e+01	1.1756277137785538e-06
1.6737612939831934e+01	1.1416375170738404e-06
1.6747909841056071e+01	1.1085883951011241e-06
1.6758206742280205e+01	1.0764547373072201e-06
1.6768503643504342e+01	1.0452137470248703e-06
1.6778800544728476e+01	1.0148410388956944e-06
1.6789097445952610e+01	9.8531489934201587e-07
1.6799394347176747e+01	9.5661211633942451e-07
1.6809691248400881e+01	9.2871201366115014e-07
1.6819988149625019e+01	9.0159250251103095e-07
1.6830285050849152e+01	8.7523389987621645e-07
1.6840581952073290e+01	8.4961519181265763e-07
1.6850878853297424e+01	8.2471764595044770e-07
1.6861175754521557e+01	8.0052127652282335e-07
1.6871472655745695e+01	7.7700826076196546e-07
1.6881769556969829e+01	7.5415959607425270e-07
1.6892066458193966e+01	7.3195832974715789e-07
1.6902363359418100e+01	7.1038639899413124e-07
1.6912660260642234e+01	6.8942768306901027e-07
1.6922957161866371e+01	6.6906501723004475e-07
1.6933254063090505e+01	6.4928307603010227e-07
1.6943550964314642e+01	6.3006555257812803e-07
1.6953847865538776e+01	6.1139788144396853e-07
1.6964144766762910e+01	5.9326457492459165e-07
1.6974441667987048e+01	5.7565179367377393e-07
1.6984738569211181e+01	5.5854483200766367e-07
1.6995035470435319e+01	5.4193054404372225e-07
1.7005332371659453e+01	5.2579477623455318e-07
1.7015629272883587e+01	5.1011468084765466e-07
1.7025926174107724e+01	4.9487769974197652e-07
1.7036223075331858e+01	4.8007263632882244e-07
1.7046519976555995e+01	4.6568753391485374e-07
1.7056816877780129e+01	4.5171172930893868e-07
1.7067113779004266e+01	4.3813384202220394e-07
1.7077410680228400e+01	4.2494371986049784e-07
1.7087707581452534e+01	4.1213053412225417e-07
1.7098004482676672e+01	3.9968462196897157e-07
1.7108301383900805e+01	3.8759568288470088e-07
1.7118598285124943e+01	3.7585452248944477e-07
1.7128895186349077e+01	3.6445134565473150e-07
1.7139192087573210e+01	3.5337740629071374e-07
1.7149488988797348e+01	3.4262339264874968e-07
1.7159785890021482e+01	3.3218098747390306e-07
1.7170082791245619e+01	3.2204134116615889e-07
1.7180379692469753e+01	3.1219654654745165e-07
1.7190676593693887e+01	3.0263819569673307e-07
1.7200973494918024e+01	2.9335877343584294e-07
1.7211270396142158e+01	2.8435029379895851e-07
1.7221567297366295e+01	2.7560561619564571e-07
1.7231864198590429e+01	2.6711715762124380e-07
1.7242161099814563e+01	2.5887813530923829e-07
1.7252458001038701e+01	2.5088135093500056e-07
1.7262754902262834e+01	2.4312036342399639e-07
1.7273051803486972e+01	2.3558834154627698e-07
1.7283348704711106e+01	2.2827917040266161e-07
1.7293645605935243e+01	2.2118636895082899e-07
1.7303942507159377e+01	2.1430413354906308e-07
1.7314239408383511e+01	2.0762631709619768e-07
1.7324536309607648e+01	2.0114741287227356e-07
1.7334833210831782e+01	1.9486159211349867e-07
1.7345130112055919e+01	1.8876363125163413e-07
1.7355427013280053e+01	1.8284800488118167e-07
1.7365723914504187e+01	1.7710975936482731e-07
1.7376020815728324e+01	1.7154365828295466e-07
1.7386317716952458e+01	1.6614500524129436e-07
1.7396614618176596e+01	1.6090883902234920e-07
1.7406911519400730e+01	1.5583070830373901e-07
1.7417208420624863e+01	1.5090591385701639e-07
1.7427505321849001e+01	1.4613023776122476e-07
1.7437802223073135e+01	1.4149923011674158e-07
1.7448099124297272e+01	1.3700889521840514e-07
1.7458396025521406e+01	1.3265502037033579e-07
1.7468692926745543e+01	1.2843382136672237e-07
1.7478989827969677e+01	1.2434131110797219e-07
1.7489286729193811e+01	1.2037390662493293e-07
1.7499583630417948e+01	1.1652783530716623e-07
1.7509880531642082e+01	1.1279970559804508e-07
1.7520177432866220e+01	1.0918594875241951e-07
1.7530474334090353e+01	1.0568335522567164e-07
1.7540771235314487e+01	1.0228854998055112e-07
1.7551068136538625e+01	9.8998496492877629e-08
1.7561365037762759e+01	9.5810003725891175e-08
1.7571661938986896e+01	9.2720199578827753e-08
1.7581958840211030e+01	8.9726067741800946e-08
1.7592255741435164e+01	8.6824892320889674e-08
1.7602552642659301e+01	8.4013822877396236e-08
1.7612849543883435e+01	8.1290291874314190e-08
1.7623146445107572e+01	7.8651606290860601e-08
1.7633443346331706e+01	7.6095339450165592e-08
1.7643740247555840e+01	7.3618947683331004e-08
1.7654037148779977e+01	7.1220138016816168e-08
1.7664334050004111e+01	6.8896508440015286e-08
1.7674630951228249e+01	6.6645892853020668e-08
1.7684927852452383e+01	6.4466023567928478e-08
1.7695224753676520e+01	6.2354854843343885e-08
1.7705521654900654e+01	6.0310246322416005e-08
1.7715818556124788e+01	5.8330266409512411e-08
1.7726115457348925e+01	5.6412895417447052e-08
1.7736412358573059e+01	5.4556309974092156e-08
1.7746709259797196e+01	5.2758604717502454e-08
1.7757006161021330e+01	5.1018058855744005e-08
1.7767303062245464e+01	4.9332875311739358e-08
1.7777599963469601e+01	4.7701430498171049e-08
1.7787896864693735e+01	4.6122029873979766e-08
1.7798193765917873e+01	4.4593141937737837e-08
1.7808490667142006e+01	4.3113169214934148e-08
1.7818787568366140e+01	4.1680667417602308e-08
1.7829084469590278e+01	4.0294130935927624e-08
1.7839381370814412e+01	3.8952198059050089e-08
1.7849678272038549e+01	3.7653450096236440e-08
1.7859975173262683e+01	3.6396603503552790e-08
1.7870272074486817e+01	3.5180321808963728e-08
1.7880568975710954e+01	3.4003395441879361e-08
1.7890865876935088e+01	3.2864565683176502e-08
1.7901162778159225e+01	3.1762692949367450e-08
1.7911459679383359e+01	3.0696592032787814e-08
1.7921756580607497e+01	2.9665189549207473e-08
1.7932053481831630e+01	2.8667369775395169e-08
1.7942350383055764e+01	2.7702121928298083e-08
1.7952647284279902e+01	2.6768395946972064e-08
1.7962944185504035e+01	2.5865240232897874e-08
1.7973241086728173e+01	2.4991666760953584e-08
1.7983537987952307e+01	2.4146779873918666e-08
1.7993834889176441e+01	2.3329650142854031e-08
1.8004131790400578e+01	2.2539434774278694e-08
1.8014428691624712e+01	2.1775295153785753e-08
1.8024725592848849e+01	2.1036426851307821e-08
1.8035022494072983e+01	2.0321992080313536e-08
1.8045319395297117e+01	1.9631230336625262e-08
1.8055616296521254e+01	1.8963355242861217e-08
1.8065913197745388e+01	1.8317652818031436e-08
1.8076210098969526e+01	1.7693385053824773e-08
1.8086507000193659e+01	1.7089881750269486e-08
1.8096803901417793e+01	1.6506450399984727e-08
1.8107100802641931e+01	1.5942461996444854e-08
1.8117397703866065e+01	1.5397266827802564e-08
1.8127694605090202e+01	1.4870274639755056e-08
1.8137991506314336e+01	1.4360875964596627e-08
1.8148288407538473e+01	1.3868516997534179e-08
1.8158585308762607e+01	1.3392626109313904e-08
1.8168882209986741e+01	1.2932683773001780e-08
1.8179179111210878e+01	1.2488153929922291e-08
1.8189476012435012e+01	1.2058549283338532e-08
1.8199772913659150e+01	1.1643367207607392e-08
1.8210069814883283e+01	1.1242150705798360e-08
1.8220366716107417e+01	1.0854428570973787e-08
1.8230663617331555e+01	1.0479772286512916e-08
1.8240960518555688e+01	1.0117740166328981e-08
1.8251257419779826e+01	9.7679304594557633e-09
1.8261554321003960e+01	9.4299292128739839e-09
1.8271851222228094e+01	9.1033598257149684e-09
1.8282148123452231e+01	8.7878343942430256e-09
1.8292445024676365e+01	8.4829999457799559e-09
1.8302741925900502e+01	8.1884930403312854e-09
1.8313038827124636e+01	7.9039828999850383e-09
1.8323335728348773e+01	7.6291290557284464e-09
1.8333632629572907e+01	7.3636215745749552e-09
1.8343929530797041e+01	7.1071415533429603e-09
1.8354226432021179e+01	6.8593986330696255e-09
1.8364523333245312e+01	6.6200941539603250e-09
1.8374820234469450e+01	6.3889561347118927e-09
1.8385117135693584e+01	6.1657049145344541e-09
1.8395414036917717e+01	5.9500857637877438e-09
1.8405710938141855e+01	5.7418368499676303e-09
1.8416007839365989e+01	5.5407196355168456e-09
1.8426304740590126e+01	5.3464890149962277e-09
1.8436601641814260e+01	5.1589216460272615e-09
1.8446898543038394e+01	4.9777881145704402e-09
1.8457195444262531e+01	4.8028793356551683e-09
1.8467492345486665e+01	4.6339806128002799e-09
1.8477789246710802e+01	4.4708962364526278e-09
1.8488086147934936e+01	4.3134253121413862e-09
1.8498383049159070e+01	4.1613846763474456e-09
1.8508679950383208e+01	4.0145863760157736e-09
1.8518976851607341e+01	3.8728590138825465e-09
1.8529273752831479e+01	3.7360267695087435e-09
1.8539570654055613e+01	3.6039292788715723e-09
1.8549867555279750e+01	3.4764020941564210e-09
1.8560164456503884e+01	3.3532951956457731e-09
1.8570461357728018e+01	3.2344547941427568e-09
1.8580758258952155e+01	3.1197405668381833e-09
1.8591055160176289e+01	3.0090087124629609e-09
1.8601352061400426e+01	2.9021279968573233e-09
1.8611648962624560e+01	2.7989639767855397e-09
1.8621945863848694e+01	2.6993939353474357e-09
1.8632242765072832e+01	2.6032921958601359e-09
1.8642539666296965e+01	2.5105440220183509e-09
1.8652836567521103e+01	2.4210319483761006e-09
1.8663133468745237e+01	2.3346487152580756e-09
1.8673430369969370e+01	2.2512845471798149e-09
1.8683727271193508e+01	2.1708391879180028e-09
1.8694024172417642e+01	2.0932100627098142e-09
1.8704321073641779e+01	2.0183034745865712e-09
1.8714617974865913e+01	1.9460235904102042e-09
1.8724914876090047e+01	1.8762828555446931e-09
1.8735211777314184e+01	1.8089917477370284e-09
1.8745508678538318e+01	1.7440684634277166e-09
1.8755805579762455e+01	1.6814293871815264e-09
1.8766102480986589e+01	1.6209980994063487e-09
1.8776399382210727e+01	1.5626965125007243e-09
1.8786696283434861e+01	1.5064532464447950e-09
1.8796993184658994e+01	1.4521953860715499e-09
1.8807290085883132e+01	1.3998562679005783e-09
1.8817586987107266e+01	1.3493678159717732e-09
1.8827883888331403e+01	1.3006677803989859e-09
1.8838180789555537e+01	1.2536926120413968e-09
1.8848477690779671e+01	1.2083841905476707e-09
1.8858774592003808e+01	1.1646832007934258e-09
1.8869071493227942e+01	1.1225353856554692e-09
1.8879368394452079e+01	1.0818853896251191e-09
1.8889665295676213e+01	1.0426825691856566e-09
1.8899962196900347e+01	1.0048752713313805e-09
1.8910259098124484e+01	9.6841623220925839e-10
1.8920555999348618e+01	9.3325726044258582e-10
1.8930852900572756e+01	8.9935425263028309e-10
1.8941149801796890e+01	8.6666225340134928e-10
1.8951446703021023e+01	8.3514011443325717e-10
1.8961743604245161e+01	8.0474590505793821e-10
1.8972040505469295e+01	7.7544123965571989e-10
1.8982337406693432e+01	7.4718701440370620e-10
1.8992634307917566e+01	7.1994742621566494e-10
1.9002931209141703e+01	6.9368601287724707e-10
1.9013228110365837e+01	6.6837030127653504e-10
1.9023525011589971e+01	6.4396618745708434e-10
1.9033821912814108e+01	6.2044211808984177e-10
1.9044118814038242e+01	5.9776601611708490e-10
1.9054415715262380e+01	5.7590849569128719e-10
1.9064712616486513e+01	5.5483968921296989e-10
1.9075009517710647e+01	5.3453223181573964e-10
1.9085306418934785e+01	5.1495831558744681e-10
1.9095603320158919e+01	4.9609245987090429e-10
1.9105900221383056e+01	4.7790877664657847e-10
1.9116197122607190e+01	4.6038354178961990e-10
1.9126494023831324e+01	4.4349265670296876e-10
1.9136790925055461e+01	4.2721403461924272e-10
1.9147087826279595e+01	4.1152524460829688e-10
1.9157384727503732e+01	3.9640572603212377e-10
1.9167681628727866e+01	3.8183460201558266e-10
1.9177978529952004e+01	3.6779273424899090e-10
1.9188275431176137e+01	3.5426069390962051e-10
1.9198572332400271e+01	3.4122066815564286e-10
1.9208869233624409e+01	3.2865457732346644e-10
1.9219166134848543e+01	3.1654584366395417e-10
1.9229463036072680e+01	3.0487764442085212e-10
1.9239759937296814e+01	2.9363455262183338e-10
1.9250056838520948e+01	2.8280091636997140e-10
1.9260353739745085e+01	2.7236238081452850e-10
1.9270650640969219e+01	2.6230438466424895e-10
1.9280947542193356e+01	2.5261357182248946e-10
1.9291244443417490e+01	2.4327639676139894e-10
1.9301541344641624e+01	2.3428043370979720e-10
1.9311838245865761e+01	2.2561308311419767e-10
1.9322135147089895e+01	2.1726278571280692e-10
1.9332432048314033e+01	2.0921782285575818e-10
1.9342728949538166e+01	2.0146744228194153e-10
1.9353025850762300e+01	1.9400074557949062e-10
1.9363322751986438e+01	1.8680773200126236e-10
1.9373619653210572e+01	1.7987826682010382e-10
1.9383916554434709e+01	1.7320304907125991e-10
1.9394213455658843e+01	1.6677265499762907e-10
1.9404510356882980e+01	1.6057843519091723e-10
1.9414807258107114e+01	1.5461162773219643e-10
1.9425104159331248e+01	1.4886418981613113e-10
1.9435401060555385e+01	1.4332797557376141e-10
1.9445697961779519e+01	1.3799550690362773e-10
1.9455994863003657e+01	1.3285921131875243e-10
1.9466291764227790e+01	1.2791213637313783e-10
1.9476588665451924e+01	1.2314724320522674e-10
1.9486885566676062e+01	1.1855806863632799e-10
1.9497182467900195e+01	1.1413807039008851e-10
1.9507479369124333e+01	1.0988124064930500e-10
1.9517776270348467e+01	1.0578149921671646e-10
1.9528073171572601e+01	1.0183326204689130e-10
1.9538370072796738e+01	9.8030878879422056e-11
1.9548666974020872e+01	9.4369160011739502e-11
1.9558963875245009e+01	9.0842855182931193e-11
1.9569260776469143e+01	8.7447141620125767e-11
1.9579557677693277e+01	8.4177141180946959e-11
1.9589854578917414e+01	8.1028372489315222e-11
1.9600151480141548e+01	7.7996303558184005e-11
1.9610448381365686e+01	7.5076770629090628e-11
1.9620745282589819e+01	7.2265563695413575e-11
1.9631042183813957e+01	6.9558814472715345e-11
1.9641339085038091e+01	6.6952612427347633e-11
1.9651635986262225e+01	6.4443364130579716e-11
1.9661932887486362e+01	6.2027437568931754e-11
1.9672229788710496e+01	5.9701494973356385e-11
1.9682526689934633e+01	5.7462163347099218e-11
1.9692823591158767e+01	5.5306342710944038e-11
1.9703120492382901e+01	5.3230900932527242e-11
1.9713417393607038e+01	5.1232959189070659e-11
1.9723714294831172e+01	4.9309609319694905e-11
1.9734011196055310e+01	4.7458178177407286e-11
1.9744308097279443e+01	4.5675965853799034e-11
1.9754604998503577e+01	4.3960490471637261e-11
1.9764901899727715e+01	4.2309245750072191e-11
1.9775198800951848e+01	4.0719927677357756e-11
1.9785495702175986e+01	3.9190209994970846e-11
1.9795792603400120e+01	3.7717954086155780e-11
1.9806089504624254e+01	3.6301001059758619e-11
1.9816386405848391e+01	3.4937366093897287e-11
1.9826683307072525e+01	3.3625045895388608e-11
1.9836980208296662e+01	3.2362198648369756e-11
1.9847277109520796e+01	3.1146965713456303e-11
1.9857574010744933e+01	2.9977638248097040e-11
1.9867870911969067e+01	2.8852492091522678e-11
1.9878167813193201e+01	2.7769942046556029e-11
1.9888464714417339e+01	2.6728388972437245e-11
1.9898761615641472e+01	2.5726362646314843e-11
1.9909058516865610e+01	2.4762380156576108e-11
1.9919355418089744e+01	2.3835078195922860e-11
1.9929652319313877e+01	2.2943081913278322e-11
1.9939949220538015e+01	2.2085127428842043e-11
1.9950246121762149e+01	2.1259940363343867e-11
1.9960543022986286e+01	2.0466349308438355e-11
1.9970839924210420e+01	1.9703173308364305e-11
1.9981136825434554e+01	1.8969326966167065e-11
1.9991433726658691e+01	1.8263716205006223e-11
2.0001730627882825e+01	1.7585335641693531e-11
2.0012027529106962e+01	1.6933138484235504e-11
2.0022324430331096e+01	1.6306175602555754e-11
2.0032621331555234e+01	1.5703505847911082e-11
2.0042918232779368e+01	1.5124264737735293e-11
2.0053215134003501e+01	1.4567581498338402e-11
2.0063512035227639e+01	1.4032656519557636e-11
2.0073808936451773e+01	1.3518684462226011e-11
2.0084105837675910e+01	1.3024926063953215e-11
2.0094402738900044e+01	1.2550636844502466e-11
2.0104699640124178e+01	1.2095133700335159e-11
2.0114996541348315e+01	1.1657728774558168e-11
2.0125293442572449e+01	1.1237791246526686e-11
2.0135590343796586e+01	1.0834685964002166e-11
2.0145887245020720e+01	1.0447830805164076e-11
2.0156184146244854e+01	1.0076639699230334e-11
2.0166481047468992e+01	9.7205759115129544e-12
2.0176777948693125e+01	9.3790991051632866e-12
2.0187074849917263e+01	9.0517148752641655e-12
2.0197371751141397e+01	8.7379255287242538e-12
2.0207668652365530e+01	8.4372761706867563e-12
2.0217965553589668e+01	8.1493089020521324e-12
2.0228262454813802e+01	7.8736057405688372e-12
2.0238559356037939e+01	7.6097459561416452e-12
2.0248856257262073e+01	7.3573460897311445e-12
2.0259153158486210e+01	7.1160201656263654e-12
2.0269450059710344e+01	6.8854170536046890e-12
2.0279746960934478e+01	6.6651833148230325e-12
2.0290043862158615e+01	6.4549981364750105e-12
2.0300340763382749e+01	6.2545385839865085e-12
2.0310637664606887e+01	6.0635123225575978e-12
2.0320934565831021e+01	5.8816250630295489e-12
2.0331231467055154e+01	5.7086112711277852e-12
2.0341528368279292e+01	5.5442036077842956e-12
2.0351825269503426e+01	5.3881618145252937e-12
2.0362122170727563e+01	5.2402439612640187e-12
2.0372419071951697e+01	5.1002336850297867e-12
2.0382715973175831e+01	4.9679130693632873e-12
2.0393012874399968e+01	4.8430884033962142e-12
2.0403309775624102e+01	4.7255645270495982e-12
2.0413606676848239e+01	4.6151692682849122e-12
2.0423903578072373e+01	4.5117290973851242e-12
2.0434200479296507e+01	4.4150923919548205e-12
2.0444497380520644e+01	4.3251062517070546e-12
2.0454794281744778e+01	4.2416387334426898e-12
2.0465091182968916e+01	4.1645566850219267e-12
2.0475388084193050e+01	4.0937470860581765e-12
2.0485684985417187e+01	4.0290957661642904e-12
2.0495981886641321e+01	3.9705079814151704e-12
2.0506278787865455e+01	3.9178878875632999e-12
2.0516575689089592e+01	3.8711584774230957e-12
2.0526872590313726e+01	3.8302416845816872e-12
2.0537169491537863e+01	3.7950778027073811e-12
2.0547466392761997e+01	3.7656060993685497e-12
2.0557763293986131e+01	3.7417838348437163e-12
2.0568060195210268e+01	3.7235672690283397e-12
2.0578357096434402e+01	3.7109303946042242e-12
2.0588653997658540e+01	3.7038462226811951e-12
