unset key
set xlabel "Energy (eV)"
set ylabel "Eedf (eV^{-3/2})"
set title "Eedf"
set xrange [0.005:19.995]
set logscale y
plot '-' w l
0.005	0.615169
0.015	0.615169
0.025	0.615168
0.035	0.615167
0.045	0.615165
0.055	0.615164
0.065	0.615161
0.075	0.615159
0.085	0.615156
0.095	0.615152
0.105	0.615148
0.115	0.615144
0.125	0.615139
0.135	0.615134
0.145	0.615128
0.155	0.615122
0.165	0.615115
0.175	0.615108
0.185	0.6151
0.195	0.615091
0.205	0.615082
0.215	0.615073
0.225	0.615063
0.235	0.615052
0.245	0.615041
0.255	0.61503
0.265	0.615018
0.275	0.615006
0.285	0.614993
0.295	0.614979
0.305	0.614965
0.315	0.614951
0.325	0.614935
0.335	0.614919
0.345	0.614901
0.355	0.614881
0.365	0.614861
0.375	0.614838
0.385	0.614814
0.395	0.614788
0.405	0.61476
0.415	0.61473
0.425	0.614698
0.435	0.614664
0.445	0.614627
0.455	0.614588
0.465	0.614545
0.475	0.6145
0.485	0.614452
0.495	0.614401
0.505	0.614346
0.515	0.614289
0.525	0.614229
0.535	0.614166
0.545	0.614099
0.555	0.61403
0.565	0.613958
0.575	0.613883
0.585	0.613805
0.595	0.613724
0.605	0.613641
0.615	0.613554
0.625	0.613462
0.635	0.613365
0.645	0.613261
0.655	0.61315
0.665	0.613031
0.675	0.612904
0.685	0.612768
0.695	0.612622
0.705	0.612468
0.715	0.612303
0.725	0.612126
0.735	0.611934
0.745	0.611726
0.755	0.6115
0.765	0.611256
0.775	0.610993
0.785	0.61071
0.795	0.610407
0.805	0.610083
0.815	0.60974
0.825	0.609377
0.835	0.608997
0.845	0.608599
0.855	0.608186
0.865	0.607757
0.875	0.607314
0.885	0.606858
0.895	0.606389
0.905	0.605908
0.915	0.605416
0.925	0.604912
0.935	0.604396
0.945	0.603868
0.955	0.603328
0.965	0.602775
0.975	0.602211
0.985	0.601635
0.995	0.601046
1.005	0.600446
1.015	0.599829
1.025	0.599189
1.035	0.598519
1.045	0.597813
1.055	0.597065
1.065	0.596273
1.075	0.595431
1.085	0.594536
1.095	0.593586
1.105	0.592579
1.115	0.591509
1.125	0.590375
1.135	0.589174
1.145	0.587905
1.155	0.586566
1.165	0.585157
1.175	0.583676
1.185	0.582123
1.195	0.580498
1.205	0.578801
1.215	0.577026
1.225	0.575173
1.235	0.573244
1.245	0.571236
1.255	0.569152
1.265	0.56699
1.275	0.564751
1.285	0.562436
1.295	0.560045
1.305	0.557577
1.315	0.555036
1.325	0.552419
1.335	0.549724
1.345	0.54695
1.355	0.544095
1.365	0.541159
1.375	0.538141
1.385	0.53504
1.395	0.531855
1.405	0.528586
1.415	0.525232
1.425	0.521794
1.435	0.51827
1.445	0.514662
1.455	0.510968
1.465	0.507189
1.475	0.503326
1.485	0.499379
1.495	0.495348
1.505	0.491235
1.515	0.487034
1.525	0.482746
1.535	0.478375
1.545	0.47392
1.555	0.469384
1.565	0.464768
1.575	0.460074
1.585	0.455301
1.595	0.450452
1.605	0.445528
1.615	0.440509
1.625	0.435386
1.635	0.430151
1.645	0.424797
1.655	0.419315
1.665	0.413701
1.675	0.407949
1.685	0.402055
1.695	0.396013
1.705	0.389821
1.715	0.383467
1.725	0.376961
1.735	0.370319
1.745	0.36355
1.755	0.356666
1.765	0.34968
1.775	0.3426
1.785	0.335438
1.795	0.328203
1.805	0.320904
1.815	0.31342
1.825	0.305765
1.835	0.297955
1.845	0.290005
1.855	0.281929
1.865	0.273743
1.875	0.265461
1.885	0.257097
1.895	0.248666
1.905	0.24018
1.915	0.231679
1.925	0.223192
1.935	0.214748
1.945	0.206373
1.955	0.198094
1.965	0.189936
1.975	0.181924
1.985	0.174081
1.995	0.166427
2.005	0.158984
2.015	0.151773
2.025	0.144794
2.035	0.138046
2.045	0.131527
2.055	0.125235
2.065	0.119169
2.075	0.113326
2.085	0.107702
2.095	0.102294
2.105	0.0970994
2.115	0.0921475
2.125	0.0874262
2.135	0.082924
2.145	0.0786294
2.155	0.0745318
2.165	0.0706209
2.175	0.0668869
2.185	0.0633203
2.195	0.0599122
2.205	0.0566538
2.215	0.0535474
2.225	0.0505894
2.235	0.0477759
2.245	0.0451033
2.255	0.0425676
2.265	0.0401649
2.275	0.0378913
2.285	0.0357429
2.295	0.0337157
2.305	0.0318059
2.315	0.0300097
2.325	0.0283197
2.335	0.026729
2.345	0.0252314
2.355	0.0238208
2.365	0.0224917
2.375	0.0212388
2.385	0.0200572
2.395	0.0189424
2.405	0.0178901
2.415	0.0168978
2.425	0.0159624
2.435	0.0150813
2.445	0.0142516
2.455	0.0134709
2.465	0.0127367
2.475	0.0120468
2.485	0.0113989
2.495	0.0107911
2.505	0.0102214
2.515	0.00968798
2.525	0.00918813
2.535	0.00871951
2.545	0.00827989
2.555	0.00786723
2.565	0.00747962
2.575	0.00711532
2.585	0.00677269
2.595	0.00645023
2.605	0.00614652
2.615	0.00586061
2.625	0.00559131
2.635	0.00533755
2.645	0.00509829
2.655	0.0048726
2.665	0.00465958
2.675	0.00445841
2.685	0.00426831
2.695	0.00408856
2.705	0.00391849
2.715	0.00375824
2.725	0.00360724
2.735	0.0034649
2.745	0.0033307
2.755	0.00320416
2.765	0.00308481
2.775	0.00297222
2.785	0.00286598
2.795	0.00276572
2.805	0.00267109
2.815	0.00258211
2.825	0.00249832
2.835	0.00241929
2.845	0.00234463
2.855	0.00227397
2.865	0.00220698
2.875	0.00214335
2.885	0.00208277
2.895	0.00202499
2.905	0.00196976
2.915	0.00191698
2.925	0.0018666
2.935	0.00181854
2.945	0.00177274
2.955	0.00172913
2.965	0.00168766
2.975	0.00164827
2.985	0.00161089
2.995	0.00157548
3.005	0.00154197
3.015	0.00151
3.025	0.00147949
3.035	0.00145038
3.045	0.0014226
3.055	0.0013961
3.065	0.0013708
3.075	0.00134666
3.085	0.00132362
3.095	0.00130163
3.105	0.00128065
3.115	0.00126068
3.125	0.00124167
3.135	0.00122356
3.145	0.00120631
3.155	0.00118987
3.165	0.00117419
3.175	0.00115923
3.185	0.00114495
3.195	0.00113131
3.205	0.00111827
3.215	0.00110575
3.225	0.00109373
3.235	0.00108218
3.245	0.00107108
3.255	0.00106039
3.265	0.0010501
3.275	0.00104018
3.285	0.00103061
3.295	0.00102137
3.305	0.00101244
3.315	0.00100377
3.325	0.000995359
3.335	0.000987182
3.345	0.000979228
3.355	0.00097148
3.365	0.000963926
3.375	0.000956551
3.385	0.000949342
3.395	0.000942287
3.405	0.000935373
3.415	0.000928592
3.425	0.000921943
3.435	0.000915423
3.445	0.000909031
3.455	0.000902764
3.465	0.000896621
3.475	0.000890599
3.485	0.000884698
3.495	0.000878914
3.505	0.000873247
3.515	0.000867686
3.525	0.000862229
3.535	0.000856873
3.545	0.000851616
3.555	0.000846456
3.565	0.000841389
3.575	0.000836414
3.585	0.000831528
3.595	0.00082673
3.605	0.000822016
3.615	0.000817387
3.625	0.000812846
3.635	0.000808395
3.645	0.000804037
3.655	0.000799772
3.665	0.000795605
3.675	0.000791536
3.685	0.000787567
3.695	0.000783702
3.705	0.000779941
3.715	0.000776278
3.725	0.000772709
3.735	0.000769231
3.745	0.000765839
3.755	0.000762531
3.765	0.000759302
3.775	0.000756149
3.785	0.000753069
3.795	0.000750057
3.805	0.000747112
3.815	0.00074423
3.825	0.000741407
3.835	0.000738641
3.845	0.000735927
3.855	0.000733265
3.865	0.000730649
3.875	0.000728078
3.885	0.000725548
3.895	0.000723057
3.905	0.000720603
3.915	0.00071818
3.925	0.000715786
3.935	0.00071342
3.945	0.000711078
3.955	0.00070876
3.965	0.000706463
3.975	0.000704185
3.985	0.000701924
3.995	0.000699677
4.005	0.000697444
4.015	0.000695222
4.025	0.000693009
4.035	0.000690807
4.045	0.000688615
4.055	0.000686433
4.065	0.000684261
4.075	0.000682099
4.085	0.000679947
4.095	0.000677805
4.105	0.000675672
4.115	0.00067355
4.125	0.000671437
4.135	0.000669333
4.145	0.00066724
4.155	0.000665155
4.165	0.000663081
4.175	0.000661015
4.185	0.000658959
4.195	0.000656912
4.205	0.000654874
4.215	0.000652845
4.225	0.000650823
4.235	0.00064881
4.245	0.000646805
4.255	0.000644809
4.265	0.00064282
4.275	0.000640839
4.285	0.000638867
4.295	0.000636902
4.305	0.000634945
4.315	0.000632996
4.325	0.000631055
4.335	0.000629122
4.345	0.000627196
4.355	0.000625279
4.365	0.000623369
4.375	0.000621467
4.385	0.000619573
4.395	0.000617687
4.405	0.000615808
4.415	0.000613936
4.425	0.000612071
4.435	0.000610213
4.445	0.000608362
4.455	0.000606517
4.465	0.000604679
4.475	0.000602848
4.485	0.000601024
4.495	0.000599206
4.505	0.000597395
4.515	0.000595589
4.525	0.000593788
4.535	0.000591992
4.545	0.000590201
4.555	0.000588415
4.565	0.000586633
4.575	0.000584857
4.585	0.000583085
4.595	0.000581318
4.605	0.000579556
4.615	0.0005778
4.625	0.000576048
4.635	0.000574301
4.645	0.000572559
4.655	0.000570823
4.665	0.000569091
4.675	0.000567364
4.685	0.000565643
4.695	0.000563926
4.705	0.000562215
4.715	0.000560508
4.725	0.000558806
4.735	0.000557109
4.745	0.000555417
4.755	0.00055373
4.765	0.000552047
4.775	0.000550369
4.785	0.000548697
4.795	0.000547029
4.805	0.000545365
4.815	0.000543706
4.825	0.000542051
4.835	0.000540399
4.845	0.000538752
4.855	0.000537108
4.865	0.000535469
4.875	0.000533833
4.885	0.000532201
4.895	0.000530574
4.905	0.00052895
4.915	0.000527328
4.925	0.000525707
4.935	0.000524089
4.945	0.000522472
4.955	0.000520857
4.965	0.000519244
4.975	0.000517633
4.985	0.000516024
4.995	0.000514422
5.005	0.000512835
5.015	0.000511273
5.025	0.000509713
5.035	0.000508154
5.045	0.000506597
5.055	0.000505041
5.065	0.000503487
5.075	0.000501934
5.085	0.000500383
5.095	0.000498833
5.105	0.000497285
5.115	0.000495741
5.125	0.0004942
5.135	0.000492662
5.145	0.000491128
5.155	0.000489598
5.165	0.000488071
5.175	0.000486548
5.185	0.000485028
5.195	0.000483512
5.205	0.000481999
5.215	0.000480489
5.225	0.000478983
5.235	0.00047748
5.245	0.00047598
5.255	0.000474484
5.265	0.000472991
5.275	0.000471501
5.285	0.000470015
5.295	0.000468532
5.305	0.000467052
5.315	0.000465576
5.325	0.000464103
5.335	0.000462635
5.345	0.00046117
5.355	0.000459709
5.365	0.000458251
5.375	0.000456798
5.385	0.000455348
5.395	0.000453902
5.405	0.000452459
5.415	0.00045102
5.425	0.000449585
5.435	0.000448153
5.445	0.000446724
5.455	0.000445298
5.465	0.000443876
5.475	0.000442458
5.485	0.000441042
5.495	0.00043963
5.505	0.000438222
5.515	0.000436816
5.525	0.000435413
5.535	0.000434014
5.545	0.000432617
5.555	0.000431224
5.565	0.000429833
5.575	0.000428446
5.585	0.000427062
5.595	0.00042568
5.605	0.000424302
5.615	0.000422927
5.625	0.000421556
5.635	0.000420189
5.645	0.000418825
5.655	0.000417466
5.665	0.000416109
5.675	0.000414757
5.685	0.000413408
5.695	0.000412063
5.705	0.000410722
5.715	0.000409384
5.725	0.00040805
5.735	0.000406719
5.745	0.000405392
5.755	0.000404068
5.765	0.000402748
5.775	0.000401432
5.785	0.000400118
5.795	0.000398809
5.805	0.000397502
5.815	0.000396199
5.825	0.000394898
5.835	0.0003936
5.845	0.000392305
5.855	0.000391012
5.865	0.000389723
5.875	0.000388436
5.885	0.000387152
5.895	0.00038587
5.905	0.000384591
5.915	0.000383315
5.925	0.000382042
5.935	0.000380772
5.945	0.000379506
5.955	0.000378242
5.965	0.000376981
5.975	0.000375723
5.985	0.000374468
5.995	0.000373217
6.005	0.000371967
6.015	0.000370721
6.025	0.000369479
6.035	0.000368239
6.045	0.000367002
6.055	0.000365769
6.065	0.000364538
6.075	0.000363311
6.085	0.000362086
6.095	0.000360865
6.105	0.000359646
6.115	0.000358431
6.125	0.000357217
6.135	0.000356006
6.145	0.000354798
6.155	0.000353591
6.165	0.000352388
6.175	0.000351186
6.185	0.000349987
6.195	0.000348791
6.205	0.000347597
6.215	0.000346405
6.225	0.000345215
6.235	0.000344028
6.245	0.000342844
6.255	0.000341661
6.265	0.000340481
6.275	0.000339304
6.285	0.000338129
6.295	0.000336956
6.305	0.000335785
6.315	0.000334616
6.325	0.00033345
6.335	0.000332285
6.345	0.000331122
6.355	0.000329962
6.365	0.000328803
6.375	0.000327646
6.385	0.000326491
6.395	0.000325338
6.405	0.000324187
6.415	0.000323038
6.425	0.000321892
6.435	0.000320747
6.445	0.000319604
6.455	0.000318463
6.465	0.000317324
6.475	0.000316188
6.485	0.000315053
6.495	0.00031392
6.505	0.000312789
6.515	0.000311661
6.525	0.000310534
6.535	0.000309409
6.545	0.000308287
6.555	0.000307166
6.565	0.000306047
6.575	0.000304931
6.585	0.000303816
6.595	0.000302703
6.605	0.000301592
6.615	0.000300483
6.625	0.000299375
6.635	0.000298269
6.645	0.000297165
6.655	0.000296062
6.665	0.000294961
6.675	0.000293862
6.685	0.000292764
6.695	0.000291668
6.705	0.000290573
6.715	0.00028948
6.725	0.000288388
6.735	0.000287298
6.745	0.00028621
6.755	0.000285123
6.765	0.000284038
6.775	0.000282955
6.785	0.000281873
6.795	0.000280792
6.805	0.000279713
6.815	0.000278636
6.825	0.000277561
6.835	0.000276487
6.845	0.000275415
6.855	0.000274345
6.865	0.000273277
6.875	0.00027221
6.885	0.000271145
6.895	0.000270082
6.905	0.000269021
6.915	0.000267961
6.925	0.000266903
6.935	0.000265846
6.945	0.000264791
6.955	0.000263737
6.965	0.000262685
6.975	0.000261634
6.985	0.000260585
6.995	0.000259537
7.005	0.000258491
7.015	0.000257446
7.025	0.000256403
7.035	0.000255362
7.045	0.000254322
7.055	0.000253284
7.065	0.000252248
7.075	0.000251213
7.085	0.00025018
7.095	0.000249149
7.105	0.000248119
7.115	0.000247091
7.125	0.000246064
7.135	0.00024504
7.145	0.000244016
7.155	0.000242995
7.165	0.000241975
7.175	0.000240957
7.185	0.00023994
7.195	0.000238925
7.205	0.000237912
7.215	0.0002369
7.225	0.00023589
7.235	0.000234881
7.245	0.000233874
7.255	0.000232869
7.265	0.000231866
7.275	0.000230864
7.285	0.000229863
7.295	0.000228864
7.305	0.000227867
7.315	0.000226871
7.325	0.000225877
7.335	0.000224885
7.345	0.000223894
7.355	0.000222905
7.365	0.000221918
7.375	0.000220932
7.385	0.000219947
7.395	0.000218964
7.405	0.000217983
7.415	0.000217003
7.425	0.000216025
7.435	0.000215049
7.445	0.000214074
7.455	0.0002131
7.465	0.000212128
7.475	0.000211158
7.485	0.000210189
7.495	0.000209223
7.505	0.000208257
7.515	0.000207294
7.525	0.000206332
7.535	0.000205373
7.545	0.000204415
7.555	0.000203458
7.565	0.000202504
7.575	0.000201552
7.585	0.000200601
7.595	0.000199652
7.605	0.000198706
7.615	0.000197761
7.625	0.000196818
7.635	0.000195877
7.645	0.000194939
7.655	0.000194002
7.665	0.000193067
7.675	0.000192135
7.685	0.000191204
7.695	0.000190276
7.705	0.000189349
7.715	0.000188425
7.725	0.000187503
7.735	0.000186583
7.745	0.000185665
7.755	0.000184749
7.765	0.000183835
7.775	0.000182923
7.785	0.000182014
7.795	0.000181106
7.805	0.000180201
7.815	0.000179298
7.825	0.000178397
7.835	0.000177499
7.845	0.000176602
7.855	0.000175708
7.865	0.000174816
7.875	0.000173926
7.885	0.000173039
7.895	0.000172153
7.905	0.00017127
7.915	0.000170389
7.925	0.000169511
7.935	0.000168634
7.945	0.00016776
7.955	0.000166888
7.965	0.000166018
7.975	0.000165151
7.985	0.000164286
7.995	0.000163423
8.005	0.000162562
8.015	0.000161704
8.025	0.000160848
8.035	0.000159994
8.045	0.000159143
8.055	0.000158293
8.065	0.000157446
8.075	0.000156602
8.085	0.000155759
8.095	0.000154919
8.105	0.000154081
8.115	0.000153246
8.125	0.000152412
8.135	0.000151581
8.145	0.000150753
8.155	0.000149926
8.165	0.000149102
8.175	0.00014828
8.185	0.000147461
8.195	0.000146644
8.205	0.000145829
8.215	0.000145016
8.225	0.000144206
8.235	0.000143398
8.245	0.000142593
8.255	0.000141789
8.265	0.000140988
8.275	0.00014019
8.285	0.000139393
8.295	0.0001386
8.305	0.000137808
8.315	0.000137019
8.325	0.000136232
8.335	0.000135448
8.345	0.000134666
8.355	0.000133886
8.365	0.000133109
8.375	0.000132335
8.385	0.000131562
8.395	0.000130792
8.405	0.000130025
8.415	0.00012926
8.425	0.000128498
8.435	0.000127737
8.445	0.00012698
8.455	0.000126224
8.465	0.000125471
8.475	0.000124721
8.485	0.000123973
8.495	0.000123228
8.505	0.000122485
8.515	0.000121745
8.525	0.000121007
8.535	0.000120271
8.545	0.000119538
8.555	0.000118808
8.565	0.00011808
8.575	0.000117355
8.585	0.000116633
8.595	0.000115913
8.605	0.000115195
8.615	0.00011448
8.625	0.000113768
8.635	0.000113058
8.645	0.000112351
8.655	0.000111647
8.665	0.000110945
8.675	0.000110246
8.685	0.000109549
8.695	0.000108855
8.705	0.000108164
8.715	0.000107475
8.725	0.000106789
8.735	0.000106105
8.745	0.000105424
8.755	0.000104746
8.765	0.00010407
8.775	0.000103397
8.785	0.000102726
8.795	0.000102058
8.805	0.000101393
8.815	0.000100731
8.825	0.000100071
8.835	9.94138e-05
8.845	9.87594e-05
8.855	9.81078e-05
8.865	9.74589e-05
8.875	9.68128e-05
8.885	9.61693e-05
8.895	9.55286e-05
8.905	9.48907e-05
8.915	9.42554e-05
8.925	9.36228e-05
8.935	9.29929e-05
8.945	9.23657e-05
8.955	9.17413e-05
8.965	9.11195e-05
8.975	9.05006e-05
8.985	8.98844e-05
8.995	8.9271e-05
9.005	8.86604e-05
9.015	8.80527e-05
9.025	8.74478e-05
9.035	8.68458e-05
9.045	8.62466e-05
9.055	8.56504e-05
9.065	8.50569e-05
9.075	8.44663e-05
9.085	8.38786e-05
9.095	8.32937e-05
9.105	8.27116e-05
9.115	8.21324e-05
9.125	8.1556e-05
9.135	8.09823e-05
9.145	8.04115e-05
9.155	7.98435e-05
9.165	7.92783e-05
9.175	7.87159e-05
9.185	7.81564e-05
9.195	7.75996e-05
9.205	7.70456e-05
9.215	7.64944e-05
9.225	7.5946e-05
9.235	7.54004e-05
9.245	7.48576e-05
9.255	7.43176e-05
9.265	7.37804e-05
9.275	7.32459e-05
9.285	7.27142e-05
9.295	7.21853e-05
9.305	7.16592e-05
9.315	7.11358e-05
9.325	7.06152e-05
9.335	7.00973e-05
9.345	6.95821e-05
9.355	6.90697e-05
9.365	6.85601e-05
9.375	6.80531e-05
9.385	6.7549e-05
9.395	6.70475e-05
9.405	6.65488e-05
9.415	6.60528e-05
9.425	6.55595e-05
9.435	6.5069e-05
9.445	6.45811e-05
9.455	6.4096e-05
9.465	6.36136e-05
9.475	6.31339e-05
9.485	6.26569e-05
9.495	6.21826e-05
9.505	6.1711e-05
9.515	6.1242e-05
9.525	6.07758e-05
9.535	6.03122e-05
9.545	5.98512e-05
9.555	5.9393e-05
9.565	5.89374e-05
9.575	5.84844e-05
9.585	5.80341e-05
9.595	5.75864e-05
9.605	5.71414e-05
9.615	5.6699e-05
9.625	5.62593e-05
9.635	5.58222e-05
9.645	5.53877e-05
9.655	5.49558e-05
9.665	5.45265e-05
9.675	5.40998e-05
9.685	5.36757e-05
9.695	5.32542e-05
9.705	5.28352e-05
9.715	5.24188e-05
9.725	5.2005e-05
9.735	5.15937e-05
9.745	5.11849e-05
9.755	5.07786e-05
9.765	5.03748e-05
9.775	4.99736e-05
9.785	4.95749e-05
9.795	4.91786e-05
9.805	4.87849e-05
9.815	4.83936e-05
9.825	4.80048e-05
9.835	4.76185e-05
9.845	4.72347e-05
9.855	4.68534e-05
9.865	4.64744e-05
9.875	4.6098e-05
9.885	4.57239e-05
9.895	4.53523e-05
9.905	4.49831e-05
9.915	4.46163e-05
9.925	4.42519e-05
9.935	4.38898e-05
9.945	4.35301e-05
9.955	4.31728e-05
9.965	4.28178e-05
9.975	4.24652e-05
9.985	4.21149e-05
9.995	4.1767e-05
10.005	4.14214e-05
10.015	4.10782e-05
10.025	4.07373e-05
10.035	4.03988e-05
10.045	4.00625e-05
10.055	3.97286e-05
10.065	3.9397e-05
10.075	3.90677e-05
10.085	3.87407e-05
10.095	3.84159e-05
10.105	3.80934e-05
10.115	3.77731e-05
10.125	3.74551e-05
10.135	3.71392e-05
10.145	3.68256e-05
10.155	3.65142e-05
10.165	3.62049e-05
10.175	3.58979e-05
10.185	3.5593e-05
10.195	3.52902e-05
10.205	3.49896e-05
10.215	3.46911e-05
10.225	3.43947e-05
10.235	3.41004e-05
10.245	3.38082e-05
10.255	3.35181e-05
10.265	3.32301e-05
10.275	3.29441e-05
10.285	3.26602e-05
10.295	3.23783e-05
10.305	3.20984e-05
10.315	3.18206e-05
10.325	3.15447e-05
10.335	3.12709e-05
10.345	3.0999e-05
10.355	3.07291e-05
10.365	3.04612e-05
10.375	3.01952e-05
10.385	2.99312e-05
10.395	2.96691e-05
10.405	2.94089e-05
10.415	2.91506e-05
10.425	2.88942e-05
10.435	2.86397e-05
10.445	2.83871e-05
10.455	2.81363e-05
10.465	2.78874e-05
10.475	2.76404e-05
10.485	2.73952e-05
10.495	2.71518e-05
10.505	2.69102e-05
10.515	2.66704e-05
10.525	2.64325e-05
10.535	2.61963e-05
10.545	2.59618e-05
10.555	2.57292e-05
10.565	2.54983e-05
10.575	2.52691e-05
10.585	2.50417e-05
10.595	2.4816e-05
10.605	2.4592e-05
10.615	2.43697e-05
10.625	2.41491e-05
10.635	2.39302e-05
10.645	2.3713e-05
10.655	2.34974e-05
10.665	2.32835e-05
10.675	2.30712e-05
10.685	2.28606e-05
10.695	2.26515e-05
10.705	2.24441e-05
10.715	2.22383e-05
10.725	2.20341e-05
10.735	2.18315e-05
10.745	2.16304e-05
10.755	2.14309e-05
10.765	2.1233e-05
10.775	2.10366e-05
10.785	2.08418e-05
10.795	2.06484e-05
10.805	2.04566e-05
10.815	2.02663e-05
10.825	2.00775e-05
10.835	1.98902e-05
10.845	1.97044e-05
10.855	1.952e-05
10.865	1.93371e-05
10.875	1.91557e-05
10.885	1.89756e-05
10.895	1.87971e-05
10.905	1.86199e-05
10.915	1.84442e-05
10.925	1.82698e-05
10.935	1.80969e-05
10.945	1.79254e-05
10.955	1.77552e-05
10.965	1.75864e-05
10.975	1.74189e-05
10.985	1.72529e-05
10.995	1.70881e-05
11.005	1.69247e-05
11.015	1.67626e-05
11.025	1.66018e-05
11.035	1.64424e-05
11.045	1.62842e-05
11.055	1.61273e-05
11.065	1.59717e-05
11.075	1.58174e-05
11.085	1.56644e-05
11.095	1.55126e-05
11.105	1.5362e-05
11.115	1.52127e-05
11.125	1.50646e-05
11.135	1.49177e-05
11.145	1.47721e-05
11.155	1.46276e-05
11.165	1.44844e-05
11.175	1.43423e-05
11.185	1.42015e-05
11.195	1.40618e-05
11.205	1.39232e-05
11.215	1.37859e-05
11.225	1.36496e-05
11.235	1.35145e-05
11.245	1.33806e-05
11.255	1.32477e-05
11.265	1.3116e-05
11.275	1.29854e-05
11.285	1.28559e-05
11.295	1.27275e-05
11.305	1.26002e-05
11.315	1.24739e-05
11.325	1.23487e-05
11.335	1.22246e-05
11.345	1.21016e-05
11.355	1.19796e-05
11.365	1.18586e-05
11.375	1.17387e-05
11.385	1.16198e-05
11.395	1.15019e-05
11.405	1.1385e-05
11.415	1.12691e-05
11.425	1.11542e-05
11.435	1.10403e-05
11.445	1.09274e-05
11.455	1.08155e-05
11.465	1.07045e-05
11.475	1.05945e-05
11.485	1.04855e-05
11.495	1.03774e-05
11.505	1.02702e-05
11.515	1.01639e-05
11.525	1.00586e-05
11.535	9.95424e-06
11.545	9.85076e-06
11.555	9.74818e-06
11.565	9.6465e-06
11.575	9.54571e-06
11.585	9.4458e-06
11.595	9.34678e-06
11.605	9.24862e-06
11.615	9.15132e-06
11.625	9.05488e-06
11.635	8.95929e-06
11.645	8.86454e-06
11.655	8.77062e-06
11.665	8.67754e-06
11.675	8.58528e-06
11.685	8.49384e-06
11.695	8.40321e-06
11.705	8.31338e-06
11.715	8.22436e-06
11.725	8.13612e-06
11.735	8.04868e-06
11.745	7.96202e-06
11.755	7.87613e-06
11.765	7.79101e-06
11.775	7.70666e-06
11.785	7.62306e-06
11.795	7.54022e-06
11.805	7.45812e-06
11.815	7.37675e-06
11.825	7.29611e-06
11.835	7.21618e-06
11.845	7.13697e-06
11.855	7.05848e-06
11.865	6.98069e-06
11.875	6.90361e-06
11.885	6.82723e-06
11.895	6.75154e-06
11.905	6.67654e-06
11.915	6.60224e-06
11.925	6.52861e-06
11.935	6.45567e-06
11.945	6.3834e-06
11.955	6.3118e-06
11.965	6.24087e-06
11.975	6.1706e-06
11.985	6.10099e-06
11.995	6.03203e-06
12.005	5.96373e-06
12.015	5.89609e-06
12.025	5.82911e-06
12.035	5.76278e-06
12.045	5.69711e-06
12.055	5.63209e-06
12.065	5.5677e-06
12.075	5.50396e-06
12.085	5.44086e-06
12.095	5.37838e-06
12.105	5.31653e-06
12.115	5.2553e-06
12.125	5.19469e-06
12.135	5.13469e-06
12.145	5.07531e-06
12.155	5.01652e-06
12.165	4.95834e-06
12.175	4.90076e-06
12.185	4.84376e-06
12.195	4.78736e-06
12.205	4.73154e-06
12.215	4.6763e-06
12.225	4.62165e-06
12.235	4.56757e-06
12.245	4.51406e-06
12.255	4.46112e-06
12.265	4.40873e-06
12.275	4.35691e-06
12.285	4.30563e-06
12.295	4.2549e-06
12.305	4.20471e-06
12.315	4.15506e-06
12.325	4.10593e-06
12.335	4.05734e-06
12.345	4.00926e-06
12.355	3.9617e-06
12.365	3.91466e-06
12.375	3.86812e-06
12.385	3.82208e-06
12.395	3.77654e-06
12.405	3.7315e-06
12.415	3.68695e-06
12.425	3.6429e-06
12.435	3.59934e-06
12.445	3.55626e-06
12.455	3.51366e-06
12.465	3.47153e-06
12.475	3.42986e-06
12.485	3.38865e-06
12.495	3.3479e-06
12.505	3.30759e-06
12.515	3.26772e-06
12.525	3.22829e-06
12.535	3.18929e-06
12.545	3.15071e-06
12.555	3.11255e-06
12.565	3.07481e-06
12.575	3.03748e-06
12.585	3.00055e-06
12.595	2.96402e-06
12.605	2.92788e-06
12.615	2.89212e-06
12.625	2.85674e-06
12.635	2.82173e-06
12.645	2.78709e-06
12.655	2.75281e-06
12.665	2.71889e-06
12.675	2.68534e-06
12.685	2.65213e-06
12.695	2.61928e-06
12.705	2.58678e-06
12.715	2.55462e-06
12.725	2.5228e-06
12.735	2.49132e-06
12.745	2.46018e-06
12.755	2.42936e-06
12.765	2.39888e-06
12.775	2.36872e-06
12.785	2.33888e-06
12.795	2.30937e-06
12.805	2.28016e-06
12.815	2.25127e-06
12.825	2.22267e-06
12.835	2.19438e-06
12.845	2.16639e-06
12.855	2.13869e-06
12.865	2.11129e-06
12.875	2.08418e-06
12.885	2.05737e-06
12.895	2.03084e-06
12.905	2.0046e-06
12.915	1.97864e-06
12.925	1.95297e-06
12.935	1.92757e-06
12.945	1.90246e-06
12.955	1.87762e-06
12.965	1.85306e-06
12.975	1.82877e-06
12.985	1.80475e-06
12.995	1.781e-06
13.005	1.75751e-06
13.015	1.73429e-06
13.025	1.71134e-06
13.035	1.68865e-06
13.045	1.66622e-06
13.055	1.64405e-06
13.065	1.62214e-06
13.075	1.60047e-06
13.085	1.57906e-06
13.095	1.5579e-06
13.105	1.53698e-06
13.115	1.5163e-06
13.125	1.49587e-06
13.135	1.47567e-06
13.145	1.45571e-06
13.155	1.43599e-06
13.165	1.41649e-06
13.175	1.39723e-06
13.185	1.37819e-06
13.195	1.35937e-06
13.205	1.34078e-06
13.215	1.32241e-06
13.225	1.30425e-06
13.235	1.2863e-06
13.245	1.26857e-06
13.255	1.25105e-06
13.265	1.23373e-06
13.275	1.21663e-06
13.285	1.19972e-06
13.295	1.18302e-06
13.305	1.16652e-06
13.315	1.15022e-06
13.325	1.13411e-06
13.335	1.1182e-06
13.345	1.10248e-06
13.355	1.08696e-06
13.365	1.07162e-06
13.375	1.05648e-06
13.385	1.04151e-06
13.395	1.02674e-06
13.405	1.01214e-06
13.415	9.97724e-07
13.425	9.83483e-07
13.435	9.69415e-07
13.445	9.55522e-07
13.455	9.418e-07
13.465	9.28249e-07
13.475	9.14867e-07
13.485	9.01653e-07
13.495	8.88606e-07
13.505	8.75725e-07
13.515	8.63008e-07
13.525	8.50454e-07
13.535	8.38062e-07
13.545	8.2583e-07
13.555	8.13757e-07
13.565	8.01841e-07
13.575	7.90082e-07
13.585	7.78478e-07
13.595	7.67029e-07
13.605	7.55731e-07
13.615	7.44589e-07
13.625	7.33601e-07
13.635	7.22764e-07
13.645	7.12077e-07
13.655	7.01538e-07
13.665	6.91146e-07
13.675	6.80898e-07
13.685	6.70793e-07
13.695	6.6083e-07
13.705	6.51006e-07
13.715	6.41319e-07
13.725	6.31769e-07
13.735	6.22354e-07
13.745	6.13071e-07
13.755	6.0392e-07
13.765	5.94898e-07
13.775	5.86005e-07
13.785	5.77238e-07
13.795	5.68595e-07
13.805	5.60077e-07
13.815	5.51681e-07
13.825	5.43406e-07
13.835	5.35251e-07
13.845	5.27214e-07
13.855	5.19294e-07
13.865	5.11488e-07
13.875	5.03796e-07
13.885	4.96216e-07
13.895	4.88746e-07
13.905	4.81385e-07
13.915	4.74132e-07
13.925	4.66984e-07
13.935	4.59941e-07
13.945	4.53002e-07
13.955	4.46164e-07
13.965	4.39427e-07
13.975	4.32788e-07
13.985	4.26248e-07
13.995	4.19804e-07
14.005	4.13456e-07
14.015	4.07202e-07
14.025	4.01042e-07
14.035	3.94974e-07
14.045	3.88996e-07
14.055	3.83109e-07
14.065	3.77309e-07
14.075	3.71596e-07
14.085	3.65969e-07
14.095	3.60426e-07
14.105	3.54966e-07
14.115	3.49588e-07
14.125	3.44291e-07
14.135	3.39073e-07
14.145	3.33934e-07
14.155	3.28871e-07
14.165	3.23885e-07
14.175	3.18974e-07
14.185	3.14136e-07
14.195	3.09371e-07
14.205	3.04677e-07
14.215	3.00054e-07
14.225	2.95501e-07
14.235	2.91015e-07
14.245	2.86598e-07
14.255	2.82246e-07
14.265	2.7796e-07
14.275	2.73739e-07
14.285	2.69581e-07
14.295	2.65486e-07
14.305	2.61452e-07
14.315	2.5748e-07
14.325	2.53567e-07
14.335	2.49713e-07
14.345	2.45918e-07
14.355	2.4218e-07
14.365	2.38498e-07
14.375	2.34872e-07
14.385	2.31301e-07
14.395	2.27784e-07
14.405	2.2432e-07
14.415	2.20909e-07
14.425	2.1755e-07
14.435	2.14242e-07
14.445	2.10985e-07
14.455	2.07777e-07
14.465	2.04618e-07
14.475	2.01507e-07
14.485	1.98444e-07
14.495	1.95427e-07
14.505	1.92456e-07
14.515	1.8953e-07
14.525	1.86649e-07
14.535	1.83812e-07
14.545	1.81019e-07
14.555	1.78268e-07
14.565	1.75558e-07
14.575	1.7289e-07
14.585	1.70263e-07
14.595	1.67676e-07
14.605	1.65129e-07
14.615	1.6262e-07
14.625	1.6015e-07
14.635	1.57718e-07
14.645	1.55322e-07
14.655	1.52964e-07
14.665	1.50641e-07
14.675	1.48355e-07
14.685	1.46103e-07
14.695	1.43885e-07
14.705	1.41702e-07
14.715	1.39552e-07
14.725	1.37434e-07
14.735	1.35349e-07
14.745	1.33296e-07
14.755	1.31274e-07
14.765	1.29284e-07
14.775	1.27323e-07
14.785	1.25393e-07
14.795	1.23492e-07
14.805	1.2162e-07
14.815	1.19776e-07
14.825	1.17961e-07
14.835	1.16173e-07
14.845	1.14413e-07
14.855	1.12679e-07
14.865	1.10972e-07
14.875	1.0929e-07
14.885	1.07635e-07
14.895	1.06004e-07
14.905	1.04399e-07
14.915	1.02818e-07
14.925	1.01261e-07
14.935	9.97278e-08
14.945	9.82181e-08
14.955	9.67316e-08
14.965	9.52679e-08
14.975	9.38265e-08
14.985	9.24073e-08
14.995	9.10098e-08
15.005	8.96337e-08
15.015	8.82788e-08
15.025	8.69448e-08
15.035	8.56314e-08
15.045	8.43381e-08
15.055	8.30648e-08
15.065	8.1811e-08
15.075	8.05765e-08
15.085	7.9361e-08
15.095	7.81641e-08
15.105	7.69856e-08
15.115	7.58252e-08
15.125	7.46827e-08
15.135	7.35576e-08
15.145	7.24498e-08
15.155	7.13589e-08
15.165	7.02848e-08
15.175	6.92271e-08
15.185	6.81856e-08
15.195	6.716e-08
15.205	6.61501e-08
15.215	6.51556e-08
15.225	6.41763e-08
15.235	6.3212e-08
15.245	6.22624e-08
15.255	6.13272e-08
15.265	6.04064e-08
15.275	5.94995e-08
15.285	5.86065e-08
15.295	5.77271e-08
15.305	5.6861e-08
15.315	5.60081e-08
15.325	5.51683e-08
15.335	5.43411e-08
15.345	5.35266e-08
15.355	5.27244e-08
15.365	5.19344e-08
15.375	5.11563e-08
15.385	5.03901e-08
15.395	4.96355e-08
15.405	4.88924e-08
15.415	4.81605e-08
15.425	4.74397e-08
15.435	4.67298e-08
15.445	4.60307e-08
15.455	4.53422e-08
15.465	4.4664e-08
15.475	4.39961e-08
15.485	4.33384e-08
15.495	4.26905e-08
15.505	4.20524e-08
15.515	4.1424e-08
15.525	4.0805e-08
15.535	4.01953e-08
15.545	3.95948e-08
15.555	3.90034e-08
15.565	3.84208e-08
15.575	3.7847e-08
15.585	3.72819e-08
15.595	3.67252e-08
15.605	3.61768e-08
15.615	3.56366e-08
15.625	3.51045e-08
15.635	3.45802e-08
15.645	3.40638e-08
15.655	3.35551e-08
15.665	3.30539e-08
15.675	3.25602e-08
15.685	3.20739e-08
15.695	3.15948e-08
15.705	3.11228e-08
15.715	3.06578e-08
15.725	3.01998e-08
15.735	2.97486e-08
15.745	2.93041e-08
15.755	2.88663e-08
15.765	2.84349e-08
15.775	2.801e-08
15.785	2.75914e-08
15.795	2.7179e-08
15.805	2.67728e-08
15.815	2.63727e-08
15.825	2.59785e-08
15.835	2.55902e-08
15.845	2.52077e-08
15.855	2.48309e-08
15.865	2.44597e-08
15.875	2.40941e-08
15.885	2.37339e-08
15.895	2.33791e-08
15.905	2.30295e-08
15.915	2.26852e-08
15.925	2.2346e-08
15.935	2.20119e-08
15.945	2.16827e-08
15.955	2.13585e-08
15.965	2.1039e-08
15.975	2.07243e-08
15.985	2.04143e-08
15.995	2.0109e-08
16.005	1.98081e-08
16.015	1.95118e-08
16.025	1.92198e-08
16.035	1.89322e-08
16.045	1.86488e-08
16.055	1.83697e-08
16.065	1.80947e-08
16.075	1.78238e-08
16.085	1.7557e-08
16.095	1.7294e-08
16.105	1.7035e-08
16.115	1.67799e-08
16.125	1.65285e-08
16.135	1.62809e-08
16.145	1.60369e-08
16.155	1.57966e-08
16.165	1.55598e-08
16.175	1.53265e-08
16.185	1.50967e-08
16.195	1.48703e-08
16.205	1.46473e-08
16.215	1.44275e-08
16.225	1.4211e-08
16.235	1.39977e-08
16.245	1.37875e-08
16.255	1.35805e-08
16.265	1.33765e-08
16.275	1.31755e-08
16.285	1.29775e-08
16.295	1.27824e-08
16.305	1.25902e-08
16.315	1.24009e-08
16.325	1.22143e-08
16.335	1.20305e-08
16.345	1.18495e-08
16.355	1.16711e-08
16.365	1.14953e-08
16.375	1.13222e-08
16.385	1.11516e-08
16.395	1.09835e-08
16.405	1.08179e-08
16.415	1.06548e-08
16.425	1.04941e-08
16.435	1.03357e-08
16.445	1.01797e-08
16.455	1.0026e-08
16.465	9.87457e-09
16.475	9.72538e-09
16.485	9.57839e-09
16.495	9.43359e-09
16.505	9.29093e-09
16.515	9.15038e-09
16.525	9.01192e-09
16.535	8.87551e-09
16.545	8.74113e-09
16.555	8.60874e-09
16.565	8.47832e-09
16.575	8.34984e-09
16.585	8.22326e-09
16.595	8.09857e-09
16.605	7.97574e-09
16.615	7.85473e-09
16.625	7.73553e-09
16.635	7.6181e-09
16.645	7.50243e-09
16.655	7.38848e-09
16.665	7.27623e-09
16.675	7.16566e-09
16.685	7.05674e-09
16.695	6.94944e-09
16.705	6.84376e-09
16.715	6.73965e-09
16.725	6.6371e-09
16.735	6.53608e-09
16.745	6.43658e-09
16.755	6.33857e-09
16.765	6.24203e-09
16.775	6.14693e-09
16.785	6.05326e-09
16.795	5.961e-09
16.805	5.87012e-09
16.815	5.78061e-09
16.825	5.69243e-09
16.835	5.60558e-09
16.845	5.52004e-09
16.855	5.43578e-09
16.865	5.35279e-09
16.875	5.27104e-09
16.885	5.19053e-09
16.895	5.11122e-09
16.905	5.03312e-09
16.915	4.95618e-09
16.925	4.88041e-09
16.935	4.80578e-09
16.945	4.73228e-09
16.955	4.65988e-09
16.965	4.58858e-09
16.975	4.51836e-09
16.985	4.4492e-09
16.995	4.38108e-09
17.005	4.314e-09
17.015	4.24794e-09
17.025	4.18289e-09
17.035	4.11884e-09
17.045	4.05577e-09
17.055	3.99366e-09
17.065	3.9325e-09
17.075	3.87228e-09
17.085	3.81298e-09
17.095	3.75458e-09
17.105	3.69708e-09
17.115	3.64046e-09
17.125	3.5847e-09
17.135	3.5298e-09
17.145	3.47574e-09
17.155	3.4225e-09
17.165	3.37008e-09
17.175	3.31846e-09
17.185	3.26763e-09
17.195	3.21758e-09
17.205	3.16829e-09
17.215	3.11975e-09
17.225	3.07196e-09
17.235	3.0249e-09
17.245	2.97856e-09
17.255	2.93292e-09
17.265	2.88798e-09
17.275	2.84373e-09
17.285	2.80016e-09
17.295	2.75725e-09
17.305	2.715e-09
17.315	2.6734e-09
17.325	2.63243e-09
17.335	2.59209e-09
17.345	2.55236e-09
17.355	2.51324e-09
17.365	2.47472e-09
17.375	2.43679e-09
17.385	2.39944e-09
17.395	2.36266e-09
17.405	2.32644e-09
17.415	2.29078e-09
17.425	2.25566e-09
17.435	2.22108e-09
17.445	2.18702e-09
17.455	2.15349e-09
17.465	2.12047e-09
17.475	2.08795e-09
17.485	2.05593e-09
17.495	2.0244e-09
17.505	1.99336e-09
17.515	1.96278e-09
17.525	1.93268e-09
17.535	1.90303e-09
17.545	1.87384e-09
17.555	1.8451e-09
17.565	1.8168e-09
17.575	1.78893e-09
17.585	1.76148e-09
17.595	1.73446e-09
17.605	1.70785e-09
17.615	1.68165e-09
17.625	1.65585e-09
17.635	1.63045e-09
17.645	1.60544e-09
17.655	1.58081e-09
17.665	1.55656e-09
17.675	1.53269e-09
17.685	1.50917e-09
17.695	1.48603e-09
17.705	1.46323e-09
17.715	1.44079e-09
17.725	1.41869e-09
17.735	1.39693e-09
17.745	1.3755e-09
17.755	1.35441e-09
17.765	1.33363e-09
17.775	1.31318e-09
17.785	1.29304e-09
17.795	1.27321e-09
17.805	1.25369e-09
17.815	1.23446e-09
17.825	1.21553e-09
17.835	1.1969e-09
17.845	1.17855e-09
17.855	1.16048e-09
17.865	1.14269e-09
17.875	1.12518e-09
17.885	1.10793e-09
17.895	1.09095e-09
17.905	1.07423e-09
17.915	1.05777e-09
17.925	1.04156e-09
17.935	1.0256e-09
17.945	1.00988e-09
17.955	9.94412e-10
17.965	9.79176e-10
17.975	9.64174e-10
17.985	9.49402e-10
17.995	9.34858e-10
18.005	9.20536e-10
18.015	9.06433e-10
18.025	8.92546e-10
18.035	8.78871e-10
18.045	8.65405e-10
18.055	8.52145e-10
18.065	8.39088e-10
18.075	8.2623e-10
18.085	8.13569e-10
18.095	8.01101e-10
18.105	7.88824e-10
18.115	7.76735e-10
18.125	7.6483e-10
18.135	7.53108e-10
18.145	7.41565e-10
18.155	7.30198e-10
18.165	7.19006e-10
18.175	7.07984e-10
18.185	6.97131e-10
18.195	6.86444e-10
18.205	6.7592e-10
18.215	6.65555e-10
18.225	6.55347e-10
18.235	6.45294e-10
18.245	6.35393e-10
18.255	6.25643e-10
18.265	6.1604e-10
18.275	6.06584e-10
18.285	5.97272e-10
18.295	5.88101e-10
18.305	5.79071e-10
18.315	5.70179e-10
18.325	5.61422e-10
18.335	5.528e-10
18.345	5.4431e-10
18.355	5.35951e-10
18.365	5.2772e-10
18.375	5.19616e-10
18.385	5.11636e-10
18.395	5.0378e-10
18.405	4.96045e-10
18.415	4.88431e-10
18.425	4.80936e-10
18.435	4.73558e-10
18.445	4.66295e-10
18.455	4.59146e-10
18.465	4.52108e-10
18.475	4.45181e-10
18.485	4.38362e-10
18.495	4.31651e-10
18.505	4.25044e-10
18.515	4.18542e-10
18.525	4.12142e-10
18.535	4.05842e-10
18.545	3.99642e-10
18.555	3.93539e-10
18.565	3.87533e-10
18.575	3.81622e-10
18.585	3.75804e-10
18.595	3.70078e-10
18.605	3.64443e-10
18.615	3.58897e-10
18.625	3.53439e-10
18.635	3.48069e-10
18.645	3.42783e-10
18.655	3.37582e-10
18.665	3.32464e-10
18.675	3.27428e-10
18.685	3.22472e-10
18.695	3.17596e-10
18.705	3.12797e-10
18.715	3.08076e-10
18.725	3.0343e-10
18.735	2.9886e-10
18.745	2.94363e-10
18.755	2.89938e-10
18.765	2.85585e-10
18.775	2.81302e-10
18.785	2.77088e-10
18.795	2.72943e-10
18.805	2.68866e-10
18.815	2.64854e-10
18.825	2.60908e-10
18.835	2.57026e-10
18.845	2.53208e-10
18.855	2.49452e-10
18.865	2.45758e-10
18.875	2.42125e-10
18.885	2.38551e-10
18.895	2.35036e-10
18.905	2.3158e-10
18.915	2.2818e-10
18.925	2.24838e-10
18.935	2.2155e-10
18.945	2.18318e-10
18.955	2.1514e-10
18.965	2.12015e-10
18.975	2.08942e-10
18.985	2.05922e-10
18.995	2.02952e-10
19.005	2.00032e-10
19.015	1.97163e-10
19.025	1.94342e-10
19.035	1.9157e-10
19.045	1.88845e-10
19.055	1.86167e-10
19.065	1.83535e-10
19.075	1.80949e-10
19.085	1.78408e-10
19.095	1.75911e-10
19.105	1.73458e-10
19.115	1.71048e-10
19.125	1.68681e-10
19.135	1.66355e-10
19.145	1.64071e-10
19.155	1.61828e-10
19.165	1.59624e-10
19.175	1.57461e-10
19.185	1.55336e-10
19.195	1.5325e-10
19.205	1.51202e-10
19.215	1.49192e-10
19.225	1.47219e-10
19.235	1.45282e-10
19.245	1.43381e-10
19.255	1.41516e-10
19.265	1.39686e-10
19.275	1.3789e-10
19.285	1.36129e-10
19.295	1.34401e-10
19.305	1.32707e-10
19.315	1.31046e-10
19.325	1.29417e-10
19.335	1.2782e-10
19.345	1.26255e-10
19.355	1.24722e-10
19.365	1.23219e-10
19.375	1.21747e-10
19.385	1.20305e-10
19.395	1.18893e-10
19.405	1.1751e-10
19.415	1.16157e-10
19.425	1.14832e-10
19.435	1.13536e-10
19.445	1.12268e-10
19.455	1.11028e-10
19.465	1.09815e-10
19.475	1.0863e-10
19.485	1.07471e-10
19.495	1.06339e-10
19.505	1.05233e-10
19.515	1.04154e-10
19.525	1.031e-10
19.535	1.02072e-10
19.545	1.01069e-10
19.555	1.00091e-10
19.565	9.91374e-11
19.575	9.82086e-11
19.585	9.73042e-11
19.595	9.64237e-11
19.605	9.55671e-11
19.615	9.47341e-11
19.625	9.39246e-11
19.635	9.31382e-11
19.645	9.23748e-11
19.655	9.16341e-11
19.665	9.09161e-11
19.675	9.02205e-11
19.685	8.95471e-11
19.695	8.88957e-11
19.705	8.82662e-11
19.715	8.76591e-11
19.725	8.70741e-11
19.735	8.65112e-11
19.745	8.59702e-11
19.755	8.54509e-11
19.765	8.49532e-11
19.775	8.4477e-11
19.785	8.40221e-11
19.795	8.35884e-11
19.805	8.31759e-11
19.815	8.27843e-11
19.825	8.24136e-11
19.835	8.20637e-11
19.845	8.17345e-11
19.855	8.14259e-11
19.865	8.11378e-11
19.875	8.08702e-11
19.885	8.0623e-11
19.895	8.03961e-11
19.905	8.01894e-11
19.915	8.0003e-11
19.925	7.98367e-11
19.935	7.96905e-11
19.945	7.95644e-11
19.955	7.94584e-11
19.965	7.93723e-11
19.975	7.93063e-11
19.985	7.92602e-11
19.995	7.92341e-11
e
