9.1770317019739445e-01
9.1833657135211855e-01
9.1810970384955704e-01
9.1741683703282040e-01
9.1637808704709645e-01
9.1503460448914031e-01
9.1342923450922087e-01
9.1158152429506600e-01
9.0953870457738495e-01
9.0731390438438342e-01
9.0491825259962988e-01
9.0238435604430256e-01
8.9972035262469929e-01
8.9693347991116967e-01
8.9402682429598834e-01
8.9100509012202322e-01
8.8787754297854904e-01
8.8465106187759279e-01
8.8133050972191418e-01
8.7791915090264883e-01
8.7442080350573492e-01
8.7085975409620575e-01
8.6723983862672205e-01
8.6356401925247717e-01
8.5983506844108393e-01
8.5605563677491570e-01
8.5222024055792678e-01
8.4832787156663636e-01
8.4438918529401852e-01
8.4041030727995336e-01
8.3639328300025406e-01
8.3234562447933824e-01
8.2826753846686918e-01
8.2414662565249930e-01
8.2001349527617629e-01
8.1586759483632476e-01
8.1170038268536815e-01
8.0751303793756757e-01
8.0329795435025153e-01
7.9905235483758064e-01
7.9478639886355018e-01
7.9051345833222231e-01
7.8623122099336307e-01
7.8193894190819557e-01
7.7763996184666240e-01
7.7328905276066817e-01
7.6896638590202482e-01
7.6466765665584124e-01
7.6036516699846124e-01
7.5605941364270657e-01
7.5174436691941970e-01
7.4742127583681450e-01
7.4309741308225941e-01
7.3877457807108249e-01
7.3445237922854079e-01
7.3013331528551439e-01
7.2581881881046928e-01
7.2144482206905092e-01
7.1712057183101174e-01
7.1284050281232980e-01
7.0856627873164624e-01
7.0429810559412809e-01
7.0003391541573423e-01
6.9577680922852525e-01
6.9152813316400819e-01
6.8728647786759367e-01
6.8305108920614055e-01
6.7882289310857924e-01
6.7460227531611283e-01
6.7032350232154658e-01
6.6609615908620323e-01
6.6191303273978153e-01
6.5773279333504098e-01
6.5355429524359165e-01
6.4937913856099982e-01
6.4520802511763364e-01
6.4104020299914566e-01
6.3687528812599170e-01
6.3271382582597890e-01
6.2855608260566265e-01
6.2435331447648523e-01
6.2018010054287043e-01
6.1603327838766841e-01
6.1188514038269048e-01
6.0773572661969844e-01
6.0358545214531978e-01
5.9943558922969886e-01
5.9528712103284676e-01
5.9114099939575182e-01
5.8699801995221024e-01
5.8285882943726930e-01
5.7869681821886176e-01
5.7456499822276619e-01
5.7046105032487460e-01
5.6636674719134894e-01
5.6228211552970386e-01
5.5820731845036342e-01
5.5414282487004451e-01
5.5008900296355889e-01
5.4604621528532682e-01
5.4201476831515427e-01
5.3799301567673719e-01
5.3397939063167754e-01
5.2995528337184561e-01
5.2594786134179239e-01
5.2195437434730985e-01
5.1796366824450180e-01
5.1397478631100835e-01
5.0998683030559766e-01
5.0599899437780527e-01
5.0201053638946580e-01
4.9801844735110196e-01
4.9402235822802759e-01
4.9002195142456523e-01
4.8600822601438909e-01
4.8199541422455078e-01
4.7798260158623812e-01
4.7396457930429026e-01
4.6994127908977579e-01
4.6591267647840556e-01
4.6187875821847774e-01
4.5783727548985542e-01
4.5378877770202020e-01
4.4973380571336541e-01
4.4566904061188567e-01
4.4160137742846106e-01
4.3753100812883272e-01
4.3345622730867400e-01
4.2937755617308676e-01
4.2529551204808325e-01
4.2121060087764683e-01
4.1712477095008182e-01
4.1303830709768635e-01
4.0895149081667820e-01
4.0486460132912522e-01
4.0077646491252455e-01
3.9668975084877783e-01
3.9260461888884868e-01
3.8852051931157222e-01
3.8443773285847010e-01
3.8035654015213355e-01
3.7627723583301315e-01
3.7220012592537216e-01
3.6812551536731847e-01
3.6405370862424924e-01
3.5998441853702373e-01
3.5591892208445852e-01
3.5185747898200809e-01
3.4780006024953797e-01
3.4374697460939196e-01
3.3969853180220516e-01
3.3565309218171735e-01
3.3161118078658280e-01
3.2757330192874629e-01
3.2353994058063312e-01
3.1951132148415040e-01
3.1548829264880229e-01
3.1147126935531866e-01
3.0746053407588808e-01
3.0345649273840847e-01
2.9945953842438999e-01
2.9546529214735179e-01
2.9147236599216919e-01
2.8747945449542683e-01
2.8348529049201260e-01
2.7948873879067920e-01
2.7548882821616488e-01
2.7148456715078539e-01
2.6747499839716338e-01
2.6345928700071664e-01
2.5943666964318179e-01
2.5540470381021430e-01
2.5136597820465156e-01
2.4732299652791850e-01
2.4327817803307059e-01
2.3923385817471834e-01
2.3519228935140141e-01
2.3115564173812159e-01
2.2712600420093798e-01
2.2310538528897864e-01
2.1909571430025315e-01
2.1507817926325692e-01
2.1105650643147231e-01
2.0703428689704587e-01
2.0301497654423931e-01
1.9900189628101095e-01
1.9499823252508044e-01
1.9100703791065285e-01
1.8703123220076048e-01
1.8307360338632955e-01
1.7913680895395478e-01
1.7522643987155348e-01
1.7134679760166349e-01
1.6750200720371930e-01
1.6369601630313341e-01
1.5993259470851531e-01
1.5621533464660339e-01
1.5254765158480516e-01
1.4893278561225731e-01
1.4537380336488795e-01
1.4187360045340291e-01
1.3843522144708773e-01
1.3505905186525735e-01
1.3174540596914530e-01
1.2849453013468415e-01
1.2530660615002714e-01
1.2218175443656919e-01
1.1912003719375330e-01
1.1612146146773332e-01
1.1318598214412950e-01
1.1031350486427605e-01
1.0750807933834179e-01
1.0476817804332127e-01
1.0209230244629403e-01
9.9478982698470136e-02
9.6926777330491376e-02
9.4434272948999573e-02
9.2000083934639085e-02
8.9622852141808346e-02
8.7301246603184432e-02
8.5033963233353285e-02
8.2821495991005314e-02
8.0663513361851513e-02
7.8559656530380939e-02
7.6509541197894562e-02
7.4512759382645483e-02
7.2568881200090210e-02
7.0677456634294589e-02
6.8838017292428791e-02
6.7050078140936525e-02
6.5313139222188815e-02
6.3626586076679661e-02
6.1988932359591499e-02
6.0398737718469271e-02
5.8854606481818846e-02
5.7355186377203153e-02
5.5899167278043622e-02
5.4485279978721247e-02
5.3112294997444215e-02
5.1779021405531762e-02
5.0484305684069516e-02
4.9227541315665459e-02
4.8007978099416919e-02
4.6824880499048593e-02
4.5677527668199283e-02
4.4565213468378377e-02
4.3487246480094027e-02
4.2442950007676061e-02
4.1431662078289348e-02
4.0452735435623020e-02
3.9505537528771568e-02
3.8589300230014209e-02
3.7702885941281183e-02
3.6845200244020382e-02
3.6015190161313701e-02
3.5211842488949568e-02
3.4434182192447975e-02
3.3681270867344466e-02
3.2952205260107781e-02
3.2246115845728215e-02
3.1562165462435635e-02
3.0899707802508343e-02
3.0257943276927764e-02
2.9636099973572888e-02
2.9033432582446839e-02
2.8449221362793712e-02
2.7882771150491995e-02
2.7333410404209956e-02
2.6800490288854624e-02
2.6283383794907574e-02
2.5781484892113481e-02
2.5294841469854220e-02
2.4822941314668973e-02
2.4365288767858980e-02
2.3921404140047075e-02
2.3490823147194421e-02
2.3073096367157146e-02
2.2667788716097471e-02
2.2274478944053600e-02
2.1892759150276924e-02
2.1522234314985286e-02
2.1162891062379875e-02
2.0814181996097518e-02
2.0475580514624430e-02
2.0146579991259385e-02
1.9826692992726384e-02
1.9515450534708583e-02
1.9212401388381286e-02
1.8917111427756695e-02
1.8629163016553707e-02
1.8348154431525966e-02
1.8073961472066389e-02
1.7806519036267093e-02
1.7545761999025886e-02
1.7291625241995005e-02
1.7044043680728215e-02
1.6802952288980780e-02
1.6568286120168304e-02
1.6339980325977600e-02
1.6117970171895649e-02
1.5902191050802830e-02
1.5691872150458846e-02
1.5486851946550627e-02
1.5286973364209840e-02
1.5092083631928623e-02
1.4902034150284104e-02
1.4716680374858791e-02
1.4535881693199717e-02
1.4359501305885151e-02
1.4187406112064120e-02
1.4019466598296688e-02
1.3855716254134950e-02
1.3696009562345419e-02
1.3540205221876626e-02
1.3388166020070183e-02
1.3239758710086926e-02
1.3094853893349610e-02
1.2953325906840661e-02
1.2815052715093853e-02
1.2679915805822145e-02
1.2547800090919553e-02
1.2418445327120792e-02
1.2291756939430574e-02
1.2167642854096838e-02
1.2046013439047664e-02
1.1926781438142856e-02
1.1809861899617306e-02
1.1695172115530887e-02
1.1582631563544929e-02
1.1472161851365752e-02
1.1363686662969098e-02
1.1257033135397047e-02
1.1152138548615775e-02
1.1048941696008638e-02
1.0947382847768907e-02
1.0847403715501686e-02
1.0748947418011386e-02
1.0651958448241078e-02
1.0556382641315342e-02
1.0462167144050859e-02
1.0369260385099676e-02
1.0277627822996009e-02
1.0187251989376915e-02
1.0098115694243045e-02
1.0010202016919772e-02
9.9234943020012137e-03
9.8379761600213399e-03
9.7536314632555680e-03
9.6704443415413302e-03
9.5883991784739137e-03
9.5074806072618662e-03
9.4276271991822775e-03
9.3488205781583015e-03
9.2710427083272529e-03
9.1942758877548592e-03
9.1185027422591089e-03
9.0437062193125389e-03
8.9698695820397013e-03
8.8969764033081274e-03
8.8250105592523262e-03
8.7539562235674148e-03
8.6838062194691101e-03
8.6145612466500422e-03
8.5462218359913782e-03
8.4787883581450632e-03
8.4122610339723829e-03
8.3466399343808378e-03
8.2819249842465918e-03
8.2181159662323301e-03
8.1552125248075154e-03
8.0932141698655466e-03
8.0320687263204429e-03
7.9717559331935264e-03
7.9122559180032637e-03
7.8535491891126106e-03
7.7956166263387829e-03
7.7384394737323265e-03
7.6819993325369425e-03
7.6262781543254485e-03
7.5712582343076288e-03
7.5169222048058022e-03
7.4632533932743545e-03
7.4102348853091141e-03
7.3578500798851436e-03
7.3060826894195000e-03
7.2549167349660630e-03
7.2043365441342338e-03
7.1543267455333043e-03
7.1048722633587583e-03
7.0559583121172203e-03
7.0075703914913986e-03
6.9596770794096005e-03
6.9122660846198287e-03
6.8653253359893789e-03
6.8188429774939064e-03
6.7728073705501397e-03
6.7272070904037433e-03
6.6820309226036934e-03
6.6372678595641617e-03
6.5929070975245139e-03
6.5489380333402618e-03
6.5053376828774724e-03
6.4621024167894094e-03
6.4192286309521403e-03
6.3767127549242764e-03
6.3345512612600881e-03
6.2927406621049939e-03
6.2512775087092652e-03
6.2101583909482828e-03
6.1693799368491469e-03
6.1289388121241167e-03
6.0888296920291532e-03
6.0490493063494709e-03
6.0095944298695541e-03
5.9704618797141546e-03
5.9316485085141426e-03
5.8931512039733973e-03
5.8549668884414520e-03
5.8170925184918149e-03
5.7795250845059116e-03
5.7422616102652162e-03
5.7052934062954549e-03
5.6686177039527051e-03
5.6322317630028455e-03
5.5961328736576785e-03
5.5603183538081979e-03
5.5247855500563494e-03
5.4895318373752323e-03
5.4545546187737288e-03
5.4198513251648922e-03
5.3854194150330026e-03
5.3512564089394244e-03
5.3173598827631584e-03
5.2837274294486218e-03
5.2503566620641737e-03
5.2172452184452121e-03
5.1843907609087228e-03
5.1517909759713947e-03
5.1194435740713638e-03
5.0873462892934464e-03
5.0554968790992149e-03
5.0238860388543451e-03
4.9925116636983140e-03
4.9613716660641708e-03
4.9304639803639163e-03
4.8997865612279866e-03
4.8693373839917981e-03
4.8391144444616457e-03
4.8091157586835831e-03
4.7793393627151830e-03
4.7497833124046478e-03
4.7204317717897725e-03
4.6912830011463704e-03
4.6623352703229620e-03
4.6335868635682797e-03
4.6050360822365187e-03
4.5766812443750098e-03
4.5485206845404837e-03
4.5205527536175839e-03
4.4927758186395833e-03
4.4651882626106304e-03
4.4377910917532595e-03
4.4105827401165077e-03
4.3835616690937615e-03
4.3567263644744576e-03
4.3300753281146223e-03
4.3036070758694324e-03
4.2773201374438612e-03
4.2512130562450852e-03
4.2252843893859603e-03
4.1995327074575107e-03
4.1739553899009371e-03
4.1485511010906249e-03
4.1233185185334904e-03
4.0982563329066577e-03
4.0733632466447827e-03
4.0486379736212946e-03
4.0240792390312894e-03
3.9996857792758090e-03
3.9754563417036936e-03
3.9513896845027648e-03
3.9274775448037546e-03
3.9037188091254242e-03
3.8801123719706945e-03
3.8566571353097676e-03
3.8333520097219051e-03
3.8101959148718924e-03
3.7871877794221531e-03
3.7643265409458772e-03
3.7416111459761931e-03
3.7190405499221185e-03
3.6965976512911727e-03
3.6742816789324178e-03
3.6520918657147721e-03
3.6300274509515821e-03
3.6080876792057679e-03
3.5862718002452804e-03
3.5645790781353537e-03
3.5430106744040856e-03
3.5216036344086054e-03
3.5003995256340579e-03
3.4794854057139729e-03
3.4586846325037287e-03
3.4379965321719272e-03
3.4174204352323797e-03
3.3969556767225206e-03
3.3766015961669859e-03
3.3563575375415160e-03
3.3362228492372151e-03
3.3161968841444382e-03
3.2962789996148437e-03
3.2764835622032412e-03
3.2568096964381657e-03
3.2372565312756437e-03
3.2178232022764116e-03
3.1985088521559566e-03
3.1793126307163608e-03
3.1602336947788869e-03
3.1412712081173013e-03
3.1224243412797596e-03
3.1036922715260489e-03
3.0850729897336864e-03
3.0665656991105458e-03
3.0481696097651020e-03
3.0298839386298029e-03
3.0117079090127004e-03
2.9936407505376660e-03
2.9756816990852363e-03
2.9578299967341153e-03
2.9400848918086065e-03
2.9224456388192016e-03
2.9049146640557485e-03
2.8874911879277492e-03
2.8701744382222051e-03
2.8529636500213640e-03
2.8358580647280720e-03
2.8188569300063361e-03
2.8019594997225027e-03
2.7851650338870590e-03
2.7684727984983257e-03
2.7518820654876429e-03
2.7353903948139297e-03
2.7189971020653452e-03
2.7027015075899337e-03
2.6865029371153184e-03
2.6704007223756717e-03
2.6543942004001045e-03
2.6384827134644578e-03
2.6226656090435952e-03
2.6069422398566811e-03
2.5913119638168712e-03
2.5757731258086486e-03
2.5603251193767455e-03
2.5449673420257931e-03
2.5296991951932108e-03
2.5145200848633730e-03
2.4994294215274966e-03
2.4844266201439298e-03
2.4695111000988279e-03
2.4546822850805201e-03
2.4399396030430746e-03
2.4252869598331015e-03
2.4107237216384743e-03
2.3962492541438280e-03
2.3818629261499907e-03
2.3675641118422563e-03
2.3533521905075624e-03
2.3392265464873088e-03
2.3251865691306349e-03
2.3112316528291787e-03
2.2973611969691571e-03
2.2835747717523361e-03
2.2698717544303490e-03
2.2562515376926087e-03
2.2427135201535811e-03
2.2292571055737326e-03
2.2158817027019065e-03
2.2025867252285264e-03
2.1893715917393054e-03
2.1762357255939021e-03
2.1631785548827725e-03
2.1501965054041470e-03
2.1372890605736148e-03
2.1244556985096680e-03
2.1116959019331040e-03
2.0990091586534959e-03
2.0863949605997405e-03
2.0738528037825888e-03
2.0613821882575498e-03
2.0489826181586926e-03
2.0366536016604244e-03
2.0243961665578239e-03
2.0122097984505900e-03
2.0000939877139940e-03
1.9880482281604819e-03
1.9760720179060405e-03
1.9641648592340234e-03
1.9523262585565708e-03
1.9405557263764324e-03
1.9288527772506666e-03
1.9172169297556928e-03
1.9056490321595657e-03
1.8941486622418378e-03
1.8827154022387253e-03
1.8713488356333523e-03
1.8600485482414230e-03
1.8488141287346851e-03
1.8376451686180559e-03
1.8265412622069726e-03
1.8155020066049521e-03
1.8045270016813469e-03
1.7936135284982232e-03
1.7827612108647706e-03
1.7719696768766849e-03
1.7612385589398389e-03
1.7505674920295416e-03
1.7399561135855166e-03
1.7294040634923300e-03
1.7189109840600094e-03
1.7084765200048298e-03
1.6981003184302816e-03
1.6877820418732532e-03
1.6775213613157722e-03
1.6673179423073124e-03
1.6571714508386182e-03
1.6470815549456564e-03
1.6370479247735227e-03
1.6270702325606036e-03
1.6171481526228864e-03
1.6072813613384020e-03
1.5974695371320652e-03
1.5877106704851279e-03
1.5780044655170141e-03
1.5683506351294645e-03
1.5587488954473959e-03
1.5491989642832332e-03
1.5397005610510185e-03
1.5302534067554035e-03
1.5208572239807313e-03
1.5115117368802201e-03
1.5022166711652336e-03
1.4929723098657285e-03
1.4837784075063781e-03
1.4746347144858440e-03
1.4655409824777220e-03
1.4564969644219690e-03
1.4475024143791766e-03
1.4385570875250066e-03
1.4296607401446709e-03
1.4208131295817335e-03
1.4120140142338702e-03
1.4032631464574632e-03
1.3945602761939193e-03
1.3859051575755364e-03
1.3772975459412731e-03
1.3687371978300415e-03
1.3602238709740509e-03
1.3517573242922084e-03
1.3433373178835663e-03
1.3349636130632224e-03
1.3266359723547801e-03
1.3183527068385127e-03
1.3101136114462971e-03
1.3019184800527645e-03
1.2937671073400430e-03
1.2856592887943150e-03
1.2775948207026037e-03
1.2695735001495799e-03
1.2615951250144000e-03
1.2536594939675655e-03
1.2457664064679148e-03
1.2379156573378708e-03
1.2301070364018271e-03
1.2223403335846770e-03
1.2146153397877136e-03
1.2069318468831626e-03
1.1992896477090070e-03
1.1916885360638541e-03
1.1841283067018458e-03
1.1766087553275997e-03
1.1691296785912011e-03
1.1616917471087122e-03
1.1542947403654971e-03
1.1469384438316777e-03
1.1396226453175965e-03
1.1323471342064798e-03
1.1251117009134246e-03
1.1179161368797684e-03
1.1107602345674956e-03
1.1036437874873376e-03
1.0965665901923197e-03
1.0895270822661070e-03
1.0825250840592040e-03
1.0755604177549037e-03
1.0686329065782766e-03
1.0617423744435641e-03
1.0548886459514869e-03
1.0480715463865721e-03
1.0412909017144963e-03
1.0345465385488205e-03
1.0278382841506714e-03
1.0211670525485793e-03
1.0145326532022951e-03
1.0079348968568711e-03
1.0013735943517142e-03
9.9484855695780236e-04
9.8835959683880566e-04
9.8190652704653473e-04
9.7548916151641890e-04
9.6910731509162746e-04
9.6276080351779679e-04
9.5644947420098355e-04
9.5017313201532425e-04
9.4393157779557957e-04
9.3772461383609461e-04
9.3155204357398913e-04
9.2541367158147168e-04
9.1930930355821859e-04
9.1323874632380725e-04
9.0720180778393084e-04
9.0119829692372094e-04
8.9522800098581655e-04
8.8929073177301137e-04
8.8338630568800443e-04
8.7751454025187864e-04
8.7167525437620611e-04
8.6586826795432778e-04
8.6009340185517493e-04
8.5435047791713374e-04
8.4863931894195801e-04
8.4295974868876941e-04
8.3731160721646936e-04
8.3169472761196049e-04
8.2610894317653978e-04
8.2055408802701388e-04
8.1502999709165500e-04
8.0953650610572972e-04
8.0407345160705490e-04
7.9864067093158675e-04
7.9323800220903995e-04
7.8786528435845703e-04
7.8252202709948185e-04
7.7720810738768429e-04
7.7192340316975462e-04
7.6666779264156811e-04
7.6144115400309626e-04
7.5624336563375383e-04
7.5107430609478484e-04
7.4593385413162432e-04
7.4082188867623418e-04
7.3573828884944176e-04
7.3068293493299416e-04
7.2565570833257843e-04
7.2065649014690567e-04
7.1568516118303380e-04
7.1074160243021192e-04
7.0582569506221925e-04
7.0093732043967490e-04
6.9607636011232734e-04
6.9124269582131659e-04
6.8643620950143303e-04
6.8165689822497193e-04
6.7690462415946021e-04
6.7217925023124552e-04
6.6748063997233828e-04
6.6280865730277566e-04
6.5816316667667921e-04
6.5354403308056763e-04
6.4895112203167766e-04
6.4438429959314599e-04
6.3984343237180955e-04
6.3532855318206515e-04
6.3083953394612550e-04
6.2637624656311302e-04
6.2193856337148981e-04
6.1752635714856416e-04
6.1313950110980660e-04
6.0877786890816581e-04
6.0444133463337846e-04
6.0012977281128006e-04
5.9584305840311338e-04
5.9158106157519838e-04
5.8734364472920464e-04
5.8313067221290227e-04
5.7894200902110313e-04
5.7477752079230420e-04
5.7063707380545180e-04
5.6652053497672356e-04
5.6242777185632918e-04
5.5835865262533117e-04
5.5431304609250196e-04
5.5029019955620451e-04
5.4629002398359121e-04
5.4231243086215442e-04
5.3835733179779014e-04
5.3442463834260656e-04
5.3051426199917783e-04
5.2662611422475897e-04
5.2276010643546216e-04
5.1891614999805620e-04
5.1509415623531311e-04
5.1129400744018175e-04
5.0751559289869091e-04
5.0375880245771408e-04
5.0002352644141796e-04
4.9630965564700545e-04
4.9261708123845367e-04
4.8894569474579926e-04
4.8529538806443107e-04
4.8166605345437548e-04
4.7805758353959121e-04
4.7447004520405014e-04
4.7090332525051798e-04
4.6735731045421128e-04
4.6383188791327502e-04
4.6032694519889110e-04
4.5684237035333123e-04
4.5337805188801927e-04
4.4993387878160306e-04
4.4650974048859095e-04
4.4310552693709157e-04
4.3972098960719485e-04
4.3635603192403410e-04
4.3301055798825006e-04
4.2968447240669081e-04
4.2637768001205022e-04
4.2309008586343435e-04
4.1982159524691758e-04
4.1657211367608925e-04
4.1334154689259020e-04
4.1012980086674349e-04
4.0693646836268663e-04
4.0376145757509011e-04
4.0060467695059707e-04
3.9746603504204020e-04
3.9434544063826973e-04
3.9124280276422882e-04
3.8815803068101675e-04
3.8509103388574231e-04
3.8204172210246719e-04
3.7901000528210271e-04
3.7599572297590577e-04
3.7299883377222946e-04
3.7001929572272346e-04
3.6705706627580923e-04
3.6411210216934242e-04
3.6118435951463320e-04
3.5827379380636807e-04
3.5538035993246749e-04
3.5250401218387989e-04
3.4964470426421251e-04
3.4680240080974976e-04
3.4397705195409069e-04
3.4116860733307498e-04
3.3837701596891613e-04
3.3560222638922817e-04
3.3284418663575633e-04
3.3010284427304441e-04
3.2737814639704246e-04
3.2467003964365093e-04
3.2197847019719910e-04
3.1930363252333384e-04
3.1664549102988429e-04
3.1400400950002067e-04
3.1137915098455724e-04
3.0877087771449244e-04
3.0617915111491660e-04
3.0360393181882517e-04
3.0104517968083385e-04
2.9850285379732551e-04
2.9597691251975880e-04
2.9346719946023262e-04
2.9097368925145710e-04
2.8849635557756968e-04
2.8603517118846360e-04
2.8359010782370083e-04
2.8116113622926646e-04
2.7874822617421835e-04
2.7635134646723374e-04
2.7397046496713479e-04
2.7160554859942052e-04
2.6925662086309368e-04
2.6692363392154521e-04
2.6460653939176679e-04
2.6230528840530919e-04
2.6001983153419827e-04
2.5775011875240055e-04
2.5549609944845692e-04
2.5325772243801453e-04
2.5103493597625345e-04
2.4882768777020425e-04
2.4663579530184298e-04
2.4445922543379759e-04
2.4229794433352681e-04
2.4015191736845914e-04
2.3802110904483064e-04
2.3590548301497671e-04
2.3380500209384088e-04
2.3171962827536752e-04
2.2964932274878146e-04
2.2759404591536460e-04
2.2555401057412045e-04
2.2352917224576166e-04
2.2151948572979454e-04
2.1952490512807052e-04
2.1754538387277361e-04
2.1558087472170936e-04
2.1363132977436452e-04
2.1169670048782688e-04
2.0977693769694508e-04
2.0787199162981997e-04
2.0598174457616677e-04
2.0410615128816858e-04
2.0224516587743084e-04
2.0039874180819732e-04
1.9856683191298995e-04
1.9674938840105849e-04
1.9494636287440098e-04
1.9315770634364363e-04
1.9138336923981604e-04
1.8962330142950929e-04
1.8787739044090625e-04
1.8614556046269787e-04
1.8442773567433349e-04
1.8272384019085228e-04
1.8103379807232550e-04
1.7935753342121551e-04
1.7769497038863555e-04
1.7604603318052394e-04
1.7441064606373382e-04
1.7278873337203950e-04
1.7118019506537748e-04
1.6958495946199859e-04
1.6800295486547808e-04
1.6643410957854521e-04
1.6487835193129986e-04
1.6333561028150317e-04
1.6180581302113216e-04
1.6028888858284714e-04
1.5878476544314312e-04
1.5729337212792635e-04
1.5581463255608550e-04
1.5434845467616416e-04
1.5289474701291408e-04
1.5145341859001171e-04
1.5002437893883461e-04
1.4860753810290228e-04
1.4720280663654199e-04
1.4581009560354089e-04
1.4442931657868480e-04
1.4306038164628188e-04
1.4170319549139482e-04
1.4035767220873239e-04
1.3902372657783842e-04
1.3770127389503683e-04
1.3639022993615620e-04
1.3509051095024705e-04
1.3380203365850174e-04
1.3252471525315924e-04
1.3125847339639466e-04
1.3000322621919191e-04
1.2875897236888569e-04
1.2752562573290960e-04
1.2630310090806833e-04
1.2509131318493469e-04
1.2389017845256569e-04
1.2269961315337688e-04
1.2151953428053225e-04
1.2034985937533666e-04
1.1919050652462982e-04
1.1804139435818358e-04
1.1690241630878898e-04
1.1577349575040994e-04
1.1465455673331895e-04
1.1354552376388407e-04
1.1244632180313778e-04
1.1135687626121044e-04
1.1027711299602194e-04
1.0920695831196273e-04
1.0814633895856302e-04
1.0709518212911359e-04
1.0605344677075204e-04
1.0502105879622284e-04
1.0399794459568426e-04
1.0298403099970244e-04
1.0197924527861629e-04
1.0098351518287042e-04
9.9996768940909721e-05
9.9018935257071881e-05
9.8049943309479163e-05
9.7089722747934694e-05
9.6137897179615015e-05
9.5194408110842182e-05
9.4259197310960668e-05
9.3332206816450583e-05
9.2413378931458298e-05
9.1502656224933231e-05
9.0599981531221485e-05
8.9705306826225488e-05
8.8819237479020665e-05
8.7942963815025599e-05
8.7077831160582275e-05
8.6220270980970692e-05
8.5370223443118545e-05
8.4527629097273622e-05
8.3692428875097095e-05
8.2864564091057161e-05
8.2043976440597622e-05
8.1230607998307740e-05
8.0424401216093620e-05
7.9625298921350831e-05
7.8833558083563787e-05
7.8049115491545537e-05
7.7271908411614959e-05
7.6501874587349568e-05
7.5738952246274805e-05
7.4983080093760993e-05
7.4234197309768778e-05
7.3492243545611907e-05
7.2757158919382694e-05
7.2028884012804509e-05
7.1307354945110006e-05
7.0592514053238362e-05
6.9884304111361172e-05
6.9182668325549188e-05
6.8487550331052725e-05
6.7798894192052831e-05
6.7116644398876327e-05
6.6440745865224368e-05
6.5771143926624312e-05
6.5107784337639242e-05
6.4450613218637498e-05
6.3799577054690222e-05
6.3154622664679581e-05
6.2515697280602080e-05
6.1882748544740747e-05
6.1255724504640589e-05
6.0634573610390234e-05
6.0019244711918226e-05
5.9409687055223681e-05
5.8805850279735886e-05
5.8207682914274481e-05
5.7615135868612276e-05
5.7028160428078831e-05
5.6446708255198963e-05
5.5870731387131603e-05
5.5300182229145140e-05
5.4735013552225643e-05
5.4175178490696306e-05
5.3620630540808461e-05
5.3071323558346200e-05
5.2527245186397119e-05
5.1988349409161453e-05
5.1454590571858024e-05
5.0925923378305598e-05
5.0402302888509002e-05
4.9883684516264400e-05
4.9370024026776482e-05
4.8861277534287610e-05
4.8357401499718602e-05
4.7858352728319285e-05
4.7364087358079710e-05
4.6874563089395524e-05
4.6389737964153862e-05
4.5909570363233243e-05
4.5434018995189244e-05
4.4963042894069674e-05
4.4496601417240278e-05
4.4034654243220748e-05
4.3577161369531208e-05
4.3124083110549092e-05
4.2675380048630797e-05
4.2231013089973261e-05
4.1790943452109925e-05
4.1355132661793144e-05
4.0923542552886936e-05
4.0496135264270447e-05
4.0072873237751781e-05
3.9653719215992393e-05
3.9238636240441855e-05
3.8827587649279369e-05
3.8420536168179518e-05
3.8017445418309941e-05
3.7618279336417378e-05
3.7223002154632734e-05
3.6831578398353342e-05
3.6443972884119406e-05
3.6060150717502501e-05
3.5680077291006397e-05
3.5303718281979987e-05
3.4931039650541370e-05
3.4562007600143556e-05
3.4196588647519762e-05
3.3834749586101179e-05
3.3476457483988107e-05
3.3121679681933149e-05
3.2770383791336249e-05
3.2422537692251464e-05
3.2078109531405606e-05
3.1737067720228389e-05
3.1399380932897804e-05
3.1065006595116646e-05
3.0733914631905619e-05
3.0406075209206714e-05
3.0081458729123049e-05
2.9760035828387620e-05
2.9441777379907833e-05
2.9126654491148013e-05
2.8814638502519776e-05
2.8505700986247041e-05
2.8199813744753295e-05
2.7896948766597061e-05
2.7597078298292407e-05
2.7300174818666287e-05
2.7006211037956786e-05
2.6715159889062162e-05
2.6426994525055608e-05
2.6141688317649130e-05
2.5859214855664612e-05
2.5579547942688313e-05
2.5302661595593213e-05
2.5028528894681636e-05
2.4757124487052648e-05
2.4488423224594297e-05
2.4222400165891413e-05
2.3959030574700458e-05
2.3698289915221454e-05
2.3440153850725317e-05
2.3184598242187387e-05
2.2931599147290959e-05
2.2681132819058474e-05
2.2433175847476934e-05
2.2187704844884962e-05
2.1944696604802269e-05
2.1704128111960860e-05
2.1465976540938891e-05
2.1230219254086158e-05
2.0996833800199956e-05
2.0765797913207625e-05
2.0537089510855464e-05
2.0310686693402896e-05
2.0086567210767311e-05
1.9864709373393829e-05
1.9645091674099812e-05
1.9427692784791057e-05
1.9212491555174215e-05
1.8999467013397696e-05
1.8788598364718509e-05
1.8579864990176738e-05
1.8373246445277361e-05
1.8168722458679720e-05
1.7966279036148449e-05
1.7765896127113670e-05
1.7567553852507503e-05
1.7371232503454644e-05
1.7176912539966801e-05
1.6984574589648653e-05
1.6794199446411205e-05
1.6605768069193026e-05
1.6419261580688797e-05
1.6234661266086556e-05
1.6051945793032833e-05
1.5871097352241934e-05
1.5692098280995086e-05
1.5514931060542054e-05
1.5339578313162712e-05
1.5166022802764431e-05
1.4994247433926127e-05
1.4824235250946045e-05
1.4655969436893214e-05
1.4489433312662596e-05
1.4324610429741187e-05
1.4161484369233596e-05
1.4000038847555958e-05
1.3840257715952790e-05
1.3682124959547259e-05
1.3525624695954955e-05
1.3370741174360427e-05
1.3217458774597925e-05
1.3065762006047384e-05
1.2915635506732256e-05
1.2767050384682259e-05
1.2619993304092077e-05
1.2474451011538325e-05
1.2330410337221486e-05
1.2187858194859483e-05
1.2046781581174812e-05
1.1907167575780681e-05
1.1769003341061066e-05
1.1632276122208626e-05
1.1496973247085128e-05
1.1363082058188533e-05
1.1230590058760883e-05
1.1099484833839510e-05
1.0969754050106239e-05
1.0841385455731208e-05
1.0714366880210647e-05
1.0588686234199593e-05
1.0464331509338767e-05
1.0341290777933414e-05
1.0219552192774817e-05
1.0099120376717227e-05
9.9799835508023130e-06
9.8621300157587451e-06
9.7455481515439501e-06
9.6302264172179985e-06
9.5161533511187315e-06
9.4033175707155466e-06
9.2917077724570380e-06
9.1813127317374390e-06
9.0721213027272493e-06
8.9641224869513314e-06
8.8573055392094541e-06
8.7516595760873523e-06
8.6471739946519082e-06
8.5438380610140702e-06
8.4416413187140470e-06
8.3405731845625166e-06
8.2406233478336952e-06
8.1417813753438823e-06
8.0440371013808457e-06
7.9473875293439253e-06
7.8518215204412856e-06
7.7573278700267899e-06
7.6638956283731632e-06
7.5715138017330425e-06
7.4801716299129180e-06
7.3898583254139303e-06
7.3005633172910658e-06
7.2122760196635892e-06
7.1249860495856454e-06
7.0386829380603128e-06
6.9533564974692735e-06
6.8689965431425959e-06
6.7855930721438408e-06
6.7031360896942225e-06
6.6216157741710008e-06
6.5410223169218884e-06
6.4613460751037478e-06
6.3825774229185227e-06
6.3047068937530846e-06
6.2277384775820601e-06
6.1516610931310353e-06
6.0764637258302234e-06
6.0021355621364804e-06
5.9286658513509533e-06
5.8560440407805392e-06
5.7842596364253939e-06
5.7133023394122527e-06
5.6431619062262977e-06
5.5738282854828900e-06
5.5052946143488571e-06
5.4375509939126135e-06
5.3705875767573378e-06
5.3043947030685956e-06
5.2389627618848666e-06
5.1742823263830759e-06
5.1103440161636641e-06
5.0471386314536441e-06
4.9846570166615910e-06
4.9228901932819504e-06
4.8618178449770547e-06
4.8014326952062619e-06
4.7417274694898039e-06
4.6826950224589174e-06
4.6243282119935128e-06
4.5666200213327680e-06
4.5095634383417131e-06
4.4531515729518864e-06
4.3973775409729400e-06
4.3422345771246579e-06
4.2877158911640895e-06
4.2338148435148069e-06
4.1805248025814441e-06
4.1278392496593746e-06
4.0757516749728587e-06
4.0242556788309005e-06
3.9733448713343870e-06
3.9230129699615123e-06
3.8732537027224876e-06
3.8240609023458887e-06
3.7754199155415177e-06
3.7273258277918624e-06
3.6797737045843611e-06
3.6327586813992643e-06
3.5862758770339583e-06
3.5403204794594210e-06
3.4948876619945338e-06
3.4499726660189644e-06
3.4055707199303922e-06
3.3616771191449604e-06
3.3182870994441819e-06
3.2753960151552396e-06
3.2329992104971699e-06
3.1910920945751554e-06
3.1496700678809393e-06
3.1087285947041763e-06
3.0682631319705546e-06
3.0282691994345301e-06
2.9887423107627496e-06
2.9496780415029531e-06
2.9110764106184968e-06
2.8729325466267728e-06
2.8352415873246061e-06
2.7979987444212463e-06
2.7611992387935673e-06
2.7248383644151376e-06
2.6889114244823452e-06
2.6534137943705317e-06
2.6183408586666363e-06
2.5836880732015136e-06
2.5494509415789654e-06
2.5156249928217703e-06
2.4822057659630301e-06
2.4491888701942901e-06
2.4165699241403682e-06
2.3843446149096872e-06
2.3525086389924335e-06
2.3210577603762738e-06
2.2899877524530882e-06
2.2592944551197997e-06
2.2289705412674277e-06
2.1990122916008355e-06
2.1694159863034014e-06
2.1401779602694310e-06
2.1112945485090390e-06
2.0827621399743134e-06
2.0545771241249317e-06
2.0267359437111651e-06
1.9992350424845280e-06
1.9720709168295037e-06
1.9452404742890306e-06
1.9187402507353089e-06
1.8925667828017731e-06
1.8667166587908572e-06
1.8411864697432748e-06
1.8159728576844077e-06
1.7910724677895462e-06
1.7664819955318710e-06
1.7421981399097756e-06
1.7182176495124194e-06
1.6945333447094584e-06
1.6711425318802614e-06
1.6480425075611126e-06
1.6252306028859755e-06
1.6027041398223508e-06
1.5804604751350334e-06
1.5584969573425000e-06
1.5368109697921136e-06
1.5153998883672143e-06
1.4942611238020739e-06
1.4733920593411748e-06
1.4527901377618523e-06
1.4324527957190776e-06
1.4123775045722512e-06
1.3925617303056926e-06
1.3730029735105067e-06
1.3536987300538843e-06
1.3346465303328997e-06
1.3158439006905883e-06
1.2972884019040870e-06
1.2789820449194431e-06
1.2609218413649120e-06
1.2431048162009828e-06
1.2255280439317489e-06
1.2081886130093701e-06
1.1910836610113012e-06
1.1742103394838987e-06
1.1575658480442824e-06
1.1411474002553914e-06
1.1249522567175189e-06
1.1089774358864260e-06
1.0932202439910292e-06
1.0776780016251594e-06
1.0623480749226195e-06
1.0472278443295461e-06
1.0323147348000139e-06
1.0176061854844064e-06
1.0030996790606780e-06
9.8879271231035816e-07
9.7468282458260505e-07
9.6076881379333617e-07
9.4704813381160590e-07
9.3351825643498730e-07
9.2017669817157135e-07
9.0702099329840831e-07
8.9404871970491877e-07
8.8125747278570917e-07
8.6864489045086593e-07
8.5620862782764130e-07
8.4394638148934193e-07
8.3185585931745725e-07
8.1993481572685407e-07
8.0818102176330768e-07
7.9659228786670423e-07
7.8516644084611904e-07
7.7390134589128112e-07
7.6279488425871478e-07
7.5184497462006965e-07
7.4104955142732425e-07
7.3040658559833813e-07
7.1991519364030157e-07
7.0957325009866643e-07
6.9937864921227501e-07
6.8932932428242797e-07
6.7942322782562957e-07
6.6965835029460825e-07
6.6003270081835079e-07
6.5054432540615592e-07
6.4119128826267005e-07
6.3197168945305458e-07
6.2288365075755004e-07
6.1392532400361495e-07
6.0509487814226298e-07
5.9639051589062499e-07
5.8781045679465077e-07
5.7935295337296473e-07
5.7101627453082948e-07
5.6279872122715185e-07
5.5469861037037394e-07
5.4671429002316577e-07
5.3884386345979565e-07
5.3108574738484079e-07
5.2343837294506135e-07
5.1590020002595414e-07
5.0846970255053804e-07
5.0114538243887608e-07
4.9392575533586665e-07
4.8680936411809346e-07
4.7979476504526302e-07
4.7288054086930069e-07
4.6606539517231341e-07
4.5934794623508437e-07
4.5272682564340557e-07
4.4620069012283865e-07
4.3976820886560561e-07
4.3342807550237714e-07
4.2717899580113440e-07
4.2101969929872884e-07
4.1494892736014699e-07
4.0896544446791681e-07
4.0306829446228065e-07
3.9725624200388960e-07
3.9152806399954634e-07
3.8588256026536598e-07
3.8031854249601658e-07
3.7483484466805195e-07
3.6943031228029846e-07
3.6410381250280574e-07
3.5885422368262420e-07
3.5368044524369291e-07
3.4858138714080580e-07
3.4355598014611193e-07
3.3860316555003759e-07
3.3372190458787334e-07
3.2891116870749502e-07
3.2416994874407635e-07
3.1949724543135363e-07
3.1489207835726087e-07
3.1035347670944037e-07
3.0588048800766804e-07
3.0147225622420209e-07
2.9712783907813658e-07
2.9284630369576288e-07
2.8862673487804089e-07
2.8446822669810950e-07
2.8036989057539291e-07
2.7633084693331367e-07
2.7235023304517452e-07
2.6842719491584851e-07
2.6456089492068039e-07
2.6075056492523546e-07
2.5699539461486683e-07
2.5329458179234268e-07
2.4964733961400444e-07
2.4605288908646667e-07
2.4251046612526851e-07
2.3901931426669211e-07
2.3557869153222390e-07
2.3218786333223263e-07
2.2884610914807362e-07
2.2555251065307511e-07
2.2230638902768460e-07
2.1910707135204886e-07
2.1595389738493545e-07
2.1284621304238829e-07
2.0978337658383033e-07
2.0676475224504754e-07
2.0378971627159749e-07
2.0085765071783555e-07
1.9796794932525948e-07
1.9512005679163314e-07
1.9231338219257563e-07
1.8954734015901390e-07
1.8682135644438127e-07
1.8413486217665725e-07
1.8148729928729331e-07
1.7887811492417243e-07
1.7630676674506907e-07
1.7377271747378979e-07
1.7127544005646609e-07
1.6881451765362501e-07
1.6638941188945797e-07
1.6399958997221156e-07
1.6164452954917471e-07
1.5932371370275438e-07
1.5703663565164577e-07
1.5478279389017607e-07
1.5256169674097814e-07
1.5037285764493941e-07
1.4821579957438381e-07
1.4609005052211320e-07
1.4399514753978264e-07
1.4193063249817167e-07
1.3989605622708071e-07
1.3789097423141685e-07
1.3591495070807813e-07
1.3396755438428736e-07
1.3204836241575864e-07
1.3015695635047721e-07
1.2829292590815732e-07
1.2645585679916522e-07
1.2464535277034441e-07
1.2286102162065453e-07
1.2110247877925637e-07
1.1936934361320322e-07
1.1766124290901304e-07
1.1597780726928367e-07
1.1431867450052036e-07
1.1268348610540350e-07
1.1107189058243471e-07
1.0948353733108444e-07
1.0791808545982476e-07
1.0637519751508236e-07
1.0485454264041591e-07
1.0335579333004408e-07
1.0187862847436826e-07
1.0042273020556170e-07
9.8987786866352185e-08
9.7573489937609340e-08
9.6179536929501308e-08
9.4805642941861178e-08
9.3451512828184967e-08
9.2116854423249397e-08
9.0801381300089360e-08
8.9504809922851715e-08
8.8226862332325676e-08
8.6967263357868748e-08
8.5725743247898569e-08
8.4502034946200854e-08
8.3295876663337144e-08
8.2107007854754070e-08
8.0935174639624091e-08
7.9780125645548115e-08
7.8641614471629784e-08
7.7519397142331279e-08
7.6413234508271212e-08
7.5322889763889252e-08
7.4248130793379855e-08
7.3188727745211418e-08
7.2144455324260885e-08
7.1115029344826250e-08
7.0100244333042209e-08
6.9099887892890534e-08
6.8113760304069198e-08
6.7141655113088228e-08
6.6183378195941378e-08
6.5238728891069011e-08
6.4307518519840790e-08
6.3389552051419602e-08
6.2484646101676637e-08
6.1592596431925239e-08
6.0713225261727163e-08
5.9846348798885686e-08
5.8991794241065210e-08
5.8149382945565507e-08
5.7318946949187524e-08
5.6500312611856403e-08
5.5693316672950653e-08
5.4897790354878832e-08
5.4113574967251434e-08
5.3340533667801928e-08
5.2578509814937614e-08
5.1827341795097285e-08
5.1086877297656639e-08
5.0356959400200504e-08
4.9637440037885280e-08
4.8928166834025234e-08
4.8228995864457874e-08
4.7539779155422042e-08
4.6860376817668437e-08
4.6190633148225470e-08
4.5530412601235828e-08
4.4879576011713797e-08
4.4237991640361616e-08
4.3605524315012235e-08
4.2982045994746611e-08
4.2367425375661664e-08
4.1761538013555305e-08
4.1164256357443344e-08
4.0575459460543985e-08
3.9995030106688324e-08
3.9422851132101012e-08
3.8858802503808653e-08
3.8302770352852772e-08
3.7754638038360673e-08
3.7214294896932538e-08
3.6681627585102587e-08
3.6156528556007653e-08
3.5638887669981779e-08
3.5128600409815459e-08
3.4625551590248855e-08
3.4129639868084849e-08
3.3640761464382131e-08
3.3158817883831470e-08
3.2683708272565299e-08
3.2215336904466184e-08
3.1753605767938040e-08
3.1298421827231671e-08
3.0849689832021834e-08
3.0407319360513827e-08
2.9971207747642320e-08
2.9541268974813650e-08
2.9117414912268690e-08
2.8699561885795085e-08
2.8287624202882580e-08
2.7881520468143722e-08
2.7481167358448322e-08
2.7086485697580516e-08
2.6697394466390523e-08
2.6313816649423139e-08
2.5935667554965202e-08
2.5562872398645109e-08
2.5195354700904949e-08
2.4833041713139433e-08
2.4475859067112718e-08
2.4123736000735936e-08
2.3776600199020499e-08
2.3434382832611804e-08
2.3097013582899410e-08
2.2764425501016790e-08
2.2436544546626245e-08
2.2113306724181141e-08
2.1794646624262717e-08
2.1480501973543831e-08
2.1170809126967360e-08
2.0865507485727879e-08
2.0564535122547512e-08
2.0267833069882895e-08
1.9975341073225080e-08
1.9687001753978917e-08
1.9402756650052676e-08
1.9122549922395587e-08
1.8846324522477139e-08
1.8574026116191000e-08
1.8305599199091229e-08
1.8040990904792666e-08
1.7780147232316482e-08
1.7523016743935024e-08
1.7269546902427747e-08
1.7019687661151119e-08
1.6773389311726662e-08
1.6530603066099986e-08
1.6291279106477484e-08
1.6055369968317976e-08
1.5822827188287030e-08
1.5593604590410373e-08
1.5367655031556297e-08
1.5144933591050921e-08
1.4925394410708673e-08
1.4708993791592322e-08
1.4495688418887411e-08
1.4285435607816513e-08
1.4078191799284709e-08
1.3873915479139633e-08
1.3672564285195994e-08
1.3474097840818298e-08
1.3278474946982786e-08
1.3085656333743647e-08
1.2895601933981828e-08
1.2708273554787476e-08
1.2523630111855043e-08
1.2341634696235657e-08
1.2162249637147475e-08
1.1985439025110380e-08
1.1811166217605217e-08
1.1639396284558865e-08
1.1470093585747385e-08
1.1303224144852020e-08
1.1138753297388499e-08
1.0976647995719602e-08
1.0816874434387089e-08
1.0659400477171651e-08
1.0504193341708956e-08
1.0351221772370635e-08
1.0200453886616164e-08
1.0051859284713366e-08
9.9054069593212881e-09
9.7610673438548567e-09
9.6188102827263536e-09
9.4786070201409021e-09
9.3404435159376019e-09
9.2042905971800628e-09
9.0701185736455319e-09
8.9378991115155929e-09
8.8076033758680077e-09
8.6792038489863058e-09
8.5526725267108303e-09
8.4279826837299270e-09
8.3051071228321701e-09
8.1840198885004512e-09
8.0646944898705762e-09
7.9471057222158848e-09
7.8312279363466642e-09
7.7170366535457591e-09
7.6045069640255736e-09
7.4936150941852037e-09
7.3843368519484165e-09
7.2766491483513168e-09
7.1705284882990608e-09
7.0659524476257318e-09
6.9628975878806614e-09
6.8613421997874254e-09
6.7612641897140686e-09
6.6626424712270766e-09
6.5654555849216282e-09
6.4696830494130799e-09
6.3753040217250684e-09
6.2822986083891554e-09
6.1906465652729318e-09
6.1003285701350755e-09
6.0113250229506053e-09
5.9236171403499507e-09
5.8371858098290258e-09
5.7520127887175939e-09
5.6680795148594208e-09
5.5853682700544422e-09
5.5038610260471006e-09
5.4235405739248272e-09
5.3443894039585768e-09
5.2663908018118121e-09
5.1895265175946801e-09
5.1137804968037078e-09
5.0391363949229624e-09
4.9655786132944601e-09
4.8930912707506170e-09
4.8216592122752642e-09
4.7512670076269152e-09
4.6818999330695382e-09
4.6135429966416334e-09
4.5461818937421428e-09
4.4798021028237192e-09
4.4143897184003655e-09
4.3499305805646870e-09
4.2864111802966917e-09
4.2238177608060105e-09
4.1621371983489651e-09
4.1013561276945810e-09
4.0414617993977782e-09
3.9824412287815465e-09
3.9242820301423927e-09
3.8669725478435835e-09
3.8105006346336128e-09
3.7548539244020490e-09
3.7000206197898565e-09
3.6459887110797966e-09
3.5927467407885926e-09
3.5402830455673404e-09
3.4885864981670405e-09
3.4376457717102745e-09
3.3874500597965096e-09
3.3379883575771914e-09
3.2892501547034962e-09
3.2412247534910988e-09
3.1939019473048397e-09
3.1472713478751360e-09
3.1013230435406979e-09
3.0560469463694500e-09
3.0114334311083434e-09
2.9674727014832477e-09
2.9241554103450600e-09
2.8814733916032237e-09
2.8394174058317649e-09
2.7979780573360507e-09
2.7571463795382741e-09
2.7169132530642911e-09
2.6772699758531439e-09
2.6382076968195338e-09
2.5997179706263764e-09
2.5617922065670278e-09
2.5244222084575397e-09
2.4875996667532524e-09
2.4513166239546289e-09
2.4155649840978678e-09
2.3803370242634833e-09
2.3456248867251230e-09
2.3114210763519483e-09
2.2777179664688290e-09
2.2445082828949861e-09
2.2117846231339746e-09
2.1795399273277012e-09
2.1477653318347792e-09
2.1164541600831213e-09
2.0855996085134551e-09
2.0551951917581471e-09
2.0252343008211494e-09
1.9957106359488564e-09
1.9666177772991953e-09
1.9379496055171046e-09
1.9096998845720808e-09
1.8818626704364470e-09
1.8544319386395736e-09
1.8274019104641144e-09
1.8007666969899697e-09
1.7745206851629459e-09
1.7486581550252538e-09
1.7231736546146292e-09
1.6980616280347438e-09
1.6733167797860627e-09
1.6489337133449674e-09
1.6249072851759692e-09
1.6012292188217642e-09
1.5778948745396247e-09
1.5548995064271083e-09
1.5322385970614324e-09
1.5099075258243296e-09
1.4879018945352207e-09
1.4662172049041240e-09
1.4448491751498969e-09
1.4237934263610831e-09
1.4030457903840255e-09
1.3826020219159410e-09
1.3624580615102787e-09
1.3426097580994365e-09
1.3230531602755706e-09
1.3037842279466588e-09
1.2847991153889629e-09
1.2660938907812165e-09
1.2476648114764807e-09
1.2295080919845215e-09
1.2116200900307353e-09
1.1939985614942513e-09
1.1766397874346593e-09
1.1595399756172423e-09
1.1426955133706078e-09
1.1261027166875172e-09
1.1097580761274810e-09
1.0936580129555115e-09
1.0777991181821647e-09
1.0621779154733250e-09
1.0467910935541130e-09
1.0316355354329449e-09
1.0167080159869930e-09
1.0020052466531394e-09
9.8752409521660765e-10
9.7326136791207258e-10
9.5921402297434436e-10
9.4537895878360694e-10
9.3175322152588217e-10
9.1833379920872455e-10
9.0511782357029793e-10
8.9210250581420705e-10
8.7928503739551679e-10
8.6666255550846119e-10
8.5423233405769282e-10
8.4199159398941316e-10
8.2993768930175635e-10
8.1806792242574767e-10
8.0637972525946399e-10
7.9487047946129060e-10
7.8353769267158577e-10
7.7237881674921089e-10
7.6139143165525081e-10
7.5057306969923584e-10
7.3992138255549748e-10
7.2943397549074760e-10
7.1910856990657641e-10
7.0894284195875942e-10
6.9893458082618915e-10
6.8908153159669449e-10
6.7938154935773599e-10
6.6983237096049924e-10
6.6043192803625108e-10
6.5117810976297230e-10
6.4206890929386594e-10
6.3310227834145204e-10
6.2427627004722081e-10
6.1558889705277378e-10
6.0703827088574857e-10
5.9862246346968719e-10
5.9033964313946899e-10
5.8218793926756647e-10
5.7416557505161755e-10
5.6627073586248242e-10
5.5850169880173687e-10
5.5085670396049071e-10
5.4333408082171285e-10
5.3593212264701514e-10
5.2864920987412609e-10
5.2148368751092672e-10
5.1443398558736701e-10
5.0749840815905496e-10
5.0067541569595556e-10
4.9396343557039668e-10
4.8736112164840251e-10
4.8086694948336209e-10
4.7447947337747937e-10
4.6819721653012335e-10
4.6201877865696672e-10
4.5594272930211789e-10
4.4996771236890526e-10
4.4409234665500908e-10
4.3831531838735637e-10
4.3263528536099501e-10
4.2705097565221127e-10
4.2156108976853003e-10
4.1616439655330340e-10
4.1085963807540612e-10
4.0564562286097374e-10
4.0052113342478555e-10
3.9548501692517863e-10
3.9053600460287143e-10
3.8567299741137555e-10
3.8089487115374815e-10
3.7620056258815582e-10
3.7158898390223985e-10
3.6705910680787045e-10
3.6260987897926128e-10
3.5824030620491751e-10
3.5394937074956087e-10
3.4973611162901648e-10
3.4559954728971655e-10
3.4153874831539592e-10
3.3755276275521731e-10
3.3364069286379174e-10
3.2980161882254502e-10
3.2603467376308064e-10
3.2233896918399931e-10
3.1871366834637402e-10
3.1515791330124616e-10
3.1167089671629046e-10
3.0825178307182150e-10
3.0489979694337986e-10
3.0161414243622769e-10
2.9839407196307643e-10
2.9523881787109598e-10
2.9214765978961456e-10
2.8911985767232795e-10
2.8615471774639608e-10
2.8325152693583760e-10
2.8040961746833389e-10
2.7762835147428938e-10
2.7490708429766847e-10
2.7224515272097203e-10
2.6964193707212016e-10
2.6709679944011298e-10
2.6460914457525640e-10
2.6217835929338339e-10
2.5980387224544867e-10
2.5748509443671381e-10
2.5522147791648408e-10
2.5301248152010079e-10
2.5085757705999643e-10
2.4875624062123216e-10
2.4670796651370532e-10
2.4471223214474386e-10
2.4276855398203985e-10
2.4087643176251175e-10
2.3903540367243957e-10
2.3724499132711037e-10
2.3550475421011593e-10
2.3381534040893979e-10
2.3217632913311806e-10
2.3058728372345334e-10
2.2904780475628216e-10
2.2755747708501062e-10
2.2611592230662469e-10
2.2472274640736249e-10
2.2337759165447005e-10
2.2208008480491585e-10
2.2082988846314508e-10
2.1962661894736669e-10
2.1847001127592022e-10
2.1735974250463999e-10
2.1629552468503316e-10
2.1527705444852793e-10
2.1430406311521809e-10
2.1337626662948917e-10
2.1249341534430317e-10
2.1165524427004696e-10
2.1086152257238204e-10
2.1011200389243114e-10
2.0940647594544528e-10
2.0874471113694472e-10
2.0812651560147489e-10
2.0755168016288456e-10
2.0702002920039648e-10
2.0653137177013925e-10
2.0608555033640036e-10
2.0568239201648151e-10
