unset key
set xlabel "Energy (eV)"
set ylabel "Eedf (eV^{-3/2})"
set title "Eedf"
set xrange [0.005:29.995]
set logscale y
plot '-' w l
0.005	0.40011
0.015	0.400109
0.025	0.374693
0.035	0.355306
0.045	0.340765
0.055	0.329132
0.065	0.319436
0.075	0.311125
0.085	0.303852
0.095	0.297386
0.105	0.291566
0.115	0.286275
0.125	0.281424
0.135	0.276945
0.145	0.272785
0.155	0.268902
0.165	0.265261
0.175	0.261834
0.185	0.258596
0.195	0.255528
0.205	0.252613
0.215	0.249836
0.225	0.247184
0.235	0.244648
0.245	0.242216
0.255	0.239881
0.265	0.237635
0.275	0.235472
0.285	0.233385
0.295	0.23137
0.305	0.229421
0.315	0.227535
0.325	0.225706
0.335	0.223933
0.345	0.222212
0.355	0.220539
0.365	0.218911
0.375	0.217328
0.385	0.215785
0.395	0.214282
0.405	0.212815
0.415	0.211384
0.425	0.209986
0.435	0.20862
0.445	0.207285
0.455	0.205979
0.465	0.204701
0.475	0.203449
0.485	0.202223
0.495	0.201022
0.505	0.199844
0.515	0.198689
0.525	0.197555
0.535	0.196442
0.545	0.19535
0.555	0.194276
0.565	0.193222
0.575	0.192185
0.585	0.191166
0.595	0.190164
0.605	0.189178
0.615	0.188207
0.625	0.187252
0.635	0.186312
0.645	0.185385
0.655	0.184473
0.665	0.183574
0.675	0.182687
0.685	0.181814
0.695	0.180952
0.705	0.180103
0.715	0.179265
0.725	0.178438
0.735	0.177622
0.745	0.176817
0.755	0.176022
0.765	0.175237
0.775	0.174461
0.785	0.173696
0.795	0.172939
0.805	0.172192
0.815	0.171453
0.825	0.170723
0.835	0.170001
0.845	0.169288
0.855	0.168582
0.865	0.167885
0.875	0.167195
0.885	0.166512
0.895	0.165837
0.905	0.165168
0.915	0.164507
0.925	0.163852
0.935	0.163204
0.945	0.162563
0.955	0.161928
0.965	0.161299
0.975	0.160676
0.985	0.16006
0.995	0.159449
1.005	0.158844
1.015	0.158244
1.025	0.15765
1.035	0.157061
1.045	0.156478
1.055	0.155899
1.065	0.155326
1.075	0.154758
1.085	0.154195
1.095	0.153636
1.105	0.153083
1.115	0.152533
1.125	0.151989
1.135	0.151449
1.145	0.150913
1.155	0.150382
1.165	0.149854
1.175	0.149331
1.185	0.148812
1.195	0.148297
1.205	0.147786
1.215	0.147279
1.225	0.146776
1.235	0.146276
1.245	0.14578
1.255	0.145288
1.265	0.144799
1.275	0.144314
1.285	0.143832
1.295	0.143354
1.305	0.142879
1.315	0.142407
1.325	0.141938
1.335	0.141473
1.345	0.141011
1.355	0.140552
1.365	0.140096
1.375	0.139643
1.385	0.139193
1.395	0.138746
1.405	0.138301
1.415	0.13786
1.425	0.137421
1.435	0.136986
1.445	0.136552
1.455	0.136122
1.465	0.135694
1.475	0.135269
1.485	0.134846
1.495	0.134426
1.505	0.134008
1.515	0.133593
1.525	0.13318
1.535	0.13277
1.545	0.132362
1.555	0.131956
1.565	0.131553
1.575	0.131152
1.585	0.130753
1.595	0.130356
1.605	0.129962
1.615	0.129569
1.625	0.129179
1.635	0.128791
1.645	0.128405
1.655	0.128021
1.665	0.127639
1.675	0.127259
1.685	0.126881
1.695	0.126505
1.705	0.126131
1.715	0.125759
1.725	0.125389
1.735	0.12502
1.745	0.124654
1.755	0.124289
1.765	0.123926
1.775	0.123565
1.785	0.123206
1.795	0.122848
1.805	0.122492
1.815	0.122138
1.825	0.121785
1.835	0.121434
1.845	0.121085
1.855	0.120737
1.865	0.120391
1.875	0.120047
1.885	0.119704
1.895	0.119362
1.905	0.119023
1.915	0.118684
1.925	0.118348
1.935	0.118012
1.945	0.117678
1.955	0.117346
1.965	0.117015
1.975	0.116686
1.985	0.116358
1.995	0.116031
2.005	0.115706
2.015	0.115382
2.025	0.115059
2.035	0.114738
2.045	0.114418
2.055	0.114099
2.065	0.113782
2.075	0.113466
2.085	0.113152
2.095	0.112838
2.105	0.112526
2.115	0.112215
2.125	0.111905
2.135	0.111597
2.145	0.11129
2.155	0.110983
2.165	0.110679
2.175	0.110375
2.185	0.110072
2.195	0.109771
2.205	0.109471
2.215	0.109171
2.225	0.108873
2.235	0.108577
2.245	0.108281
2.255	0.107986
2.265	0.107692
2.275	0.1074
2.285	0.107108
2.295	0.106818
2.305	0.106528
2.315	0.10624
2.325	0.105953
2.335	0.105666
2.345	0.105381
2.355	0.105097
2.365	0.104814
2.375	0.104531
2.385	0.10425
2.395	0.103969
2.405	0.10369
2.415	0.103411
2.425	0.103134
2.435	0.102857
2.445	0.102582
2.455	0.102307
2.465	0.102033
2.475	0.10176
2.485	0.101488
2.495	0.101217
2.505	0.100947
2.515	0.100677
2.525	0.100409
2.535	0.100141
2.545	0.0998742
2.555	0.0996083
2.565	0.0993432
2.575	0.0990789
2.585	0.0988155
2.595	0.0985528
2.605	0.098291
2.615	0.0980301
2.625	0.0977699
2.635	0.0975105
2.645	0.0972519
2.655	0.0969941
2.665	0.0967371
2.675	0.0964808
2.685	0.0962254
2.695	0.0959707
2.705	0.0957167
2.715	0.0954635
2.725	0.0952111
2.735	0.0949594
2.745	0.0947084
2.755	0.0944582
2.765	0.0942087
2.775	0.0939599
2.785	0.0937119
2.795	0.0934645
2.805	0.0932179
2.815	0.0929719
2.825	0.0927267
2.835	0.0924822
2.845	0.0922383
2.855	0.0919951
2.865	0.0917526
2.875	0.0915108
2.885	0.0912697
2.895	0.0910292
2.905	0.0907894
2.915	0.0905502
2.925	0.0903117
2.935	0.0900739
2.945	0.0898367
2.955	0.0896001
2.965	0.0893642
2.975	0.0891289
2.985	0.0888942
2.995	0.0886601
3.005	0.0884267
3.015	0.0881939
3.025	0.0879617
3.035	0.0877301
3.045	0.0874991
3.055	0.0872687
3.065	0.0870389
3.075	0.0868098
3.085	0.0865812
3.095	0.0863531
3.105	0.0861257
3.115	0.0858989
3.125	0.0856726
3.135	0.0854469
3.145	0.0852218
3.155	0.0849972
3.165	0.0847732
3.175	0.0845497
3.185	0.0843269
3.195	0.0841045
3.205	0.0838827
3.215	0.0836615
3.225	0.0834408
3.235	0.0832207
3.245	0.0830011
3.255	0.082782
3.265	0.0825634
3.275	0.0823454
3.285	0.0821279
3.295	0.081911
3.305	0.0816945
3.315	0.0814786
3.325	0.0812632
3.335	0.0810483
3.345	0.0808339
3.355	0.08062
3.365	0.0804066
3.375	0.0801937
3.385	0.0799813
3.395	0.0797694
3.405	0.079558
3.415	0.0793471
3.425	0.0791367
3.435	0.0789268
3.445	0.0787173
3.455	0.0785083
3.465	0.0782998
3.475	0.0780918
3.485	0.0778843
3.495	0.0776772
3.505	0.0774706
3.515	0.0772645
3.525	0.0770588
3.535	0.0768536
3.545	0.0766488
3.555	0.0764445
3.565	0.0762407
3.575	0.0760373
3.585	0.0758343
3.595	0.0756318
3.605	0.0754298
3.615	0.0752282
3.625	0.075027
3.635	0.0748263
3.645	0.074626
3.655	0.0744261
3.665	0.0742267
3.675	0.0740277
3.685	0.0738292
3.695	0.073631
3.705	0.0734333
3.715	0.073236
3.725	0.0730392
3.735	0.0728427
3.745	0.0726467
3.755	0.0724511
3.765	0.0722559
3.775	0.0720611
3.785	0.0718667
3.795	0.0716728
3.805	0.0714792
3.815	0.0712861
3.825	0.0710933
3.835	0.070901
3.845	0.070709
3.855	0.0705175
3.865	0.0703263
3.875	0.0701356
3.885	0.0699452
3.895	0.0697552
3.905	0.0695656
3.915	0.0693764
3.925	0.0691876
3.935	0.0689992
3.945	0.0688112
3.955	0.0686235
3.965	0.0684362
3.975	0.0682493
3.985	0.0680628
3.995	0.0678767
4.005	0.0676909
4.015	0.0675055
4.025	0.0673205
4.035	0.0671358
4.045	0.0669515
4.055	0.0667676
4.065	0.066584
4.075	0.0664008
4.085	0.066218
4.095	0.0660355
4.105	0.0658534
4.115	0.0656717
4.125	0.0654903
4.135	0.0653092
4.145	0.0651285
4.155	0.0649482
4.165	0.0647682
4.175	0.0645886
4.185	0.0644093
4.195	0.0642304
4.205	0.0640518
4.215	0.0638735
4.225	0.0636956
4.235	0.0635181
4.245	0.0633409
4.255	0.063164
4.265	0.0629875
4.275	0.0628113
4.285	0.0626354
4.295	0.0624599
4.305	0.0622847
4.315	0.0621099
4.325	0.0619353
4.335	0.0617612
4.345	0.0615873
4.355	0.0614138
4.365	0.0612406
4.375	0.0610677
4.385	0.0608951
4.395	0.0607229
4.405	0.060551
4.415	0.0603794
4.425	0.0602082
4.435	0.0600372
4.445	0.0598666
4.455	0.0596963
4.465	0.0595263
4.475	0.0593567
4.485	0.0591873
4.495	0.0590183
4.505	0.0588496
4.515	0.0586812
4.525	0.0585131
4.535	0.0583453
4.545	0.0581778
4.555	0.0580106
4.565	0.0578438
4.575	0.0576772
4.585	0.0575109
4.595	0.057345
4.605	0.0571794
4.615	0.057014
4.625	0.056849
4.635	0.0566842
4.645	0.0565198
4.655	0.0563557
4.665	0.0561918
4.675	0.0560283
4.685	0.055865
4.695	0.0557021
4.705	0.0555394
4.715	0.0553771
4.725	0.055215
4.735	0.0550532
4.745	0.0548918
4.755	0.0547306
4.765	0.0545697
4.775	0.0544091
4.785	0.0542487
4.795	0.0540887
4.805	0.0539289
4.815	0.0537695
4.825	0.0536103
4.835	0.0534514
4.845	0.0532928
4.855	0.0531345
4.865	0.0529764
4.875	0.0528187
4.885	0.0526612
4.895	0.052504
4.905	0.0523471
4.915	0.0521904
4.925	0.0520341
4.935	0.051878
4.945	0.0517222
4.955	0.0515666
4.965	0.0514114
4.975	0.0512564
4.985	0.0511017
4.995	0.0509472
5.005	0.0507931
5.015	0.0506392
5.025	0.0504855
5.035	0.0503322
5.045	0.0501791
5.055	0.0500263
5.065	0.0498737
5.075	0.0497215
5.085	0.0495694
5.095	0.0494177
5.105	0.0492662
5.115	0.049115
5.125	0.0489641
5.135	0.0488134
5.145	0.0486629
5.155	0.0485128
5.165	0.0483629
5.175	0.0482133
5.185	0.0480639
5.195	0.0479148
5.205	0.0477659
5.215	0.0476173
5.225	0.047469
5.235	0.0473209
5.245	0.0471731
5.255	0.0470255
5.265	0.0468782
5.275	0.0467311
5.285	0.0465844
5.295	0.0464378
5.305	0.0462915
5.315	0.0461455
5.325	0.0459997
5.335	0.0458542
5.345	0.0457089
5.355	0.0455639
5.365	0.0454191
5.375	0.0452746
5.385	0.0451303
5.395	0.0449863
5.405	0.0448425
5.415	0.044699
5.425	0.0445557
5.435	0.0444126
5.445	0.0442699
5.455	0.0441273
5.465	0.043985
5.475	0.043843
5.485	0.0437012
5.495	0.0435596
5.505	0.0434183
5.515	0.0432772
5.525	0.0431364
5.535	0.0429958
5.545	0.0428555
5.555	0.0427154
5.565	0.0425755
5.575	0.0424359
5.585	0.0422965
5.595	0.0421573
5.605	0.0420184
5.615	0.0418798
5.625	0.0417413
5.635	0.0416032
5.645	0.0414652
5.655	0.0413275
5.665	0.04119
5.675	0.0410528
5.685	0.0409158
5.695	0.040779
5.705	0.0406425
5.715	0.0405062
5.725	0.0403701
5.735	0.0402343
5.745	0.0400987
5.755	0.0399633
5.765	0.0398282
5.775	0.0396933
5.785	0.0395586
5.795	0.0394242
5.805	0.0392899
5.815	0.039156
5.825	0.0390222
5.835	0.0388887
5.845	0.0387554
5.855	0.0386223
5.865	0.0384895
5.875	0.0383569
5.885	0.0382245
5.895	0.0380924
5.905	0.0379605
5.915	0.0378288
5.925	0.0376973
5.935	0.0375661
5.945	0.037435
5.955	0.0373042
5.965	0.0371737
5.975	0.0370433
5.985	0.0369132
5.995	0.0367833
6.005	0.0366536
6.015	0.0365242
6.025	0.036395
6.035	0.036266
6.045	0.0361372
6.055	0.0360086
6.065	0.0358803
6.075	0.0357522
6.085	0.0356243
6.095	0.0354966
6.105	0.0353691
6.115	0.0352419
6.125	0.0351149
6.135	0.0349881
6.145	0.0348615
6.155	0.0347351
6.165	0.034609
6.175	0.034483
6.185	0.0343573
6.195	0.0342318
6.205	0.0341066
6.215	0.0339815
6.225	0.0338567
6.235	0.033732
6.245	0.0336076
6.255	0.0334834
6.265	0.0333594
6.275	0.0332357
6.285	0.0331121
6.295	0.0329888
6.305	0.0328656
6.315	0.0327427
6.325	0.03262
6.335	0.0324975
6.345	0.0323753
6.355	0.0322532
6.365	0.0321313
6.375	0.0320097
6.385	0.0318883
6.395	0.031767
6.405	0.031646
6.415	0.0315252
6.425	0.0314047
6.435	0.0312843
6.445	0.0311641
6.455	0.0310442
6.465	0.0309244
6.475	0.0308049
6.485	0.0306855
6.495	0.0305664
6.505	0.0304475
6.515	0.0303288
6.525	0.0302103
6.535	0.030092
6.545	0.0299739
6.555	0.029856
6.565	0.0297383
6.575	0.0296209
6.585	0.0295036
6.595	0.0293866
6.605	0.0292697
6.615	0.0291531
6.625	0.0290366
6.635	0.0289204
6.645	0.0288043
6.655	0.0286885
6.665	0.0285729
6.675	0.0284575
6.685	0.0283422
6.695	0.0282272
6.705	0.0281124
6.715	0.0279978
6.725	0.0278834
6.735	0.0277692
6.745	0.0276552
6.755	0.0275414
6.765	0.0274278
6.775	0.0273144
6.785	0.0272012
6.795	0.0270882
6.805	0.0269754
6.815	0.0268628
6.825	0.0267504
6.835	0.0266382
6.845	0.0265262
6.855	0.0264144
6.865	0.0263028
6.875	0.0261914
6.885	0.0260802
6.895	0.0259692
6.905	0.0258583
6.915	0.0257477
6.925	0.0256373
6.935	0.0255271
6.945	0.0254171
6.955	0.0253073
6.965	0.0251976
6.975	0.0250882
6.985	0.024979
6.995	0.0248699
7.005	0.0247611
7.015	0.0246524
7.025	0.024544
7.035	0.0244357
7.045	0.0243277
7.055	0.0242198
7.065	0.0241121
7.075	0.0240047
7.085	0.0238974
7.095	0.0237903
7.105	0.0236834
7.115	0.0235767
7.125	0.0234702
7.135	0.0233639
7.145	0.0232577
7.155	0.0231518
7.165	0.0230461
7.175	0.0229405
7.185	0.0228352
7.195	0.02273
7.205	0.022625
7.215	0.0225203
7.225	0.0224157
7.235	0.0223113
7.245	0.0222071
7.255	0.022103
7.265	0.0219992
7.275	0.0218956
7.285	0.0217921
7.295	0.0216889
7.305	0.0215858
7.315	0.0214829
7.325	0.0213802
7.335	0.0212777
7.345	0.0211754
7.355	0.0210733
7.365	0.0209714
7.375	0.0208696
7.385	0.0207681
7.395	0.0206667
7.405	0.0205655
7.415	0.0204645
7.425	0.0203637
7.435	0.0202631
7.445	0.0201626
7.455	0.0200624
7.465	0.0199623
7.475	0.0198625
7.485	0.0197628
7.495	0.0196633
7.505	0.0195639
7.515	0.0194648
7.525	0.0193659
7.535	0.0192671
7.545	0.0191685
7.555	0.0190701
7.565	0.0189719
7.575	0.0188739
7.585	0.0187761
7.595	0.0186784
7.605	0.0185809
7.615	0.0184836
7.625	0.0183865
7.635	0.0182896
7.645	0.0181929
7.655	0.0180963
7.665	0.0179999
7.675	0.0179037
7.685	0.0178077
7.695	0.0177119
7.705	0.0176163
7.715	0.0175208
7.725	0.0174255
7.735	0.0173304
7.745	0.0172355
7.755	0.0171408
7.765	0.0170462
7.775	0.0169518
7.785	0.0168576
7.795	0.0167636
7.805	0.0166698
7.815	0.0165761
7.825	0.0164827
7.835	0.0163894
7.845	0.0162963
7.855	0.0162033
7.865	0.0161106
7.875	0.016018
7.885	0.0159256
7.895	0.0158334
7.905	0.0157413
7.915	0.0156495
7.925	0.0155578
7.935	0.0154663
7.945	0.0153749
7.955	0.0152838
7.965	0.0151928
7.975	0.015102
7.985	0.0150114
7.995	0.0149209
8.005	0.0148307
8.015	0.0147406
8.025	0.0146507
8.035	0.0145609
8.045	0.0144714
8.055	0.014382
8.065	0.0142928
8.075	0.0142037
8.085	0.0141149
8.095	0.0140262
8.105	0.0139377
8.115	0.0138494
8.125	0.0137612
8.135	0.0136732
8.145	0.0135854
8.155	0.0134978
8.165	0.0134103
8.175	0.013323
8.185	0.0132359
8.195	0.013149
8.205	0.0130622
8.215	0.0129756
8.225	0.0128892
8.235	0.0128029
8.245	0.0127169
8.255	0.012631
8.265	0.0125452
8.275	0.0124597
8.285	0.0123743
8.295	0.0122891
8.305	0.012204
8.315	0.0121192
8.325	0.0120345
8.335	0.0119499
8.345	0.0118656
8.355	0.0117814
8.365	0.0116974
8.375	0.0116135
8.385	0.0115299
8.395	0.0114464
8.405	0.011363
8.415	0.0112799
8.425	0.0111969
8.435	0.0111141
8.445	0.0110314
8.455	0.0109489
8.465	0.0108666
8.475	0.0107845
8.485	0.0107025
8.495	0.0106207
8.505	0.010539
8.515	0.0104576
8.525	0.0103763
8.535	0.0102951
8.545	0.0102142
8.555	0.0101334
8.565	0.0100527
8.575	0.00997226
8.585	0.00989196
8.595	0.00981183
8.605	0.00973187
8.615	0.00965207
8.625	0.00957244
8.635	0.00949298
8.645	0.00941368
8.655	0.00933455
8.665	0.00925558
8.675	0.00917679
8.685	0.00909815
8.695	0.00901968
8.705	0.00894138
8.715	0.00886325
8.725	0.00878527
8.735	0.00870747
8.745	0.00862982
8.755	0.00855235
8.765	0.00847503
8.775	0.00839788
8.785	0.0083209
8.795	0.00824408
8.805	0.00816742
8.815	0.00809093
8.825	0.0080146
8.835	0.00793843
8.845	0.00786243
8.855	0.00778659
8.865	0.00771091
8.875	0.00763539
8.885	0.00756004
8.895	0.00748485
8.905	0.00740982
8.915	0.00733496
8.925	0.00726025
8.935	0.00718571
8.945	0.00711133
8.955	0.00703711
8.965	0.00696305
8.975	0.00688916
8.985	0.00681542
8.995	0.00674185
9.005	0.00666843
9.015	0.00659518
9.025	0.00652209
9.035	0.00644915
9.045	0.00637638
9.055	0.00630377
9.065	0.00623131
9.075	0.00615902
9.085	0.00608688
9.095	0.00601491
9.105	0.00594309
9.115	0.00587143
9.125	0.00579994
9.135	0.0057286
9.145	0.00565741
9.155	0.00558639
9.165	0.00551553
9.175	0.00544482
9.185	0.00537427
9.195	0.00530388
9.205	0.00523364
9.215	0.00516357
9.225	0.00509365
9.235	0.00502389
9.245	0.00495428
9.255	0.00488483
9.265	0.00481554
9.275	0.0047464
9.285	0.00467742
9.295	0.0046086
9.305	0.00453993
9.315	0.00447142
9.325	0.00440306
9.335	0.00433486
9.345	0.00426682
9.355	0.00419893
9.365	0.00413119
9.375	0.00406361
9.385	0.00399619
9.395	0.00392892
9.405	0.0038618
9.415	0.00379484
9.425	0.00372803
9.435	0.00366137
9.445	0.00359487
9.455	0.00352853
9.465	0.00346233
9.475	0.00339629
9.485	0.00333041
9.495	0.00326467
9.505	0.00319909
9.515	0.00313366
9.525	0.00306838
9.535	0.00300326
9.545	0.00293829
9.555	0.00287347
9.565	0.0028088
9.575	0.00274429
9.585	0.00267992
9.595	0.00261571
9.605	0.00255165
9.615	0.00248774
9.625	0.00242398
9.635	0.00236037
9.645	0.00229691
9.655	0.0022336
9.665	0.00217044
9.675	0.00210743
9.685	0.00204458
9.695	0.00198187
9.705	0.00191931
9.715	0.0018569
9.725	0.00179464
9.735	0.00173253
9.745	0.00167057
9.755	0.00160876
9.765	0.0015471
9.775	0.00148558
9.785	0.00142421
9.795	0.001363
9.805	0.00130193
9.815	0.001241
9.825	0.00118023
9.835	0.0011196
9.845	0.00105912
9.855	0.000998791
9.865	0.000938606
9.875	0.000878568
9.885	0.000818676
9.895	0.000758932
9.905	0.000699334
9.915	0.000639882
9.925	0.000580576
9.935	0.000521417
9.945	0.000462403
9.955	0.000403535
9.965	0.000344813
9.975	0.000286236
9.985	0.000227804
9.995	0.000169517
10.005	2.44113e-05
10.015	2.43748e-05
10.025	2.43383e-05
10.035	2.43019e-05
10.045	2.42654e-05
10.055	2.4229e-05
10.065	2.41926e-05
10.075	2.41563e-05
10.085	2.41199e-05
10.095	2.40836e-05
10.105	2.40472e-05
10.115	2.40109e-05
10.125	2.39747e-05
10.135	2.39384e-05
10.145	2.39022e-05
10.155	2.38659e-05
10.165	2.38297e-05
10.175	2.37936e-05
10.185	2.37574e-05
10.195	2.37213e-05
10.205	2.36851e-05
10.215	2.3649e-05
10.225	2.36129e-05
10.235	2.35769e-05
10.245	2.35408e-05
10.255	2.35048e-05
10.265	2.34688e-05
10.275	2.34328e-05
10.285	2.33969e-05
10.295	2.33609e-05
10.305	2.3325e-05
10.315	2.32891e-05
10.325	2.32532e-05
10.335	2.32174e-05
10.345	2.31815e-05
10.355	2.31457e-05
10.365	2.31099e-05
10.375	2.30741e-05
10.385	2.30384e-05
10.395	2.30026e-05
10.405	2.29669e-05
10.415	2.29312e-05
10.425	2.28956e-05
10.435	2.28599e-05
10.445	2.28243e-05
10.455	2.27887e-05
10.465	2.27531e-05
10.475	2.27176e-05
10.485	2.2682e-05
10.495	2.26465e-05
10.505	2.2611e-05
10.515	2.25755e-05
10.525	2.25401e-05
10.535	2.25046e-05
10.545	2.24692e-05
10.555	2.24339e-05
10.565	2.23985e-05
10.575	2.23632e-05
10.585	2.23278e-05
10.595	2.22925e-05
10.605	2.22573e-05
10.615	2.2222e-05
10.625	2.21868e-05
10.635	2.21516e-05
10.645	2.21164e-05
10.655	2.20812e-05
10.665	2.20461e-05
10.675	2.2011e-05
10.685	2.19759e-05
10.695	2.19408e-05
10.705	2.19058e-05
10.715	2.18708e-05
10.725	2.18358e-05
10.735	2.18008e-05
10.745	2.17659e-05
10.755	2.1731e-05
10.765	2.16961e-05
10.775	2.16612e-05
10.785	2.16263e-05
10.795	2.15915e-05
10.805	2.15567e-05
10.815	2.15219e-05
10.825	2.14872e-05
10.835	2.14524e-05
10.845	2.14177e-05
10.855	2.1383e-05
10.865	2.13484e-05
10.875	2.13137e-05
10.885	2.12791e-05
10.895	2.12445e-05
10.905	2.121e-05
10.915	2.11754e-05
10.925	2.11409e-05
10.935	2.11065e-05
10.945	2.1072e-05
10.955	2.10376e-05
10.965	2.10031e-05
10.975	2.09688e-05
10.985	2.09344e-05
10.995	2.09001e-05
11.005	2.08657e-05
11.015	2.08315e-05
11.025	2.07972e-05
11.035	2.0763e-05
11.045	2.07288e-05
11.055	2.06946e-05
11.065	2.06604e-05
11.075	2.06263e-05
11.085	2.05922e-05
11.095	2.05581e-05
11.105	2.0524e-05
11.115	2.049e-05
11.125	2.0456e-05
11.135	2.0422e-05
11.145	2.03881e-05
11.155	2.03542e-05
11.165	2.03203e-05
11.175	2.02864e-05
11.185	2.02526e-05
11.195	2.02187e-05
11.205	2.01849e-05
11.215	2.01512e-05
11.225	2.01174e-05
11.235	2.00837e-05
11.245	2.005e-05
11.255	2.00164e-05
11.265	1.99827e-05
11.275	1.99491e-05
11.285	1.99156e-05
11.295	1.9882e-05
11.305	1.98485e-05
11.315	1.9815e-05
11.325	1.97815e-05
11.335	1.97481e-05
11.345	1.97147e-05
11.355	1.96813e-05
11.365	1.96479e-05
11.375	1.96146e-05
11.385	1.95813e-05
11.395	1.9548e-05
11.405	1.95147e-05
11.415	1.94815e-05
11.425	1.94483e-05
11.435	1.94151e-05
11.445	1.9382e-05
11.455	1.93489e-05
11.465	1.93158e-05
11.475	1.92828e-05
11.485	1.92497e-05
11.495	1.92167e-05
11.505	1.91837e-05
11.515	1.91508e-05
11.525	1.91179e-05
11.535	1.9085e-05
11.545	1.90521e-05
11.555	1.90193e-05
11.565	1.89865e-05
11.575	1.89537e-05
11.585	1.8921e-05
11.595	1.88883e-05
11.605	1.88556e-05
11.615	1.88229e-05
11.625	1.87903e-05
11.635	1.87577e-05
11.645	1.87251e-05
11.655	1.86925e-05
11.665	1.866e-05
11.675	1.86275e-05
11.685	1.85951e-05
11.695	1.85626e-05
11.705	1.85302e-05
11.715	1.84979e-05
11.725	1.84655e-05
11.735	1.84332e-05
11.745	1.84009e-05
11.755	1.83687e-05
11.765	1.83364e-05
11.775	1.83042e-05
11.785	1.82721e-05
11.795	1.82399e-05
11.805	1.82078e-05
11.815	1.81758e-05
11.825	1.81437e-05
11.835	1.81117e-05
11.845	1.80797e-05
11.855	1.80477e-05
11.865	1.80158e-05
11.875	1.79839e-05
11.885	1.7952e-05
11.895	1.79202e-05
11.905	1.78884e-05
11.915	1.78566e-05
11.925	1.78248e-05
11.935	1.77931e-05
11.945	1.77614e-05
11.955	1.77298e-05
11.965	1.76981e-05
11.975	1.76665e-05
11.985	1.7635e-05
11.995	1.76034e-05
12.005	1.75719e-05
12.015	1.75404e-05
12.025	1.7509e-05
12.035	1.74775e-05
12.045	1.74462e-05
12.055	1.74148e-05
12.065	1.73835e-05
12.075	1.73522e-05
12.085	1.73209e-05
12.095	1.72897e-05
12.105	1.72585e-05
12.115	1.72273e-05
12.125	1.71961e-05
12.135	1.7165e-05
12.145	1.71339e-05
12.155	1.71029e-05
12.165	1.70719e-05
12.175	1.70409e-05
12.185	1.70099e-05
12.195	1.6979e-05
12.205	1.69481e-05
12.215	1.69172e-05
12.225	1.68864e-05
12.235	1.68556e-05
12.245	1.68248e-05
12.255	1.67941e-05
12.265	1.67634e-05
12.275	1.67327e-05
12.285	1.6702e-05
12.295	1.66714e-05
12.305	1.66408e-05
12.315	1.66103e-05
12.325	1.65798e-05
12.335	1.65493e-05
12.345	1.65188e-05
12.355	1.64884e-05
12.365	1.6458e-05
12.375	1.64276e-05
12.385	1.63973e-05
12.395	1.6367e-05
12.405	1.63367e-05
12.415	1.63065e-05
12.425	1.62763e-05
12.435	1.62461e-05
12.445	1.6216e-05
12.455	1.61859e-05
12.465	1.61558e-05
12.475	1.61257e-05
12.485	1.60957e-05
12.495	1.60657e-05
12.505	1.60358e-05
12.515	1.60059e-05
12.525	1.5976e-05
12.535	1.59461e-05
12.545	1.59163e-05
12.555	1.58865e-05
12.565	1.58568e-05
12.575	1.5827e-05
12.585	1.57973e-05
12.595	1.57677e-05
12.605	1.57381e-05
12.615	1.57085e-05
12.625	1.56789e-05
12.635	1.56494e-05
12.645	1.56199e-05
12.655	1.55904e-05
12.665	1.5561e-05
12.675	1.55316e-05
12.685	1.55022e-05
12.695	1.54729e-05
12.705	1.54436e-05
12.715	1.54143e-05
12.725	1.53851e-05
12.735	1.53558e-05
12.745	1.53267e-05
12.755	1.52975e-05
12.765	1.52684e-05
12.775	1.52394e-05
12.785	1.52103e-05
12.795	1.51813e-05
12.805	1.51523e-05
12.815	1.51234e-05
12.825	1.50945e-05
12.835	1.50656e-05
12.845	1.50367e-05
12.855	1.50079e-05
12.865	1.49792e-05
12.875	1.49504e-05
12.885	1.49217e-05
12.895	1.4893e-05
12.905	1.48644e-05
12.915	1.48358e-05
12.925	1.48072e-05
12.935	1.47786e-05
12.945	1.47501e-05
12.955	1.47216e-05
12.965	1.46932e-05
12.975	1.46648e-05
12.985	1.46364e-05
12.995	1.4608e-05
13.005	1.45797e-05
13.015	1.45514e-05
13.025	1.45232e-05
13.035	1.4495e-05
13.045	1.44668e-05
13.055	1.44386e-05
13.065	1.44105e-05
13.075	1.43824e-05
13.085	1.43544e-05
13.095	1.43264e-05
13.105	1.42984e-05
13.115	1.42705e-05
13.125	1.42425e-05
13.135	1.42147e-05
13.145	1.41868e-05
13.155	1.4159e-05
13.165	1.41312e-05
13.175	1.41035e-05
13.185	1.40758e-05
13.195	1.40481e-05
13.205	1.40204e-05
13.215	1.39928e-05
13.225	1.39652e-05
13.235	1.39377e-05
13.245	1.39102e-05
13.255	1.38827e-05
13.265	1.38553e-05
13.275	1.38278e-05
13.285	1.38005e-05
13.295	1.37731e-05
13.305	1.37458e-05
13.315	1.37185e-05
13.325	1.36913e-05
13.335	1.36641e-05
13.345	1.36369e-05
13.355	1.36098e-05
13.365	1.35827e-05
13.375	1.35556e-05
13.385	1.35286e-05
13.395	1.35016e-05
13.405	1.34746e-05
13.415	1.34476e-05
13.425	1.34207e-05
13.435	1.33939e-05
13.445	1.3367e-05
13.455	1.33402e-05
13.465	1.33135e-05
13.475	1.32867e-05
13.485	1.326e-05
13.495	1.32334e-05
13.505	1.32067e-05
13.515	1.31801e-05
13.525	1.31536e-05
13.535	1.31271e-05
13.545	1.31006e-05
13.555	1.30741e-05
13.565	1.30477e-05
13.575	1.30213e-05
13.585	1.29949e-05
13.595	1.29686e-05
13.605	1.29423e-05
13.615	1.2916e-05
13.625	1.28898e-05
13.635	1.28636e-05
13.645	1.28375e-05
13.655	1.28114e-05
13.665	1.27853e-05
13.675	1.27592e-05
13.685	1.27332e-05
13.695	1.27072e-05
13.705	1.26813e-05
13.715	1.26554e-05
13.725	1.26295e-05
13.735	1.26036e-05
13.745	1.25778e-05
13.755	1.2552e-05
13.765	1.25263e-05
13.775	1.25006e-05
13.785	1.24749e-05
13.795	1.24493e-05
13.805	1.24237e-05
13.815	1.23981e-05
13.825	1.23726e-05
13.835	1.23471e-05
13.845	1.23216e-05
13.855	1.22962e-05
13.865	1.22708e-05
13.875	1.22454e-05
13.885	1.22201e-05
13.895	1.21948e-05
13.905	1.21695e-05
13.915	1.21443e-05
13.925	1.21191e-05
13.935	1.20939e-05
13.945	1.20688e-05
13.955	1.20437e-05
13.965	1.20186e-05
13.975	1.19936e-05
13.985	1.19686e-05
13.995	1.19437e-05
14.005	1.19187e-05
14.015	1.18939e-05
14.025	1.1869e-05
14.035	1.18442e-05
14.045	1.18194e-05
14.055	1.17947e-05
14.065	1.17699e-05
14.075	1.17453e-05
14.085	1.17206e-05
14.095	1.1696e-05
14.105	1.16714e-05
14.115	1.16469e-05
14.125	1.16224e-05
14.135	1.15979e-05
14.145	1.15735e-05
14.155	1.15491e-05
14.165	1.15247e-05
14.175	1.15004e-05
14.185	1.14761e-05
14.195	1.14518e-05
14.205	1.14276e-05
14.215	1.14034e-05
14.225	1.13792e-05
14.235	1.13551e-05
14.245	1.1331e-05
14.255	1.13069e-05
14.265	1.12829e-05
14.275	1.12589e-05
14.285	1.12349e-05
14.295	1.1211e-05
14.305	1.11871e-05
14.315	1.11633e-05
14.325	1.11394e-05
14.335	1.11157e-05
14.345	1.10919e-05
14.355	1.10682e-05
14.365	1.10445e-05
14.375	1.10208e-05
14.385	1.09972e-05
14.395	1.09737e-05
14.405	1.09501e-05
14.415	1.09266e-05
14.425	1.09031e-05
14.435	1.08797e-05
14.445	1.08563e-05
14.455	1.08329e-05
14.465	1.08096e-05
14.475	1.07862e-05
14.485	1.0763e-05
14.495	1.07397e-05
14.505	1.07165e-05
14.515	1.06934e-05
14.525	1.06702e-05
14.535	1.06471e-05
14.545	1.06241e-05
14.555	1.0601e-05
14.565	1.0578e-05
14.575	1.05551e-05
14.585	1.05321e-05
14.595	1.05092e-05
14.605	1.04864e-05
14.615	1.04636e-05
14.625	1.04408e-05
14.635	1.0418e-05
14.645	1.03953e-05
14.655	1.03726e-05
14.665	1.03499e-05
14.675	1.03273e-05
14.685	1.03047e-05
14.695	1.02822e-05
14.705	1.02597e-05
14.715	1.02372e-05
14.725	1.02147e-05
14.735	1.01923e-05
14.745	1.01699e-05
14.755	1.01476e-05
14.765	1.01253e-05
14.775	1.0103e-05
14.785	1.00807e-05
14.795	1.00585e-05
14.805	1.00363e-05
14.815	1.00142e-05
14.825	9.99209e-06
14.835	9.97001e-06
14.845	9.94797e-06
14.855	9.92596e-06
14.865	9.90399e-06
14.875	9.88205e-06
14.885	9.86014e-06
14.895	9.83827e-06
14.905	9.81643e-06
14.915	9.79463e-06
14.925	9.77286e-06
14.935	9.75112e-06
14.945	9.72942e-06
14.955	9.70775e-06
14.965	9.68612e-06
14.975	9.66452e-06
14.985	9.64295e-06
14.995	9.62142e-06
15.005	9.59992e-06
15.015	9.57845e-06
15.025	9.55702e-06
15.035	9.53563e-06
15.045	9.51426e-06
15.055	9.49293e-06
15.065	9.47164e-06
15.075	9.45037e-06
15.085	9.42915e-06
15.095	9.40795e-06
15.105	9.38679e-06
15.115	9.36566e-06
15.125	9.34457e-06
15.135	9.32351e-06
15.145	9.30248e-06
15.155	9.28149e-06
15.165	9.26053e-06
15.175	9.2396e-06
15.185	9.21871e-06
15.195	9.19785e-06
15.205	9.17703e-06
15.215	9.15624e-06
15.225	9.13548e-06
15.235	9.11476e-06
15.245	9.09407e-06
15.255	9.07341e-06
15.265	9.05279e-06
15.275	9.0322e-06
15.285	9.01164e-06
15.295	8.99112e-06
15.305	8.97063e-06
15.315	8.95017e-06
15.325	8.92975e-06
15.335	8.90936e-06
15.345	8.889e-06
15.355	8.86868e-06
15.365	8.84839e-06
15.375	8.82814e-06
15.385	8.80791e-06
15.395	8.78772e-06
15.405	8.76757e-06
15.415	8.74745e-06
15.425	8.72736e-06
15.435	8.7073e-06
15.445	8.68728e-06
15.455	8.66729e-06
15.465	8.64733e-06
15.475	8.62741e-06
15.485	8.60752e-06
15.495	8.58766e-06
15.505	8.56784e-06
15.515	8.54804e-06
15.525	8.52829e-06
15.535	8.50856e-06
15.545	8.48887e-06
15.555	8.46921e-06
15.565	8.44958e-06
15.575	8.42999e-06
15.585	8.41043e-06
15.595	8.39091e-06
15.605	8.37141e-06
15.615	8.35195e-06
15.625	8.33252e-06
15.635	8.31313e-06
15.645	8.29376e-06
15.655	8.27443e-06
15.665	8.25514e-06
15.675	8.23587e-06
15.685	8.21664e-06
15.695	8.19744e-06
15.705	8.17828e-06
15.715	8.15915e-06
15.725	8.14004e-06
15.735	8.12098e-06
15.745	8.10194e-06
15.755	8.08294e-06
15.765	8.06397e-06
15.775	8.04503e-06
15.785	8.02613e-06
15.795	8.00726e-06
15.805	7.98842e-06
15.815	7.96961e-06
15.825	7.95084e-06
15.835	7.93209e-06
15.845	7.91338e-06
15.855	7.89471e-06
15.865	7.87606e-06
15.875	7.85745e-06
15.885	7.83887e-06
15.895	7.82032e-06
15.905	7.80181e-06
15.915	7.78332e-06
15.925	7.76487e-06
15.935	7.74646e-06
15.945	7.72807e-06
15.955	7.70972e-06
15.965	7.69139e-06
15.975	7.6731e-06
15.985	7.65485e-06
15.995	7.63662e-06
16.005	7.61843e-06
16.015	7.60027e-06
16.025	7.58214e-06
16.035	7.56404e-06
16.045	7.54598e-06
16.055	7.52794e-06
16.065	7.50994e-06
16.075	7.49197e-06
16.085	7.47404e-06
16.095	7.45613e-06
16.105	7.43826e-06
16.115	7.42042e-06
16.125	7.40261e-06
16.135	7.38483e-06
16.145	7.36708e-06
16.155	7.34937e-06
16.165	7.33169e-06
16.175	7.31403e-06
16.185	7.29642e-06
16.195	7.27883e-06
16.205	7.26127e-06
16.215	7.24375e-06
16.225	7.22625e-06
16.235	7.20879e-06
16.245	7.19136e-06
16.255	7.17397e-06
16.265	7.1566e-06
16.275	7.13926e-06
16.285	7.12196e-06
16.295	7.10469e-06
16.305	7.08745e-06
16.315	7.07024e-06
16.325	7.05306e-06
16.335	7.03591e-06
16.345	7.0188e-06
16.355	7.00171e-06
16.365	6.98466e-06
16.375	6.96764e-06
16.385	6.95065e-06
16.395	6.93369e-06
16.405	6.91676e-06
16.415	6.89986e-06
16.425	6.883e-06
16.435	6.86616e-06
16.445	6.84936e-06
16.455	6.83258e-06
16.465	6.81584e-06
16.475	6.79913e-06
16.485	6.78245e-06
16.495	6.7658e-06
16.505	6.74918e-06
16.515	6.73259e-06
16.525	6.71604e-06
16.535	6.69951e-06
16.545	6.68302e-06
16.555	6.66655e-06
16.565	6.65012e-06
16.575	6.63371e-06
16.585	6.61734e-06
16.595	6.601e-06
16.605	6.58469e-06
16.615	6.56841e-06
16.625	6.55216e-06
16.635	6.53594e-06
16.645	6.51975e-06
16.655	6.50359e-06
16.665	6.48746e-06
16.675	6.47137e-06
16.685	6.4553e-06
16.695	6.43926e-06
16.705	6.42325e-06
16.715	6.40728e-06
16.725	6.39133e-06
16.735	6.37542e-06
16.745	6.35953e-06
16.755	6.34368e-06
16.765	6.32785e-06
16.775	6.31206e-06
16.785	6.29629e-06
16.795	6.28056e-06
16.805	6.26485e-06
16.815	6.24918e-06
16.825	6.23353e-06
16.835	6.21792e-06
16.845	6.20233e-06
16.855	6.18678e-06
16.865	6.17125e-06
16.875	6.15575e-06
16.885	6.14029e-06
16.895	6.12485e-06
16.905	6.10945e-06
16.915	6.09407e-06
16.925	6.07872e-06
16.935	6.06341e-06
16.945	6.04812e-06
16.955	6.03286e-06
16.965	6.01763e-06
16.975	6.00244e-06
16.985	5.98727e-06
16.995	5.97213e-06
17.005	5.95702e-06
17.015	5.94194e-06
17.025	5.92689e-06
17.035	5.91186e-06
17.045	5.89687e-06
17.055	5.88191e-06
17.065	5.86697e-06
17.075	5.85207e-06
17.085	5.83719e-06
17.095	5.82235e-06
17.105	5.80753e-06
17.115	5.79274e-06
17.125	5.77798e-06
17.135	5.76325e-06
17.145	5.74855e-06
17.155	5.73388e-06
17.165	5.71924e-06
17.175	5.70463e-06
17.185	5.69004e-06
17.195	5.67548e-06
17.205	5.66096e-06
17.215	5.64646e-06
17.225	5.63199e-06
17.235	5.61755e-06
17.245	5.60314e-06
17.255	5.58875e-06
17.265	5.5744e-06
17.275	5.56007e-06
17.285	5.54578e-06
17.295	5.53151e-06
17.305	5.51727e-06
17.315	5.50305e-06
17.325	5.48887e-06
17.335	5.47472e-06
17.345	5.46059e-06
17.355	5.44649e-06
17.365	5.43242e-06
17.375	5.41838e-06
17.385	5.40437e-06
17.395	5.39038e-06
17.405	5.37643e-06
17.415	5.3625e-06
17.425	5.3486e-06
17.435	5.33473e-06
17.445	5.32088e-06
17.455	5.30707e-06
17.465	5.29328e-06
17.475	5.27952e-06
17.485	5.26579e-06
17.495	5.25208e-06
17.505	5.23841e-06
17.515	5.22476e-06
17.525	5.21114e-06
17.535	5.19755e-06
17.545	5.18398e-06
17.555	5.17045e-06
17.565	5.15694e-06
17.575	5.14345e-06
17.585	5.13e-06
17.595	5.11657e-06
17.605	5.10318e-06
17.615	5.08981e-06
17.625	5.07646e-06
17.635	5.06315e-06
17.645	5.04986e-06
17.655	5.0366e-06
17.665	5.02336e-06
17.675	5.01016e-06
17.685	4.99698e-06
17.695	4.98382e-06
17.705	4.9707e-06
17.715	4.9576e-06
17.725	4.94453e-06
17.735	4.93149e-06
17.745	4.91847e-06
17.755	4.90549e-06
17.765	4.89252e-06
17.775	4.87959e-06
17.785	4.86668e-06
17.795	4.8538e-06
17.805	4.84095e-06
17.815	4.82812e-06
17.825	4.81532e-06
17.835	4.80255e-06
17.845	4.7898e-06
17.855	4.77708e-06
17.865	4.76439e-06
17.875	4.75172e-06
17.885	4.73908e-06
17.895	4.72647e-06
17.905	4.71388e-06
17.915	4.70132e-06
17.925	4.68879e-06
17.935	4.67628e-06
17.945	4.6638e-06
17.955	4.65135e-06
17.965	4.63892e-06
17.975	4.62652e-06
17.985	4.61415e-06
17.995	4.6018e-06
18.005	4.58947e-06
18.015	4.57718e-06
18.025	4.56491e-06
18.035	4.55267e-06
18.045	4.54045e-06
18.055	4.52826e-06
18.065	4.51609e-06
18.075	4.50395e-06
18.085	4.49184e-06
18.095	4.47975e-06
18.105	4.46769e-06
18.115	4.45565e-06
18.125	4.44364e-06
18.135	4.43166e-06
18.145	4.4197e-06
18.155	4.40777e-06
18.165	4.39586e-06
18.175	4.38398e-06
18.185	4.37213e-06
18.195	4.3603e-06
18.205	4.34849e-06
18.215	4.33671e-06
18.225	4.32496e-06
18.235	4.31323e-06
18.245	4.30153e-06
18.255	4.28985e-06
18.265	4.2782e-06
18.275	4.26658e-06
18.285	4.25498e-06
18.295	4.2434e-06
18.305	4.23185e-06
18.315	4.22032e-06
18.325	4.20882e-06
18.335	4.19735e-06
18.345	4.1859e-06
18.355	4.17448e-06
18.365	4.16308e-06
18.375	4.1517e-06
18.385	4.14035e-06
18.395	4.12903e-06
18.405	4.11773e-06
18.415	4.10645e-06
18.425	4.0952e-06
18.435	4.08398e-06
18.445	4.07278e-06
18.455	4.0616e-06
18.465	4.05045e-06
18.475	4.03932e-06
18.485	4.02822e-06
18.495	4.01714e-06
18.505	4.00609e-06
18.515	3.99506e-06
18.525	3.98406e-06
18.535	3.97308e-06
18.545	3.96212e-06
18.555	3.95119e-06
18.565	3.94028e-06
18.575	3.9294e-06
18.585	3.91854e-06
18.595	3.90771e-06
18.605	3.8969e-06
18.615	3.88612e-06
18.625	3.87536e-06
18.635	3.86462e-06
18.645	3.85391e-06
18.655	3.84322e-06
18.665	3.83255e-06
18.675	3.82191e-06
18.685	3.81129e-06
18.695	3.8007e-06
18.705	3.79013e-06
18.715	3.77958e-06
18.725	3.76906e-06
18.735	3.75856e-06
18.745	3.74809e-06
18.755	3.73764e-06
18.765	3.72721e-06
18.775	3.71681e-06
18.785	3.70643e-06
18.795	3.69607e-06
18.805	3.68574e-06
18.815	3.67543e-06
18.825	3.66514e-06
18.835	3.65488e-06
18.845	3.64464e-06
18.855	3.63442e-06
18.865	3.62423e-06
18.875	3.61406e-06
18.885	3.60392e-06
18.895	3.59379e-06
18.905	3.58369e-06
18.915	3.57362e-06
18.925	3.56356e-06
18.935	3.55353e-06
18.945	3.54352e-06
18.955	3.53354e-06
18.965	3.52358e-06
18.975	3.51364e-06
18.985	3.50372e-06
18.995	3.49383e-06
19.005	3.48396e-06
19.015	3.47411e-06
19.025	3.46428e-06
19.035	3.45448e-06
19.045	3.4447e-06
19.055	3.43494e-06
19.065	3.42521e-06
19.075	3.4155e-06
19.085	3.40581e-06
19.095	3.39614e-06
19.105	3.3865e-06
19.115	3.37687e-06
19.125	3.36727e-06
19.135	3.3577e-06
19.145	3.34814e-06
19.155	3.33861e-06
19.165	3.3291e-06
19.175	3.31961e-06
19.185	3.31014e-06
19.195	3.3007e-06
19.205	3.29128e-06
19.215	3.28187e-06
19.225	3.2725e-06
19.235	3.26314e-06
19.245	3.25381e-06
19.255	3.24449e-06
19.265	3.2352e-06
19.275	3.22593e-06
19.285	3.21669e-06
19.295	3.20746e-06
19.305	3.19826e-06
19.315	3.18908e-06
19.325	3.17992e-06
19.335	3.17078e-06
19.345	3.16166e-06
19.355	3.15257e-06
19.365	3.14349e-06
19.375	3.13444e-06
19.385	3.12541e-06
19.395	3.1164e-06
19.405	3.10741e-06
19.415	3.09845e-06
19.425	3.0895e-06
19.435	3.08058e-06
19.445	3.07167e-06
19.455	3.06279e-06
19.465	3.05393e-06
19.475	3.04509e-06
19.485	3.03627e-06
19.495	3.02748e-06
19.505	3.0187e-06
19.515	3.00995e-06
19.525	3.00121e-06
19.535	2.9925e-06
19.545	2.98381e-06
19.555	2.97513e-06
19.565	2.96648e-06
19.575	2.95785e-06
19.585	2.94924e-06
19.595	2.94066e-06
19.605	2.93209e-06
19.615	2.92354e-06
19.625	2.91501e-06
19.635	2.90651e-06
19.645	2.89802e-06
19.655	2.88956e-06
19.665	2.88111e-06
19.675	2.87269e-06
19.685	2.86429e-06
19.695	2.8559e-06
19.705	2.84754e-06
19.715	2.8392e-06
19.725	2.83087e-06
19.735	2.82257e-06
19.745	2.81429e-06
19.755	2.80603e-06
19.765	2.79779e-06
19.775	2.78956e-06
19.785	2.78136e-06
19.795	2.77318e-06
19.805	2.76502e-06
19.815	2.75688e-06
19.825	2.74876e-06
19.835	2.74065e-06
19.845	2.73257e-06
19.855	2.72451e-06
19.865	2.71647e-06
19.875	2.70845e-06
19.885	2.70044e-06
19.895	2.69246e-06
19.905	2.6845e-06
19.915	2.67655e-06
19.925	2.66863e-06
19.935	2.66072e-06
19.945	2.65284e-06
19.955	2.64497e-06
19.965	2.63712e-06
19.975	2.6293e-06
19.985	2.62149e-06
19.995	2.6137e-06
20.005	2.60593e-06
20.015	2.59818e-06
20.025	2.59045e-06
20.035	2.58274e-06
20.045	2.57505e-06
20.055	2.56737e-06
20.065	2.55972e-06
20.075	2.55208e-06
20.085	2.54447e-06
20.095	2.53687e-06
20.105	2.52929e-06
20.115	2.52173e-06
20.125	2.51419e-06
20.135	2.50667e-06
20.145	2.49917e-06
20.155	2.49169e-06
20.165	2.48422e-06
20.175	2.47677e-06
20.185	2.46935e-06
20.195	2.46194e-06
20.205	2.45455e-06
20.215	2.44717e-06
20.225	2.43982e-06
20.235	2.43249e-06
20.245	2.42517e-06
20.255	2.41787e-06
20.265	2.41059e-06
20.275	2.40333e-06
20.285	2.39609e-06
20.295	2.38886e-06
20.305	2.38166e-06
20.315	2.37447e-06
20.325	2.3673e-06
20.335	2.36015e-06
20.345	2.35301e-06
20.355	2.3459e-06
20.365	2.3388e-06
20.375	2.33172e-06
20.385	2.32466e-06
20.395	2.31761e-06
20.405	2.31059e-06
20.415	2.30358e-06
20.425	2.29659e-06
20.435	2.28962e-06
20.445	2.28267e-06
20.455	2.27573e-06
20.465	2.26881e-06
20.475	2.26191e-06
20.485	2.25503e-06
20.495	2.24816e-06
20.505	2.24131e-06
20.515	2.23448e-06
20.525	2.22767e-06
20.535	2.22087e-06
20.545	2.2141e-06
20.555	2.20733e-06
20.565	2.20059e-06
20.575	2.19387e-06
20.585	2.18716e-06
20.595	2.18047e-06
20.605	2.17379e-06
20.615	2.16713e-06
20.625	2.16049e-06
20.635	2.15387e-06
20.645	2.14727e-06
20.655	2.14068e-06
20.665	2.13411e-06
20.675	2.12755e-06
20.685	2.12102e-06
20.695	2.1145e-06
20.705	2.10799e-06
20.715	2.10151e-06
20.725	2.09504e-06
20.735	2.08858e-06
20.745	2.08215e-06
20.755	2.07573e-06
20.765	2.06933e-06
20.775	2.06294e-06
20.785	2.05657e-06
20.795	2.05022e-06
20.805	2.04389e-06
20.815	2.03757e-06
20.825	2.03126e-06
20.835	2.02498e-06
20.845	2.01871e-06
20.855	2.01245e-06
20.865	2.00622e-06
20.875	2e-06
20.885	1.99379e-06
20.895	1.98761e-06
20.905	1.98143e-06
20.915	1.97528e-06
20.925	1.96914e-06
20.935	1.96302e-06
20.945	1.95691e-06
20.955	1.95082e-06
20.965	1.94475e-06
20.975	1.93869e-06
20.985	1.93264e-06
20.995	1.92662e-06
21.005	1.92061e-06
21.015	1.91461e-06
21.025	1.90863e-06
21.035	1.90267e-06
21.045	1.89673e-06
21.055	1.89079e-06
21.065	1.88488e-06
21.075	1.87898e-06
21.085	1.8731e-06
21.095	1.86723e-06
21.105	1.86137e-06
21.115	1.85554e-06
21.125	1.84972e-06
21.135	1.84391e-06
21.145	1.83812e-06
21.155	1.83234e-06
21.165	1.82659e-06
21.175	1.82084e-06
21.185	1.81511e-06
21.195	1.8094e-06
21.205	1.8037e-06
21.215	1.79802e-06
21.225	1.79235e-06
21.235	1.7867e-06
21.245	1.78106e-06
21.255	1.77544e-06
21.265	1.76983e-06
21.275	1.76424e-06
21.285	1.75866e-06
21.295	1.7531e-06
21.305	1.74756e-06
21.315	1.74203e-06
21.325	1.73651e-06
21.335	1.73101e-06
21.345	1.72552e-06
21.355	1.72005e-06
21.365	1.71459e-06
21.375	1.70915e-06
21.385	1.70372e-06
21.395	1.69831e-06
21.405	1.69291e-06
21.415	1.68753e-06
21.425	1.68216e-06
21.435	1.6768e-06
21.445	1.67146e-06
21.455	1.66614e-06
21.465	1.66083e-06
21.475	1.65553e-06
21.485	1.65025e-06
21.495	1.64498e-06
21.505	1.63973e-06
21.515	1.63449e-06
21.525	1.62927e-06
21.535	1.62406e-06
21.545	1.61886e-06
21.555	1.61368e-06
21.565	1.60851e-06
21.575	1.60336e-06
21.585	1.59822e-06
21.595	1.5931e-06
21.605	1.58799e-06
21.615	1.58289e-06
21.625	1.57781e-06
21.635	1.57274e-06
21.645	1.56769e-06
21.655	1.56265e-06
21.665	1.55762e-06
21.675	1.55261e-06
21.685	1.54761e-06
21.695	1.54262e-06
21.705	1.53765e-06
21.715	1.53269e-06
21.725	1.52775e-06
21.735	1.52282e-06
21.745	1.5179e-06
21.755	1.513e-06
21.765	1.50811e-06
21.775	1.50324e-06
21.785	1.49837e-06
21.795	1.49352e-06
21.805	1.48869e-06
21.815	1.48387e-06
21.825	1.47906e-06
21.835	1.47427e-06
21.845	1.46948e-06
21.855	1.46472e-06
21.865	1.45996e-06
21.875	1.45522e-06
21.885	1.45049e-06
21.895	1.44578e-06
21.905	1.44107e-06
21.915	1.43639e-06
21.925	1.43171e-06
21.935	1.42705e-06
21.945	1.4224e-06
21.955	1.41776e-06
21.965	1.41314e-06
21.975	1.40853e-06
21.985	1.40393e-06
21.995	1.39935e-06
22.005	1.39478e-06
22.015	1.39022e-06
22.025	1.38567e-06
22.035	1.38114e-06
22.045	1.37662e-06
22.055	1.37211e-06
22.065	1.36762e-06
22.075	1.36314e-06
22.085	1.35867e-06
22.095	1.35421e-06
22.105	1.34977e-06
22.115	1.34534e-06
22.125	1.34092e-06
22.135	1.33651e-06
22.145	1.33212e-06
22.155	1.32774e-06
22.165	1.32337e-06
22.175	1.31901e-06
22.185	1.31467e-06
22.195	1.31034e-06
22.205	1.30602e-06
22.215	1.30171e-06
22.225	1.29742e-06
22.235	1.29314e-06
22.245	1.28887e-06
22.255	1.28461e-06
22.265	1.28036e-06
22.275	1.27613e-06
22.285	1.27191e-06
22.295	1.2677e-06
22.305	1.2635e-06
22.315	1.25932e-06
22.325	1.25514e-06
22.335	1.25098e-06
22.345	1.24683e-06
22.355	1.2427e-06
22.365	1.23857e-06
22.375	1.23446e-06
22.385	1.23035e-06
22.395	1.22627e-06
22.405	1.22219e-06
22.415	1.21812e-06
22.425	1.21407e-06
22.435	1.21002e-06
22.445	1.20599e-06
22.455	1.20197e-06
22.465	1.19797e-06
22.475	1.19397e-06
22.485	1.18998e-06
22.495	1.18601e-06
22.505	1.18205e-06
22.515	1.1781e-06
22.525	1.17416e-06
22.535	1.17023e-06
22.545	1.16632e-06
22.555	1.16241e-06
22.565	1.15852e-06
22.575	1.15464e-06
22.585	1.15077e-06
22.595	1.14691e-06
22.605	1.14306e-06
22.615	1.13923e-06
22.625	1.1354e-06
22.635	1.13159e-06
22.645	1.12778e-06
22.655	1.12399e-06
22.665	1.12021e-06
22.675	1.11644e-06
22.685	1.11268e-06
22.695	1.10893e-06
22.705	1.1052e-06
22.715	1.10147e-06
22.725	1.09776e-06
22.735	1.09405e-06
22.745	1.09036e-06
22.755	1.08668e-06
22.765	1.08301e-06
22.775	1.07935e-06
22.785	1.0757e-06
22.795	1.07206e-06
22.805	1.06843e-06
22.815	1.06481e-06
22.825	1.06121e-06
22.835	1.05761e-06
22.845	1.05402e-06
22.855	1.05045e-06
22.865	1.04689e-06
22.875	1.04333e-06
22.885	1.03979e-06
22.895	1.03626e-06
22.905	1.03273e-06
22.915	1.02922e-06
22.925	1.02572e-06
22.935	1.02223e-06
22.945	1.01875e-06
22.955	1.01528e-06
22.965	1.01182e-06
22.975	1.00837e-06
22.985	1.00493e-06
22.995	1.0015e-06
23.005	9.98082e-07
23.015	9.94674e-07
23.025	9.91275e-07
23.035	9.87887e-07
23.045	9.84509e-07
23.055	9.81141e-07
23.065	9.77783e-07
23.075	9.74435e-07
23.085	9.71097e-07
23.095	9.67769e-07
23.105	9.64452e-07
23.115	9.61144e-07
23.125	9.57846e-07
23.135	9.54558e-07
23.145	9.51279e-07
23.155	9.48011e-07
23.165	9.44753e-07
23.175	9.41504e-07
23.185	9.38265e-07
23.195	9.35036e-07
23.205	9.31817e-07
23.215	9.28607e-07
23.225	9.25407e-07
23.235	9.22217e-07
23.245	9.19036e-07
23.255	9.15865e-07
23.265	9.12704e-07
23.275	9.09552e-07
23.285	9.0641e-07
23.295	9.03277e-07
23.305	9.00154e-07
23.315	8.9704e-07
23.325	8.93935e-07
23.335	8.90841e-07
23.345	8.87755e-07
23.355	8.84679e-07
23.365	8.81612e-07
23.375	8.78555e-07
23.385	8.75507e-07
23.395	8.72468e-07
23.405	8.69438e-07
23.415	8.66418e-07
23.425	8.63407e-07
23.435	8.60405e-07
23.445	8.57412e-07
23.455	8.54429e-07
23.465	8.51454e-07
23.475	8.48489e-07
23.485	8.45533e-07
23.495	8.42585e-07
23.505	8.39647e-07
23.515	8.36718e-07
23.525	8.33798e-07
23.535	8.30887e-07
23.545	8.27985e-07
23.555	8.25091e-07
23.565	8.22207e-07
23.575	8.19331e-07
23.585	8.16465e-07
23.595	8.13607e-07
23.605	8.10758e-07
23.615	8.07917e-07
23.625	8.05086e-07
23.635	8.02263e-07
23.645	7.99449e-07
23.655	7.96644e-07
23.665	7.93847e-07
23.675	7.91059e-07
23.685	7.8828e-07
23.695	7.85509e-07
23.705	7.82747e-07
23.715	7.79993e-07
23.725	7.77248e-07
23.735	7.74511e-07
23.745	7.71783e-07
23.755	7.69064e-07
23.765	7.66353e-07
23.775	7.6365e-07
23.785	7.60956e-07
23.795	7.5827e-07
23.805	7.55592e-07
23.815	7.52923e-07
23.825	7.50262e-07
23.835	7.4761e-07
23.845	7.44965e-07
23.855	7.42329e-07
23.865	7.39702e-07
23.875	7.37082e-07
23.885	7.34471e-07
23.895	7.31867e-07
23.905	7.29272e-07
23.915	7.26685e-07
23.925	7.24107e-07
23.935	7.21536e-07
23.945	7.18973e-07
23.955	7.16419e-07
23.965	7.13872e-07
23.975	7.11334e-07
23.985	7.08803e-07
23.995	7.0628e-07
24.005	7.03766e-07
24.015	7.01259e-07
24.025	6.9876e-07
24.035	6.96269e-07
24.045	6.93786e-07
24.055	6.91311e-07
24.065	6.88843e-07
24.075	6.86384e-07
24.085	6.83932e-07
24.095	6.81487e-07
24.105	6.79051e-07
24.115	6.76622e-07
24.125	6.74201e-07
24.135	6.71788e-07
24.145	6.69382e-07
24.155	6.66984e-07
24.165	6.64594e-07
24.175	6.62211e-07
24.185	6.59836e-07
24.195	6.57468e-07
24.205	6.55108e-07
24.215	6.52755e-07
24.225	6.5041e-07
24.235	6.48072e-07
24.245	6.45742e-07
24.255	6.43419e-07
24.265	6.41104e-07
24.275	6.38796e-07
24.285	6.36495e-07
24.295	6.34202e-07
24.305	6.31916e-07
24.315	6.29637e-07
24.325	6.27366e-07
24.335	6.25102e-07
24.345	6.22845e-07
24.355	6.20596e-07
24.365	6.18353e-07
24.375	6.16118e-07
24.385	6.1389e-07
24.395	6.11669e-07
24.405	6.09455e-07
24.415	6.07249e-07
24.425	6.05049e-07
24.435	6.02857e-07
24.445	6.00672e-07
24.455	5.98493e-07
24.465	5.96322e-07
24.475	5.94158e-07
24.485	5.92e-07
24.495	5.8985e-07
24.505	5.87707e-07
24.515	5.8557e-07
24.525	5.83441e-07
24.535	5.81318e-07
24.545	5.79202e-07
24.555	5.77093e-07
24.565	5.74991e-07
24.575	5.72896e-07
24.585	5.70807e-07
24.595	5.68725e-07
24.605	5.66651e-07
24.615	5.64582e-07
24.625	5.62521e-07
24.635	5.60466e-07
24.645	5.58418e-07
24.655	5.56376e-07
24.665	5.54342e-07
24.675	5.52313e-07
24.685	5.50292e-07
24.695	5.48277e-07
24.705	5.46268e-07
24.715	5.44267e-07
24.725	5.42271e-07
24.735	5.40282e-07
24.745	5.383e-07
24.755	5.36324e-07
24.765	5.34355e-07
24.775	5.32392e-07
24.785	5.30436e-07
24.795	5.28486e-07
24.805	5.26542e-07
24.815	5.24605e-07
24.825	5.22674e-07
24.835	5.20749e-07
24.845	5.18831e-07
24.855	5.16919e-07
24.865	5.15013e-07
24.875	5.13114e-07
24.885	5.11221e-07
24.895	5.09334e-07
24.905	5.07453e-07
24.915	5.05579e-07
24.925	5.0371e-07
24.935	5.01848e-07
24.945	4.99992e-07
24.955	4.98142e-07
24.965	4.96299e-07
24.975	4.94461e-07
24.985	4.92629e-07
24.995	4.90804e-07
25.005	4.88984e-07
25.015	4.87171e-07
25.025	4.85364e-07
25.035	4.83562e-07
25.045	4.81767e-07
25.055	4.79977e-07
25.065	4.78194e-07
25.075	4.76416e-07
25.085	4.74644e-07
25.095	4.72878e-07
25.105	4.71118e-07
25.115	4.69364e-07
25.125	4.67616e-07
25.135	4.65874e-07
25.145	4.64137e-07
25.155	4.62406e-07
25.165	4.60681e-07
25.175	4.58962e-07
25.185	4.57248e-07
25.195	4.55541e-07
25.205	4.53839e-07
25.215	4.52142e-07
25.225	4.50451e-07
25.235	4.48766e-07
25.245	4.47087e-07
25.255	4.45413e-07
25.265	4.43745e-07
25.275	4.42082e-07
25.285	4.40425e-07
25.295	4.38774e-07
25.305	4.37128e-07
25.315	4.35488e-07
25.325	4.33853e-07
25.335	4.32224e-07
25.345	4.306e-07
25.355	4.28981e-07
25.365	4.27369e-07
25.375	4.25761e-07
25.385	4.24159e-07
25.395	4.22562e-07
25.405	4.20971e-07
25.415	4.19385e-07
25.425	4.17805e-07
25.435	4.1623e-07
25.445	4.1466e-07
25.455	4.13095e-07
25.465	4.11536e-07
25.475	4.09982e-07
25.485	4.08433e-07
25.495	4.0689e-07
25.505	4.05352e-07
25.515	4.03819e-07
25.525	4.02291e-07
25.535	4.00768e-07
25.545	3.99251e-07
25.555	3.97739e-07
25.565	3.96232e-07
25.575	3.9473e-07
25.585	3.93233e-07
25.595	3.91741e-07
25.605	3.90254e-07
25.615	3.88773e-07
25.625	3.87296e-07
25.635	3.85825e-07
25.645	3.84358e-07
25.655	3.82897e-07
25.665	3.8144e-07
25.675	3.79989e-07
25.685	3.78542e-07
25.695	3.77101e-07
25.705	3.75664e-07
25.715	3.74232e-07
25.725	3.72805e-07
25.735	3.71384e-07
25.745	3.69966e-07
25.755	3.68554e-07
25.765	3.67147e-07
25.775	3.65745e-07
25.785	3.64347e-07
25.795	3.62954e-07
25.805	3.61566e-07
25.815	3.60183e-07
25.825	3.58804e-07
25.835	3.5743e-07
25.845	3.56061e-07
25.855	3.54697e-07
25.865	3.53337e-07
25.875	3.51983e-07
25.885	3.50632e-07
25.895	3.49287e-07
25.905	3.47946e-07
25.915	3.4661e-07
25.925	3.45278e-07
25.935	3.43951e-07
25.945	3.42628e-07
25.955	3.41311e-07
25.965	3.39997e-07
25.975	3.38689e-07
25.985	3.37384e-07
25.995	3.36085e-07
26.005	3.3479e-07
26.015	3.33499e-07
26.025	3.32213e-07
26.035	3.30931e-07
26.045	3.29654e-07
26.055	3.28381e-07
26.065	3.27113e-07
26.075	3.25849e-07
26.085	3.24589e-07
26.095	3.23334e-07
26.105	3.22083e-07
26.115	3.20837e-07
26.125	3.19595e-07
26.135	3.18357e-07
26.145	3.17124e-07
26.155	3.15895e-07
26.165	3.1467e-07
26.175	3.1345e-07
26.185	3.12234e-07
26.195	3.11022e-07
26.205	3.09814e-07
26.215	3.08611e-07
26.225	3.07411e-07
26.235	3.06216e-07
26.245	3.05026e-07
26.255	3.03839e-07
26.265	3.02656e-07
26.275	3.01478e-07
26.285	3.00304e-07
26.295	2.99134e-07
26.305	2.97968e-07
26.315	2.96806e-07
26.325	2.95649e-07
26.335	2.94495e-07
26.345	2.93345e-07
26.355	2.922e-07
26.365	2.91059e-07
26.375	2.89921e-07
26.385	2.88788e-07
26.395	2.87658e-07
26.405	2.86533e-07
26.415	2.85412e-07
26.425	2.84294e-07
26.435	2.83181e-07
26.445	2.82071e-07
26.455	2.80966e-07
26.465	2.79864e-07
26.475	2.78766e-07
26.485	2.77672e-07
26.495	2.76582e-07
26.505	2.75496e-07
26.515	2.74414e-07
26.525	2.73336e-07
26.535	2.72261e-07
26.545	2.7119e-07
26.555	2.70124e-07
26.565	2.6906e-07
26.575	2.68001e-07
26.585	2.66946e-07
26.595	2.65894e-07
26.605	2.64846e-07
26.615	2.63801e-07
26.625	2.62761e-07
26.635	2.61724e-07
26.645	2.60691e-07
26.655	2.59662e-07
26.665	2.58636e-07
26.675	2.57614e-07
26.685	2.56595e-07
26.695	2.55581e-07
26.705	2.5457e-07
26.715	2.53562e-07
26.725	2.52558e-07
26.735	2.51558e-07
26.745	2.50561e-07
26.755	2.49568e-07
26.765	2.48579e-07
26.775	2.47593e-07
26.785	2.4661e-07
26.795	2.45631e-07
26.805	2.44656e-07
26.815	2.43684e-07
26.825	2.42716e-07
26.835	2.41751e-07
26.845	2.4079e-07
26.855	2.39832e-07
26.865	2.38878e-07
26.875	2.37927e-07
26.885	2.36979e-07
26.895	2.36035e-07
26.905	2.35094e-07
26.915	2.34157e-07
26.925	2.33223e-07
26.935	2.32293e-07
26.945	2.31365e-07
26.955	2.30442e-07
26.965	2.29521e-07
26.975	2.28604e-07
26.985	2.2769e-07
26.995	2.2678e-07
27.005	2.25873e-07
27.015	2.24969e-07
27.025	2.24068e-07
27.035	2.23171e-07
27.045	2.22277e-07
27.055	2.21386e-07
27.065	2.20499e-07
27.075	2.19615e-07
27.085	2.18734e-07
27.095	2.17856e-07
27.105	2.16981e-07
27.115	2.1611e-07
27.125	2.15242e-07
27.135	2.14376e-07
27.145	2.13515e-07
27.155	2.12656e-07
27.165	2.118e-07
27.175	2.10948e-07
27.185	2.10098e-07
27.195	2.09252e-07
27.205	2.08409e-07
27.215	2.07569e-07
27.225	2.06732e-07
27.235	2.05898e-07
27.245	2.05067e-07
27.255	2.0424e-07
27.265	2.03415e-07
27.275	2.02593e-07
27.285	2.01774e-07
27.295	2.00959e-07
27.305	2.00146e-07
27.315	1.99336e-07
27.325	1.9853e-07
27.335	1.97726e-07
27.345	1.96925e-07
27.355	1.96128e-07
27.365	1.95333e-07
27.375	1.94541e-07
27.385	1.93752e-07
27.395	1.92966e-07
27.405	1.92183e-07
27.415	1.91402e-07
27.425	1.90625e-07
27.435	1.8985e-07
27.445	1.89079e-07
27.455	1.8831e-07
27.465	1.87544e-07
27.475	1.86781e-07
27.485	1.86021e-07
27.495	1.85263e-07
27.505	1.84509e-07
27.515	1.83757e-07
27.525	1.83008e-07
27.535	1.82262e-07
27.545	1.81518e-07
27.555	1.80778e-07
27.565	1.8004e-07
27.575	1.79305e-07
27.585	1.78572e-07
27.595	1.77842e-07
27.605	1.77115e-07
27.615	1.76391e-07
27.625	1.7567e-07
27.635	1.74951e-07
27.645	1.74235e-07
27.655	1.73521e-07
27.665	1.7281e-07
27.675	1.72102e-07
27.685	1.71396e-07
27.695	1.70694e-07
27.705	1.69993e-07
27.715	1.69296e-07
27.725	1.68601e-07
27.735	1.67908e-07
27.745	1.67218e-07
27.755	1.66531e-07
27.765	1.65847e-07
27.775	1.65165e-07
27.785	1.64485e-07
27.795	1.63808e-07
27.805	1.63134e-07
27.815	1.62462e-07
27.825	1.61792e-07
27.835	1.61126e-07
27.845	1.60461e-07
27.855	1.598e-07
27.865	1.5914e-07
27.875	1.58483e-07
27.885	1.57829e-07
27.895	1.57177e-07
27.905	1.56528e-07
27.915	1.55881e-07
27.925	1.55236e-07
27.935	1.54594e-07
27.945	1.53955e-07
27.955	1.53317e-07
27.965	1.52683e-07
27.975	1.5205e-07
27.985	1.5142e-07
27.995	1.50793e-07
28.005	1.50167e-07
28.015	1.49545e-07
28.025	1.48924e-07
28.035	1.48306e-07
28.045	1.4769e-07
28.055	1.47077e-07
28.065	1.46466e-07
28.075	1.45857e-07
28.085	1.4525e-07
28.095	1.44646e-07
28.105	1.44044e-07
28.115	1.43445e-07
28.125	1.42848e-07
28.135	1.42253e-07
28.145	1.4166e-07
28.155	1.41069e-07
28.165	1.40481e-07
28.175	1.39895e-07
28.185	1.39311e-07
28.195	1.3873e-07
28.205	1.38151e-07
28.215	1.37574e-07
28.225	1.36999e-07
28.235	1.36426e-07
28.245	1.35856e-07
28.255	1.35287e-07
28.265	1.34721e-07
28.275	1.34157e-07
28.285	1.33596e-07
28.295	1.33036e-07
28.305	1.32479e-07
28.315	1.31923e-07
28.325	1.3137e-07
28.335	1.30819e-07
28.345	1.3027e-07
28.355	1.29723e-07
28.365	1.29179e-07
28.375	1.28636e-07
28.385	1.28096e-07
28.395	1.27557e-07
28.405	1.27021e-07
28.415	1.26487e-07
28.425	1.25954e-07
28.435	1.25424e-07
28.445	1.24896e-07
28.455	1.2437e-07
28.465	1.23846e-07
28.475	1.23324e-07
28.485	1.22804e-07
28.495	1.22286e-07
28.505	1.2177e-07
28.515	1.21256e-07
28.525	1.20744e-07
28.535	1.20234e-07
28.545	1.19726e-07
28.555	1.1922e-07
28.565	1.18716e-07
28.575	1.18214e-07
28.585	1.17714e-07
28.595	1.17216e-07
28.605	1.16719e-07
28.615	1.16225e-07
28.625	1.15732e-07
28.635	1.15242e-07
28.645	1.14753e-07
28.655	1.14267e-07
28.665	1.13782e-07
28.675	1.13299e-07
28.685	1.12818e-07
28.695	1.12339e-07
28.705	1.11861e-07
28.715	1.11386e-07
28.725	1.10912e-07
28.735	1.10441e-07
28.745	1.09971e-07
28.755	1.09503e-07
28.765	1.09037e-07
28.775	1.08572e-07
28.785	1.0811e-07
28.795	1.07649e-07
28.805	1.0719e-07
28.815	1.06733e-07
28.825	1.06278e-07
28.835	1.05824e-07
28.845	1.05372e-07
28.855	1.04922e-07
28.865	1.04474e-07
28.875	1.04028e-07
28.885	1.03583e-07
28.895	1.0314e-07
28.905	1.02699e-07
28.915	1.02259e-07
28.925	1.01822e-07
28.935	1.01386e-07
28.945	1.00951e-07
28.955	1.00519e-07
28.965	1.00088e-07
28.975	9.96587e-08
28.985	9.92312e-08
28.995	9.88054e-08
29.005	9.83813e-08
29.015	9.79588e-08
29.025	9.75381e-08
29.035	9.7119e-08
29.045	9.67015e-08
29.055	9.62857e-08
29.065	9.58716e-08
29.075	9.54591e-08
29.085	9.50482e-08
29.095	9.4639e-08
29.105	9.42314e-08
29.115	9.38254e-08
29.125	9.3421e-08
29.135	9.30182e-08
29.145	9.26171e-08
29.155	9.22175e-08
29.165	9.18195e-08
29.175	9.14231e-08
29.185	9.10283e-08
29.195	9.0635e-08
29.205	9.02433e-08
29.215	8.98532e-08
29.225	8.94646e-08
29.235	8.90776e-08
29.245	8.86921e-08
29.255	8.83082e-08
29.265	8.79258e-08
29.275	8.75449e-08
29.285	8.71655e-08
29.295	8.67877e-08
29.305	8.64114e-08
29.315	8.60366e-08
29.325	8.56632e-08
29.335	8.52914e-08
29.345	8.49211e-08
29.355	8.45522e-08
29.365	8.41848e-08
29.375	8.38189e-08
29.385	8.34545e-08
29.395	8.30915e-08
29.405	8.273e-08
29.415	8.23699e-08
29.425	8.20113e-08
29.435	8.16542e-08
29.445	8.12984e-08
29.455	8.09441e-08
29.465	8.05912e-08
29.475	8.02398e-08
29.485	7.98897e-08
29.495	7.95411e-08
29.505	7.91939e-08
29.515	7.8848e-08
29.525	7.85036e-08
29.535	7.81606e-08
29.545	7.78189e-08
29.555	7.74786e-08
29.565	7.71397e-08
29.575	7.68022e-08
29.585	7.6466e-08
29.595	7.61312e-08
29.605	7.57977e-08
29.615	7.54656e-08
29.625	7.51349e-08
29.635	7.48055e-08
29.645	7.44774e-08
29.655	7.41506e-08
29.665	7.38252e-08
29.675	7.35011e-08
29.685	7.31783e-08
29.695	7.28568e-08
29.705	7.25366e-08
29.715	7.22178e-08
29.725	7.19002e-08
29.735	7.15839e-08
29.745	7.12689e-08
29.755	7.09552e-08
29.765	7.06427e-08
29.775	7.03316e-08
29.785	7.00217e-08
29.795	6.9713e-08
29.805	6.94056e-08
29.815	6.90995e-08
29.825	6.87946e-08
29.835	6.8491e-08
29.845	6.81886e-08
29.855	6.78875e-08
29.865	6.75875e-08
29.875	6.72889e-08
29.885	6.69914e-08
29.895	6.66951e-08
29.905	6.64001e-08
29.915	6.61062e-08
29.925	6.58136e-08
29.935	6.55222e-08
29.945	6.52319e-08
29.955	6.49429e-08
29.965	6.4655e-08
29.975	6.43683e-08
29.985	6.40828e-08
29.995	6.37985e-08
e
