6.1516877585882079e-01
6.1516851007939588e-01
6.1516781117451058e-01
6.1516674546523409e-01
6.1516534356017871e-01
6.1516355989920002e-01
6.1516139316239127e-01
6.1515880281324642e-01
6.1515580275265358e-01
6.1515235796980550e-01
6.1514843380427464e-01
6.1514406665169585e-01
6.1513924307502110e-01
6.1513394895011531e-01
6.1512816954980498e-01
6.1512188964140269e-01
6.1511509354991944e-01
6.1510776519959554e-01
6.1509988814749983e-01
6.1509144596426690e-01
6.1508242420658554e-01
6.1507291683618659e-01
6.1506292231054782e-01
6.1505243898784778e-01
6.1504146512806934e-01
6.1502999888360843e-01
6.1501803829220547e-01
6.1500558127168636e-01
6.1499262561783996e-01
6.1497916910093531e-01
6.1496521000206050e-01
6.1495065111283276e-01
6.1493520563781123e-01
6.1491863987379125e-01
6.1490076530083282e-01
6.1488143192531497e-01
6.1486052265431390e-01
6.1483794852781393e-01
6.1481364466851218e-01
6.1478756687799330e-01
6.1475968892579846e-01
6.1472997171277088e-01
6.1469812116563916e-01
6.1466389860030779e-01
6.1462711283686122e-01
6.1458761336524603e-01
6.1454528441324086e-01
6.1450003979104795e-01
6.1445181840633201e-01
6.1440058038449774e-01
6.1434630378481270e-01
6.1428905355322094e-01
6.1422879697101596e-01
6.1416552325772322e-01
6.1409924038045249e-01
6.1402997223018696e-01
6.1395775612511683e-01
6.1388264060302056e-01
6.1380468346995753e-01
6.1372395009365832e-01
6.1364051195111569e-01
6.1355369118913394e-01
6.1346222004369100e-01
6.1336503431307843e-01
6.1326124897680312e-01
6.1315013662627227e-01
6.1303110837950348e-01
6.1290369699437697e-01
6.1276754192964022e-01
6.1262237614626736e-01
6.1246801447315657e-01
6.1230321576015811e-01
6.1212575056398777e-01
6.1193374111653165e-01
6.1172562538147668e-01
6.1150012455032610e-01
6.1125621366329963e-01
6.1099309506719901e-01
6.1071017445079168e-01
6.1040703923960193e-01
6.1008343914846341e-01
6.0973983612896521e-01
6.0937727180392876e-01
6.0899675450015556e-01
6.0859925926275082e-01
6.0818572779840330e-01
6.0775706836933252e-01
6.0731415565822133e-01
6.0685783062065590e-01
6.0638890035096094e-01
6.0590813796692078e-01
6.0541580432630049e-01
6.0491170689985818e-01
6.0439569896021228e-01
6.0386767630677074e-01
6.0332757408488003e-01
6.0277536370704499e-01
6.0221104988277208e-01
6.0163466776427565e-01
6.0104628025303641e-01
6.0044597546300660e-01
5.9982930702547266e-01
5.9918904778502968e-01
5.9851871612194718e-01
5.9781253726519923e-01
5.9706540493467297e-01
5.9627284329537500e-01
5.9543096922538996e-01
5.9453645491523466e-01
5.9358649082851822e-01
5.9257874906379793e-01
5.9150890300600811e-01
5.9037457279612415e-01
5.8917373632366599e-01
5.8790470656306204e-01
5.8656610944029430e-01
5.8515686228263841e-01
5.8367615289337349e-01
5.8212341928465250e-01
5.8049833009370377e-01
5.7880076570269601e-01
5.7702580785656987e-01
5.7517341567846492e-01
5.7324358007977905e-01
5.7123633578634481e-01
5.6915177238474512e-01
5.6699004443161860e-01
5.6475138067100938e-01
5.6243609240510362e-01
5.6004458106423283e-01
5.5757734502223344e-01
5.5503596057628402e-01
5.5241861956703409e-01
5.4972367488615193e-01
5.4694965209181312e-01
5.4409525790798585e-01
5.4115938571766542e-01
5.3814111817565835e-01
5.3503972707995229e-01
5.3185467065085923e-01
5.2858558837392633e-01
5.2523209332182375e-01
5.2179376238607145e-01
5.1827033613523266e-01
5.1466171697982055e-01
5.1096796624429874e-01
5.0718930029654419e-01
5.0332608587323246e-01
4.9937883472754829e-01
4.9534819771433075e-01
4.9123495842091291e-01
4.8703373230427377e-01
4.8274642569412202e-01
4.7837475178487271e-01
4.7392026373640850e-01
4.6938438554502993e-01
4.6476844073598150e-01
4.6007367893121809e-01
4.5530130035096833e-01
4.5045247831254742e-01
4.4552837980783572e-01
4.4050934152913379e-01
4.3538641123046418e-01
4.3015133293564450e-01
4.2479656057358478e-01
4.1931526434693939e-01
4.1370132992137237e-01
4.0794935057396364e-01
4.0205461248605523e-01
3.9601307340478969e-01
3.8982133493473065e-01
3.8346654064922164e-01
3.7696149435912951e-01
3.7031857420298353e-01
3.6354972243111056e-01
3.5666643742500115e-01
3.4967976781355958e-01
3.4260030854115714e-01
3.3543819874521563e-01
3.2820312130505019e-01
3.2090430402718229e-01
3.1342004002501039e-01
3.0576532451142552e-01
2.9795522813870395e-01
2.9000481686018137e-01
2.8192907467702893e-01
2.7374282933154742e-01
2.6546068096158659e-01
2.5709693372290637e-01
2.4866553037598174e-01
2.4017998979576852e-01
2.3167920522763877e-01
2.2319228383495382e-01
2.1474757837131619e-01
2.0637254859431275e-01
1.9809363992260559e-01
1.8993618023672126e-01
1.8192429553280332e-01
1.7408084495884019e-01
1.6642737568707994e-01
1.5898409767559188e-01
1.5177309295146674e-01
1.4479391408858441e-01
1.3804559900974384e-01
1.3152670797232452e-01
1.2523535974255595e-01
1.1916926687786865e-01
1.1332577005617206e-01
1.0770187139974359e-01
1.0229426674944626e-01
9.7099376807005436e-02
9.2147456765179450e-02
8.7426229068259531e-02
8.2923951607165217e-02
7.8629393254535329e-02
7.4531810347567493e-02
7.0620924063082097e-02
6.6886898654834895e-02
6.3320320524167029e-02
5.9912178095939239e-02
5.6653842457825891e-02
5.3547444978038594e-02
5.0589381041158080e-02
4.7775932236987000e-02
4.5103291553283166e-02
4.2567587529065920e-02
4.0164907352610031e-02
3.7891318904854754e-02
3.5742891761456286e-02
3.3715717178475643e-02
3.1805927097880403e-02
3.0009683407719749e-02
2.8319669061065370e-02
2.6729047450710537e-02
2.5231429486436720e-02
2.3820842963885605e-02
2.2491704059761624e-02
2.1238790802265262e-02
2.0057218376513586e-02
1.8942416134750922e-02
1.7890106188260216e-02
1.6897775358991857e-02
1.5962445039958348e-02
1.5081287097927385e-02
1.4251618019051705e-02
1.3470893289950927e-02
1.2736702011881476e-02
1.2046761745915579e-02
1.1398913586993981e-02
1.0791117464703447e-02
1.0221447668824636e-02
9.6879826889899965e-03
9.1881338030379255e-03
8.7195070278518246e-03
8.2798875863720669e-03
7.8672256668013210e-03
7.4796233619869234e-03
7.1153226874582712e-03
6.7726945856309544e-03
6.4502288318980154e-03
6.1465247653084082e-03
5.8606098914164512e-03
5.5913144552062694e-03
5.3375478013889689e-03
5.0982925519723636e-03
4.8725992254515437e-03
4.6595812627263505e-03
4.4584104278870247e-03
4.2683125546259075e-03
4.0885636114212668e-03
3.9184860596506400e-03
3.7582444566826041e-03
3.6072360339309798e-03
3.4648976255781329e-03
3.3307028572139201e-03
3.2041595433771278e-03
3.0848072773642077e-03
2.9722151984825679e-03
2.8659799231227031e-03
2.7657236271149428e-03
2.6710922673421774e-03
2.5821115101673925e-03
2.4983199136099699e-03
2.4192911050920601e-03
2.3446308246246579e-03
2.2739742602893211e-03
2.2069836466502963e-03
2.1433460999792397e-03
2.0827716667874653e-03
2.0249915644838857e-03
1.9697565948644572e-03
1.9169815915770379e-03
1.8665975111450610e-03
1.8185373798391921e-03
1.7727362409727969e-03
1.7291311001629498e-03
1.6876608687600618e-03
1.6482663056254145e-03
1.6108899574284192e-03
1.5754760977429924e-03
1.5419706653056751e-03
1.5100002911379075e-03
1.4794937828580637e-03
1.4503833939202952e-03
1.4226046305865088e-03
1.3960960702179026e-03
1.3707991903233105e-03
1.3466582077102708e-03
1.3236199271266587e-03
1.3016335988199649e-03
1.2806507844212289e-03
1.2606813306138814e-03
1.2416700692469507e-03
1.2235644891779608e-03
1.2063145833858928e-03
1.1898727065885483e-03
1.1741934426440636e-03
1.1592334810924692e-03
1.1449515022366335e-03
1.1313080702021611e-03
1.1182655334889694e-03
1.1057487099790720e-03
1.0937293601874240e-03
1.0821803518864036e-03
1.0710756069807835e-03
1.0603900517224733e-03
1.0500995700895954e-03
1.0401809601475788e-03
1.0306118932201687e-03
1.0213708757079848e-03
1.0124372134176405e-03
1.0037718181772823e-03
9.9535868880475846e-04
9.8718232698578965e-04
9.7922771779571289e-04
9.7148031133722850e-04
9.6392600544750837e-04
9.5655112942234571e-04
9.4934242870743266e-04
9.4228705050908659e-04
9.3537253027480569e-04
9.2859174956485180e-04
9.2194257163804238e-04
9.1542291003359096e-04
9.0903072764012189e-04
9.0276403573505317e-04
8.9662089299820803e-04
8.9059940450170768e-04
8.8469772067810057e-04
8.7891403626865069e-04
8.7324658925971984e-04
8.6768573110114478e-04
8.6222878701113306e-04
8.5687315345157802e-04
8.5161629627937595e-04
8.4645574892712515e-04
8.4138911061467324e-04
8.3641404459077612e-04
8.3152827640415195e-04
8.2672959220324944e-04
8.2201583706233367e-04
8.1738726096596719e-04
8.1284629509953280e-04
8.0839529759986711e-04
8.0403655525328080e-04
7.9977228513351416e-04
7.9560463618185632e-04
7.9153569073091062e-04
7.8756746597345489e-04
7.8370191537785678e-04
7.7994093005731666e-04
7.7627801210628682e-04
7.7270929654354613e-04
7.6923099794233942e-04
7.6583940825264202e-04
7.6253089471586377e-04
7.5930189786955051e-04
7.5614892963900022e-04
7.5306857151280883e-04
7.5005747279945404e-04
7.4711234896213217e-04
7.4422995563253904e-04
7.4140708913423864e-04
7.3864060833240034e-04
7.3592743328312166e-04
7.3326454390065603e-04
7.3064897868948858e-04
7.2807783353892575e-04
7.2554826057794118e-04
7.2305746708807735e-04
7.2060271447336663e-04
7.1817963251034162e-04
7.1578600807440361e-04
7.1341966654383236e-04
7.1107847117147420e-04
7.0876032248706560e-04
7.0646315773097135e-04
7.0418495031824722e-04
7.0192370933226688e-04
6.9967747905293621e-04
6.9744433851156792e-04
6.9522154750870742e-04
6.9300904467659041e-04
6.9080676915116331e-04
6.8861466053282575e-04
6.8643265888290554e-04
6.8426070472017350e-04
6.8209873901740078e-04
6.7994670319795718e-04
6.7780453913245282e-04
6.7567218913542140e-04
6.7354959086578844e-04
6.7143667774314229e-04
6.6933338378327722e-04
6.6723964359325088e-04
6.6515539236650632e-04
6.6308056587805039e-04
6.6101510047969112e-04
6.5895893309533327e-04
6.5691200121633167e-04
6.5487424289741491e-04
6.5284475137994858e-04
6.5082348765722539e-04
6.4881041295507496e-04
6.4680548873078650e-04
6.4480867667181631e-04
6.4281993869451241e-04
6.4083923694284548e-04
6.3886653378715204e-04
6.3690179182288953e-04
6.3494497386939433e-04
6.3299605222008420e-04
6.3105500785230794e-04
6.2912182169680647e-04
6.2719647463920544e-04
6.2527894752148743e-04
6.2336922114344343e-04
6.2146727626410730e-04
6.1957309360317263e-04
6.1768665384239092e-04
6.1580793762743707e-04
6.1393609880480715e-04
6.1207111288420670e-04
6.1021295546173811e-04
6.0836160220142249e-04
6.0651702883525525e-04
6.0467921116326244e-04
6.0284812505356224e-04
6.0102374644242708e-04
5.9920605133435400e-04
5.9739501580306363e-04
5.9558899813774951e-04
5.9378797265674152e-04
5.9199191379949543e-04
5.9020079612596477e-04
5.8841459431609308e-04
5.8663328316931594e-04
5.8485683760407087e-04
5.8308523265731800e-04
5.8131844348406701e-04
5.7955644535673159e-04
5.7779953855895637e-04
5.7604771288945547e-04
5.7430095809336574e-04
5.7255926387709589e-04
5.7082261990900034e-04
5.6909101582005054e-04
5.6736444120450175e-04
5.6564288562054954e-04
5.6392633858967883e-04
5.6221478957130429e-04
5.6050807783599268e-04
5.5880620397019719e-04
5.5710916840625083e-04
5.5541697142395515e-04
5.5372961315211652e-04
5.5204709357006582e-04
5.5036941250916440e-04
5.4869656965429432e-04
5.4702856454533829e-04
5.4536539657915181e-04
5.4370614922926688e-04
5.4205082532110560e-04
5.4039942754035067e-04
5.3875195842447191e-04
5.3710842036448802e-04
5.3546881560670966e-04
5.3383314625446291e-04
5.3220141426979419e-04
5.3057362147516398e-04
5.2894976955631713e-04
5.2732769870184255e-04
5.2570741884862054e-04
5.2408893980789093e-04
5.2247227126713263e-04
5.2085742279115355e-04
5.1924440382316965e-04
5.1763322493898897e-04
5.1602415759913580e-04
5.1442247978343352e-04
5.1283463722099970e-04
5.1127285631640473e-04
5.0971259715797980e-04
5.0815385968109043e-04
5.0659664375577959e-04
5.0504094918786091e-04
5.0348677572000411e-04
5.0193412303280952e-04
5.0038299074587592e-04
4.9883337841885860e-04
4.9728528555251922e-04
4.9574075401794416e-04
4.9419977494382001e-04
4.9266233943940599e-04
4.9112843859514541e-04
4.8959806348346376e-04
4.8807120515955712e-04
4.8654785466216714e-04
4.8502800301434418e-04
4.8351164122419917e-04
4.8199876028564382e-04
4.8048921042471982e-04
4.7898298326076537e-04
4.7748007040317181e-04
4.7598046344646440e-04
4.7448415397087300e-04
4.7299113354289340e-04
4.7150139371584284e-04
4.7001492603040870e-04
4.6853172201519026e-04
4.6705177318723370e-04
4.6557562301379981e-04
4.6410326075806070e-04
4.6263467568174370e-04
4.6116985704569655e-04
4.5970879411044496e-04
4.5825147613674208e-04
4.5679789238611102e-04
4.5534803212137924e-04
4.5390188460720632e-04
4.5245943911060318e-04
4.5102041442640612e-04
4.4958480096061879e-04
4.4815258912091058e-04
4.4672376931314834e-04
4.4529833194190127e-04
4.4387626741093693e-04
4.4245756612370770e-04
4.4104221848382933e-04
4.3963021489554943e-04
4.3822154576420833e-04
4.3681593633167952e-04
4.3541337805458839e-04
4.3401386238806387e-04
4.3261738078601502e-04
4.3122392470150710e-04
4.2983348558712830e-04
4.2844605489535142e-04
4.2706162407888623e-04
4.2568018459102595e-04
4.2430172788598556e-04
4.2292702531530440e-04
4.2155606521406604e-04
4.2018883593109658e-04
4.1882532583218898e-04
4.1746552330035872e-04
4.1610941673609107e-04
4.1475699455758230e-04
4.1340824520097452e-04
4.1206315712058141e-04
4.1072171878911033e-04
4.0938390999821825e-04
4.0804970198890397e-04
4.0671906620995911e-04
4.0539197431683398e-04
4.0406839817051473e-04
4.0274830983640808e-04
4.0143168158323598e-04
4.0011848588193932e-04
3.9880869540458982e-04
3.9750228302331165e-04
3.9619872152973554e-04
3.9489798606459772e-04
3.9360005193898076e-04
3.9230489463145909e-04
3.9101248978735986e-04
3.8972281321803144e-04
3.8843584090011871e-04
3.8715154897484358e-04
3.8586991374729300e-04
3.8459091168571312e-04
3.8331501116322780e-04
3.8204218733496213e-04
3.8077241554170367e-04
3.7950567130900408e-04
3.7824193034623167e-04
3.7698116854563245e-04
3.7572336198139875e-04
3.7446848690874356e-04
3.7321651976298385e-04
3.7196743715862886e-04
3.7072146636369204e-04
3.6947859971194483e-04
3.6823882954313856e-04
3.6700214820324238e-04
3.6576854804467777e-04
3.6453802142655083e-04
3.6331056071488093e-04
3.6208615828282675e-04
3.6086480651090973e-04
3.5964649778723372e-04
3.5843062879021724e-04
3.5721719376004073e-04
3.5600618693937307e-04
3.5479760257353264e-04
3.5359143491068494e-04
3.5238767820203811e-04
3.5118632670203567e-04
3.4998737466854755e-04
3.4879081636305769e-04
3.4759664605084979e-04
3.4640485815222650e-04
3.4521544722662933e-04
3.4402840783431457e-04
3.4284373453664490e-04
3.4166142189634430e-04
3.4048146447774805e-04
3.3930385684704818e-04
3.3812859357253518e-04
3.3695566922483457e-04
3.3578507837713948e-04
3.3461646870942797e-04
3.3344983558923380e-04
3.3228517438655764e-04
3.3112248047404178e-04
3.2996174922716862e-04
3.2880297602445565e-04
3.2764615624764597e-04
3.2649128528189694e-04
3.2533835851596355e-04
3.2418737134237968e-04
3.2303843329014876e-04
3.2189153991821369e-04
3.2074668678709443e-04
3.1960386945832734e-04
3.1846308349464924e-04
3.1732432446017819e-04
3.1618758792059030e-04
3.1505286944329369e-04
3.1392016459759882e-04
3.1278946895488589e-04
3.1166077821767694e-04
3.1053408820565351e-04
3.0940939473873038e-04
3.0828669363722156e-04
3.0716598072200261e-04
3.0604725181467051e-04
3.0493050273769980e-04
3.0381572931459697e-04
3.0270292737005105e-04
3.0159209273008137e-04
3.0048288938297398e-04
2.9937531368490162e-04
2.9826936199531381e-04
2.9716503067652307e-04
2.9606231609384303e-04
2.9496121461572303e-04
2.9386172261388011e-04
2.9276383646342844e-04
2.9166755254300556e-04
2.9057286723489572e-04
2.8947977692527307e-04
2.8838827800430045e-04
2.8729836686612067e-04
2.8621003990898460e-04
2.8512329353536071e-04
2.8403812415204376e-04
2.8295452817025989e-04
2.8187250200576965e-04
2.8079204207896881e-04
2.7971314481498608e-04
2.7863602143744152e-04
2.7756066796219282e-04
2.7648708041025469e-04
2.7541525480789282e-04
2.7434518718671551e-04
2.7327687358376298e-04
2.7221031004159412e-04
2.7114549260837199e-04
2.7008241733794604e-04
2.6902108028993284e-04
2.6796126594492607e-04
2.6690297099397128e-04
2.6584619213211640e-04
2.6479092605847707e-04
2.6373716947631064e-04
2.6268491909308881e-04
2.6163417162056721e-04
2.6058492377485464e-04
2.5953717227647949e-04
2.5849091385045494e-04
2.5744630308160911e-04
2.5640334009279766e-04
2.5536202497495285e-04
2.5432235778675294e-04
2.5328433855485418e-04
2.5224796727412135e-04
2.5121324390785439e-04
2.5018016838801362e-04
2.4914874061544227e-04
2.4811896046008660e-04
2.4709083567389992e-04
2.4606436332854628e-04
2.4503954049316797e-04
2.4401636423446545e-04
2.4299483161678285e-04
2.4197493970219236e-04
2.4095668555057628e-04
2.3994006621970817e-04
2.3892507876533184e-04
2.3791172024123885e-04
2.3689998266289826e-04
2.3588986476916316e-04
2.3488136528001326e-04
2.3387448289629683e-04
2.3286921629988113e-04
2.3186556415380149e-04
2.3086352510240810e-04
2.2986309777151123e-04
2.2886428076852522e-04
2.2786707268260961e-04
2.2687147485668177e-04
2.2587748494783726e-04
2.2488510060479847e-04
2.2389431946800197e-04
2.2290513916968957e-04
2.2191755733399842e-04
2.2093157157704953e-04
2.1994717950703506e-04
2.1896437872430418e-04
2.1798316682144808e-04
2.1700345078484138e-04
2.1602525642932646e-04
2.1504860926670926e-04
2.1407353450690432e-04
2.1310005705923793e-04
2.1212820153375825e-04
2.1115799224255338e-04
2.1018945320107663e-04
2.0922260812947948e-04
2.0825748045395095e-04
2.0729409330798171e-04
2.0633246953372146e-04
2.0537263168342288e-04
2.0441460202080778e-04
2.0345840252243975e-04
2.0250405487910259e-04
2.0155158049718478e-04
2.0060100050006983e-04
1.9965233572953185e-04
1.9870560674713702e-04
1.9776086912243318e-04
1.9681813252465802e-04
1.9587740645830303e-04
1.9493870026400349e-04
1.9400202311942774e-04
1.9306738404016550e-04
1.9213479188061561e-04
1.9120425533487211e-04
1.9027578293761020e-04
1.8934938306497067e-04
1.8842505079297094e-04
1.8750279791520392e-04
1.8658263602805848e-04
1.8566457653181021e-04
1.8474863063171204e-04
1.8383480933908500e-04
1.8292312347240931e-04
1.8201358365841486e-04
1.8110620033317179e-04
1.8020098374318103e-04
1.7929796458674547e-04
1.7839714704916056e-04
1.7749853519391420e-04
1.7660213296334708e-04
1.7570794417939194e-04
1.7481597254431154e-04
1.7392622164143397e-04
1.7303869493588635e-04
1.7215339577532552e-04
1.7127032739066794e-04
1.7038942817024631e-04
1.6951071841912139e-04
1.6863421813020788e-04
1.6775994698606334e-04
1.6688792436068178e-04
1.6601816932129381e-04
1.6515070063017262e-04
1.6428553674644597e-04
1.6342269582791412e-04
1.6256219573287329e-04
1.6170393328898092e-04
1.6084791420787470e-04
1.5999414405361645e-04
1.5914262824359186e-04
1.5829337204935199e-04
1.5744638059745378e-04
1.5660165887029892e-04
1.5575921170697253e-04
1.5491904380407994e-04
1.5408115971658287e-04
1.5324556723443126e-04
1.5241226977528283e-04
1.5158127062751502e-04
1.5075257295100138e-04
1.4992617977788698e-04
1.4910209401336198e-04
1.4828031843643351e-04
1.4746085570069574e-04
1.4664370833509873e-04
1.4582887874471502e-04
1.4501633729747750e-04
1.4420609403907391e-04
1.4339815880149890e-04
1.4259254120432412e-04
1.4178925065596860e-04
1.4098829635497153e-04
1.4018968729126482e-04
1.3939343224744796e-04
1.3859953980006223e-04
1.3780801832086707e-04
1.3701888782382616e-04
1.3623215341992086e-04
1.3544782005313642e-04
1.3466589250154260e-04
1.3388637537837240e-04
1.3310927313310016e-04
1.3233459005251771e-04
1.3156233026180960e-04
1.3079249772562649e-04
1.3002509624915719e-04
1.2926009436560362e-04
1.2849750381772329e-04
1.2773733609223737e-04
1.2697960242145947e-04
1.2622431378495839e-04
1.2547148091122430e-04
1.2472111427933751e-04
1.2397322412063970e-04
1.2322782042040731e-04
1.2248491291952740e-04
1.2174451594173712e-04
1.2100663763563104e-04
1.2027128592406000e-04
1.1953846850572919e-04
1.1880819285679547e-04
1.1808046623246477e-04
1.1735529566858994e-04
1.1663268798326811e-04
1.1591264977843812e-04
1.1519518744147761e-04
1.1448031915464030e-04
1.1376804818419647e-04
1.1305837762075727e-04
1.1235131038066019e-04
1.1164684920732965e-04
1.1094499667263461e-04
1.1024575517824387e-04
1.0954912695697834e-04
1.0885511407416040e-04
1.0816371842896026e-04
1.0747489288347448e-04
1.0678864974033454e-04
1.0610500100269645e-04
1.0542395837651946e-04
1.0474553327284949e-04
1.0406973681010728e-04
1.0339657981638048e-04
1.0272607283172045e-04
1.0205822611044202e-04
1.0139304962342711e-04
1.0073057926776352e-04
1.0007081880957946e-04
9.9413771811991656e-05
9.8759441636862180e-05
9.8107831446568890e-05
9.7458944205773614e-05
9.6812782683186553e-05
9.6169349453327935e-05
9.5528646898286035e-05
9.4890677209471803e-05
9.4255383659839112e-05
9.3622780472875489e-05
9.2992881523296193e-05
9.2365700340022941e-05
9.1741250109171073e-05
9.1119543677045651e-05
9.0500593553145318e-05
8.9884411913174653e-05
8.9271010602063179e-05
8.8660401136991850e-05
8.8052663566671137e-05
8.7447794429573630e-05
8.6845790139581977e-05
8.6246646987413487e-05
8.5650361142026001e-05
8.5056928652017379e-05
8.4466345447017943e-05
8.3878607339076368e-05
8.3293710024038388e-05
8.2711649082919088e-05
8.2132401824180773e-05
8.1555967317498577e-05
8.0982344469499994e-05
8.0411532025580275e-05
7.9843528571711724e-05
7.9278332536246229e-05
7.8715942191711296e-05
7.8156355656599415e-05
7.7599570897150368e-05
7.7045585729127098e-05
7.6494400353923275e-05
7.5946011781383765e-05
7.5400416883441901e-05
7.4857612395807125e-05
7.4317594919636314e-05
7.3780360923197811e-05
7.3245906743527126e-05
7.2714228588075655e-05
7.2185322536350900e-05
7.1659184541549264e-05
7.1135798007777333e-05
7.0615161104052557e-05
7.0097271842167229e-05
6.9582128078634475e-05
6.9069727516626192e-05
6.8560067707903568e-05
6.8053146054739504e-05
6.7548959811833308e-05
6.7047506088217202e-05
6.6548781849154917e-05
6.6052787080510438e-05
6.5559517847327763e-05
6.5068970085648239e-05
6.4581139604283832e-05
6.4096022086581700e-05
6.3613613092179783e-05
6.3133908058753550e-05
6.2656902303753854e-05
6.2182591026135539e-05
6.1710969308077099e-05
6.1242027959239193e-05
6.0775762635815725e-05
6.0312168870268979e-05
5.9851242073138187e-05
5.9392977534838804e-05
5.8937370427452494e-05
5.8484415806507570e-05
5.8034108612749898e-05
5.7586443673904162e-05
5.7141415706425569e-05
5.6699032213973920e-05
5.6259285236387384e-05
5.5822166745222639e-05
5.5387668645047849e-05
5.4955782774730727e-05
5.4526500908716970e-05
5.4099814758299034e-05
5.3675715972875304e-05
5.3254196141199516e-05
5.2835246792620700e-05
5.2418844879027883e-05
5.2004984549414833e-05
5.1593659854322433e-05
5.1184864747521972e-05
5.0778593087687889e-05
5.0374838640060407e-05
4.9973595078097514e-05
4.9574855985116626e-05
4.9178614855925765e-05
4.8784865098444106e-05
4.8393608882106385e-05
4.8004837796921996e-05
4.7618543376939964e-05
4.7234717101528429e-05
4.6853350396636978e-05
4.6474434636048854e-05
4.6097961142622796e-05
4.5723921189524986e-05
4.5352306001450560e-05
4.4983106755835095e-05
4.4616290704562352e-05
4.4251853338768409e-05
4.3889790035501665e-05
4.3530096059732981e-05
4.3172766566354812e-05
4.2817796602169618e-05
4.2465181107867074e-05
4.2114914919990454e-05
4.1766992772891604e-05
4.1421409300675000e-05
4.1078184587418960e-05
4.0737306950606466e-05
4.0398764713870442e-05
4.0062546207607529e-05
3.9728639769586480e-05
3.9397033745548730e-05
3.9067716489801392e-05
3.8740676365802353e-05
3.8415901746737872e-05
3.8093381016092472e-05
3.7773102315937067e-05
3.7455054097779858e-05
3.7139224824323273e-05
3.6825602970013777e-05
3.6514177021584182e-05
3.6204935478588637e-05
3.5897866853930073e-05
3.5592959674380416e-05
3.5290202481093303e-05
3.4989583830109725e-05
3.4691089105007319e-05
3.4394707465837638e-05
3.4100428079274104e-05
3.3808240119217728e-05
3.3518132767395073e-05
3.3230095213948344e-05
3.2944116658017612e-05
3.2660186308315369e-05
3.2378293383693384e-05
3.2098427113701811e-05
3.1820576714605803e-05
3.1544731443368874e-05
3.1270880569209601e-05
3.0999013374131473e-05
3.0729119153445374e-05
3.0461187216284615e-05
3.0195206886112474e-05
2.9931167501222584e-05
2.9669058415231850e-05
2.9408868997566177e-05
2.9150587540532435e-05
2.8894203639646461e-05
2.8639706904277303e-05
2.8387086958151865e-05
2.8136333439850922e-05
2.7887436003297813e-05
2.7640384318239860e-05
2.7395168070722590e-05
2.7151776963556818e-05
2.6910200716778499e-05
2.6670429237066359e-05
2.6432452250689958e-05
2.6196259503004366e-05
2.5961840758874702e-05
2.5729185803093824e-05
2.5498284440793173e-05
2.5269126497846924e-05
2.5041701821269333e-05
2.4816000279605445e-05
2.4592011763315136e-05
2.4369725461584652e-05
2.4149131435351401e-05
2.3930219766330445e-05
2.3712980557404353e-05
2.3497403933006511e-05
2.3283480039497773e-05
2.3071199045536590e-05
2.2860551142442602e-05
2.2651526544553802e-05
2.2444115489577283e-05
2.2238308220852256e-05
2.2034095026963362e-05
2.1831466220821865e-05
2.1630412139992047e-05
2.1430923147011304e-05
2.1232989629704152e-05
2.1036602001490094e-05
2.0841750701685432e-05
2.0648426195799070e-05
2.0456618975822334e-05
2.0266319072934160e-05
2.0077517116102442e-05
1.9890203760079506e-05
1.9704369685690914e-05
1.9520005600118455e-05
1.9337102237177205e-05
1.9155650357586736e-05
1.8975640749236561e-05
1.8797064227445844e-05
1.8619911635217415e-05
1.8444173818846748e-05
1.8269841681610189e-05
1.8096906155118213e-05
1.7925358199548211e-05
1.7755188803871844e-05
1.7586388986076931e-05
1.7418949793383968e-05
1.7252862302457273e-05
1.7088117619610842e-05
1.6924706881008917e-05
1.6762620129472570e-05
1.6601848749810125e-05
1.6442384153684733e-05
1.6284217779848336e-05
1.6127341094370061e-05
1.5971745590859258e-05
1.5817422790683056e-05
1.5664364243178633e-05
1.5512561525860166e-05
1.5362006244620458e-05
1.5212690008523918e-05
1.5064604485142246e-05
1.4917741370916615e-05
1.4772092391340027e-05
1.4627649301134578e-05
1.4484403884423741e-05
1.4342347954899674e-05
1.4201473355985588e-05
1.4061771960993250e-05
1.3923235673275659e-05
1.3785855527255722e-05
1.3649623634969952e-05
1.3514532136041499e-05
1.3380573197859203e-05
1.3247739015751164e-05
1.3116021813153373e-05
1.2985413841773398e-05
1.2855907381749200e-05
1.2727494741803102e-05
1.2600168259390978e-05
1.2473920410856200e-05
1.2348743573587934e-05
1.2224630154482742e-05
1.2101572590069380e-05
1.1979563346629099e-05
1.1858594920311452e-05
1.1738659837245639e-05
1.1619750653647453e-05
1.1501859955921859e-05
1.1384980360761241e-05
1.1269104185709669e-05
1.1154224162127093e-05
1.1040333050852070e-05
1.0927423642300369e-05
1.0815488756559283e-05
1.0704521243477708e-05
1.0594513982752000e-05
1.0485459884007702e-05
1.0377351886877110e-05
1.0270182961072794e-05
1.0163946087996002e-05
1.0058634300682288e-05
9.9542406623836202e-06
9.8507582666269007e-06
9.7481802372686410e-06
9.6464997285457473e-06
9.5457099251224804e-06
9.4458040421336460e-06
9.3467753252240446e-06
9.2486170505842076e-06
9.1513201785604420e-06
9.0548784185002244e-06
8.9592855027009706e-06
8.8645351865565590e-06
8.7706212486990998e-06
8.6775374911360768e-06
8.5852777393828314e-06
8.4938358425904905e-06
8.4032056736693093e-06
8.3133811294075528e-06
8.2243562077039238e-06
8.1361248413472087e-06
8.0486809875876192e-06
7.9620186282338730e-06
7.8761317697460008e-06
7.7910144433239092e-06
7.7066607049917858e-06
7.6230646356783316e-06
7.5402203412928729e-06
7.4581219527974415e-06
7.3767522833103597e-06
7.2961072739630476e-06
7.2161828536189465e-06
7.1369749401418989e-06
7.0584794410445892e-06
6.9806922541288557e-06
6.9036092681178481e-06
6.8272263632800821e-06
6.7515394120454026e-06
6.6765442796128848e-06
6.6022367669012124e-06
6.5286127353174084e-06
6.4556680406266485e-06
6.3833985335312856e-06
6.3118000602419635e-06
6.2408684630408434e-06
6.1705995808369495e-06
6.1009892497137193e-06
6.0320333034687635e-06
5.9637275741458672e-06
5.8960866993065610e-06
5.8291063865365775e-06
5.7627823433509284e-06
5.6971102777877372e-06
5.6320858989928879e-06
5.5677049177955384e-06
5.5039630472745696e-06
5.4408560033160386e-06
5.3783795051617042e-06
5.3165292759487026e-06
5.2553010800653333e-06
5.1946906444369622e-06
5.1346937015762129e-06
5.0753059900856014e-06
5.0165232551517006e-06
4.9583412490308926e-06
4.9007557315267742e-06
4.8437624704593304e-06
4.7873572421259002e-06
4.7315358317540452e-06
4.6763004091216980e-06
4.6216458177494620e-06
4.5675669335483559e-06
4.5140586648120950e-06
4.4611159522059050e-06
4.4087337687519759e-06
4.3569071198115853e-06
4.3056310430639535e-06
4.2549006084819044e-06
4.2047109183043582e-06
4.1550570378630293e-06
4.1059341441686690e-06
4.0573374461531933e-06
4.0092621846350171e-06
3.9617036322814650e-06
3.9146570935682897e-06
3.8681179047363893e-06
3.8220814337457271e-06
3.7765430802265557e-06
3.7314982754279612e-06
3.6869542699044800e-06
3.6429048108920525e-06
3.5993437199967167e-06
3.5562648922342587e-06
3.5136622950819996e-06
3.4715299675425861e-06
3.4298620192196081e-06
3.3886526294048951e-06
3.3478960461773213e-06
3.3075865855129901e-06
3.2677186648408661e-06
3.2282867282903047e-06
3.1892852854130467e-06
3.1507089103346442e-06
3.1125522409165672e-06
3.0748099779288562e-06
3.0374768842331667e-06
3.0005477839760756e-06
2.9640175617925081e-06
2.9278811620191565e-06
2.8921234994057047e-06
2.8567410778448700e-06
2.8217304224627773e-06
2.7870880796025047e-06
2.7528106168050342e-06
2.7188946227876239e-06
2.6853367074196614e-06
2.6521335016960242e-06
2.6192816577079856e-06
2.5867778486117120e-06
2.5546187406905752e-06
2.5228010530610695e-06
2.4913215256985415e-06
2.4601769193983206e-06
2.4293640157345969e-06
2.3988796170170839e-06
2.3687205462454876e-06
2.3388836470618353e-06
2.3093657837006855e-06
2.2801638409372575e-06
2.2512670741126301e-06
2.2226734718222207e-06
2.1943810169545497e-06
2.1663876871317751e-06
2.1386914551435619e-06
2.1112902893743130e-06
2.0841821542237935e-06
2.0573650105211780e-06
2.0308368159325658e-06
2.0045955253619825e-06
1.9786390486140055e-06
1.9529653421392590e-06
1.9275723606468474e-06
1.9024580574824759e-06
1.8776203850002416e-06
1.8530572949281412e-06
1.8287667387273195e-06
1.8047466679451239e-06
1.7809950345619890e-06
1.7575097913322099e-06
1.7342923944310438e-06
1.7113403196945512e-06
1.6886510568568790e-06
1.6662221096195157e-06
1.6440509957170304e-06
1.6221352469793631e-06
1.6004724093906981e-06
1.5790600431449791e-06
1.5578957226981066e-06
1.5369770368168705e-06
1.5163016243653877e-06
1.4958670980246550e-06
1.4756710850409898e-06
1.4557112272596705e-06
1.4359851811555688e-06
1.4164906178608305e-06
1.3972252231896340e-06
1.3781866976600868e-06
1.3593727565132957e-06
1.3407811297296520e-06
1.3224070797411360e-06
1.3042486988029404e-06
1.2863040851742139e-06
1.2685713433096904e-06
1.2510485840466429e-06
1.2337339247872093e-06
1.2166254896761427e-06
1.1997214097740333e-06
1.1830198232260544e-06
1.1665188754262811e-06
1.1502167233937007e-06
1.1341115269343152e-06
1.1182014535848307e-06
1.1024846787594505e-06
1.0869593858924920e-06
1.0716237665768837e-06
1.0564760206985902e-06
1.0415143565670147e-06
1.0267369910414323e-06
1.0121421496535000e-06
9.9772446811260204e-07
9.8348266602512787e-07
9.6941545939868808e-07
9.5552156101992472e-07
9.4179968082656962e-07
9.2824852627377917e-07
9.1486680269478521e-07
9.0165321365588830e-07
8.8860646130584135e-07
8.7572524671965151e-07
8.6300825064585299e-07
8.5045417562176268e-07
8.3806172404053522e-07
8.2582959847458399e-07
8.1375650199363414e-07
8.0184113847745144e-07
7.9008221292329706e-07
7.7847843174815810e-07
7.6702850308580621e-07
7.5573113707873341e-07
7.4458911307150730e-07
7.3360060361246413e-07
7.2276379918384708e-07
7.1207690810874570e-07
7.0153815645735798e-07
6.9114578795260630e-07
6.8089806387514192e-07
6.7079326296776914e-07
6.6082968133932328e-07
6.5100563236803115e-07
6.4131943176290370e-07
6.3176940846376485e-07
6.2235390895713775e-07
6.1307129716108424e-07
6.0391995431000603e-07
5.9489827883943179e-07
5.8600468627081267e-07
5.7723760909634736e-07
5.6859549666385997e-07
5.6007681506175104e-07
5.5168098262985168e-07
5.4340637401539196e-07
5.3525138393362536e-07
5.2721442695620378e-07
5.1929393730144587e-07
5.1148836862648573e-07
5.0379619382129999e-07
4.9621590480459691e-07
4.8874601232156379e-07
4.8138504574346350e-07
4.7413154793793829e-07
4.6698408559056006e-07
4.5994124340329085e-07
4.5300162390190920e-07
4.4616384724523028e-07
4.3942655103610784e-07
4.3278839013421066e-07
4.2624803647056430e-07
4.1980417886385026e-07
4.1345552283845193e-07
4.0720179591726462e-07
4.0104160277056926e-07
3.9497356830129028e-07
3.8899633735728533e-07
3.8310857444765787e-07
3.7730896346303806e-07
3.7159620739977745e-07
3.6596902808800467e-07
3.6042616592348791e-07
3.5496637960325417e-07
3.4958844952681191e-07
3.4429116972948682e-07
3.3907335179126801e-07
3.3393382458655436e-07
3.2887143403741871e-07
3.2388504287034259e-07
3.1897353037637263e-07
3.1413579217465307e-07
3.0937073997928576e-07
3.0467730136947419e-07
3.0005429542309900e-07
2.9550069718221776e-07
2.9101549637848369e-07
2.8659769723020529e-07
2.8224631824215662e-07
2.7796039200810412e-07
2.7373896501601434e-07
2.6958109745590825e-07
2.6548586303032633e-07
2.6145234876737283e-07
2.5747965890534278e-07
2.5356690603542473e-07
2.4971321554480836e-07
2.4591772543927825e-07
2.4217958616823429e-07
2.3849796045210673e-07
2.3487202311213614e-07
2.3130096090248531e-07
2.2778397234465480e-07
2.2432026756417040e-07
2.2090929785166288e-07
2.1755026578704292e-07
2.1424238601437755e-07
2.1098488506063068e-07
2.0777700115712760e-07
2.0461798406370379e-07
2.0150709489549742e-07
1.9844360595234606e-07
1.9542680055074906e-07
1.9245597285835682e-07
1.8953042748041678e-07
1.8664947983369547e-07
1.8381245570379048e-07
1.8101869108933707e-07
1.7826753204855787e-07
1.7555833454811948e-07
1.7289046431426288e-07
1.7026329668617248e-07
1.6767621647155162e-07
1.6512861780437032e-07
1.6262003380634598e-07
1.6014985982271559e-07
1.5771750064190615e-07
1.5532237034633593e-07
1.5296389216558803e-07
1.5064149833191858e-07
1.4835462993806152e-07
1.4610273679729387e-07
1.4388527730572420e-07
1.4170171830676944e-07
1.3955153720516037e-07
1.3743422134453766e-07
1.3534926599564327e-07
1.3329617423319479e-07
1.3127445681468463e-07
1.2928363206107332e-07
1.2732322573934730e-07
1.2539277094691179e-07
1.2349180799779041e-07
1.2161988431060233e-07
1.1977642663716863e-07
1.1796101291354144e-07
1.1617322733837809e-07
1.1441266028259266e-07
1.1267890820030978e-07
1.1097157354110242e-07
1.0929026466349603e-07
1.0763459574972089e-07
1.0600418672169603e-07
1.0439866315822679e-07
1.0281765744267333e-07
1.0126080606392074e-07
9.9727750931415320e-08
9.8218139296905550e-08
9.6731623677317883e-08
9.5267861778751850e-08
9.3826516421578702e-08
9.2407255466628082e-08
9.1009751742447767e-08
8.9633682973621285e-08
8.8278816854112872e-08
8.6944818617401432e-08
8.5631358872282837e-08
8.4338113514706727e-08
8.3064763641082217e-08
8.1810995463027767e-08
8.0576500223540498e-08
7.9360974114561024e-08
7.8164118195910120e-08
7.6985638315573846e-08
7.5825245131990161e-08
7.4682653822484893e-08
7.3557584121630347e-08
7.2449760246694739e-08
7.1358910824329925e-08
7.0284768818476041e-08
6.9227071459463130e-08
6.8185560174288839e-08
6.7159980518052796e-08
6.6150082106527800e-08
6.5155611630388385e-08
6.4176327525031268e-08
6.3211992063011027e-08
6.2262371291776871e-08
6.1327234972434063e-08
6.0406356519512477e-08
5.9499512941725659e-08
5.8606484783703905e-08
5.7727056068684568e-08
5.6861014242144286e-08
5.6008148034378330e-08
5.5168251839085567e-08
5.4341123300487088e-08
5.3526563260792309e-08
5.2724375708493019e-08
5.1934367727536035e-08
5.1156349447296143e-08
5.0390133993398662e-08
4.9635537439315878e-08
4.8892378758784912e-08
4.8160491036596082e-08
4.7439697457947337e-08
4.6729824015010078e-08
4.6030699461089608e-08
4.5342155265516119e-08
4.4664025569309201e-08
4.3996147141548228e-08
4.3338359336490323e-08
4.2690504051370545e-08
4.2052425684924570e-08
4.1423969995220165e-08
4.0804986403412784e-08
4.0195326707318716e-08
3.9594845042738832e-08
3.9003397845395956e-08
3.8420843813519887e-08
3.7847043871026140e-08
3.7281861131320297e-08
3.6725160861676576e-08
3.6176810448220745e-08
3.5636619942436125e-08
3.5104471729348409e-08
3.4580243031244191e-08
3.4063819684674517e-08
3.3555082518951674e-08
3.3053920721197124e-08
3.2560218622130478e-08
3.2073868661431158e-08
3.1594758568689578e-08
3.1122783940987649e-08
3.0657835398214222e-08
3.0199811654592933e-08
2.9748606992262613e-08
2.9304123097673105e-08
2.8866257358800540e-08
2.8434914347417236e-08
2.8009994466422897e-08
2.7591405088540422e-08
2.7179049543330979e-08
2.6772837922554605e-08
2.6372687726254764e-08
2.5978510198968995e-08
2.5590212966860760e-08
2.5207709841379776e-08
2.4830911282189037e-08
2.4459733605769366e-08
2.4094090006532648e-08
2.3733899242329883e-08
2.3379077149613814e-08
2.3029544863254798e-08
2.2685219801556646e-08
2.2346025535327306e-08
2.2011883045816473e-08
2.1682718145386097e-08
2.1358454199424019e-08
2.1039019199241499e-08
2.0724338818439933e-08
2.0414343165708566e-08
2.0108960149960340e-08
1.9808121936874245e-08
1.9511756555084968e-08
1.9219798432287250e-08
1.8932179978411759e-08
1.8648837556753567e-08
1.8369705584419868e-08
1.8094722303164694e-08
1.7823824076740492e-08
1.7556950969822443e-08
1.7294041234161308e-08
1.7035036703387427e-08
1.6779877392619421e-08
1.6528506860578490e-08
1.6280866974593501e-08
1.6036902958534199e-08
1.5796558401959148e-08
1.5559780144436953e-08
1.5326513445993627e-08
1.5096706713875356e-08
1.4870306828385560e-08
1.4647263717817925e-08
1.4427513319585110e-08
1.4211008599328308e-08
1.3997701064880014e-08
1.3787545008317565e-08
1.3580493334770626e-08
1.3376501626623294e-08
1.3175524145721994e-08
1.2977517729493871e-08
1.2782437957167470e-08
1.2590242886808149e-08
1.2400889511428257e-08
1.2214337059370436e-08
1.2030543615066356e-08
1.1849469562225762e-08
1.1671074192631334e-08
1.1495319013416893e-08
1.1322164488851018e-08
1.1151573218363769e-08
1.0983506804876681e-08
1.0817928909788917e-08
1.0654794365186369e-08
1.0494068847817445e-08
1.0335717085857723e-08
1.0179705705666882e-08
1.0026000416723201e-08
9.8745687697004492e-09
9.7253774289839857e-09
9.5783948449112452e-09
9.4335886110691703e-09
9.2909280534399378e-09
9.1503817823131647e-09
9.0119199619412323e-09
8.8755119563309578e-09
8.7411287600251569e-09
8.6087405939081006e-09
8.4783192605505728e-09
8.3498358145494280e-09
8.2232628448164037e-09
8.0985722171048406e-09
7.9757372855419173e-09
7.8547316745508376e-09
7.7355293627099249e-09
7.6181036562676417e-09
7.5024292656189503e-09
7.3884802510366920e-09
7.2762320348125500e-09
7.1656594105808064e-09
7.0567384931356699e-09
6.9494447893620092e-09
6.8437550876748894e-09
6.7396465011400155e-09
6.6370963487450299e-09
6.5360813848022421e-09
6.4365795730835354e-09
6.3385683312407186e-09
6.2420262500045667e-09
6.1469313919266519e-09
6.0532629573512649e-09
5.9609996357911657e-09
5.8701212203263435e-09
5.7806055332960923e-09
5.6924331264131538e-09
5.6055840679438831e-09
5.5200394589211331e-09
5.4357799329041214e-09
5.3527871253111725e-09
5.2710422195320875e-09
5.1905273708306915e-09
5.1112242973774840e-09
5.0331156601266064e-09
4.9561836356195003e-09
4.8804113843377348e-09
4.8057816578451853e-09
4.7322780946624748e-09
4.6598839379095694e-09
4.5885832911133275e-09
4.5183598754713321e-09
4.4491982468304997e-09
4.3810825913489584e-09
4.3139979048454470e-09
4.2479393510976504e-09
4.1828914996087976e-09
4.1188386007052114e-09
4.0557656920033181e-09
3.9936575021093925e-09
3.9324995225470406e-09
3.8722769456682086e-09
3.8129757031280187e-09
3.7545814369311122e-09
3.6970805055057865e-09
3.6404589361866927e-09
3.5847035074407979e-09
3.5298007260253567e-09
3.4757377712893728e-09
3.4225015595125988e-09
3.3700796587653653e-09
3.3184593824115837e-09
3.2676286754503405e-09
3.2175752362686803e-09
3.1682873753588827e-09
3.1197527466447058e-09
3.0719600661027819e-09
3.0248978169122659e-09
2.9785550555523706e-09
2.9329206131297746e-09
2.8879838763773961e-09
2.8437340138420645e-09
2.8001607325689956e-09
2.7572535283730809e-09
2.7150024189687161e-09
2.6733972624371678e-09
2.6324283723377354e-09
2.5920858644175478e-09
2.5523603448098529e-09
2.5132422281353439e-09
2.4747224042827424e-09
2.4367915777261159e-09
2.3994409135561320e-09
2.3626613973515524e-09
2.3264444611084833e-09
2.2907805247016268e-09
2.2556613810456473e-09
2.2210786508814068e-09
2.1870243723686470e-09
2.1534904161231430e-09
2.1204690582969743e-09
2.0879524120247191e-09
2.0559329844119374e-09
2.0244031239706047e-09
1.9933555619285099e-09
1.9627829055858975e-09
1.9326780999826331e-09
1.9030339402202848e-09
1.8738435826157147e-09
1.8451000376648511e-09
1.8167966667065200e-09
1.7889266892779951e-09
1.7614836656698412e-09
1.7344610182937665e-09
1.7078525005012498e-09
1.6816523593119609e-09
1.6558544594145102e-09
1.6304525380299794e-09
1.6054406460118920e-09
1.5808127108508354e-09
1.5565629639401051e-09
1.5326855172808467e-09
1.5091747773508431e-09
1.4860250350771569e-09
1.4632308667315348e-09
1.4407867346373826e-09
1.4186873713892939e-09
1.3969274016105668e-09
1.3755017181099778e-09
1.3544051091866517e-09
1.3336326230047933e-09
1.3131792065683387e-09
1.2930400586855684e-09
1.2732102802453215e-09
1.2536852161315540e-09
1.2344609839854173e-09
1.2155329662551989e-09
1.1968964565071290e-09
1.1785469812517118e-09
1.1604799803584749e-09
1.1426911198446101e-09
1.1251759812819152e-09
1.1079303657837137e-09
1.0909499921682536e-09
1.0742307923747248e-09
1.0577686361386788e-09
1.0415595799490666e-09
1.0255996022429039e-09
1.0098848823478180e-09
9.9441152355018891e-10
9.7917582412832869e-10
9.6417400828646689e-10
9.4940248948924531e-10
9.3485760905131764e-10
9.2053589197893956e-10
9.0643306046962282e-10
8.9254583474314847e-10
8.7887086405236381e-10
8.6540496768808627e-10
8.5214489617821580e-10
8.3908756489392200e-10
8.2622982257960366e-10
8.1356867778608069e-10
8.0110107450774118e-10
7.8882411166162954e-10
7.7673484662912740e-10
7.6483046346408539e-10
7.5310808568889364e-10
7.4156498249331988e-10
7.3019836441739279e-10
7.1900558321322676e-10
7.0798393380687822e-10
6.9713084801675664e-10
6.8644370260262609e-10
6.7592000702832358e-10
6.6555532666048845e-10
6.5534747014717571e-10
6.4529418746692120e-10
6.3539334670664444e-10
6.2564275918927647e-10
6.1604035099387579e-10
6.0658399328178860e-10
5.9727166871116641e-10
5.8810130681112548e-10
5.7907094543892211e-10
5.7017858165407427e-10
5.6142230590727469e-10
5.5280015896921517e-10
5.4431028390118360e-10
5.3595077570800925e-10
5.2771982877311019e-10
5.1961559099567297e-10
5.1163630682361270e-10
5.0378017574298505e-10
4.9604549103882700e-10
4.8843141090567417e-10
4.8093616812609139e-10
4.7355795675976239e-10
4.6629506260868058e-10
4.5914573395833056e-10
4.5210830811523803e-10
4.4518108603819690e-10
4.3836245506729512e-10
4.3165076732715545e-10
4.2504445876318489e-10
4.1854193299339019e-10
4.1214167296834707e-10
4.0584212858922919e-10
3.9964182869245871e-10
3.9353927009357452e-10
3.8753302620702576e-10
3.8162163942244356e-10
3.7580372646277279e-10
3.7007787399069151e-10
3.6444274080535317e-10
3.5889704121084897e-10
3.5343946476162699e-10
3.4806867303763969e-10
3.4278339596949813e-10
3.3758233628913151e-10
3.3246426313754209e-10
3.2742791921172564e-10
3.2247211173243411e-10
3.1759562221037513e-10
3.1279729484955342e-10
3.0807594474714988e-10
3.0343045120741408e-10
2.9885966925510930e-10
2.9436251312887593e-10
2.8993787346057705e-10
2.8558469842043230e-10
2.8130191322561714e-10
2.7708849900573584e-10
2.7294341457250608e-10
2.6886567307248403e-10
2.6485422010514598e-10
2.6090810553613057e-10
2.5702635789928696e-10
2.5320805698489812e-10
2.4945226176644538e-10
2.4575808111807565e-10
2.4212460360024329e-10
2.3855096635607511e-10
2.3503628670629405e-10
2.3157972927332106e-10
2.2818043933670700e-10
2.2483760823335601e-10
2.2155040842546893e-10
2.1831805722334276e-10
2.1513975351874321e-10
2.1201473987709435e-10
2.0894224088996091e-10
2.0592152368223738e-10
2.0295183783822779e-10
2.0003247436864945e-10
1.9716279535304744e-10
1.9434210380052950e-10
1.9156968646563840e-10
1.8884486951745232e-10
1.8616696341126603e-10
1.8353531683031405e-10
1.8094926326351550e-10
1.7840817328359100e-10
1.7591140276786112e-10
1.7345834357442877e-10
1.7104837579208579e-10
1.6868091165966994e-10
1.6635534966879611e-10
1.6407112221277194e-10
1.6182764837866352e-10
1.5962438016738481e-10
1.5746075669681360e-10
1.5533624904709520e-10
1.5325031582138954e-10
1.5120244666869636e-10
1.4919206597256937e-10
1.4721868876072870e-10
1.4528181808979993e-10
1.4338098624151987e-10
1.4151571382069455e-10
1.3968554992778862e-10
1.3789003227001421e-10
1.3612872634659909e-10
1.3440118653692611e-10
1.3270699433397956e-10
1.3104572190488573e-10
1.2941696612271452e-10
1.2782031326312181e-10
1.2625537543733146e-10
1.2472175440264237e-10
1.2321907714549773e-10
1.2174696053244574e-10
1.2030504607586233e-10
1.1889296539298311e-10
1.1751037418617298e-10
1.1615691375534991e-10
1.1483225441110606e-10
1.1353605698537982e-10
1.1226800529092074e-10
1.1102777388209281e-10
1.0981505977928688e-10
1.0862955095494931e-10
1.0747095735467001e-10
1.0633898007694429e-10
1.0523334172194994e-10
1.0415375653010885e-10
1.0309995944408957e-10
1.0207167693445658e-10
1.0106865609404522e-10
1.0009063571680330e-10
9.9137374808888705e-11
9.8208624242048321e-11
9.7304154709885222e-11
9.6423728927517655e-11
9.5567129060889634e-11
9.4734141797748232e-11
9.3924557935356034e-11
9.3138160604915462e-11
9.2374751781741445e-11
9.1634125874509387e-11
9.0916095842522599e-11
9.0220467171270930e-11
8.9547063620363741e-11
8.8895701561871690e-11
8.8266215382239219e-11
8.7659073742274218e-11
8.7074122989095742e-11
8.6511202552381496e-11
8.5970169725388350e-11
8.5450874953746135e-11
8.4953186340466925e-11
8.4476965204439111e-11
8.4022090332626840e-11
8.3588433785090534e-11
8.3175884917417105e-11
8.2784312665265402e-11
8.2413622726316651e-11
8.2063714101125800e-11
8.1734502760211023e-11
8.1425898011594533e-11
8.1137826035821291e-11
8.0870206379575131e-11
8.0622975380537804e-11
8.0396062765142806e-11
8.0189414985229696e-11
8.0002971857916587e-11
7.9836689957304460e-11
7.9690519273096026e-11
7.9564426437016439e-11
7.9458371500814937e-11
7.9372331140790200e-11
7.9306275451522725e-11
7.9260191150804428e-11
7.9234058366756901e-11
